#
# There is insufficient memory for the Java Runtime Environment to continue.
# Native memory allocation (malloc) failed to allocate 451056 bytes. Error detail: Chunk::new
# Possible reasons:
#   The system is out of physical RAM or swap space
#   This process is running with CompressedOops enabled, and the Java Heap may be blocking the growth of the native heap
# Possible solutions:
#   Reduce memory load on the system
#   Increase physical memory or swap space
#   Check if swap backing store is full
#   Decrease Java heap size (-Xmx/-Xms)
#   Decrease number of Java threads
#   Decrease Java thread stack sizes (-Xss)
#   Set larger code cache with -XX:ReservedCodeCacheSize=
#   JVM is running with Unscaled Compressed Oops mode in which the Java heap is
#     placed in the first 4GB address space. The Java Heap base address is the
#     maximum limit for the native heap growth. Please use -XX:HeapBaseMinAddress
#     to set the Java Heap base and to place the Java Heap above 4GB virtual address.
# This output file may be truncated or incomplete.
#
#  Out of Memory Error (arena.cpp:168), pid=11560, tid=10120
#
# JRE version: OpenJDK Runtime Environment Temurin-21.0.10+7 (21.0.10+7) (build 21.0.10+7-LTS)
# Java VM: OpenJDK 64-Bit Server VM Temurin-21.0.10+7 (21.0.10+7-LTS, mixed mode, sharing, tiered, compressed oops, compressed class ptrs, parallel gc, windows-amd64)
# No core dump will be written. Minidumps are not enabled by default on client versions of Windows
#

---------------  S U M M A R Y ------------

Command Line: --add-modules=ALL-SYSTEM --add-opens=java.base/java.util=ALL-UNNAMED --add-opens=java.base/java.lang=ALL-UNNAMED --add-opens=java.base/sun.nio.fs=ALL-UNNAMED -Declipse.application=org.eclipse.jdt.ls.core.id1 -Dosgi.bundles.defaultStartLevel=4 -Declipse.product=org.eclipse.jdt.ls.core.product -Djava.import.generatesMetadataFilesAtProjectRoot=false -DDetectVMInstallationsJob.disabled=true -Dfile.encoding=utf8 -XX:+UseParallelGC -XX:GCTimeRatio=4 -XX:AdaptiveSizePolicyWeight=90 -Dsun.zip.disableMemoryMapping=true -Xmx2G -Xms100m -Xlog:disable -javaagent:c:\Users\Admin\.vscode\extensions\redhat.java-1.55.2026051309-win32-x64\lombok\lombok-1.18.39-4050.jar c:\Users\Admin\.vscode\extensions\redhat.java-1.55.2026051309-win32-x64\server\plugins\org.eclipse.equinox.launcher_1.7.100.v20251111-0406.jar -configuration c:\Users\Admin\AppData\Roaming\Code\User\globalStorage\redhat.java\1.55.2026051309\config_ss_win -data c:\Users\Admin\AppData\Roaming\Code\User\workspaceStorage\9b61c8759c294bde21ab693b22915321\redhat.java\ss_ws --pipe=\\.\pipe\lsp-5e123ca7d1228cb4c85833a4256c7618-sock

Host: Intel(R) Core(TM) i5-7500 CPU @ 3.40GHz, 4 cores, 7G,  Windows 10 , 64 bit Build 19041 (10.0.19041.5915)
Time: Wed May 20 15:51:18 2026 Hora oficial do Brasil elapsed time: 6.400417 seconds (0d 0h 0m 6s)

---------------  T H R E A D  ---------------

Current thread (0x000001b0811503d0):  JavaThread "C2 CompilerThread0" daemon [_thread_in_native, id=10120, stack(0x000000263d700000,0x000000263d800000) (1024K)]


Current CompileTask:
C2:6400 2398       4       jdk.internal.org.objectweb.asm.Frame::execute (2305 bytes)

Stack: [0x000000263d700000,0x000000263d800000]
Native frames: (J=compiled Java code, j=interpreted, Vv=VM code, C=native code)
V  [jvm.dll+0x6d7a39]
V  [jvm.dll+0x8b4b26]
V  [jvm.dll+0x8b70de]
V  [jvm.dll+0x8b77c3]
V  [jvm.dll+0x284346]
V  [jvm.dll+0xc66ed]
V  [jvm.dll+0xc6c31]
V  [jvm.dll+0x3bec01]
V  [jvm.dll+0x38b162]
V  [jvm.dll+0x38a5aa]
V  [jvm.dll+0x24c560]
V  [jvm.dll+0x24bb40]
V  [jvm.dll+0x1cb34e]
V  [jvm.dll+0x25b85d]
V  [jvm.dll+0x259dea]
V  [jvm.dll+0x3f857e]
V  [jvm.dll+0x85f59d]
V  [jvm.dll+0x6d626d]
C  [ucrtbase.dll+0x21bb2]
C  [KERNEL32.DLL+0x17374]
C  [ntdll.dll+0x4cc91]


---------------  P R O C E S S  ---------------

Threads class SMR info:
_java_thread_list=0x000001b086c77b50, length=18, elements={
0x000001b0296fa450, 0x000001b0811369c0, 0x000001b081139f20, 0x000001b08113d6e0,
0x000001b08113e140, 0x000001b08113eba0, 0x000001b08113f600, 0x000001b0811503d0,
0x000001b081159e90, 0x000001b086099050, 0x000001b0860e35a0, 0x000001b086bea640,
0x000001b086699310, 0x000001b086af6c40, 0x000001b08667e360, 0x000001b086d28dd0,
0x000001b086cc59c0, 0x000001b086f37010
}

Java Threads: ( => current thread )
  0x000001b0296fa450 JavaThread "main"                              [_thread_blocked, id=4676, stack(0x000000263cd00000,0x000000263ce00000) (1024K)]
  0x000001b0811369c0 JavaThread "Reference Handler"          daemon [_thread_blocked, id=11840, stack(0x000000263d100000,0x000000263d200000) (1024K)]
  0x000001b081139f20 JavaThread "Finalizer"                  daemon [_thread_blocked, id=10232, stack(0x000000263d200000,0x000000263d300000) (1024K)]
  0x000001b08113d6e0 JavaThread "Signal Dispatcher"          daemon [_thread_blocked, id=6296, stack(0x000000263d300000,0x000000263d400000) (1024K)]
  0x000001b08113e140 JavaThread "Attach Listener"            daemon [_thread_blocked, id=2288, stack(0x000000263d400000,0x000000263d500000) (1024K)]
  0x000001b08113eba0 JavaThread "Service Thread"             daemon [_thread_blocked, id=5232, stack(0x000000263d500000,0x000000263d600000) (1024K)]
  0x000001b08113f600 JavaThread "Monitor Deflation Thread"   daemon [_thread_blocked, id=8920, stack(0x000000263d600000,0x000000263d700000) (1024K)]
=>0x000001b0811503d0 JavaThread "C2 CompilerThread0"         daemon [_thread_in_native, id=10120, stack(0x000000263d700000,0x000000263d800000) (1024K)]
  0x000001b081159e90 JavaThread "C1 CompilerThread0"         daemon [_thread_blocked, id=9748, stack(0x000000263d800000,0x000000263d900000) (1024K)]
  0x000001b086099050 JavaThread "Common-Cleaner"             daemon [_thread_blocked, id=1832, stack(0x000000263d900000,0x000000263da00000) (1024K)]
  0x000001b0860e35a0 JavaThread "Notification Thread"        daemon [_thread_blocked, id=11384, stack(0x000000263da00000,0x000000263db00000) (1024K)]
  0x000001b086bea640 JavaThread "Active Thread: Equinox Container: 20aa56a0-669a-410f-b131-4e6e1179a81d"        [_thread_blocked, id=8312, stack(0x000000263df00000,0x000000263e000000) (1024K)]
  0x000001b086699310 JavaThread "Framework Event Dispatcher: Equinox Container: 20aa56a0-669a-410f-b131-4e6e1179a81d" daemon [_thread_blocked, id=11680, stack(0x000000263e000000,0x000000263e100000) (1024K)]
  0x000001b086af6c40 JavaThread "Start Level: Equinox Container: 20aa56a0-669a-410f-b131-4e6e1179a81d" daemon [_thread_in_native, id=8672, stack(0x000000263e100000,0x000000263e200000) (1024K)]
  0x000001b08667e360 JavaThread "SCR Component Actor"        daemon [_thread_blocked, id=7860, stack(0x000000263e200000,0x000000263e300000) (1024K)]
  0x000001b086d28dd0 JavaThread "Worker-JM"                         [_thread_blocked, id=9088, stack(0x000000263db00000,0x000000263dc00000) (1024K)]
  0x000001b086cc59c0 JavaThread "Worker-0"                          [_thread_blocked, id=5612, stack(0x000000263e300000,0x000000263e400000) (1024K)]
  0x000001b086f37010 JavaThread "Worker-1"                          [_thread_blocked, id=11088, stack(0x000000263e400000,0x000000263e500000) (1024K)]
Total: 18

Other Threads:
  0x000001b0297bae40 VMThread "VM Thread"                           [id=7484, stack(0x000000263d000000,0x000000263d100000) (1024K)]
  0x000001b029765fb0 WatcherThread "VM Periodic Task Thread"        [id=2148, stack(0x000000263cf00000,0x000000263d000000) (1024K)]
  0x000001b029717600 WorkerThread "GC Thread#0"                     [id=4720, stack(0x000000263ce00000,0x000000263cf00000) (1024K)]
  0x000001b0867f6610 WorkerThread "GC Thread#1"                     [id=10872, stack(0x000000263dc00000,0x000000263dd00000) (1024K)]
  0x000001b08693cd20 WorkerThread "GC Thread#2"                     [id=6276, stack(0x000000263dd00000,0x000000263de00000) (1024K)]
  0x000001b08693d4e0 WorkerThread "GC Thread#3"                     [id=11296, stack(0x000000263de00000,0x000000263df00000) (1024K)]
Total: 6

Threads with active compile tasks:
C2 CompilerThread0  6529 2398       4       jdk.internal.org.objectweb.asm.Frame::execute (2305 bytes)
Total: 1

VM state: not at safepoint (normal execution)

VM Mutex/Monitor currently owned by a thread: None

Heap address: 0x0000000080000000, size: 2048 MB, Compressed Oops mode: 32-bit

CDS archive(s) mapped at: [0x000001b040000000-0x000001b040ba0000-0x000001b040ba0000), size 12189696, SharedBaseAddress: 0x000001b040000000, ArchiveRelocationMode: 1.
Compressed class space mapped at: 0x000001b041000000-0x000001b081000000, reserved size: 1073741824
Narrow klass base: 0x000001b040000000, Narrow klass shift: 0, Narrow klass range: 0x100000000

GC Precious Log:
 CardTable entry size: 512
 CPUs: 4 total, 4 available
 Memory: 8098M
 Large Page Support: Disabled
 NUMA Support: Disabled
 Compressed Oops: Enabled (32-bit)
 Alignments: Space 512K, Generation 512K, Heap 2M
 Heap Min Capacity: 100M
 Heap Initial Capacity: 100M
 Heap Max Capacity: 2G
 Pre-touch: Disabled
 Parallel Workers: 4

Heap:
 PSYoungGen      total 29696K, used 15910K [0x00000000d5580000, 0x00000000d7680000, 0x0000000100000000)
  eden space 25600K, 46% used [0x00000000d5580000,0x00000000d6109bc0,0x00000000d6e80000)
  from space 4096K, 99% used [0x00000000d6e80000,0x00000000d727fcc0,0x00000000d7280000)
  to   space 4096K, 0% used [0x00000000d7280000,0x00000000d7280000,0x00000000d7680000)
 ParOldGen       total 68608K, used 2900K [0x0000000080000000, 0x0000000084300000, 0x00000000d5580000)
  object space 68608K, 4% used [0x0000000080000000,0x00000000802d5078,0x0000000084300000)
 Metaspace       used 14718K, committed 15360K, reserved 1114112K
  class space    used 1567K, committed 1856K, reserved 1048576K

Card table byte_map: [0x000001b0290b0000,0x000001b0294c0000] _byte_map_base: 0x000001b028cb0000

Marking Bits: (ParMarkBitMap*) 0x00007ff9cd8c3450
 Begin Bits: [0x000001b03bbb0000, 0x000001b03dbb0000)
 End Bits:   [0x000001b03dbb0000, 0x000001b03fbb0000)

Polling page: 0x000001b0276f0000

Metaspace:

Usage:
  Non-class:     12.84 MB used.
      Class:      1.53 MB used.
       Both:     14.37 MB used.

Virtual space:
  Non-class space:       64.00 MB reserved,      13.19 MB ( 21%) committed,  1 nodes.
      Class space:        1.00 GB reserved,       1.81 MB ( <1%) committed,  1 nodes.
             Both:        1.06 GB reserved,      15.00 MB (  1%) committed. 

Chunk freelists:
   Non-Class:  1.98 MB
       Class:  14.23 MB
        Both:  16.21 MB

MaxMetaspaceSize: unlimited
CompressedClassSpaceSize: 1.00 GB
Initial GC threshold: 21.00 MB
Current GC threshold: 21.00 MB
CDS: on
 - commit_granule_bytes: 65536.
 - commit_granule_words: 8192.
 - virtual_space_node_default_size: 8388608.
 - enlarge_chunks_in_place: 1.
 - use_allocation_guard: 0.


Internal statistics:

num_allocs_failed_limit: 0.
num_arena_births: 460.
num_arena_deaths: 0.
num_vsnodes_births: 2.
num_vsnodes_deaths: 0.
num_space_committed: 240.
num_space_uncommitted: 0.
num_chunks_returned_to_freelist: 0.
num_chunks_taken_from_freelist: 989.
num_chunk_merges: 0.
num_chunk_splits: 627.
num_chunks_enlarged: 387.
num_inconsistent_stats: 0.

CodeHeap 'non-profiled nmethods': size=120000Kb used=1073Kb max_used=1073Kb free=118926Kb
 bounds [0x000001b0343d0000, 0x000001b034640000, 0x000001b03b900000]
CodeHeap 'profiled nmethods': size=120000Kb used=4721Kb max_used=4721Kb free=115279Kb
 bounds [0x000001b02c900000, 0x000001b02cda0000, 0x000001b033e30000]
CodeHeap 'non-nmethods': size=5760Kb used=1258Kb max_used=1270Kb free=4501Kb
 bounds [0x000001b033e30000, 0x000001b0340a0000, 0x000001b0343d0000]
CodeCache: size=245760Kb, used=7052Kb, max_used=7064Kb, free=238706Kb
 total_blobs=2982, nmethods=2449, adapters=439, full_count=0
Compilation: enabled, stopped_count=0, restarted_count=0

Compilation events (20 events):
Event: 6.318 Thread 0x000001b081159e90 nmethod 2386 0x000001b0344d7910 code [0x000001b0344d7aa0, 0x000001b0344d7b68]
Event: 6.318 Thread 0x000001b081159e90 2387   !   3       org.eclipse.osgi.container.Module::start (662 bytes)
Event: 6.321 Thread 0x000001b081159e90 nmethod 2387 0x000001b02cd7ca10 code [0x000001b02cd7d4c0, 0x000001b02cd82a08]
Event: 6.321 Thread 0x000001b081159e90 2388       3       java.util.ArrayList::<init> (65 bytes)
Event: 6.322 Thread 0x000001b081159e90 nmethod 2388 0x000001b02cd85390 code [0x000001b02cd855a0, 0x000001b02cd85b08]
Event: 6.336 Thread 0x000001b081159e90 2389   !   3       java.util.Collections$SynchronizedMap::get (25 bytes)
Event: 6.336 Thread 0x000001b081159e90 nmethod 2389 0x000001b02cd85c90 code [0x000001b02cd85e40, 0x000001b02cd86108]
Event: 6.337 Thread 0x000001b081159e90 2390       3       jdk.internal.misc.Unsafe::storeFence (5 bytes)
Event: 6.337 Thread 0x000001b081159e90 nmethod 2390 0x000001b02cd86290 code [0x000001b02cd86420, 0x000001b02cd86540]
Event: 6.352 Thread 0x000001b081159e90 2391       3       org.eclipse.core.internal.localstore.SafeChunkyInputStream::compare (45 bytes)
Event: 6.352 Thread 0x000001b081159e90 nmethod 2391 0x000001b02cd86610 code [0x000001b02cd867c0, 0x000001b02cd86a28]
Event: 6.352 Thread 0x000001b081159e90 2392       3       org.eclipse.core.internal.localstore.SafeChunkyInputStream::read (71 bytes)
Event: 6.352 Thread 0x000001b081159e90 nmethod 2392 0x000001b02cd86b90 code [0x000001b02cd86da0, 0x000001b02cd87278]
Event: 6.366 Thread 0x000001b081159e90 2393       3       java.util.ArrayDeque::contains (80 bytes)
Event: 6.367 Thread 0x000001b081159e90 nmethod 2393 0x000001b02cd87410 code [0x000001b02cd87600, 0x000001b02cd87a70]
Event: 6.382 Thread 0x000001b0811503d0 2398       4       jdk.internal.org.objectweb.asm.Frame::execute (2305 bytes)
Event: 6.384 Thread 0x000001b081159e90 2399   !   3       org.eclipse.osgi.internal.weaving.WovenClassImpl::callHooks (410 bytes)
Event: 6.386 Thread 0x000001b081159e90 nmethod 2399 0x000001b02cd87c10 code [0x000001b02cd87fc0, 0x000001b02cd898c8]
Event: 6.387 Thread 0x000001b081159e90 2400       3       org.eclipse.osgi.internal.weaving.WovenClassImpl::setWeavingCompleted (53 bytes)
Event: 6.387 Thread 0x000001b081159e90 nmethod 2400 0x000001b02cd8a190 code [0x000001b02cd8a360, 0x000001b02cd8a5e0]

GC Heap History (6 events):
Event: 2.916 GC heap before
{Heap before GC invocations=1 (full 0):
 PSYoungGen      total 29696K, used 25600K [0x00000000d5580000, 0x00000000d7680000, 0x0000000100000000)
  eden space 25600K, 100% used [0x00000000d5580000,0x00000000d6e80000,0x00000000d6e80000)
  from space 4096K, 0% used [0x00000000d7280000,0x00000000d7280000,0x00000000d7680000)
  to   space 4096K, 0% used [0x00000000d6e80000,0x00000000d6e80000,0x00000000d7280000)
 ParOldGen       total 68608K, used 0K [0x0000000080000000, 0x0000000084300000, 0x00000000d5580000)
  object space 68608K, 0% used [0x0000000080000000,0x0000000080000000,0x0000000084300000)
 Metaspace       used 4378K, committed 4608K, reserved 1114112K
  class space    used 475K, committed 576K, reserved 1048576K
}
Event: 2.923 GC heap after
{Heap after GC invocations=1 (full 0):
 PSYoungGen      total 29696K, used 3312K [0x00000000d5580000, 0x00000000d7680000, 0x0000000100000000)
  eden space 25600K, 0% used [0x00000000d5580000,0x00000000d5580000,0x00000000d6e80000)
  from space 4096K, 80% used [0x00000000d6e80000,0x00000000d71bc148,0x00000000d7280000)
  to   space 4096K, 0% used [0x00000000d7280000,0x00000000d7280000,0x00000000d7680000)
 ParOldGen       total 68608K, used 8K [0x0000000080000000, 0x0000000084300000, 0x00000000d5580000)
  object space 68608K, 0% used [0x0000000080000000,0x0000000080002000,0x0000000084300000)
 Metaspace       used 4378K, committed 4608K, reserved 1114112K
  class space    used 475K, committed 576K, reserved 1048576K
}
Event: 3.982 GC heap before
{Heap before GC invocations=2 (full 0):
 PSYoungGen      total 29696K, used 28912K [0x00000000d5580000, 0x00000000d7680000, 0x0000000100000000)
  eden space 25600K, 100% used [0x00000000d5580000,0x00000000d6e80000,0x00000000d6e80000)
  from space 4096K, 80% used [0x00000000d6e80000,0x00000000d71bc148,0x00000000d7280000)
  to   space 4096K, 0% used [0x00000000d7280000,0x00000000d7280000,0x00000000d7680000)
 ParOldGen       total 68608K, used 8K [0x0000000080000000, 0x0000000084300000, 0x00000000d5580000)
  object space 68608K, 0% used [0x0000000080000000,0x0000000080002000,0x0000000084300000)
 Metaspace       used 8176K, committed 8448K, reserved 1114112K
  class space    used 867K, committed 960K, reserved 1048576K
}
Event: 3.986 GC heap after
{Heap after GC invocations=2 (full 0):
 PSYoungGen      total 29696K, used 4093K [0x00000000d5580000, 0x00000000d7680000, 0x0000000100000000)
  eden space 25600K, 0% used [0x00000000d5580000,0x00000000d5580000,0x00000000d6e80000)
  from space 4096K, 99% used [0x00000000d7280000,0x00000000d767f550,0x00000000d7680000)
  to   space 4096K, 0% used [0x00000000d6e80000,0x00000000d6e80000,0x00000000d7280000)
 ParOldGen       total 68608K, used 1126K [0x0000000080000000, 0x0000000084300000, 0x00000000d5580000)
  object space 68608K, 1% used [0x0000000080000000,0x0000000080119978,0x0000000084300000)
 Metaspace       used 8176K, committed 8448K, reserved 1114112K
  class space    used 867K, committed 960K, reserved 1048576K
}
Event: 5.996 GC heap before
{Heap before GC invocations=3 (full 0):
 PSYoungGen      total 29696K, used 29693K [0x00000000d5580000, 0x00000000d7680000, 0x0000000100000000)
  eden space 25600K, 100% used [0x00000000d5580000,0x00000000d6e80000,0x00000000d6e80000)
  from space 4096K, 99% used [0x00000000d7280000,0x00000000d767f550,0x00000000d7680000)
  to   space 4096K, 0% used [0x00000000d6e80000,0x00000000d6e80000,0x00000000d7280000)
 ParOldGen       total 68608K, used 1126K [0x0000000080000000, 0x0000000084300000, 0x00000000d5580000)
  object space 68608K, 1% used [0x0000000080000000,0x0000000080119978,0x0000000084300000)
 Metaspace       used 12996K, committed 13504K, reserved 1114112K
  class space    used 1377K, committed 1600K, reserved 1048576K
}
Event: 6.001 GC heap after
{Heap after GC invocations=3 (full 0):
 PSYoungGen      total 29696K, used 4095K [0x00000000d5580000, 0x00000000d7680000, 0x0000000100000000)
  eden space 25600K, 0% used [0x00000000d5580000,0x00000000d5580000,0x00000000d6e80000)
  from space 4096K, 99% used [0x00000000d6e80000,0x00000000d727fcc0,0x00000000d7280000)
  to   space 4096K, 0% used [0x00000000d7280000,0x00000000d7280000,0x00000000d7680000)
 ParOldGen       total 68608K, used 2900K [0x0000000080000000, 0x0000000084300000, 0x00000000d5580000)
  object space 68608K, 4% used [0x0000000080000000,0x00000000802d5078,0x0000000084300000)
 Metaspace       used 12996K, committed 13504K, reserved 1114112K
  class space    used 1377K, committed 1600K, reserved 1048576K
}

Dll operation events (9 events):
Event: 0.463 Loaded shared library c:\Users\Admin\.vscode\extensions\redhat.java-1.55.2026051309-win32-x64\jre\21.0.10-win32-x86_64\bin\java.dll
Event: 0.751 Loaded shared library c:\Users\Admin\.vscode\extensions\redhat.java-1.55.2026051309-win32-x64\jre\21.0.10-win32-x86_64\bin\zip.dll
Event: 0.960 Loaded shared library C:\Users\Admin\.vscode\extensions\redhat.java-1.55.2026051309-win32-x64\jre\21.0.10-win32-x86_64\bin\instrument.dll
Event: 1.014 Loaded shared library C:\Users\Admin\.vscode\extensions\redhat.java-1.55.2026051309-win32-x64\jre\21.0.10-win32-x86_64\bin\net.dll
Event: 1.041 Loaded shared library C:\Users\Admin\.vscode\extensions\redhat.java-1.55.2026051309-win32-x64\jre\21.0.10-win32-x86_64\bin\nio.dll
Event: 1.046 Loaded shared library C:\Users\Admin\.vscode\extensions\redhat.java-1.55.2026051309-win32-x64\jre\21.0.10-win32-x86_64\bin\zip.dll
Event: 1.139 Loaded shared library C:\Users\Admin\.vscode\extensions\redhat.java-1.55.2026051309-win32-x64\jre\21.0.10-win32-x86_64\bin\jimage.dll
Event: 1.318 Loaded shared library c:\Users\Admin\.vscode\extensions\redhat.java-1.55.2026051309-win32-x64\jre\21.0.10-win32-x86_64\bin\verify.dll
Event: 3.945 Loaded shared library C:\Users\Admin\AppData\Roaming\Code\User\globalStorage\redhat.java\1.55.2026051309\config_ss_win\org.eclipse.equinox.launcher\org.eclipse.equinox.launcher.win32.win32.x86_64_1.3.0.v20260203-2149\eclipse_11919.dll

Deoptimization events (20 events):
Event: 5.434 Thread 0x000001b086af6c40 DEOPT PACKING pc=0x000001b0344ac180 sp=0x000000263e1fba70
Event: 5.434 Thread 0x000001b086af6c40 DEOPT UNPACKING pc=0x000001b033e83aa2 sp=0x000000263e1fba68 mode 2
Event: 5.434 Thread 0x000001b086af6c40 Uncommon trap: trap_request=0xffffffc6 fr.pc=0x000001b0344ac180 relative=0x0000000000001380
Event: 5.434 Thread 0x000001b086af6c40 Uncommon trap: reason=bimorphic_or_optimized_type_check action=maybe_recompile pc=0x000001b0344ac180 method=java.io.DataInputStream.readFully([BII)V @ 30 c2
Event: 5.434 Thread 0x000001b086af6c40 DEOPT PACKING pc=0x000001b0344ac180 sp=0x000000263e1fba70
Event: 5.434 Thread 0x000001b086af6c40 DEOPT UNPACKING pc=0x000001b033e83aa2 sp=0x000000263e1fba68 mode 2
Event: 5.434 Thread 0x000001b086af6c40 Uncommon trap: trap_request=0xffffffc6 fr.pc=0x000001b0344ac180 relative=0x0000000000001380
Event: 5.434 Thread 0x000001b086af6c40 Uncommon trap: reason=bimorphic_or_optimized_type_check action=maybe_recompile pc=0x000001b0344ac180 method=java.io.DataInputStream.readFully([BII)V @ 30 c2
Event: 5.434 Thread 0x000001b086af6c40 DEOPT PACKING pc=0x000001b0344ac180 sp=0x000000263e1fba70
Event: 5.434 Thread 0x000001b086af6c40 DEOPT UNPACKING pc=0x000001b033e83aa2 sp=0x000000263e1fba68 mode 2
Event: 5.557 Thread 0x000001b086af6c40 Uncommon trap: trap_request=0xffffff45 fr.pc=0x000001b0344967d4 relative=0x0000000000000fb4
Event: 5.557 Thread 0x000001b086af6c40 Uncommon trap: reason=unstable_if action=reinterpret pc=0x000001b0344967d4 method=java.io.WinNTFileSystem.normalize(Ljava/lang/String;II)Ljava/lang/String; @ 100 c2
Event: 5.557 Thread 0x000001b086af6c40 DEOPT PACKING pc=0x000001b0344967d4 sp=0x000000263e1fcf20
Event: 5.557 Thread 0x000001b086af6c40 DEOPT UNPACKING pc=0x000001b033e83aa2 sp=0x000000263e1fcef8 mode 2
Event: 6.102 Thread 0x000001b086af6c40 DEOPT PACKING pc=0x000001b02c9bb926 sp=0x000000263e1f7e70
Event: 6.102 Thread 0x000001b086af6c40 DEOPT UNPACKING pc=0x000001b033e84242 sp=0x000000263e1f7368 mode 0
Event: 6.230 Thread 0x000001b086af6c40 Uncommon trap: trap_request=0xffffff45 fr.pc=0x000001b03440cef4 relative=0x0000000000000054
Event: 6.230 Thread 0x000001b086af6c40 Uncommon trap: reason=unstable_if action=reinterpret pc=0x000001b03440cef4 method=java.lang.CharacterData.of(I)Ljava/lang/CharacterData; @ 4 c2
Event: 6.230 Thread 0x000001b086af6c40 DEOPT PACKING pc=0x000001b03440cef4 sp=0x000000263e1f9200
Event: 6.230 Thread 0x000001b086af6c40 DEOPT UNPACKING pc=0x000001b033e83aa2 sp=0x000000263e1f9198 mode 2

Classes loaded (20 events):
Event: 6.237 Loading class java/text/MessageFormat$Field
Event: 6.237 Loading class java/text/MessageFormat$Field done
Event: 6.290 Loading class java/util/stream/SortedOps
Event: 6.295 Loading class java/util/stream/SortedOps done
Event: 6.295 Loading class java/util/stream/SortedOps$OfRef
Event: 6.295 Loading class java/util/stream/ReferencePipeline$StatefulOp
Event: 6.295 Loading class java/util/stream/ReferencePipeline$StatefulOp done
Event: 6.295 Loading class java/util/stream/SortedOps$OfRef done
Event: 6.295 Loading class java/util/stream/SortedOps$RefSortingSink
Event: 6.296 Loading class java/util/stream/SortedOps$AbstractRefSortingSink
Event: 6.296 Loading class java/util/stream/SortedOps$AbstractRefSortingSink done
Event: 6.296 Loading class java/util/stream/SortedOps$RefSortingSink done
Event: 6.333 Loading class java/util/zip/ZipOutputStream
Event: 6.333 Loading class java/util/zip/DeflaterOutputStream
Event: 6.334 Loading class java/util/zip/DeflaterOutputStream done
Event: 6.334 Loading class java/util/zip/ZipOutputStream done
Event: 6.334 Loading class java/util/concurrent/ExecutionException
Event: 6.335 Loading class java/util/concurrent/ExecutionException done
Event: 6.389 Loading class java/io/FilenameFilter
Event: 6.389 Loading class java/io/FilenameFilter done

Classes unloaded (0 events):
No events

Classes redefined (0 events):
No events

Internal exceptions (20 events):
Event: 3.579 Thread 0x000001b0296fa450 Exception <a 'java/lang/NoSuchMethodError'{0x00000000d6458c98}: 'void java.lang.invoke.DirectMethodHandle$Holder.invokeStaticInit(java.lang.Object, java.lang.Object)'> (0x00000000d6458c98) 
thrown [s\src\hotspot\share\interpreter\linkResolver.cpp, line 773]
Event: 3.580 Thread 0x000001b0296fa450 Exception <a 'java/lang/NoSuchMethodError'{0x00000000d6462750}: 'int java.lang.invoke.DirectMethodHandle$Holder.invokeStaticInit(java.lang.Object, java.lang.Object)'> (0x00000000d6462750) 
thrown [s\src\hotspot\share\interpreter\linkResolver.cpp, line 773]
Event: 3.653 Thread 0x000001b0296fa450 Exception <a 'java/lang/NoSuchMethodError'{0x00000000d66be9e8}: 'java.lang.Object java.lang.invoke.DirectMethodHandle$Holder.newInvokeSpecial(java.lang.Object, int, java.lang.Object)'> (0x00000000d66be9e8) 
thrown [s\src\hotspot\share\interpreter\linkResolver.cpp, line 773]
Event: 3.705 Thread 0x000001b0296fa450 Exception <a 'java/lang/ClassNotFoundException'{0x00000000d68e2b18}: sun/net/www/protocol/plurl/Handler> (0x00000000d68e2b18) 
thrown [s\src\hotspot\share\classfile\systemDictionary.cpp, line 312]
Event: 3.705 Thread 0x000001b0296fa450 Exception <a 'java/lang/ClassNotFoundException'{0x00000000d68e3998}: sun/net/www/protocol/plurl/Handler> (0x00000000d68e3998) 
thrown [s\src\hotspot\share\classfile\systemDictionary.cpp, line 312]
Event: 3.904 Thread 0x000001b0296fa450 Exception <a 'java/lang/UnsatisfiedLinkError'{0x00000000d6d3e4f8}: 'void org.eclipse.equinox.launcher.JNIBridge._update_splash()'> (0x00000000d6d3e4f8) 
thrown [s\src\hotspot\share\prims\nativeLookup.cpp, line 415]
Event: 4.207 Thread 0x000001b086af6c40 Exception <a 'java/lang/NullPointerException'{0x00000000d5851a18}> (0x00000000d5851a18) 
thrown [s\src\hotspot\share\interpreter\linkResolver.cpp, line 1372]
Event: 4.207 Thread 0x000001b086af6c40 Exception <a 'java/lang/NullPointerException'{0x00000000d5851cf8}> (0x00000000d5851cf8) 
thrown [s\src\hotspot\share\interpreter\linkResolver.cpp, line 1372]
Event: 5.317 Thread 0x000001b086af6c40 Exception <a 'java/lang/NoSuchMethodError'{0x00000000d6123c48}: 'long java.lang.invoke.DirectMethodHandle$Holder.invokeSpecial(java.lang.Object, java.lang.Object)'> (0x00000000d6123c48) 
thrown [s\src\hotspot\share\interpreter\linkResolver.cpp, line 773]
Event: 5.424 Thread 0x000001b086af6c40 Exception <a 'java/io/FileNotFoundException'{0x00000000d6318990}> (0x00000000d6318990) 
thrown [s\src\hotspot\share\prims\jni.cpp, line 520]
Event: 5.607 Thread 0x000001b086af6c40 Exception <a 'java/lang/NoSuchMethodError'{0x00000000d6602778}: 'java.lang.Object java.lang.invoke.Invokers$Holder.linkToTargetMethod(java.lang.Object, long, java.lang.Object)'> (0x00000000d6602778) 
thrown [s\src\hotspot\share\interpreter\linkResolver.cpp, line 773]
Event: 5.782 Thread 0x000001b086af6c40 Exception <a 'java/lang/NoSuchMethodError'{0x00000000d6991758}: 'void java.lang.invoke.DirectMethodHandle$Holder.invokeInterface(java.lang.Object, java.lang.Object, java.lang.Object)'> (0x00000000d6991758) 
thrown [s\src\hotspot\share\interpreter\linkResolver.cpp, line 773]
Event: 5.851 Thread 0x000001b086af6c40 Exception <a 'java/lang/NoSuchMethodError'{0x00000000d6ba4680}: 'void java.lang.invoke.Invokers$Holder.invokeExact_MT(java.lang.Object, java.lang.Object, java.lang.Object)'> (0x00000000d6ba4680) 
thrown [s\src\hotspot\share\interpreter\linkResolver.cpp, line 773]
Event: 5.994 Thread 0x000001b086af6c40 Exception <a 'java/lang/NoSuchMethodError'{0x00000000d6e6c060}: 'java.lang.Object java.lang.invoke.DirectMethodHandle$Holder.invokeVirtual(java.lang.Object, java.lang.Object, java.lang.Object)'> (0x00000000d6e6c060) 
thrown [s\src\hotspot\share\interpreter\linkResolver.cpp, line 773]
Event: 6.019 Thread 0x000001b086af6c40 Exception <a 'java/lang/NoSuchMethodError'{0x00000000d55840a8}: 'java.lang.Object java.lang.invoke.DelegatingMethodHandle$Holder.reinvoke_L(java.lang.Object, java.lang.Object, java.lang.Object, java.lang.Object, int, int)'> (0x00000000d55840a8) 
thrown [s\src\hotspot\share\interpreter\linkResolver.cpp, line 773]
Event: 6.021 Thread 0x000001b086af6c40 Exception <a 'java/lang/NoSuchMethodError'{0x00000000d55a0480}: 'java.lang.Object java.lang.invoke.DirectMethodHandle$Holder.newInvokeSpecial(java.lang.Object, java.lang.Object, java.lang.Object, java.lang.Object, java.lang.Object, java.lang.Object)'> (0x00000000d55a0480) 
thrown [s\src\hotspot\share\interpreter\linkResolver.cpp, line 773]
Event: 6.023 Thread 0x000001b086af6c40 Exception <a 'java/lang/NoSuchMethodError'{0x00000000d55e73f8}: 'void java.lang.invoke.Invokers$Holder.invokeExact_MT(java.lang.Object, java.lang.Object, java.lang.Object, java.lang.Object)'> (0x00000000d55e73f8) 
thrown [s\src\hotspot\share\interpreter\linkResolver.cpp, line 773]
Event: 6.091 Thread 0x000001b086af6c40 Exception <a 'java/io/FileNotFoundException'{0x00000000d577eca0}> (0x00000000d577eca0) 
thrown [s\src\hotspot\share\prims\jni.cpp, line 520]
Event: 6.091 Thread 0x000001b086af6c40 Exception <a 'java/io/FileNotFoundException'{0x00000000d5785970}> (0x00000000d5785970) 
thrown [s\src\hotspot\share\prims\jni.cpp, line 520]
Event: 6.389 Thread 0x000001b086af6c40 Exception <a 'java/lang/NoSuchMethodError'{0x00000000d5cd83f8}: 'java.lang.Object java.lang.invoke.DirectMethodHandle$Holder.newInvokeSpecial(java.lang.Object, java.lang.Object, java.lang.Object, java.lang.Object, java.lang.Object)'> (0x00000000d5cd83f8) 
thrown [s\src\hotspot\share\interpreter\linkResolver.cpp, line 773]

ZGC Phase Switch (0 events):
No events

VM Operations (20 events):
Event: 3.693 Executing non-safepoint VM operation: HandshakeAllThreads (Deoptimize)
Event: 3.693 Executing non-safepoint VM operation: HandshakeAllThreads (Deoptimize) done
Event: 3.763 Executing safepoint VM operation: ICBufferFull
Event: 3.763 Executing safepoint VM operation: ICBufferFull done
Event: 3.982 Executing safepoint VM operation: ParallelGCFailedAllocation (Allocation Failure)
Event: 3.986 Executing safepoint VM operation: ParallelGCFailedAllocation (Allocation Failure) done
Event: 4.726 Executing non-safepoint VM operation: HandshakeAllThreads (Deoptimize)
Event: 4.726 Executing non-safepoint VM operation: HandshakeAllThreads (Deoptimize) done
Event: 5.690 Executing non-safepoint VM operation: HandshakeAllThreads (Deoptimize)
Event: 5.690 Executing non-safepoint VM operation: HandshakeAllThreads (Deoptimize) done
Event: 5.690 Executing safepoint VM operation: Cleanup
Event: 5.690 Executing safepoint VM operation: Cleanup done
Event: 5.996 Executing safepoint VM operation: ParallelGCFailedAllocation (Allocation Failure)
Event: 6.001 Executing safepoint VM operation: ParallelGCFailedAllocation (Allocation Failure) done
Event: 6.170 Executing non-safepoint VM operation: HandshakeAllThreads (Deoptimize)
Event: 6.170 Executing non-safepoint VM operation: HandshakeAllThreads (Deoptimize) done
Event: 6.201 Executing non-safepoint VM operation: HandshakeAllThreads (Deoptimize)
Event: 6.201 Executing non-safepoint VM operation: HandshakeAllThreads (Deoptimize) done
Event: 6.233 Executing non-safepoint VM operation: HandshakeAllThreads (Deoptimize)
Event: 6.233 Executing non-safepoint VM operation: HandshakeAllThreads (Deoptimize) done

Memory protections (0 events):
No events

Nmethod flushes (0 events):
No events

Events (20 events):
Event: 0.706 Thread 0x000001b0296fa450 Thread added: 0x000001b081139f20
Event: 0.707 Thread 0x000001b0296fa450 Thread added: 0x000001b08113d6e0
Event: 0.707 Thread 0x000001b0296fa450 Thread added: 0x000001b08113e140
Event: 0.707 Thread 0x000001b0296fa450 Thread added: 0x000001b08113eba0
Event: 0.707 Thread 0x000001b0296fa450 Thread added: 0x000001b08113f600
Event: 0.708 Thread 0x000001b0296fa450 Thread added: 0x000001b0811503d0
Event: 0.708 Thread 0x000001b0296fa450 Thread added: 0x000001b081159e90
Event: 0.982 Thread 0x000001b0296fa450 Thread added: 0x000001b086099050
Event: 1.075 Thread 0x000001b081159e90 Thread added: 0x000001b0860de9d0
Event: 1.621 Thread 0x000001b0860de9d0 Thread exited: 0x000001b0860de9d0
Event: 1.772 Thread 0x000001b0296fa450 Thread added: 0x000001b0860e35a0
Event: 2.196 Thread 0x000001b081159e90 Thread added: 0x000001b0862d3c20
Event: 3.182 Thread 0x000001b0862d3c20 Thread exited: 0x000001b0862d3c20
Event: 3.242 Thread 0x000001b0811503d0 Thread added: 0x000001b0868b1af0
Event: 3.620 Thread 0x000001b0296fa450 Thread added: 0x000001b086bea640
Event: 3.891 Thread 0x000001b0296fa450 Thread added: 0x000001b086699310
Event: 3.904 Thread 0x000001b0296fa450 Thread added: 0x000001b086af6c40
Event: 4.031 Thread 0x000001b086af6c40 Thread added: 0x000001b08667e360
Event: 4.202 Thread 0x000001b0868b1af0 Thread exited: 0x000001b0868b1af0
Event: 5.798 Thread 0x000001b086af6c40 Thread added: 0x000001b086d28dd0


Dynamic libraries:
0x00007ff78d710000 - 0x00007ff78d71e000 	c:\Users\Admin\.vscode\extensions\redhat.java-1.55.2026051309-win32-x64\jre\21.0.10-win32-x86_64\bin\java.exe
0x00007ffa14370000 - 0x00007ffa14568000 	C:\Windows\SYSTEM32\ntdll.dll
0x00007ffa13410000 - 0x00007ffa134d2000 	C:\Windows\System32\KERNEL32.DLL
0x00007ffa11c40000 - 0x00007ffa11f36000 	C:\Windows\System32\KERNELBASE.dll
0x00007ffa0ef50000 - 0x00007ffa0efe4000 	C:\Windows\SYSTEM32\apphelp.dll
0x00007ffa11f40000 - 0x00007ffa12040000 	C:\Windows\System32\ucrtbase.dll
0x00007ff9ffaa0000 - 0x00007ff9ffabe000 	c:\Users\Admin\.vscode\extensions\redhat.java-1.55.2026051309-win32-x64\jre\21.0.10-win32-x86_64\bin\VCRUNTIME140.dll
0x00007ff9eb4e0000 - 0x00007ff9eb4f8000 	c:\Users\Admin\.vscode\extensions\redhat.java-1.55.2026051309-win32-x64\jre\21.0.10-win32-x86_64\bin\jli.dll
0x00007ffa12900000 - 0x00007ffa12aa1000 	C:\Windows\System32\USER32.dll
0x00007ffa11a00000 - 0x00007ffa11a22000 	C:\Windows\System32\win32u.dll
0x00007ffa12850000 - 0x00007ffa1287b000 	C:\Windows\System32\GDI32.dll
0x00007ffa120f0000 - 0x00007ffa12209000 	C:\Windows\System32\gdi32full.dll
0x00007ffa12210000 - 0x00007ffa122ad000 	C:\Windows\System32\msvcp_win.dll
0x00007ffa00df0000 - 0x00007ffa0108b000 	C:\Windows\WinSxS\amd64_microsoft.windows.common-controls_6595b64144ccf1df_6.0.19041.6456_none_60b8a6cb71f64256\COMCTL32.dll
0x00007ffa13370000 - 0x00007ffa1340e000 	C:\Windows\System32\msvcrt.dll
0x00007ffa132e0000 - 0x00007ffa1330f000 	C:\Windows\System32\IMM32.DLL
0x00007ffa0bbb0000 - 0x00007ffa0bbbc000 	c:\Users\Admin\.vscode\extensions\redhat.java-1.55.2026051309-win32-x64\jre\21.0.10-win32-x86_64\bin\vcruntime140_1.dll
0x00007ff9e77d0000 - 0x00007ff9e785d000 	c:\Users\Admin\.vscode\extensions\redhat.java-1.55.2026051309-win32-x64\jre\21.0.10-win32-x86_64\bin\msvcp140.dll
0x00007ff9ccc00000 - 0x00007ff9cd9a1000 	c:\Users\Admin\.vscode\extensions\redhat.java-1.55.2026051309-win32-x64\jre\21.0.10-win32-x86_64\bin\server\jvm.dll
0x00007ffa12790000 - 0x00007ffa12841000 	C:\Windows\System32\ADVAPI32.dll
0x00007ffa13ff0000 - 0x00007ffa1408f000 	C:\Windows\System32\sechost.dll
0x00007ffa14210000 - 0x00007ffa14330000 	C:\Windows\System32\RPCRT4.dll
0x00007ffa11b90000 - 0x00007ffa11bb7000 	C:\Windows\System32\bcrypt.dll
0x00007ffa13920000 - 0x00007ffa1398b000 	C:\Windows\System32\WS2_32.dll
0x00007ffa11860000 - 0x00007ffa118ab000 	C:\Windows\SYSTEM32\POWRPROF.dll
0x00007ffa016b0000 - 0x00007ffa016d7000 	C:\Windows\SYSTEM32\WINMM.dll
0x00007ffa0c840000 - 0x00007ffa0c84a000 	C:\Windows\SYSTEM32\VERSION.dll
0x00007ffa11840000 - 0x00007ffa11852000 	C:\Windows\SYSTEM32\UMPDC.dll
0x00007ffa0f7b0000 - 0x00007ffa0f7c2000 	C:\Windows\SYSTEM32\kernel.appcore.dll
0x00007ffa0bba0000 - 0x00007ffa0bbaa000 	c:\Users\Admin\.vscode\extensions\redhat.java-1.55.2026051309-win32-x64\jre\21.0.10-win32-x86_64\bin\jimage.dll
0x00007ffa014a0000 - 0x00007ffa016a1000 	C:\Windows\SYSTEM32\DBGHELP.DLL
0x00007ff9f0dc0000 - 0x00007ff9f0df4000 	C:\Windows\SYSTEM32\dbgcore.DLL
0x00007ffa12300000 - 0x00007ffa12382000 	C:\Windows\System32\bcryptPrimitives.dll
0x00007ffa093b0000 - 0x00007ffa093bf000 	c:\Users\Admin\.vscode\extensions\redhat.java-1.55.2026051309-win32-x64\jre\21.0.10-win32-x86_64\bin\instrument.dll
0x00007ff9ffb10000 - 0x00007ff9ffb30000 	c:\Users\Admin\.vscode\extensions\redhat.java-1.55.2026051309-win32-x64\jre\21.0.10-win32-x86_64\bin\java.dll
0x00007ffa12ab0000 - 0x00007ffa13220000 	C:\Windows\System32\SHELL32.dll
0x00007ffa0fa90000 - 0x00007ffa10235000 	C:\Windows\SYSTEM32\windows.storage.dll
0x00007ffa134e0000 - 0x00007ffa13834000 	C:\Windows\System32\combase.dll
0x00007ffa11350000 - 0x00007ffa1137b000 	C:\Windows\SYSTEM32\Wldp.dll
0x00007ffa14090000 - 0x00007ffa1415d000 	C:\Windows\System32\OLEAUT32.dll
0x00007ffa14160000 - 0x00007ffa1420d000 	C:\Windows\System32\SHCORE.dll
0x00007ffa12880000 - 0x00007ffa128db000 	C:\Windows\System32\shlwapi.dll
0x00007ffa11930000 - 0x00007ffa11954000 	C:\Windows\SYSTEM32\profapi.dll
0x00007ff9ec790000 - 0x00007ff9ec7a8000 	c:\Users\Admin\.vscode\extensions\redhat.java-1.55.2026051309-win32-x64\jre\21.0.10-win32-x86_64\bin\zip.dll
0x00007ffa01850000 - 0x00007ffa01860000 	C:\Users\Admin\.vscode\extensions\redhat.java-1.55.2026051309-win32-x64\jre\21.0.10-win32-x86_64\bin\net.dll
0x00007ffa0b910000 - 0x00007ffa0ba1a000 	C:\Windows\SYSTEM32\WINHTTP.dll
0x00007ffa110b0000 - 0x00007ffa1111a000 	C:\Windows\system32\mswsock.dll
0x00007ff9eb4c0000 - 0x00007ff9eb4d6000 	C:\Users\Admin\.vscode\extensions\redhat.java-1.55.2026051309-win32-x64\jre\21.0.10-win32-x86_64\bin\nio.dll
0x00007ff9fc6b0000 - 0x00007ff9fc6c0000 	c:\Users\Admin\.vscode\extensions\redhat.java-1.55.2026051309-win32-x64\jre\21.0.10-win32-x86_64\bin\verify.dll
0x00007ff9e2940000 - 0x00007ff9e2985000 	C:\Users\Admin\AppData\Roaming\Code\User\globalStorage\redhat.java\1.55.2026051309\config_ss_win\org.eclipse.equinox.launcher\org.eclipse.equinox.launcher.win32.win32.x86_64_1.3.0.v20260203-2149\eclipse_11919.dll
0x00007ffa124b0000 - 0x00007ffa125db000 	C:\Windows\System32\ole32.dll

JVMTI agents:
c:\Users\Admin\.vscode\extensions\redhat.java-1.55.2026051309-win32-x64\lombok\lombok-1.18.39-4050.jar path:c:\Users\Admin\.vscode\extensions\redhat.java-1.55.2026051309-win32-x64\jre\21.0.10-win32-x86_64\bin\instrument.dll, loaded, initialized, instrumentlib options:none

dbghelp: loaded successfully - version: 4.0.5 - missing functions: none
symbol engine: initialized successfully - sym options: 0x614 - pdb path: .;c:\Users\Admin\.vscode\extensions\redhat.java-1.55.2026051309-win32-x64\jre\21.0.10-win32-x86_64\bin;C:\Windows\SYSTEM32;C:\Windows\WinSxS\amd64_microsoft.windows.common-controls_6595b64144ccf1df_6.0.19041.6456_none_60b8a6cb71f64256;c:\Users\Admin\.vscode\extensions\redhat.java-1.55.2026051309-win32-x64\jre\21.0.10-win32-x86_64\bin\server;C:\Users\Admin\AppData\Roaming\Code\User\globalStorage\redhat.java\1.55.2026051309\config_ss_win\org.eclipse.equinox.launcher\org.eclipse.equinox.launcher.win32.win32.x86_64_1.3.0.v20260203-2149

VM Arguments:
jvm_args: --add-modules=ALL-SYSTEM --add-opens=java.base/java.util=ALL-UNNAMED --add-opens=java.base/java.lang=ALL-UNNAMED --add-opens=java.base/sun.nio.fs=ALL-UNNAMED -Declipse.application=org.eclipse.jdt.ls.core.id1 -Dosgi.bundles.defaultStartLevel=4 -Declipse.product=org.eclipse.jdt.ls.core.product -Djava.import.generatesMetadataFilesAtProjectRoot=false -DDetectVMInstallationsJob.disabled=true -Dfile.encoding=utf8 -XX:+UseParallelGC -XX:GCTimeRatio=4 -XX:AdaptiveSizePolicyWeight=90 -Dsun.zip.disableMemoryMapping=true -Xmx2G -Xms100m -Xlog:disable -javaagent:c:\Users\Admin\.vscode\extensions\redhat.java-1.55.2026051309-win32-x64\lombok\lombok-1.18.39-4050.jar 
java_command: c:\Users\Admin\.vscode\extensions\redhat.java-1.55.2026051309-win32-x64\server\plugins\org.eclipse.equinox.launcher_1.7.100.v20251111-0406.jar -configuration c:\Users\Admin\AppData\Roaming\Code\User\globalStorage\redhat.java\1.55.2026051309\config_ss_win -data c:\Users\Admin\AppData\Roaming\Code\User\workspaceStorage\9b61c8759c294bde21ab693b22915321\redhat.java\ss_ws --pipe=\\.\pipe\lsp-5e123ca7d1228cb4c85833a4256c7618-sock
java_class_path (initial): c:\Users\Admin\.vscode\extensions\redhat.java-1.55.2026051309-win32-x64\server\plugins\org.eclipse.equinox.launcher_1.7.100.v20251111-0406.jar
Launcher Type: SUN_STANDARD

[Global flags]
    uintx AdaptiveSizePolicyWeight                 = 90                                        {product} {command line}
     intx CICompilerCount                          = 3                                         {product} {ergonomic}
    uintx GCTimeRatio                              = 4                                         {product} {command line}
   size_t InitialHeapSize                          = 104857600                                 {product} {command line}
   size_t MaxHeapSize                              = 2147483648                                {product} {command line}
   size_t MaxNewSize                               = 715653120                                 {product} {ergonomic}
   size_t MinHeapDeltaBytes                        = 524288                                    {product} {ergonomic}
   size_t MinHeapSize                              = 104857600                                 {product} {command line}
   size_t NewSize                                  = 34603008                                  {product} {ergonomic}
    uintx NonNMethodCodeHeapSize                   = 5832780                                {pd product} {ergonomic}
    uintx NonProfiledCodeHeapSize                  = 122912730                              {pd product} {ergonomic}
   size_t OldSize                                  = 70254592                                  {product} {ergonomic}
    uintx ProfiledCodeHeapSize                     = 122912730                              {pd product} {ergonomic}
    uintx ReservedCodeCacheSize                    = 251658240                              {pd product} {ergonomic}
     bool SegmentedCodeCache                       = true                                      {product} {ergonomic}
   size_t SoftMaxHeapSize                          = 2147483648                             {manageable} {ergonomic}
     bool UseCompressedOops                        = true                           {product lp64_product} {ergonomic}
     bool UseLargePagesIndividualAllocation        = false                                  {pd product} {ergonomic}
     bool UseParallelGC                            = true                                      {product} {command line}

Logging:
Log output configuration:
 #0: stdout all=off uptime,level,tags foldmultilines=false
 #1: stderr all=off uptime,level,tags foldmultilines=false

Release file:
JAVA_VERSION="21.0.10" 
MODULES="java.base java.compiler java.datatransfer java.xml java.prefs java.desktop java.instrument java.logging java.management java.security.sasl java.naming java.rmi java.management.rmi java.net.http java.scripting java.security.jgss java.transaction.xa java.sql java.sql.rowset java.xml.crypto java.se java.smartcardio jdk.accessibility jdk.internal.jvmstat jdk.attach jdk.charsets jdk.internal.opt jdk.zipfs jdk.compiler jdk.crypto.ec jdk.crypto.cryptoki jdk.crypto.mscapi jdk.dynalink jdk.internal.ed jdk.editpad jdk.hotspot.agent jdk.httpserver jdk.internal.le jdk.internal.vm.ci jdk.internal.vm.compiler jdk.internal.vm.compiler.management jdk.jartool jdk.javadoc jdk.jcmd jdk.management jdk.management.agent jdk.jconsole jdk.jdeps jdk.jdwp.agent jdk.jdi jdk.jfr jdk.jshell jdk.jsobject jdk.jstatd jdk.localedata jdk.management.jfr jdk.naming.dns jdk.naming.rmi jdk.net jdk.nio.mapmode jdk.random jdk.sctp jdk.security.auth jdk.security.jgss jdk.unsupported jdk.unsupported.desktop jdk.xml.dom" 

Environment Variables:
PATH=C:\Users\Admin\AppData\Local\Programs\Microsoft VS Code;C:\Program Files\Google\Chrome\Application;C:\Program Files\Common Files\Oracle\Java\javapath;C:\Program Files (x86)\Common Files\Oracle\Java\java8path;C:\Program Files (x86)\Common Files\Oracle\Java\javapath;C:\Windows\system32;C:\Windows;C:\Windows\System32\Wbem;C:\Windows\System32\WindowsPowerShell\v1.0\;C:\Windows\System32\OpenSSH\;C:\xampp\php;C:\ProgramData\ComposerSetup\bin;C:\Program Files\nodejs\;C:\Program Files\Git\cmd;C:\Program Files\PuTTY\;C:\Users\Admin\AppData\Local\Microsoft\WindowsApps;C:\Users\Admin\AppData\Local\Programs\Microsoft VS Code\bin;C:\Users\Admin\AppData\Roaming\Composer\vendor\bin;C:\Users\Admin\AppData\Roaming\npm
USERNAME=Admin
OS=Windows_NT
PROCESSOR_IDENTIFIER=Intel64 Family 6 Model 158 Stepping 9, GenuineIntel
TMP=C:\Users\Admin\AppData\Local\Temp
TEMP=C:\Users\Admin\AppData\Local\Temp




Periodic native trim disabled

---------------  S Y S T E M  ---------------

OS:
 Windows 10 , 64 bit Build 19041 (10.0.19041.5915)
OS uptime: 0 days 1:45 hours

CPU: total 4 (initial active 4) (4 cores per cpu, 1 threads per core) family 6 model 158 stepping 9 microcode 0xb4, cx8, cmov, fxsr, mmx, 3dnowpref, sse, sse2, sse3, ssse3, sse4.1, sse4.2, popcnt, lzcnt, tsc, tscinvbit, avx, avx2, aes, erms, clmul, bmi1, bmi2, rtm, adx, fma, vzeroupper, clflush, clflushopt, rdtscp, f16c
Processor Information for the first 4 processors :
  Max Mhz: 3408, Current Mhz: 3408, Mhz Limit: 3408

Memory: 4k page, system-wide physical 8098M (490M free)
TotalPageFile size 9378M (AvailPageFile size 269M)
current process WorkingSet (physical memory assigned to process): 110M, peak: 110M
current process commit charge ("private bytes"): 240M, peak: 240M

vm_info: OpenJDK 64-Bit Server VM (21.0.10+7-LTS) for windows-amd64 JRE (21.0.10+7-LTS), built on 2026-01-20T00:00:00Z by "admin" with MS VC++ 17.12 (VS2022)

END.
