#
# There is insufficient memory for the Java Runtime Environment to continue.
# Native memory allocation (malloc) failed to allocate 837424 bytes. Error detail: Chunk::new
# Possible reasons:
#   The system is out of physical RAM or swap space
#   This process is running with CompressedOops enabled, and the Java Heap may be blocking the growth of the native heap
# Possible solutions:
#   Reduce memory load on the system
#   Increase physical memory or swap space
#   Check if swap backing store is full
#   Decrease Java heap size (-Xmx/-Xms)
#   Decrease number of Java threads
#   Decrease Java thread stack sizes (-Xss)
#   Set larger code cache with -XX:ReservedCodeCacheSize=
#   JVM is running with Unscaled Compressed Oops mode in which the Java heap is
#     placed in the first 4GB address space. The Java Heap base address is the
#     maximum limit for the native heap growth. Please use -XX:HeapBaseMinAddress
#     to set the Java Heap base and to place the Java Heap above 4GB virtual address.
# This output file may be truncated or incomplete.
#
#  Out of Memory Error (arena.cpp:168), pid=2744, tid=4996
#
# JRE version: OpenJDK Runtime Environment Temurin-21.0.10+7 (21.0.10+7) (build 21.0.10+7-LTS)
# Java VM: OpenJDK 64-Bit Server VM Temurin-21.0.10+7 (21.0.10+7-LTS, mixed mode, sharing, tiered, compressed oops, compressed class ptrs, parallel gc, windows-amd64)
# No core dump will be written. Minidumps are not enabled by default on client versions of Windows
#

---------------  S U M M A R Y ------------

Command Line: --add-modules=ALL-SYSTEM --add-opens=java.base/java.util=ALL-UNNAMED --add-opens=java.base/java.lang=ALL-UNNAMED --add-opens=java.base/sun.nio.fs=ALL-UNNAMED -Declipse.application=org.eclipse.jdt.ls.core.id1 -Dosgi.bundles.defaultStartLevel=4 -Declipse.product=org.eclipse.jdt.ls.core.product -Djava.import.generatesMetadataFilesAtProjectRoot=false -DDetectVMInstallationsJob.disabled=true -Dfile.encoding=utf8 -XX:+UseParallelGC -XX:GCTimeRatio=4 -XX:AdaptiveSizePolicyWeight=90 -Dsun.zip.disableMemoryMapping=true -Xmx2G -Xms100m -Xlog:disable -javaagent:c:\Users\Admin\.vscode\extensions\redhat.java-1.55.2026051309-win32-x64\lombok\lombok-1.18.39-4050.jar -XX:+HeapDumpOnOutOfMemoryError -XX:HeapDumpPath=c:\Users\Admin\AppData\Roaming\Code\User\workspaceStorage\9b61c8759c294bde21ab693b22915321\redhat.java -Daether.dependencyCollector.impl=bf -XX:+UnlockDiagnosticVMOptions -XX:+AllowArchivingWithJavaAgent -XX:+AutoCreateSharedArchive -XX:SharedArchiveFile=c:\Users\Admin\AppData\Roaming\Code\User\globalStorage\redhat.java\1.55.2026051309\jdtls.jsa c:\Users\Admin\.vscode\extensions\redhat.java-1.55.2026051309-win32-x64\server\plugins\org.eclipse.equinox.launcher_1.7.100.v20251111-0406.jar -configuration c:\Users\Admin\AppData\Roaming\Code\User\globalStorage\redhat.java\1.55.2026051309\config_win -data c:\Users\Admin\AppData\Roaming\Code\User\workspaceStorage\9b61c8759c294bde21ab693b22915321\redhat.java\jdt_ws --pipe=\\.\pipe\lsp-1beb2ec66b1f21f243f148227dbc9ab8-sock

Host: Intel(R) Core(TM) i5-7500 CPU @ 3.40GHz, 4 cores, 7G,  Windows 10 , 64 bit Build 19041 (10.0.19041.5915)
Time: Wed May 20 18:14:06 2026 Hora oficial do Brasil elapsed time: 11.395702 seconds (0d 0h 0m 11s)

---------------  T H R E A D  ---------------

Current thread (0x000002337e76a6f0):  JavaThread "C2 CompilerThread1" daemon [_thread_in_native, id=4996, stack(0x00000055d6f00000,0x00000055d7000000) (1024K)]


Current CompileTask:
C2:11395 6444   !   4       sun.nio.cs.StreamDecoder::read (78 bytes)

Stack: [0x00000055d6f00000,0x00000055d7000000]
Native frames: (J=compiled Java code, j=interpreted, Vv=VM code, C=native code)
V  [jvm.dll+0x6d7a39]
V  [jvm.dll+0x8b4b26]
V  [jvm.dll+0x8b70de]
V  [jvm.dll+0x8b77c3]
V  [jvm.dll+0x284346]
V  [jvm.dll+0xc66ed]
V  [jvm.dll+0xc6c31]
V  [jvm.dll+0x3bec3b]
V  [jvm.dll+0x38b162]
V  [jvm.dll+0x38a5aa]
V  [jvm.dll+0x24c560]
V  [jvm.dll+0x24bb40]
V  [jvm.dll+0x1cb34e]
V  [jvm.dll+0x25b85d]
V  [jvm.dll+0x259dea]
V  [jvm.dll+0x3f857e]
V  [jvm.dll+0x85f59d]
V  [jvm.dll+0x6d626d]
C  [ucrtbase.dll+0x21bb2]
C  [KERNEL32.DLL+0x17374]
C  [ntdll.dll+0x4cc91]


---------------  P R O C E S S  ---------------

Threads class SMR info:
_java_thread_list=0x000002337e232200, length=38, elements={
0x000002331ac957d0, 0x000002331cdabcd0, 0x000002331cdadb40, 0x000002331cdb19c0,
0x000002331cdb46b0, 0x000002331cdb5110, 0x000002331cdb5b70, 0x000002331cdb77b0,
0x000002331cdd1e80, 0x000002337957fc60, 0x0000023379694e70, 0x000002337e581910,
0x000002337e76f710, 0x000002337e893dd0, 0x000002337e88e180, 0x000002337ea5ebb0,
0x000002337ee98f80, 0x000002337ed26bb0, 0x000002337e6a9d70, 0x0000023379731400,
0x000002337ea18400, 0x000002337e76a6f0, 0x000002337ea18a90, 0x000002337ea17d70,
0x000002337ea1a4d0, 0x000002337ea19120, 0x000002337ea197b0, 0x000002337ea19e40,
0x000002337ea17050, 0x000002337eacb7c0, 0x000002337eac89d0, 0x000002337eacbe50,
0x000002337eac9060, 0x000002337eacb130, 0x000002337eacaaa0, 0x000002337eac6f90,
0x000002337eac9d80, 0x000002337eacc4e0
}

Java Threads: ( => current thread )
  0x000002331ac957d0 JavaThread "main"                              [_thread_blocked, id=10752, stack(0x00000055d5400000,0x00000055d5500000) (1024K)]
  0x000002331cdabcd0 JavaThread "Reference Handler"          daemon [_thread_blocked, id=11072, stack(0x00000055d5800000,0x00000055d5900000) (1024K)]
  0x000002331cdadb40 JavaThread "Finalizer"                  daemon [_thread_blocked, id=10764, stack(0x00000055d5900000,0x00000055d5a00000) (1024K)]
  0x000002331cdb19c0 JavaThread "Signal Dispatcher"          daemon [_thread_blocked, id=7840, stack(0x00000055d5a00000,0x00000055d5b00000) (1024K)]
  0x000002331cdb46b0 JavaThread "Attach Listener"            daemon [_thread_blocked, id=512, stack(0x00000055d5b00000,0x00000055d5c00000) (1024K)]
  0x000002331cdb5110 JavaThread "Service Thread"             daemon [_thread_blocked, id=7780, stack(0x00000055d5c00000,0x00000055d5d00000) (1024K)]
  0x000002331cdb5b70 JavaThread "Monitor Deflation Thread"   daemon [_thread_blocked, id=8056, stack(0x00000055d5d00000,0x00000055d5e00000) (1024K)]
  0x000002331cdb77b0 JavaThread "C2 CompilerThread0"         daemon [_thread_blocked, id=1996, stack(0x00000055d5e00000,0x00000055d5f00000) (1024K)]
  0x000002331cdd1e80 JavaThread "C1 CompilerThread0"         daemon [_thread_blocked, id=4396, stack(0x00000055d5f00000,0x00000055d6000000) (1024K)]
  0x000002337957fc60 JavaThread "Common-Cleaner"             daemon [_thread_blocked, id=7148, stack(0x00000055d6000000,0x00000055d6100000) (1024K)]
  0x0000023379694e70 JavaThread "Notification Thread"        daemon [_thread_blocked, id=9712, stack(0x00000055d6100000,0x00000055d6200000) (1024K)]
  0x000002337e581910 JavaThread "Active Thread: Equinox Container: 72cb218d-43bd-4a87-a85c-24ca8eeae7ea"        [_thread_blocked, id=1452, stack(0x00000055d6600000,0x00000055d6700000) (1024K)]
  0x000002337e76f710 JavaThread "Refresh Thread: Equinox Container: 72cb218d-43bd-4a87-a85c-24ca8eeae7ea" daemon [_thread_blocked, id=11580, stack(0x00000055d6700000,0x00000055d6800000) (1024K)]
  0x000002337e893dd0 JavaThread "Framework Event Dispatcher: Equinox Container: 72cb218d-43bd-4a87-a85c-24ca8eeae7ea" daemon [_thread_blocked, id=9000, stack(0x00000055d6800000,0x00000055d6900000) (1024K)]
  0x000002337e88e180 JavaThread "Start Level: Equinox Container: 72cb218d-43bd-4a87-a85c-24ca8eeae7ea" daemon [_thread_blocked, id=6480, stack(0x00000055d6900000,0x00000055d6a00000) (1024K)]
  0x000002337ea5ebb0 JavaThread "Bundle File Closer"         daemon [_thread_blocked, id=2788, stack(0x00000055d6200000,0x00000055d6300000) (1024K)]
  0x000002337ee98f80 JavaThread "SCR Component Actor"        daemon [_thread_blocked, id=9704, stack(0x00000055d6a00000,0x00000055d6b00000) (1024K)]
  0x000002337ed26bb0 JavaThread "Worker-JM"                         [_thread_blocked, id=1576, stack(0x00000055d6c00000,0x00000055d6d00000) (1024K)]
  0x000002337e6a9d70 JavaThread "JNA Cleaner"                daemon [_thread_blocked, id=5724, stack(0x00000055d6b00000,0x00000055d6c00000) (1024K)]
  0x0000023379731400 JavaThread "Worker-0"                          [_thread_blocked, id=7992, stack(0x00000055d6d00000,0x00000055d6e00000) (1024K)]
  0x000002337ea18400 JavaThread "Worker-1"                          [_thread_blocked, id=1496, stack(0x00000055d6e00000,0x00000055d6f00000) (1024K)]
=>0x000002337e76a6f0 JavaThread "C2 CompilerThread1"         daemon [_thread_in_native, id=4996, stack(0x00000055d6f00000,0x00000055d7000000) (1024K)]
  0x000002337ea18a90 JavaThread "Java indexing"              daemon [_thread_blocked, id=3076, stack(0x00000055d7000000,0x00000055d7100000) (1024K)]
  0x000002337ea17d70 JavaThread "Thread-1"                   daemon [_thread_in_native, id=4816, stack(0x00000055d7300000,0x00000055d7400000) (1024K)]
  0x000002337ea1a4d0 JavaThread "Thread-2"                   daemon [_thread_in_native, id=12092, stack(0x00000055d7400000,0x00000055d7500000) (1024K)]
  0x000002337ea19120 JavaThread "Thread-3"                   daemon [_thread_in_native, id=5896, stack(0x00000055d7500000,0x00000055d7600000) (1024K)]
  0x000002337ea197b0 JavaThread "Thread-4"                   daemon [_thread_in_native, id=10980, stack(0x00000055d7600000,0x00000055d7700000) (1024K)]
  0x000002337ea19e40 JavaThread "Thread-5"                   daemon [_thread_in_native, id=10164, stack(0x00000055d7700000,0x00000055d7800000) (1024K)]
  0x000002337ea17050 JavaThread "pool-2-thread-1"                   [_thread_blocked, id=9920, stack(0x00000055d7800000,0x00000055d7900000) (1024K)]
  0x000002337eacb7c0 JavaThread "Worker-2"                          [_thread_blocked, id=8636, stack(0x00000055d7900000,0x00000055d7a00000) (1024K)]
  0x000002337eac89d0 JavaThread "WorkspaceEventsHandler"            [_thread_blocked, id=10512, stack(0x00000055d7a00000,0x00000055d7b00000) (1024K)]
  0x000002337eacbe50 JavaThread "pool-1-thread-1"                   [_thread_in_Java, id=6448, stack(0x00000055d7b00000,0x00000055d7c00000) (1024K)]
  0x000002337eac9060 JavaThread "Worker-3"                          [_thread_blocked, id=6984, stack(0x00000055d7c00000,0x00000055d7d00000) (1024K)]
  0x000002337eacb130 JavaThread "Worker-4"                          [_thread_blocked, id=540, stack(0x00000055d7d00000,0x00000055d7e00000) (1024K)]
  0x000002337eacaaa0 JavaThread "Worker-5: Initialize Workspace"        [_thread_blocked, id=664, stack(0x00000055d7e00000,0x00000055d7f00000) (1024K)]
  0x000002337eac6f90 JavaThread "ForkJoinPool.commonPool-worker-1" daemon [_thread_blocked, id=6404, stack(0x00000055d7f00000,0x00000055d8000000) (1024K)]
  0x000002337eac9d80 JavaThread "ForkJoinPool.commonPool-worker-2" daemon [_thread_blocked, id=11360, stack(0x00000055d8000000,0x00000055d8100000) (1024K)]
  0x000002337eacc4e0 JavaThread "ForkJoinPool.commonPool-worker-3" daemon [_thread_blocked, id=11352, stack(0x00000055d8100000,0x00000055d8200000) (1024K)]
Total: 38

Other Threads:
  0x000002331cf83330 VMThread "VM Thread"                           [id=11732, stack(0x00000055d5700000,0x00000055d5800000) (1024K)]
  0x000002331cf2e930 WatcherThread "VM Periodic Task Thread"        [id=11504, stack(0x00000055d5600000,0x00000055d5700000) (1024K)]
  0x000002331ced2600 WorkerThread "GC Thread#0"                     [id=4016, stack(0x00000055d5500000,0x00000055d5600000) (1024K)]
  0x000002337e538de0 WorkerThread "GC Thread#1"                     [id=7956, stack(0x00000055d6300000,0x00000055d6400000) (1024K)]
  0x000002337e587be0 WorkerThread "GC Thread#2"                     [id=11316, stack(0x00000055d6400000,0x00000055d6500000) (1024K)]
  0x000002337e321cd0 WorkerThread "GC Thread#3"                     [id=5264, stack(0x00000055d6500000,0x00000055d6600000) (1024K)]
Total: 6

Threads with active compile tasks:
C2 CompilerThread1  11451 6444   !   4       sun.nio.cs.StreamDecoder::read (78 bytes)
Total: 1

VM state: not at safepoint (normal execution)

VM Mutex/Monitor currently owned by a thread: None

Heap address: 0x0000000080000000, size: 2048 MB, Compressed Oops mode: 32-bit

CDS archive(s) mapped at: [0x0000023334000000-0x0000023334ba0000-0x0000023338520000), size 72482816, SharedBaseAddress: 0x0000023334000000, ArchiveRelocationMode: 1.
Compressed class space mapped at: 0x0000023339000000-0x0000023379000000, reserved size: 1073741824
Narrow klass base: 0x0000023334000000, Narrow klass shift: 0, Narrow klass range: 0x100000000

GC Precious Log:
 CardTable entry size: 512
 CPUs: 4 total, 4 available
 Memory: 8098M
 Large Page Support: Disabled
 NUMA Support: Disabled
 Compressed Oops: Enabled (32-bit)
 Alignments: Space 512K, Generation 512K, Heap 2M
 Heap Min Capacity: 100M
 Heap Initial Capacity: 100M
 Heap Max Capacity: 2G
 Pre-touch: Disabled
 Parallel Workers: 4

Heap:
 PSYoungGen      total 25088K, used 23094K [0x00000000d5580000, 0x00000000d7100000, 0x0000000100000000)
  eden space 22016K, 90% used [0x00000000d5580000,0x00000000d690f280,0x00000000d6b00000)
  from space 3072K, 99% used [0x00000000d6e00000,0x00000000d70fe908,0x00000000d7100000)
  to   space 1536K, 0% used [0x00000000d6c00000,0x00000000d6c00000,0x00000000d6d80000)
 ParOldGen       total 68608K, used 33608K [0x0000000080000000, 0x0000000084300000, 0x00000000d5580000)
  object space 68608K, 48% used [0x0000000080000000,0x00000000820d22f0,0x0000000084300000)
 Metaspace       used 15773K, committed 16576K, reserved 1114112K
  class space    used 1428K, committed 1792K, reserved 1048576K

Card table byte_map: [0x000002331c870000,0x000002331cc80000] _byte_map_base: 0x000002331c470000

Marking Bits: (ParMarkBitMap*) 0x00007ff9c5f83450
 Begin Bits: [0x000002332f380000, 0x0000023331380000)
 End Bits:   [0x0000023331380000, 0x0000023333380000)

Polling page: 0x000002331abe0000

Metaspace:

Usage:
  Non-class:     14.01 MB used.
      Class:      1.39 MB used.
       Both:     15.40 MB used.

Virtual space:
  Non-class space:       64.00 MB reserved,      14.44 MB ( 23%) committed,  1 nodes.
      Class space:        1.00 GB reserved,       1.75 MB ( <1%) committed,  1 nodes.
             Both:        1.06 GB reserved,      16.19 MB (  1%) committed. 

Chunk freelists:
   Non-Class:  1.07 MB
       Class:  14.18 MB
        Both:  15.26 MB

MaxMetaspaceSize: unlimited
CompressedClassSpaceSize: 1.00 GB
Initial GC threshold: 21.00 MB
Current GC threshold: 21.00 MB
CDS: on
 - commit_granule_bytes: 65536.
 - commit_granule_words: 8192.
 - virtual_space_node_default_size: 8388608.
 - enlarge_chunks_in_place: 1.
 - use_allocation_guard: 0.


Internal statistics:

num_allocs_failed_limit: 0.
num_arena_births: 698.
num_arena_deaths: 0.
num_vsnodes_births: 2.
num_vsnodes_deaths: 0.
num_space_committed: 259.
num_space_uncommitted: 0.
num_chunks_returned_to_freelist: 0.
num_chunks_taken_from_freelist: 1494.
num_chunk_merges: 0.
num_chunk_splits: 903.
num_chunks_enlarged: 485.
num_inconsistent_stats: 0.

CodeHeap 'non-profiled nmethods': size=120000Kb used=3469Kb max_used=3469Kb free=116530Kb
 bounds [0x0000023327ba0000, 0x0000023327f10000, 0x000002332f0d0000]
CodeHeap 'profiled nmethods': size=120000Kb used=14116Kb max_used=14116Kb free=105883Kb
 bounds [0x00000233200d0000, 0x0000023320ea0000, 0x0000023327600000]
CodeHeap 'non-nmethods': size=5760Kb used=1369Kb max_used=1461Kb free=4390Kb
 bounds [0x0000023327600000, 0x0000023327870000, 0x0000023327ba0000]
CodeCache: size=245760Kb, used=18954Kb, max_used=19046Kb, free=226803Kb
 total_blobs=7318, nmethods=6647, adapters=577, full_count=0
Compilation: enabled, stopped_count=0, restarted_count=0

Compilation events (20 events):
Event: 11.364 Thread 0x000002331cdd1e80 nmethod 6489 0x0000023320e27690 code [0x0000023320e27840, 0x0000023320e27a68]
Event: 11.364 Thread 0x000002331cdd1e80 6490       3       com.google.inject.spi.Elements$RecordingBinder::bind (9 bytes)
Event: 11.365 Thread 0x000002331cdd1e80 nmethod 6490 0x0000023320e27b90 code [0x0000023320e27da0, 0x0000023320e28380]
Event: 11.365 Thread 0x000002331cdd1e80 6492       3       org.eclipse.osgi.storage.bundlefile.BundleFile::createResourceURL (47 bytes)
Event: 11.365 Thread 0x000002331cdd1e80 nmethod 6492 0x0000023320e28610 code [0x0000023320e28800, 0x0000023320e28c80]
Event: 11.365 Thread 0x000002331cdd1e80 6493       3       com.google.inject.Key::strategyFor (51 bytes)
Event: 11.366 Thread 0x000002331cdd1e80 nmethod 6493 0x0000023320e28f10 code [0x0000023320e29360, 0x0000023320e2b258]
Event: 11.366 Thread 0x000002331cdd1e80 6494       3       com.google.common.collect.RegularImmutableMap::get (64 bytes)
Event: 11.366 Thread 0x000002331cdd1e80 nmethod 6494 0x0000023320e2be10 code [0x0000023320e2c040, 0x0000023320e2c690]
Event: 11.366 Thread 0x000002331cdd1e80 6495       3       com.google.inject.internal.MoreTypes::canonicalizeForKey (103 bytes)
Event: 11.367 Thread 0x000002331cdd1e80 nmethod 6495 0x0000023320e2c910 code [0x0000023320e2cc20, 0x0000023320e2dc10]
Event: 11.367 Thread 0x000002331cdd1e80 6497       3       com.google.inject.internal.BindingBuilder::to (43 bytes)
Event: 11.367 Thread 0x000002331cdd1e80 nmethod 6497 0x0000023320e2e190 code [0x0000023320e2e3e0, 0x0000023320e2f0f0]
Event: 11.368 Thread 0x000002331cdd1e80 6496       3       org.objectweb.asm.ClassVisitor::visitInnerClass (20 bytes)
Event: 11.368 Thread 0x000002331cdd1e80 nmethod 6496 0x0000023320e2f510 code [0x0000023320e2f6c0, 0x0000023320e2f8c8]
Event: 11.368 Thread 0x000002331cdd1e80 6498       3       org.eclipse.osgi.internal.loader.BundleLoader::findLocalResource (9 bytes)
Event: 11.368 Thread 0x000002331cdd1e80 nmethod 6498 0x0000023320e2f990 code [0x0000023320e2fb60, 0x0000023320e2fe80]
Event: 11.368 Thread 0x000002331cdd1e80 6499       3       org.eclipse.osgi.internal.loader.ModuleClassLoader::findLocalResource (9 bytes)
Event: 11.368 Thread 0x000002331cdd1e80 nmethod 6499 0x0000023320e30010 code [0x0000023320e301c0, 0x0000023320e30320]
Event: 11.368 Thread 0x000002331cdd1e80 6501       3       java.util.zip.ZipFile$ZipFileInflaterInputStream::available (44 bytes)

GC Heap History (20 events):
Event: 8.228 GC heap before
{Heap before GC invocations=9 (full 0):
 PSYoungGen      total 27136K, used 27129K [0x00000000d5580000, 0x00000000d7780000, 0x0000000100000000)
  eden space 23552K, 100% used [0x00000000d5580000,0x00000000d6c80000,0x00000000d6c80000)
  from space 3584K, 99% used [0x00000000d7380000,0x00000000d76fe6b0,0x00000000d7700000)
  to   space 5632K, 0% used [0x00000000d6c80000,0x00000000d6c80000,0x00000000d7200000)
 ParOldGen       total 68608K, used 11462K [0x0000000080000000, 0x0000000084300000, 0x00000000d5580000)
  object space 68608K, 16% used [0x0000000080000000,0x0000000080b31838,0x0000000084300000)
 Metaspace       used 11454K, committed 12032K, reserved 1114112K
  class space    used 1026K, committed 1280K, reserved 1048576K
}
Event: 8.231 GC heap after
{Heap after GC invocations=9 (full 0):
 PSYoungGen      total 27136K, used 4009K [0x00000000d5580000, 0x00000000d7500000, 0x0000000100000000)
  eden space 23040K, 0% used [0x00000000d5580000,0x00000000d5580000,0x00000000d6c00000)
  from space 4096K, 97% used [0x00000000d6c80000,0x00000000d706a750,0x00000000d7080000)
  to   space 4608K, 0% used [0x00000000d7080000,0x00000000d7080000,0x00000000d7500000)
 ParOldGen       total 68608K, used 12993K [0x0000000080000000, 0x0000000084300000, 0x00000000d5580000)
  object space 68608K, 18% used [0x0000000080000000,0x0000000080cb0510,0x0000000084300000)
 Metaspace       used 11454K, committed 12032K, reserved 1114112K
  class space    used 1026K, committed 1280K, reserved 1048576K
}
Event: 8.672 GC heap before
{Heap before GC invocations=10 (full 0):
 PSYoungGen      total 27136K, used 27049K [0x00000000d5580000, 0x00000000d7500000, 0x0000000100000000)
  eden space 23040K, 100% used [0x00000000d5580000,0x00000000d6c00000,0x00000000d6c00000)
  from space 4096K, 97% used [0x00000000d6c80000,0x00000000d706a750,0x00000000d7080000)
  to   space 4608K, 0% used [0x00000000d7080000,0x00000000d7080000,0x00000000d7500000)
 ParOldGen       total 68608K, used 12993K [0x0000000080000000, 0x0000000084300000, 0x00000000d5580000)
  object space 68608K, 18% used [0x0000000080000000,0x0000000080cb0510,0x0000000084300000)
 Metaspace       used 11882K, committed 12544K, reserved 1114112K
  class space    used 1057K, committed 1344K, reserved 1048576K
}
Event: 8.675 GC heap after
{Heap after GC invocations=10 (full 0):
 PSYoungGen      total 26112K, used 3169K [0x00000000d5580000, 0x00000000d7400000, 0x0000000100000000)
  eden space 22528K, 0% used [0x00000000d5580000,0x00000000d5580000,0x00000000d6b80000)
  from space 3584K, 88% used [0x00000000d7080000,0x00000000d73986d0,0x00000000d7400000)
  to   space 3584K, 0% used [0x00000000d6d00000,0x00000000d6d00000,0x00000000d7080000)
 ParOldGen       total 68608K, used 14953K [0x0000000080000000, 0x0000000084300000, 0x00000000d5580000)
  object space 68608K, 21% used [0x0000000080000000,0x0000000080e9a468,0x0000000084300000)
 Metaspace       used 11882K, committed 12544K, reserved 1114112K
  class space    used 1057K, committed 1344K, reserved 1048576K
}
Event: 8.966 GC heap before
{Heap before GC invocations=11 (full 0):
 PSYoungGen      total 26112K, used 25697K [0x00000000d5580000, 0x00000000d7400000, 0x0000000100000000)
  eden space 22528K, 100% used [0x00000000d5580000,0x00000000d6b80000,0x00000000d6b80000)
  from space 3584K, 88% used [0x00000000d7080000,0x00000000d73986d0,0x00000000d7400000)
  to   space 3584K, 0% used [0x00000000d6d00000,0x00000000d6d00000,0x00000000d7080000)
 ParOldGen       total 68608K, used 14953K [0x0000000080000000, 0x0000000084300000, 0x00000000d5580000)
  object space 68608K, 21% used [0x0000000080000000,0x0000000080e9a468,0x0000000084300000)
 Metaspace       used 12280K, committed 12992K, reserved 1114112K
  class space    used 1092K, committed 1408K, reserved 1048576K
}
Event: 8.969 GC heap after
{Heap after GC invocations=11 (full 0):
 PSYoungGen      total 23552K, used 1480K [0x00000000d5580000, 0x00000000d7100000, 0x0000000100000000)
  eden space 22016K, 0% used [0x00000000d5580000,0x00000000d5580000,0x00000000d6b00000)
  from space 1536K, 96% used [0x00000000d6d00000,0x00000000d6e72348,0x00000000d6e80000)
  to   space 2560K, 0% used [0x00000000d6e80000,0x00000000d6e80000,0x00000000d7100000)
 ParOldGen       total 68608K, used 18040K [0x0000000080000000, 0x0000000084300000, 0x00000000d5580000)
  object space 68608K, 26% used [0x0000000080000000,0x000000008119e040,0x0000000084300000)
 Metaspace       used 12280K, committed 12992K, reserved 1114112K
  class space    used 1092K, committed 1408K, reserved 1048576K
}
Event: 9.173 GC heap before
{Heap before GC invocations=12 (full 0):
 PSYoungGen      total 23552K, used 23496K [0x00000000d5580000, 0x00000000d7100000, 0x0000000100000000)
  eden space 22016K, 100% used [0x00000000d5580000,0x00000000d6b00000,0x00000000d6b00000)
  from space 1536K, 96% used [0x00000000d6d00000,0x00000000d6e72348,0x00000000d6e80000)
  to   space 2560K, 0% used [0x00000000d6e80000,0x00000000d6e80000,0x00000000d7100000)
 ParOldGen       total 68608K, used 18040K [0x0000000080000000, 0x0000000084300000, 0x00000000d5580000)
  object space 68608K, 26% used [0x0000000080000000,0x000000008119e040,0x0000000084300000)
 Metaspace       used 12639K, committed 13376K, reserved 1114112K
  class space    used 1119K, committed 1408K, reserved 1048576K
}
Event: 9.176 GC heap after
{Heap after GC invocations=12 (full 0):
 PSYoungGen      total 23040K, used 832K [0x00000000d5580000, 0x00000000d6f80000, 0x0000000100000000)
  eden space 22016K, 0% used [0x00000000d5580000,0x00000000d5580000,0x00000000d6b00000)
  from space 1024K, 81% used [0x00000000d6e80000,0x00000000d6f50000,0x00000000d6f80000)
  to   space 1536K, 0% used [0x00000000d6c80000,0x00000000d6c80000,0x00000000d6e00000)
 ParOldGen       total 68608K, used 19399K [0x0000000080000000, 0x0000000084300000, 0x00000000d5580000)
  object space 68608K, 28% used [0x0000000080000000,0x00000000812f1e60,0x0000000084300000)
 Metaspace       used 12639K, committed 13376K, reserved 1114112K
  class space    used 1119K, committed 1408K, reserved 1048576K
}
Event: 9.854 GC heap before
{Heap before GC invocations=13 (full 0):
 PSYoungGen      total 23040K, used 22848K [0x00000000d5580000, 0x00000000d6f80000, 0x0000000100000000)
  eden space 22016K, 100% used [0x00000000d5580000,0x00000000d6b00000,0x00000000d6b00000)
  from space 1024K, 81% used [0x00000000d6e80000,0x00000000d6f50000,0x00000000d6f80000)
  to   space 1536K, 0% used [0x00000000d6c80000,0x00000000d6c80000,0x00000000d6e00000)
 ParOldGen       total 68608K, used 19399K [0x0000000080000000, 0x0000000084300000, 0x00000000d5580000)
  object space 68608K, 28% used [0x0000000080000000,0x00000000812f1e60,0x0000000084300000)
 Metaspace       used 13196K, committed 13952K, reserved 1114112K
  class space    used 1176K, committed 1472K, reserved 1048576K
}
Event: 9.856 GC heap after
{Heap after GC invocations=13 (full 0):
 PSYoungGen      total 23552K, used 1520K [0x00000000d5580000, 0x00000000d7200000, 0x0000000100000000)
  eden space 22016K, 0% used [0x00000000d5580000,0x00000000d5580000,0x00000000d6b00000)
  from space 1536K, 98% used [0x00000000d6c80000,0x00000000d6dfc1e0,0x00000000d6e00000)
  to   space 3584K, 0% used [0x00000000d6e80000,0x00000000d6e80000,0x00000000d7200000)
 ParOldGen       total 68608K, used 20681K [0x0000000080000000, 0x0000000084300000, 0x00000000d5580000)
  object space 68608K, 30% used [0x0000000080000000,0x0000000081432700,0x0000000084300000)
 Metaspace       used 13196K, committed 13952K, reserved 1114112K
  class space    used 1176K, committed 1472K, reserved 1048576K
}
Event: 10.111 GC heap before
{Heap before GC invocations=14 (full 0):
 PSYoungGen      total 23552K, used 23536K [0x00000000d5580000, 0x00000000d7200000, 0x0000000100000000)
  eden space 22016K, 100% used [0x00000000d5580000,0x00000000d6b00000,0x00000000d6b00000)
  from space 1536K, 98% used [0x00000000d6c80000,0x00000000d6dfc1e0,0x00000000d6e00000)
  to   space 3584K, 0% used [0x00000000d6e80000,0x00000000d6e80000,0x00000000d7200000)
 ParOldGen       total 68608K, used 20681K [0x0000000080000000, 0x0000000084300000, 0x00000000d5580000)
  object space 68608K, 30% used [0x0000000080000000,0x0000000081432700,0x0000000084300000)
 Metaspace       used 13451K, committed 14208K, reserved 1114112K
  class space    used 1205K, committed 1536K, reserved 1048576K
}
Event: 10.115 GC heap after
{Heap after GC invocations=14 (full 0):
 PSYoungGen      total 24576K, used 2105K [0x00000000d5580000, 0x00000000d7100000, 0x0000000100000000)
  eden space 22016K, 0% used [0x00000000d5580000,0x00000000d5580000,0x00000000d6b00000)
  from space 2560K, 82% used [0x00000000d6e80000,0x00000000d708e5d0,0x00000000d7100000)
  to   space 2560K, 0% used [0x00000000d6c00000,0x00000000d6c00000,0x00000000d6e80000)
 ParOldGen       total 68608K, used 22205K [0x0000000080000000, 0x0000000084300000, 0x00000000d5580000)
  object space 68608K, 32% used [0x0000000080000000,0x00000000815af6f8,0x0000000084300000)
 Metaspace       used 13451K, committed 14208K, reserved 1114112K
  class space    used 1205K, committed 1536K, reserved 1048576K
}
Event: 10.273 GC heap before
{Heap before GC invocations=15 (full 0):
 PSYoungGen      total 24576K, used 24121K [0x00000000d5580000, 0x00000000d7100000, 0x0000000100000000)
  eden space 22016K, 100% used [0x00000000d5580000,0x00000000d6b00000,0x00000000d6b00000)
  from space 2560K, 82% used [0x00000000d6e80000,0x00000000d708e5d0,0x00000000d7100000)
  to   space 2560K, 0% used [0x00000000d6c00000,0x00000000d6c00000,0x00000000d6e80000)
 ParOldGen       total 68608K, used 22205K [0x0000000080000000, 0x0000000084300000, 0x00000000d5580000)
  object space 68608K, 32% used [0x0000000080000000,0x00000000815af6f8,0x0000000084300000)
 Metaspace       used 13892K, committed 14592K, reserved 1114112K
  class space    used 1228K, committed 1536K, reserved 1048576K
}
Event: 10.276 GC heap after
{Heap after GC invocations=15 (full 0):
 PSYoungGen      total 23040K, used 576K [0x00000000d5580000, 0x00000000d6f00000, 0x0000000100000000)
  eden space 22016K, 0% used [0x00000000d5580000,0x00000000d5580000,0x00000000d6b00000)
  from space 1024K, 56% used [0x00000000d6c00000,0x00000000d6c90000,0x00000000d6d00000)
  to   space 1536K, 0% used [0x00000000d6d80000,0x00000000d6d80000,0x00000000d6f00000)
 ParOldGen       total 68608K, used 24207K [0x0000000080000000, 0x0000000084300000, 0x00000000d5580000)
  object space 68608K, 35% used [0x0000000080000000,0x00000000817a3cc8,0x0000000084300000)
 Metaspace       used 13892K, committed 14592K, reserved 1114112K
  class space    used 1228K, committed 1536K, reserved 1048576K
}
Event: 10.433 GC heap before
{Heap before GC invocations=16 (full 0):
 PSYoungGen      total 23040K, used 22592K [0x00000000d5580000, 0x00000000d6f00000, 0x0000000100000000)
  eden space 22016K, 100% used [0x00000000d5580000,0x00000000d6b00000,0x00000000d6b00000)
  from space 1024K, 56% used [0x00000000d6c00000,0x00000000d6c90000,0x00000000d6d00000)
  to   space 1536K, 0% used [0x00000000d6d80000,0x00000000d6d80000,0x00000000d6f00000)
 ParOldGen       total 68608K, used 24207K [0x0000000080000000, 0x0000000084300000, 0x00000000d5580000)
  object space 68608K, 35% used [0x0000000080000000,0x00000000817a3cc8,0x0000000084300000)
 Metaspace       used 14041K, committed 14784K, reserved 1114112K
  class space    used 1232K, committed 1536K, reserved 1048576K
}
Event: 10.436 GC heap after
{Heap after GC invocations=16 (full 0):
 PSYoungGen      total 23552K, used 1056K [0x00000000d5580000, 0x00000000d6f00000, 0x0000000100000000)
  eden space 22016K, 0% used [0x00000000d5580000,0x00000000d5580000,0x00000000d6b00000)
  from space 1536K, 68% used [0x00000000d6d80000,0x00000000d6e88000,0x00000000d6f00000)
  to   space 1536K, 0% used [0x00000000d6c00000,0x00000000d6c00000,0x00000000d6d80000)
 ParOldGen       total 68608K, used 24671K [0x0000000080000000, 0x0000000084300000, 0x00000000d5580000)
  object space 68608K, 35% used [0x0000000080000000,0x0000000081817cc8,0x0000000084300000)
 Metaspace       used 14041K, committed 14784K, reserved 1114112K
  class space    used 1232K, committed 1536K, reserved 1048576K
}
Event: 10.762 GC heap before
{Heap before GC invocations=17 (full 0):
 PSYoungGen      total 23552K, used 23072K [0x00000000d5580000, 0x00000000d6f00000, 0x0000000100000000)
  eden space 22016K, 100% used [0x00000000d5580000,0x00000000d6b00000,0x00000000d6b00000)
  from space 1536K, 68% used [0x00000000d6d80000,0x00000000d6e88000,0x00000000d6f00000)
  to   space 1536K, 0% used [0x00000000d6c00000,0x00000000d6c00000,0x00000000d6d80000)
 ParOldGen       total 68608K, used 24671K [0x0000000080000000, 0x0000000084300000, 0x00000000d5580000)
  object space 68608K, 35% used [0x0000000080000000,0x0000000081817cc8,0x0000000084300000)
 Metaspace       used 15233K, committed 15936K, reserved 1114112K
  class space    used 1376K, committed 1664K, reserved 1048576K
}
Event: 10.765 GC heap after
{Heap after GC invocations=17 (full 0):
 PSYoungGen      total 23552K, used 1531K [0x00000000d5580000, 0x00000000d7100000, 0x0000000100000000)
  eden space 22016K, 0% used [0x00000000d5580000,0x00000000d5580000,0x00000000d6b00000)
  from space 1536K, 99% used [0x00000000d6c00000,0x00000000d6d7ee98,0x00000000d6d80000)
  to   space 3072K, 0% used [0x00000000d6e00000,0x00000000d6e00000,0x00000000d7100000)
 ParOldGen       total 68608K, used 25603K [0x0000000080000000, 0x0000000084300000, 0x00000000d5580000)
  object space 68608K, 37% used [0x0000000080000000,0x0000000081900cd8,0x0000000084300000)
 Metaspace       used 15233K, committed 15936K, reserved 1114112K
  class space    used 1376K, committed 1664K, reserved 1048576K
}
Event: 11.229 GC heap before
{Heap before GC invocations=18 (full 0):
 PSYoungGen      total 23552K, used 23543K [0x00000000d5580000, 0x00000000d7100000, 0x0000000100000000)
  eden space 22016K, 99% used [0x00000000d5580000,0x00000000d6aff130,0x00000000d6b00000)
  from space 1536K, 99% used [0x00000000d6c00000,0x00000000d6d7ee98,0x00000000d6d80000)
  to   space 3072K, 0% used [0x00000000d6e00000,0x00000000d6e00000,0x00000000d7100000)
 ParOldGen       total 68608K, used 25603K [0x0000000080000000, 0x0000000084300000, 0x00000000d5580000)
  object space 68608K, 37% used [0x0000000080000000,0x0000000081900cd8,0x0000000084300000)
 Metaspace       used 15502K, committed 16320K, reserved 1114112K
  class space    used 1400K, committed 1728K, reserved 1048576K
}
Event: 11.238 GC heap after
{Heap after GC invocations=18 (full 0):
 PSYoungGen      total 25088K, used 3066K [0x00000000d5580000, 0x00000000d7100000, 0x0000000100000000)
  eden space 22016K, 0% used [0x00000000d5580000,0x00000000d5580000,0x00000000d6b00000)
  from space 3072K, 99% used [0x00000000d6e00000,0x00000000d70fe908,0x00000000d7100000)
  to   space 1536K, 0% used [0x00000000d6c00000,0x00000000d6c00000,0x00000000d6d80000)
 ParOldGen       total 68608K, used 33608K [0x0000000080000000, 0x0000000084300000, 0x00000000d5580000)
  object space 68608K, 48% used [0x0000000080000000,0x00000000820d22f0,0x0000000084300000)
 Metaspace       used 15502K, committed 16320K, reserved 1114112K
  class space    used 1400K, committed 1728K, reserved 1048576K
}

Dll operation events (10 events):
Event: 0.122 Loaded shared library c:\Users\Admin\.vscode\extensions\redhat.java-1.55.2026051309-win32-x64\jre\21.0.10-win32-x86_64\bin\java.dll
Event: 1.454 Loaded shared library c:\Users\Admin\.vscode\extensions\redhat.java-1.55.2026051309-win32-x64\jre\21.0.10-win32-x86_64\bin\zip.dll
Event: 1.457 Loaded shared library C:\Users\Admin\.vscode\extensions\redhat.java-1.55.2026051309-win32-x64\jre\21.0.10-win32-x86_64\bin\instrument.dll
Event: 1.463 Loaded shared library C:\Users\Admin\.vscode\extensions\redhat.java-1.55.2026051309-win32-x64\jre\21.0.10-win32-x86_64\bin\net.dll
Event: 1.465 Loaded shared library C:\Users\Admin\.vscode\extensions\redhat.java-1.55.2026051309-win32-x64\jre\21.0.10-win32-x86_64\bin\nio.dll
Event: 1.468 Loaded shared library C:\Users\Admin\.vscode\extensions\redhat.java-1.55.2026051309-win32-x64\jre\21.0.10-win32-x86_64\bin\zip.dll
Event: 1.481 Loaded shared library C:\Users\Admin\.vscode\extensions\redhat.java-1.55.2026051309-win32-x64\jre\21.0.10-win32-x86_64\bin\jimage.dll
Event: 1.582 Loaded shared library c:\Users\Admin\.vscode\extensions\redhat.java-1.55.2026051309-win32-x64\jre\21.0.10-win32-x86_64\bin\verify.dll
Event: 2.728 Loaded shared library C:\Users\Admin\AppData\Roaming\Code\User\globalStorage\redhat.java\1.55.2026051309\config_win\org.eclipse.equinox.launcher\org.eclipse.equinox.launcher.win32.win32.x86_64_1.3.0.v20260203-2149\eclipse_11919.dll
Event: 7.089 Loaded shared library C:\Users\Admin\AppData\Local\Temp\jna-63116079\jna9737910759512169138.dll

Deoptimization events (20 events):
Event: 11.295 Thread 0x000002337eacaaa0 DEOPT PACKING pc=0x0000023327e84a94 sp=0x00000055d7efe6c0
Event: 11.295 Thread 0x000002337eacaaa0 DEOPT UNPACKING pc=0x0000023327653aa2 sp=0x00000055d7efe660 mode 2
Event: 11.303 Thread 0x000002337eacaaa0 Uncommon trap: trap_request=0xffffff45 fr.pc=0x0000023327e8871c relative=0x0000000000000f7c
Event: 11.303 Thread 0x000002337eacaaa0 Uncommon trap: reason=unstable_if action=reinterpret pc=0x0000023327e8871c method=sun.nio.cs.StreamDecoder.lockedRead([CII)I @ 122 c2
Event: 11.303 Thread 0x000002337eacaaa0 DEOPT PACKING pc=0x0000023327e8871c sp=0x00000055d7efdd80
Event: 11.303 Thread 0x000002337eacaaa0 DEOPT UNPACKING pc=0x0000023327653aa2 sp=0x00000055d7efdc98 mode 2
Event: 11.303 Thread 0x000002337eacaaa0 Uncommon trap: trap_request=0xffffff45 fr.pc=0x0000023327e8db58 relative=0x0000000000000258
Event: 11.303 Thread 0x000002337eacaaa0 Uncommon trap: reason=unstable_if action=reinterpret pc=0x0000023327e8db58 method=java.io.Reader.read()I @ 12 c2
Event: 11.303 Thread 0x000002337eacaaa0 DEOPT PACKING pc=0x0000023327e8db58 sp=0x00000055d7efde10
Event: 11.303 Thread 0x000002337eacaaa0 DEOPT UNPACKING pc=0x0000023327653aa2 sp=0x00000055d7efdd18 mode 2
Event: 11.315 Thread 0x000002337eacaaa0 Uncommon trap: trap_request=0xffffff45 fr.pc=0x0000023327e9e2b0 relative=0x00000000000005f0
Event: 11.315 Thread 0x000002337eacaaa0 Uncommon trap: reason=unstable_if action=reinterpret pc=0x0000023327e9e2b0 method=sun.nio.cs.StreamDecoder.lockedRead([CII)I @ 122 c2
Event: 11.315 Thread 0x000002337eacaaa0 DEOPT PACKING pc=0x0000023327e9e2b0 sp=0x00000055d7efdd60
Event: 11.315 Thread 0x000002337eacaaa0 DEOPT UNPACKING pc=0x0000023327653aa2 sp=0x00000055d7efdce8 mode 2
Event: 11.315 Thread 0x000002337eacaaa0 Uncommon trap: trap_request=0xffffff45 fr.pc=0x0000023327e9efd4 relative=0x0000000000000194
Event: 11.315 Thread 0x000002337eacaaa0 Uncommon trap: reason=unstable_if action=reinterpret pc=0x0000023327e9efd4 method=java.io.Reader.read()I @ 12 c2
Event: 11.315 Thread 0x000002337eacaaa0 DEOPT PACKING pc=0x0000023327e9efd4 sp=0x00000055d7efdea0
Event: 11.315 Thread 0x000002337eacaaa0 DEOPT UNPACKING pc=0x0000023327653aa2 sp=0x00000055d7efde28 mode 2
Event: 11.363 Thread 0x000002337eacaaa0 DEOPT PACKING pc=0x0000023320bc5db2 sp=0x00000055d7efe200
Event: 11.363 Thread 0x000002337eacaaa0 DEOPT UNPACKING pc=0x0000023327654242 sp=0x00000055d7efd730 mode 0

Classes loaded (20 events):
Event: 8.507 Loading class com/sun/org/apache/xerces/internal/impl/msg/XMLMessages_pt_BR
Event: 8.507 Loading class com/sun/org/apache/xerces/internal/impl/msg/XMLMessages_pt_BR done
Event: 8.507 Loading class com/sun/org/apache/xerces/internal/impl/msg/XMLMessages_pt_BR
Event: 8.507 Loading class com/sun/org/apache/xerces/internal/impl/msg/XMLMessages_pt_BR done
Event: 8.697 Loading class com/sun/org/apache/xml/internal/serializer/XMLEntities
Event: 8.697 Loading class com/sun/org/apache/xml/internal/serializer/XMLEntities done
Event: 8.697 Loading class com/sun/org/apache/xml/internal/serializer/XMLEntities
Event: 8.697 Loading class com/sun/org/apache/xml/internal/serializer/XMLEntities done
Event: 8.697 Loading class com/sun/org/apache/xml/internal/serializer/XMLEntities_pt
Event: 8.697 Loading class com/sun/org/apache/xml/internal/serializer/XMLEntities_pt done
Event: 8.697 Loading class com/sun/org/apache/xml/internal/serializer/XMLEntities_pt
Event: 8.697 Loading class com/sun/org/apache/xml/internal/serializer/XMLEntities_pt done
Event: 8.697 Loading class com/sun/org/apache/xml/internal/serializer/XMLEntities_pt_BR
Event: 8.697 Loading class com/sun/org/apache/xml/internal/serializer/XMLEntities_pt_BR done
Event: 8.697 Loading class com/sun/org/apache/xml/internal/serializer/XMLEntities_pt_BR
Event: 8.697 Loading class com/sun/org/apache/xml/internal/serializer/XMLEntities_pt_BR done
Event: 8.815 Loading class sun/util/resources/cldr/TimeZoneNames_en_US
Event: 8.815 Loading class sun/util/resources/cldr/TimeZoneNames_en_US done
Event: 9.075 Loading class jdk/internal/event/ThreadSleepEvent
Event: 9.076 Loading class jdk/internal/event/ThreadSleepEvent done

Classes unloaded (0 events):
No events

Classes redefined (0 events):
No events

Internal exceptions (20 events):
Event: 11.281 Thread 0x000002337eacaaa0 Exception <a 'sun/nio/fs/WindowsException'{0x00000000d56ebf00}> (0x00000000d56ebf00) 
thrown [s\src\hotspot\share\prims\jni.cpp, line 520]
Event: 11.281 Thread 0x000002337eacaaa0 Exception <a 'sun/nio/fs/WindowsException'{0x00000000d56ec520}> (0x00000000d56ec520) 
thrown [s\src\hotspot\share\prims\jni.cpp, line 520]
Event: 11.281 Thread 0x000002337eacaaa0 Exception <a 'sun/nio/fs/WindowsException'{0x00000000d56ecdb0}> (0x00000000d56ecdb0) 
thrown [s\src\hotspot\share\prims\jni.cpp, line 520]
Event: 11.281 Thread 0x000002337eacaaa0 Exception <a 'sun/nio/fs/WindowsException'{0x00000000d56ed3e8}> (0x00000000d56ed3e8) 
thrown [s\src\hotspot\share\prims\jni.cpp, line 520]
Event: 11.282 Thread 0x000002337eacaaa0 Exception <a 'sun/nio/fs/WindowsException'{0x00000000d56f0960}> (0x00000000d56f0960) 
thrown [s\src\hotspot\share\prims\jni.cpp, line 520]
Event: 11.282 Thread 0x000002337eacaaa0 Exception <a 'sun/nio/fs/WindowsException'{0x00000000d56f0fc0}> (0x00000000d56f0fc0) 
thrown [s\src\hotspot\share\prims\jni.cpp, line 520]
Event: 11.282 Thread 0x000002337eacaaa0 Exception <a 'sun/nio/fs/WindowsException'{0x00000000d56f1620}> (0x00000000d56f1620) 
thrown [s\src\hotspot\share\prims\jni.cpp, line 520]
Event: 11.282 Thread 0x000002337eacaaa0 Exception <a 'sun/nio/fs/WindowsException'{0x00000000d56f1ca0}> (0x00000000d56f1ca0) 
thrown [s\src\hotspot\share\prims\jni.cpp, line 520]
Event: 11.282 Thread 0x000002337eacaaa0 Exception <a 'sun/nio/fs/WindowsException'{0x00000000d56f5138}> (0x00000000d56f5138) 
thrown [s\src\hotspot\share\prims\jni.cpp, line 520]
Event: 11.282 Thread 0x000002337eacaaa0 Exception <a 'sun/nio/fs/WindowsException'{0x00000000d56f5738}> (0x00000000d56f5738) 
thrown [s\src\hotspot\share\prims\jni.cpp, line 520]
Event: 11.282 Thread 0x000002337eacaaa0 Exception <a 'sun/nio/fs/WindowsException'{0x00000000d56f5d38}> (0x00000000d56f5d38) 
thrown [s\src\hotspot\share\prims\jni.cpp, line 520]
Event: 11.282 Thread 0x000002337eacaaa0 Exception <a 'sun/nio/fs/WindowsException'{0x00000000d56f6358}> (0x00000000d56f6358) 
thrown [s\src\hotspot\share\prims\jni.cpp, line 520]
Event: 11.283 Thread 0x000002337eacaaa0 Exception <a 'sun/nio/fs/WindowsException'{0x00000000d56f9950}> (0x00000000d56f9950) 
thrown [s\src\hotspot\share\prims\jni.cpp, line 520]
Event: 11.283 Thread 0x000002337eacaaa0 Exception <a 'sun/nio/fs/WindowsException'{0x00000000d56f9fd8}> (0x00000000d56f9fd8) 
thrown [s\src\hotspot\share\prims\jni.cpp, line 520]
Event: 11.283 Thread 0x000002337eacaaa0 Exception <a 'sun/nio/fs/WindowsException'{0x00000000d56fa668}> (0x00000000d56fa668) 
thrown [s\src\hotspot\share\prims\jni.cpp, line 520]
Event: 11.283 Thread 0x000002337eacaaa0 Exception <a 'sun/nio/fs/WindowsException'{0x00000000d56fad08}> (0x00000000d56fad08) 
thrown [s\src\hotspot\share\prims\jni.cpp, line 520]
Event: 11.283 Thread 0x000002337eacaaa0 Exception <a 'sun/nio/fs/WindowsException'{0x00000000d56fe880}> (0x00000000d56fe880) 
thrown [s\src\hotspot\share\prims\jni.cpp, line 520]
Event: 11.283 Thread 0x000002337eacaaa0 Exception <a 'sun/nio/fs/WindowsException'{0x00000000d56fef38}> (0x00000000d56fef38) 
thrown [s\src\hotspot\share\prims\jni.cpp, line 520]
Event: 11.283 Thread 0x000002337eacaaa0 Exception <a 'sun/nio/fs/WindowsException'{0x00000000d56ff5f8}> (0x00000000d56ff5f8) 
thrown [s\src\hotspot\share\prims\jni.cpp, line 520]
Event: 11.283 Thread 0x000002337eacaaa0 Exception <a 'sun/nio/fs/WindowsException'{0x00000000d56ffcc8}> (0x00000000d56ffcc8) 
thrown [s\src\hotspot\share\prims\jni.cpp, line 520]

ZGC Phase Switch (0 events):
No events

VM Operations (20 events):
Event: 10.111 Executing safepoint VM operation: ParallelGCFailedAllocation (Allocation Failure)
Event: 10.115 Executing safepoint VM operation: ParallelGCFailedAllocation (Allocation Failure) done
Event: 10.257 Executing non-safepoint VM operation: HandshakeAllThreads (Deoptimize)
Event: 10.257 Executing non-safepoint VM operation: HandshakeAllThreads (Deoptimize) done
Event: 10.273 Executing safepoint VM operation: ParallelGCFailedAllocation (Allocation Failure)
Event: 10.276 Executing safepoint VM operation: ParallelGCFailedAllocation (Allocation Failure) done
Event: 10.308 Executing non-safepoint VM operation: HandshakeAllThreads (Deoptimize)
Event: 10.309 Executing non-safepoint VM operation: HandshakeAllThreads (Deoptimize) done
Event: 10.433 Executing safepoint VM operation: ParallelGCFailedAllocation (Allocation Failure)
Event: 10.436 Executing safepoint VM operation: ParallelGCFailedAllocation (Allocation Failure) done
Event: 10.471 Executing non-safepoint VM operation: HandshakeAllThreads (Deoptimize)
Event: 10.471 Executing non-safepoint VM operation: HandshakeAllThreads (Deoptimize) done
Event: 10.693 Executing safepoint VM operation: ICBufferFull
Event: 10.693 Executing safepoint VM operation: ICBufferFull done
Event: 10.761 Executing safepoint VM operation: ParallelGCFailedAllocation (Allocation Failure)
Event: 10.765 Executing safepoint VM operation: ParallelGCFailedAllocation (Allocation Failure) done
Event: 11.067 Executing non-safepoint VM operation: HandshakeAllThreads (Deoptimize)
Event: 11.067 Executing non-safepoint VM operation: HandshakeAllThreads (Deoptimize) done
Event: 11.229 Executing safepoint VM operation: ParallelGCFailedAllocation (Allocation Failure)
Event: 11.238 Executing safepoint VM operation: ParallelGCFailedAllocation (Allocation Failure) done

Memory protections (0 events):
No events

Nmethod flushes (0 events):
No events

Events (20 events):
Event: 7.234 Thread 0x000002337e88e180 Thread added: 0x0000023379731400
Event: 7.279 Thread 0x000002337e88e180 Thread added: 0x000002337ea18400
Event: 7.348 Thread 0x000002331cdd1e80 Thread added: 0x000002337e76a6f0
Event: 8.588 Thread 0x000002337e88e180 Thread added: 0x000002337ea18a90
Event: 8.905 Thread 0x000002331ac957d0 Thread added: 0x000002337ea17d70
Event: 8.905 Thread 0x000002331ac957d0 Thread added: 0x000002337ea1a4d0
Event: 8.905 Thread 0x000002331ac957d0 Thread added: 0x000002337ea19120
Event: 8.905 Thread 0x000002331ac957d0 Thread added: 0x000002337ea197b0
Event: 8.905 Thread 0x000002331ac957d0 Thread added: 0x000002337ea19e40
Event: 8.915 Thread 0x000002331ac957d0 Thread added: 0x000002337ea17050
Event: 8.959 Thread 0x000002337ea18400 Thread added: 0x000002337eacb7c0
Event: 9.027 Thread 0x000002331ac957d0 Thread added: 0x000002337eac89d0
Event: 9.027 Thread 0x000002331ac957d0 Thread added: 0x000002337eacbe50
Event: 9.125 Thread 0x000002337eacb7c0 Thread added: 0x000002337eac9060
Event: 9.365 Thread 0x000002337eac9060 Thread added: 0x000002337eacb130
Event: 9.608 Thread 0x000002337eacb130 Thread added: 0x000002337eacaaa0
Event: 10.977 Thread 0x0000023379731400 Thread added: 0x000002337eac6f90
Event: 10.977 Thread 0x0000023379731400 Thread added: 0x000002337eac9d80
Event: 10.977 Thread 0x000002337eac6f90 Thread added: 0x000002337eacc4e0
Event: 11.224 Thread 0x000002337eacaaa0 Thread added: 0x000002337eaccb70


Dynamic libraries:
0x00007ff60d530000 - 0x00007ff60d53e000 	c:\Users\Admin\.vscode\extensions\redhat.java-1.55.2026051309-win32-x64\jre\21.0.10-win32-x86_64\bin\java.exe
0x00007ffa14370000 - 0x00007ffa14568000 	C:\Windows\SYSTEM32\ntdll.dll
0x00007ffa13410000 - 0x00007ffa134d2000 	C:\Windows\System32\KERNEL32.DLL
0x00007ffa11c40000 - 0x00007ffa11f36000 	C:\Windows\System32\KERNELBASE.dll
0x00007ffa11f40000 - 0x00007ffa12040000 	C:\Windows\System32\ucrtbase.dll
0x00007ff9ec290000 - 0x00007ff9ec2a8000 	c:\Users\Admin\.vscode\extensions\redhat.java-1.55.2026051309-win32-x64\jre\21.0.10-win32-x86_64\bin\jli.dll
0x00007ffa12900000 - 0x00007ffa12aa1000 	C:\Windows\System32\USER32.dll
0x00007ffa11a00000 - 0x00007ffa11a22000 	C:\Windows\System32\win32u.dll
0x00007ffa12850000 - 0x00007ffa1287b000 	C:\Windows\System32\GDI32.dll
0x00007ffa120f0000 - 0x00007ffa12209000 	C:\Windows\System32\gdi32full.dll
0x00007ffa12210000 - 0x00007ffa122ad000 	C:\Windows\System32\msvcp_win.dll
0x00007ff9eb390000 - 0x00007ff9eb3ae000 	c:\Users\Admin\.vscode\extensions\redhat.java-1.55.2026051309-win32-x64\jre\21.0.10-win32-x86_64\bin\VCRUNTIME140.dll
0x00007ffa00df0000 - 0x00007ffa0108b000 	C:\Windows\WinSxS\amd64_microsoft.windows.common-controls_6595b64144ccf1df_6.0.19041.6456_none_60b8a6cb71f64256\COMCTL32.dll
0x00007ffa13370000 - 0x00007ffa1340e000 	C:\Windows\System32\msvcrt.dll
0x00007ffa132e0000 - 0x00007ffa1330f000 	C:\Windows\System32\IMM32.DLL
0x00007ff9f8610000 - 0x00007ff9f861c000 	c:\Users\Admin\.vscode\extensions\redhat.java-1.55.2026051309-win32-x64\jre\21.0.10-win32-x86_64\bin\vcruntime140_1.dll
0x00007ff9e1f70000 - 0x00007ff9e1ffd000 	c:\Users\Admin\.vscode\extensions\redhat.java-1.55.2026051309-win32-x64\jre\21.0.10-win32-x86_64\bin\msvcp140.dll
0x00007ff9c52c0000 - 0x00007ff9c6061000 	c:\Users\Admin\.vscode\extensions\redhat.java-1.55.2026051309-win32-x64\jre\21.0.10-win32-x86_64\bin\server\jvm.dll
0x00007ffa12790000 - 0x00007ffa12841000 	C:\Windows\System32\ADVAPI32.dll
0x00007ffa13ff0000 - 0x00007ffa1408f000 	C:\Windows\System32\sechost.dll
0x00007ffa14210000 - 0x00007ffa14330000 	C:\Windows\System32\RPCRT4.dll
0x00007ffa11b90000 - 0x00007ffa11bb7000 	C:\Windows\System32\bcrypt.dll
0x00007ffa13920000 - 0x00007ffa1398b000 	C:\Windows\System32\WS2_32.dll
0x00007ffa11860000 - 0x00007ffa118ab000 	C:\Windows\SYSTEM32\POWRPROF.dll
0x00007ffa016b0000 - 0x00007ffa016d7000 	C:\Windows\SYSTEM32\WINMM.dll
0x00007ffa0c840000 - 0x00007ffa0c84a000 	C:\Windows\SYSTEM32\VERSION.dll
0x00007ffa11840000 - 0x00007ffa11852000 	C:\Windows\SYSTEM32\UMPDC.dll
0x00007ffa0f7b0000 - 0x00007ffa0f7c2000 	C:\Windows\SYSTEM32\kernel.appcore.dll
0x00007ff9f1450000 - 0x00007ff9f145a000 	c:\Users\Admin\.vscode\extensions\redhat.java-1.55.2026051309-win32-x64\jre\21.0.10-win32-x86_64\bin\jimage.dll
0x00007ffa014a0000 - 0x00007ffa016a1000 	C:\Windows\SYSTEM32\DBGHELP.DLL
0x00007ff9f0dc0000 - 0x00007ff9f0df4000 	C:\Windows\SYSTEM32\dbgcore.DLL
0x00007ffa12300000 - 0x00007ffa12382000 	C:\Windows\System32\bcryptPrimitives.dll
0x00007ff9ed0f0000 - 0x00007ff9ed0ff000 	c:\Users\Admin\.vscode\extensions\redhat.java-1.55.2026051309-win32-x64\jre\21.0.10-win32-x86_64\bin\instrument.dll
0x00007ff9eafc0000 - 0x00007ff9eafe0000 	c:\Users\Admin\.vscode\extensions\redhat.java-1.55.2026051309-win32-x64\jre\21.0.10-win32-x86_64\bin\java.dll
0x00007ffa12ab0000 - 0x00007ffa13220000 	C:\Windows\System32\SHELL32.dll
0x00007ffa0fa90000 - 0x00007ffa10235000 	C:\Windows\SYSTEM32\windows.storage.dll
0x00007ffa134e0000 - 0x00007ffa13834000 	C:\Windows\System32\combase.dll
0x00007ffa11350000 - 0x00007ffa1137b000 	C:\Windows\SYSTEM32\Wldp.dll
0x00007ffa14090000 - 0x00007ffa1415d000 	C:\Windows\System32\OLEAUT32.dll
0x00007ffa14160000 - 0x00007ffa1420d000 	C:\Windows\System32\SHCORE.dll
0x00007ffa12880000 - 0x00007ffa128db000 	C:\Windows\System32\shlwapi.dll
0x00007ffa11930000 - 0x00007ffa11954000 	C:\Windows\SYSTEM32\profapi.dll
0x00007ff9eafa0000 - 0x00007ff9eafb8000 	c:\Users\Admin\.vscode\extensions\redhat.java-1.55.2026051309-win32-x64\jre\21.0.10-win32-x86_64\bin\zip.dll
0x00007ff9ed040000 - 0x00007ff9ed050000 	C:\Users\Admin\.vscode\extensions\redhat.java-1.55.2026051309-win32-x64\jre\21.0.10-win32-x86_64\bin\net.dll
0x00007ffa0b910000 - 0x00007ffa0ba1a000 	C:\Windows\SYSTEM32\WINHTTP.dll
0x00007ffa110b0000 - 0x00007ffa1111a000 	C:\Windows\system32\mswsock.dll
0x00007ff9ecec0000 - 0x00007ff9eced6000 	C:\Users\Admin\.vscode\extensions\redhat.java-1.55.2026051309-win32-x64\jre\21.0.10-win32-x86_64\bin\nio.dll
0x00007ff9eceb0000 - 0x00007ff9ecec0000 	c:\Users\Admin\.vscode\extensions\redhat.java-1.55.2026051309-win32-x64\jre\21.0.10-win32-x86_64\bin\verify.dll
0x00007ff9e8110000 - 0x00007ff9e8155000 	C:\Users\Admin\AppData\Roaming\Code\User\globalStorage\redhat.java\1.55.2026051309\config_win\org.eclipse.equinox.launcher\org.eclipse.equinox.launcher.win32.win32.x86_64_1.3.0.v20260203-2149\eclipse_11919.dll
0x00007ffa124b0000 - 0x00007ffa125db000 	C:\Windows\System32\ole32.dll
0x00007ffa112b0000 - 0x00007ffa112c8000 	C:\Windows\SYSTEM32\CRYPTSP.dll
0x00007ffa109d0000 - 0x00007ffa10a08000 	C:\Windows\system32\rsaenh.dll
0x00007ffa118b0000 - 0x00007ffa118de000 	C:\Windows\SYSTEM32\USERENV.dll
0x00007ffa112a0000 - 0x00007ffa112ac000 	C:\Windows\SYSTEM32\CRYPTBASE.dll
0x00007ffa10d90000 - 0x00007ffa10dcb000 	C:\Windows\SYSTEM32\IPHLPAPI.DLL
0x00007ffa128e0000 - 0x00007ffa128e8000 	C:\Windows\System32\NSI.dll
0x00007ff9e2320000 - 0x00007ff9e2369000 	C:\Users\Admin\AppData\Local\Temp\jna-63116079\jna9737910759512169138.dll
0x00007ffa13220000 - 0x00007ffa13228000 	C:\Windows\System32\PSAPI.DLL
0x00007ffa0bdb0000 - 0x00007ffa0bdc7000 	C:\Windows\SYSTEM32\dhcpcsvc6.DLL
0x00007ffa0c650000 - 0x00007ffa0c66d000 	C:\Windows\SYSTEM32\dhcpcsvc.DLL

JVMTI agents:
c:\Users\Admin\.vscode\extensions\redhat.java-1.55.2026051309-win32-x64\lombok\lombok-1.18.39-4050.jar path:c:\Users\Admin\.vscode\extensions\redhat.java-1.55.2026051309-win32-x64\jre\21.0.10-win32-x86_64\bin\instrument.dll, loaded, initialized, instrumentlib options:none

dbghelp: loaded successfully - version: 4.0.5 - missing functions: none
symbol engine: initialized successfully - sym options: 0x614 - pdb path: .;c:\Users\Admin\.vscode\extensions\redhat.java-1.55.2026051309-win32-x64\jre\21.0.10-win32-x86_64\bin;C:\Windows\SYSTEM32;C:\Windows\WinSxS\amd64_microsoft.windows.common-controls_6595b64144ccf1df_6.0.19041.6456_none_60b8a6cb71f64256;c:\Users\Admin\.vscode\extensions\redhat.java-1.55.2026051309-win32-x64\jre\21.0.10-win32-x86_64\bin\server;C:\Users\Admin\AppData\Roaming\Code\User\globalStorage\redhat.java\1.55.2026051309\config_win\org.eclipse.equinox.launcher\org.eclipse.equinox.launcher.win32.win32.x86_64_1.3.0.v20260203-2149;C:\Users\Admin\AppData\Local\Temp\jna-63116079

VM Arguments:
jvm_args: --add-modules=ALL-SYSTEM --add-opens=java.base/java.util=ALL-UNNAMED --add-opens=java.base/java.lang=ALL-UNNAMED --add-opens=java.base/sun.nio.fs=ALL-UNNAMED -Declipse.application=org.eclipse.jdt.ls.core.id1 -Dosgi.bundles.defaultStartLevel=4 -Declipse.product=org.eclipse.jdt.ls.core.product -Djava.import.generatesMetadataFilesAtProjectRoot=false -DDetectVMInstallationsJob.disabled=true -Dfile.encoding=utf8 -XX:+UseParallelGC -XX:GCTimeRatio=4 -XX:AdaptiveSizePolicyWeight=90 -Dsun.zip.disableMemoryMapping=true -Xmx2G -Xms100m -Xlog:disable -javaagent:c:\Users\Admin\.vscode\extensions\redhat.java-1.55.2026051309-win32-x64\lombok\lombok-1.18.39-4050.jar -XX:+HeapDumpOnOutOfMemoryError -XX:HeapDumpPath=c:\Users\Admin\AppData\Roaming\Code\User\workspaceStorage\9b61c8759c294bde21ab693b22915321\redhat.java -Daether.dependencyCollector.impl=bf -XX:+UnlockDiagnosticVMOptions -XX:+AllowArchivingWithJavaAgent -XX:+AutoCreateSharedArchive -XX:SharedArchiveFile=c:\Users\Admin\AppData\Roaming\Code\User\globalStorage\redhat.java\1.55.2026051309\jdtls.jsa 
java_command: c:\Users\Admin\.vscode\extensions\redhat.java-1.55.2026051309-win32-x64\server\plugins\org.eclipse.equinox.launcher_1.7.100.v20251111-0406.jar -configuration c:\Users\Admin\AppData\Roaming\Code\User\globalStorage\redhat.java\1.55.2026051309\config_win -data c:\Users\Admin\AppData\Roaming\Code\User\workspaceStorage\9b61c8759c294bde21ab693b22915321\redhat.java\jdt_ws --pipe=\\.\pipe\lsp-1beb2ec66b1f21f243f148227dbc9ab8-sock
java_class_path (initial): c:\Users\Admin\.vscode\extensions\redhat.java-1.55.2026051309-win32-x64\server\plugins\org.eclipse.equinox.launcher_1.7.100.v20251111-0406.jar
Launcher Type: SUN_STANDARD

[Global flags]
    uintx AdaptiveSizePolicyWeight                 = 90                                        {product} {command line}
     bool AllowArchivingWithJavaAgent              = true                             {JVMCI diagnostic} {command line}
     bool AutoCreateSharedArchive                  = false                               {JVMCI product} {command line}
     intx CICompilerCount                          = 3                                         {product} {ergonomic}
    uintx GCTimeRatio                              = 4                                         {product} {command line}
     bool HeapDumpOnOutOfMemoryError               = true                                   {manageable} {command line}
    ccstr HeapDumpPath                             = c:\Users\Admin\AppData\Roaming\Code\User\workspaceStorage\9b61c8759c294bde21ab693b22915321\redhat.java         {manageable} {command line}
   size_t InitialHeapSize                          = 104857600                                 {product} {command line}
   size_t MaxHeapSize                              = 2147483648                                {product} {command line}
   size_t MaxNewSize                               = 715653120                                 {product} {ergonomic}
   size_t MinHeapDeltaBytes                        = 524288                                    {product} {ergonomic}
   size_t MinHeapSize                              = 104857600                                 {product} {command line}
   size_t NewSize                                  = 34603008                                  {product} {ergonomic}
    uintx NonNMethodCodeHeapSize                   = 5832780                                {pd product} {ergonomic}
    uintx NonProfiledCodeHeapSize                  = 122912730                              {pd product} {ergonomic}
   size_t OldSize                                  = 70254592                                  {product} {ergonomic}
    uintx ProfiledCodeHeapSize                     = 122912730                              {pd product} {ergonomic}
    uintx ReservedCodeCacheSize                    = 251658240                              {pd product} {ergonomic}
     bool SegmentedCodeCache                       = true                                      {product} {ergonomic}
    ccstr SharedArchiveFile                        = c:\Users\Admin\AppData\Roaming\Code\User\globalStorage\redhat.java\1.55.2026051309\jdtls.jsa      {JVMCI product} {command line}
   size_t SoftMaxHeapSize                          = 2147483648                             {manageable} {ergonomic}
     bool UnlockDiagnosticVMOptions                = true                                   {diagnostic} {command line}
     bool UseCompressedOops                        = true                           {product lp64_product} {ergonomic}
     bool UseLargePagesIndividualAllocation        = false                                  {pd product} {ergonomic}
     bool UseParallelGC                            = true                                      {product} {command line}

Logging:
Log output configuration:
 #0: stdout all=off uptime,level,tags foldmultilines=false
 #1: stderr all=off uptime,level,tags foldmultilines=false

Release file:
JAVA_VERSION="21.0.10" 
MODULES="java.base java.compiler java.datatransfer java.xml java.prefs java.desktop java.instrument java.logging java.management java.security.sasl java.naming java.rmi java.management.rmi java.net.http java.scripting java.security.jgss java.transaction.xa java.sql java.sql.rowset java.xml.crypto java.se java.smartcardio jdk.accessibility jdk.internal.jvmstat jdk.attach jdk.charsets jdk.internal.opt jdk.zipfs jdk.compiler jdk.crypto.ec jdk.crypto.cryptoki jdk.crypto.mscapi jdk.dynalink jdk.internal.ed jdk.editpad jdk.hotspot.agent jdk.httpserver jdk.internal.le jdk.internal.vm.ci jdk.internal.vm.compiler jdk.internal.vm.compiler.management jdk.jartool jdk.javadoc jdk.jcmd jdk.management jdk.management.agent jdk.jconsole jdk.jdeps jdk.jdwp.agent jdk.jdi jdk.jfr jdk.jshell jdk.jsobject jdk.jstatd jdk.localedata jdk.management.jfr jdk.naming.dns jdk.naming.rmi jdk.net jdk.nio.mapmode jdk.random jdk.sctp jdk.security.auth jdk.security.jgss jdk.unsupported jdk.unsupported.desktop jdk.xml.dom" 

Environment Variables:
PATH=C:\Program Files\Common Files\Oracle\Java\javapath;C:\Program Files (x86)\Common Files\Oracle\Java\java8path;C:\Program Files (x86)\Common Files\Oracle\Java\javapath;C:\Windows\system32;C:\Windows;C:\Windows\System32\Wbem;C:\Windows\System32\WindowsPowerShell\v1.0\;C:\Windows\System32\OpenSSH\;C:\xampp\php;C:\ProgramData\ComposerSetup\bin;C:\Program Files\nodejs\;C:\Program Files\Git\cmd;C:\Program Files\PuTTY\;C:\Users\Admin\AppData\Local\Microsoft\WindowsApps;C:\Users\Admin\AppData\Local\Programs\Microsoft VS Code\bin;C:\Users\Admin\AppData\Roaming\Composer\vendor\bin;C:\Users\Admin\AppData\Roaming\npm;C:\Program Files\JetBrains\IntelliJ IDEA 2026.1.2\bin
USERNAME=Admin
OS=Windows_NT
PROCESSOR_IDENTIFIER=Intel64 Family 6 Model 158 Stepping 9, GenuineIntel
TMP=C:\Users\Admin\AppData\Local\Temp
TEMP=C:\Users\Admin\AppData\Local\Temp




Periodic native trim disabled

---------------  S Y S T E M  ---------------

OS:
 Windows 10 , 64 bit Build 19041 (10.0.19041.5915)
OS uptime: 0 days 4:08 hours

CPU: total 4 (initial active 4) (4 cores per cpu, 1 threads per core) family 6 model 158 stepping 9 microcode 0xb4, cx8, cmov, fxsr, mmx, 3dnowpref, sse, sse2, sse3, ssse3, sse4.1, sse4.2, popcnt, lzcnt, tsc, tscinvbit, avx, avx2, aes, erms, clmul, bmi1, bmi2, rtm, adx, fma, vzeroupper, clflush, clflushopt, rdtscp, f16c
Processor Information for the first 4 processors :
  Max Mhz: 3408, Current Mhz: 3408, Mhz Limit: 3408

Memory: 4k page, system-wide physical 8098M (528M free)
TotalPageFile size 9378M (AvailPageFile size 5M)
current process WorkingSet (physical memory assigned to process): 250M, peak: 250M
current process commit charge ("private bytes"): 349M, peak: 365M

vm_info: OpenJDK 64-Bit Server VM (21.0.10+7-LTS) for windows-amd64 JRE (21.0.10+7-LTS), built on 2026-01-20T00:00:00Z by "admin" with MS VC++ 17.12 (VS2022)

END.
