#
# There is insufficient memory for the Java Runtime Environment to continue.
# Native memory allocation (malloc) failed to allocate 550896 bytes. Error detail: Chunk::new
# Possible reasons:
#   The system is out of physical RAM or swap space
#   This process is running with CompressedOops enabled, and the Java Heap may be blocking the growth of the native heap
# Possible solutions:
#   Reduce memory load on the system
#   Increase physical memory or swap space
#   Check if swap backing store is full
#   Decrease Java heap size (-Xmx/-Xms)
#   Decrease number of Java threads
#   Decrease Java thread stack sizes (-Xss)
#   Set larger code cache with -XX:ReservedCodeCacheSize=
#   JVM is running with Unscaled Compressed Oops mode in which the Java heap is
#     placed in the first 4GB address space. The Java Heap base address is the
#     maximum limit for the native heap growth. Please use -XX:HeapBaseMinAddress
#     to set the Java Heap base and to place the Java Heap above 4GB virtual address.
# This output file may be truncated or incomplete.
#
#  Out of Memory Error (arena.cpp:168), pid=1352, tid=4932
#
# JRE version: OpenJDK Runtime Environment Temurin-21.0.10+7 (21.0.10+7) (build 21.0.10+7-LTS)
# Java VM: OpenJDK 64-Bit Server VM Temurin-21.0.10+7 (21.0.10+7-LTS, mixed mode, sharing, tiered, compressed oops, compressed class ptrs, parallel gc, windows-amd64)
# No core dump will be written. Minidumps are not enabled by default on client versions of Windows
#

---------------  S U M M A R Y ------------

Command Line: --add-modules=ALL-SYSTEM --add-opens=java.base/java.util=ALL-UNNAMED --add-opens=java.base/java.lang=ALL-UNNAMED --add-opens=java.base/sun.nio.fs=ALL-UNNAMED -Declipse.application=org.eclipse.jdt.ls.core.id1 -Dosgi.bundles.defaultStartLevel=4 -Declipse.product=org.eclipse.jdt.ls.core.product -Djava.import.generatesMetadataFilesAtProjectRoot=false -DDetectVMInstallationsJob.disabled=true -Dfile.encoding=utf8 -XX:+UseParallelGC -XX:GCTimeRatio=4 -XX:AdaptiveSizePolicyWeight=90 -Dsun.zip.disableMemoryMapping=true -Xmx2G -Xms100m -Xlog:disable -javaagent:c:\Users\Admin\.vscode\extensions\redhat.java-1.55.2026051309-win32-x64\lombok\lombok-1.18.39-4050.jar -XX:+HeapDumpOnOutOfMemoryError -XX:HeapDumpPath=c:\Users\Admin\AppData\Roaming\Code\User\workspaceStorage\9b61c8759c294bde21ab693b22915321\redhat.java -Daether.dependencyCollector.impl=bf -XX:+UnlockDiagnosticVMOptions -XX:+AllowArchivingWithJavaAgent -XX:+AutoCreateSharedArchive -XX:SharedArchiveFile=c:\Users\Admin\AppData\Roaming\Code\User\globalStorage\redhat.java\1.55.2026051309\jdtls.jsa c:\Users\Admin\.vscode\extensions\redhat.java-1.55.2026051309-win32-x64\server\plugins\org.eclipse.equinox.launcher_1.7.100.v20251111-0406.jar -configuration c:\Users\Admin\AppData\Roaming\Code\User\globalStorage\redhat.java\1.55.2026051309\config_win -data c:\Users\Admin\AppData\Roaming\Code\User\workspaceStorage\9b61c8759c294bde21ab693b22915321\redhat.java\jdt_ws --pipe=\\.\pipe\lsp-cf3041c2740b64b76b9262a42d5565e7-sock

Host: Intel(R) Core(TM) i5-7500 CPU @ 3.40GHz, 4 cores, 7G,  Windows 10 , 64 bit Build 19041 (10.0.19041.5915)
Time: Wed May 20 18:14:09 2026 Hora oficial do Brasil elapsed time: 2.574786 seconds (0d 0h 0m 2s)

---------------  T H R E A D  ---------------

Current thread (0x000001ba785e5000):  JavaThread "C2 CompilerThread0" daemon [_thread_in_native, id=4932, stack(0x0000002aa6400000,0x0000002aa6500000) (1024K)]


Current CompileTask:
C2:2574 2326   !   4       java.util.jar.Attributes::read (494 bytes)

Stack: [0x0000002aa6400000,0x0000002aa6500000]
Native frames: (J=compiled Java code, j=interpreted, Vv=VM code, C=native code)
V  [jvm.dll+0x6d7a39]
V  [jvm.dll+0x8b4b26]
V  [jvm.dll+0x8b70de]
V  [jvm.dll+0x8b77c3]
V  [jvm.dll+0x284346]
V  [jvm.dll+0xc66ed]
V  [jvm.dll+0xc6c31]
V  [jvm.dll+0x3bec01]
V  [jvm.dll+0x38b162]
V  [jvm.dll+0x38a5aa]
V  [jvm.dll+0x24c560]
V  [jvm.dll+0x24bb40]
V  [jvm.dll+0x1cb34e]
V  [jvm.dll+0x25b85d]
V  [jvm.dll+0x259dea]
V  [jvm.dll+0x3f857e]
V  [jvm.dll+0x85f59d]
V  [jvm.dll+0x6d626d]
C  [ucrtbase.dll+0x21bb2]
C  [KERNEL32.DLL+0x17374]
C  [ntdll.dll+0x4cc91]


---------------  P R O C E S S  ---------------

Threads class SMR info:
_java_thread_list=0x000001ba7989cc10, length=16, elements={
0x000001ba6e9a69f0, 0x000001ba785db7e0, 0x000001ba785dcc80, 0x000001ba785e1f40,
0x000001ba785e2d00, 0x000001ba785e3760, 0x000001ba785e41c0, 0x000001ba785e5000,
0x000001ba78613720, 0x000001ba793e8c50, 0x000001ba793dc420, 0x000001ba79d50b00,
0x000001ba798ae580, 0x000001ba79891c50, 0x000001ba7989ff90, 0x000001ba79e688e0
}

Java Threads: ( => current thread )
  0x000001ba6e9a69f0 JavaThread "main"                              [_thread_blocked, id=12060, stack(0x0000002aa5900000,0x0000002aa5a00000) (1024K)]
  0x000001ba785db7e0 JavaThread "Reference Handler"          daemon [_thread_blocked, id=7812, stack(0x0000002aa5e00000,0x0000002aa5f00000) (1024K)]
  0x000001ba785dcc80 JavaThread "Finalizer"                  daemon [_thread_blocked, id=10544, stack(0x0000002aa5f00000,0x0000002aa6000000) (1024K)]
  0x000001ba785e1f40 JavaThread "Signal Dispatcher"          daemon [_thread_blocked, id=11680, stack(0x0000002aa6000000,0x0000002aa6100000) (1024K)]
  0x000001ba785e2d00 JavaThread "Attach Listener"            daemon [_thread_blocked, id=10388, stack(0x0000002aa6100000,0x0000002aa6200000) (1024K)]
  0x000001ba785e3760 JavaThread "Service Thread"             daemon [_thread_blocked, id=4400, stack(0x0000002aa6200000,0x0000002aa6300000) (1024K)]
  0x000001ba785e41c0 JavaThread "Monitor Deflation Thread"   daemon [_thread_blocked, id=12284, stack(0x0000002aa6300000,0x0000002aa6400000) (1024K)]
=>0x000001ba785e5000 JavaThread "C2 CompilerThread0"         daemon [_thread_in_native, id=4932, stack(0x0000002aa6400000,0x0000002aa6500000) (1024K)]
  0x000001ba78613720 JavaThread "C1 CompilerThread0"         daemon [_thread_blocked, id=12128, stack(0x0000002aa6500000,0x0000002aa6600000) (1024K)]
  0x000001ba793e8c50 JavaThread "Common-Cleaner"             daemon [_thread_blocked, id=9072, stack(0x0000002aa6600000,0x0000002aa6700000) (1024K)]
  0x000001ba793dc420 JavaThread "Notification Thread"        daemon [_thread_blocked, id=5812, stack(0x0000002aa6800000,0x0000002aa6900000) (1024K)]
  0x000001ba79d50b00 JavaThread "Active Thread: Equinox Container: dcda410d-e503-43c7-b104-21c7838fcca8"        [_thread_blocked, id=4156, stack(0x0000002aa6c00000,0x0000002aa6d00000) (1024K)]
  0x000001ba798ae580 JavaThread "Refresh Thread: Equinox Container: dcda410d-e503-43c7-b104-21c7838fcca8" daemon [_thread_blocked, id=5776, stack(0x0000002aa6d00000,0x0000002aa6e00000) (1024K)]
  0x000001ba79891c50 JavaThread "Framework Event Dispatcher: Equinox Container: dcda410d-e503-43c7-b104-21c7838fcca8" daemon [_thread_blocked, id=10944, stack(0x0000002aa6e00000,0x0000002aa6f00000) (1024K)]
  0x000001ba7989ff90 JavaThread "Start Level: Equinox Container: dcda410d-e503-43c7-b104-21c7838fcca8" daemon [_thread_blocked, id=2780, stack(0x0000002aa6f00000,0x0000002aa7000000) (1024K)]
  0x000001ba79e688e0 JavaThread "Bundle File Closer"         daemon [_thread_blocked, id=10352, stack(0x0000002aa7000000,0x0000002aa7100000) (1024K)]
Total: 16

Other Threads:
  0x000001ba70cb1ea0 VMThread "VM Thread"                           [id=9284, stack(0x0000002aa5d00000,0x0000002aa5e00000) (1024K)]
  0x000001ba70c5cee0 WatcherThread "VM Periodic Task Thread"        [id=10536, stack(0x0000002aa5c00000,0x0000002aa5d00000) (1024K)]
  0x000001ba70c0fe70 WorkerThread "GC Thread#0"                     [id=9912, stack(0x0000002aa5b00000,0x0000002aa5c00000) (1024K)]
  0x000001ba798f1500 WorkerThread "GC Thread#1"                     [id=8276, stack(0x0000002aa6900000,0x0000002aa6a00000) (1024K)]
  0x000001ba79d0e7b0 WorkerThread "GC Thread#2"                     [id=8628, stack(0x0000002aa6a00000,0x0000002aa6b00000) (1024K)]
  0x000001ba798f18b0 WorkerThread "GC Thread#3"                     [id=1832, stack(0x0000002aa6b00000,0x0000002aa6c00000) (1024K)]
Total: 6

Threads with active compile tasks:
C2 CompilerThread0  2595 2326   !   4       java.util.jar.Attributes::read (494 bytes)
Total: 1

VM state: not at safepoint (normal execution)

VM Mutex/Monitor currently owned by a thread: None

Heap address: 0x0000000080000000, size: 2048 MB, Compressed Oops mode: 32-bit

CDS archive(s) mapped at: [0x000001ba0f000000-0x000001ba0fba0000-0x000001ba13520000), size 72482816, SharedBaseAddress: 0x000001ba0f000000, ArchiveRelocationMode: 1.
Compressed class space mapped at: 0x000001ba14000000-0x000001ba54000000, reserved size: 1073741824
Narrow klass base: 0x000001ba0f000000, Narrow klass shift: 0, Narrow klass range: 0x100000000

GC Precious Log:
 CardTable entry size: 512
 CPUs: 4 total, 4 available
 Memory: 8098M
 Large Page Support: Disabled
 NUMA Support: Disabled
 Compressed Oops: Enabled (32-bit)
 Alignments: Space 512K, Generation 512K, Heap 2M
 Heap Min Capacity: 100M
 Heap Initial Capacity: 100M
 Heap Max Capacity: 2G
 Pre-touch: Disabled
 Parallel Workers: 4

Heap:
 PSYoungGen      total 29696K, used 17136K [0x00000000d5580000, 0x00000000d7680000, 0x0000000100000000)
  eden space 25600K, 51% used [0x00000000d5580000,0x00000000d6240128,0x00000000d6e80000)
  from space 4096K, 99% used [0x00000000d6e80000,0x00000000d727c1c8,0x00000000d7280000)
  to   space 4096K, 0% used [0x00000000d7280000,0x00000000d7280000,0x00000000d7680000)
 ParOldGen       total 68608K, used 5222K [0x0000000080000000, 0x0000000084300000, 0x00000000d5580000)
  object space 68608K, 7% used [0x0000000080000000,0x00000000805198d0,0x0000000084300000)
 Metaspace       used 5957K, committed 6272K, reserved 1114112K
  class space    used 539K, committed 704K, reserved 1048576K

Card table byte_map: [0x000001ba705a0000,0x000001ba709b0000] _byte_map_base: 0x000001ba701a0000

Marking Bits: (ParMarkBitMap*) 0x00007ff9c5f83450
 Begin Bits: [0x000001ba740b0000, 0x000001ba760b0000)
 End Bits:   [0x000001ba760b0000, 0x000001ba780b0000)

Polling page: 0x000001ba6ebc0000

Metaspace:

Usage:
  Non-class:      5.29 MB used.
      Class:    539.77 KB used.
       Both:      5.82 MB used.

Virtual space:
  Non-class space:       64.00 MB reserved,       5.44 MB (  8%) committed,  1 nodes.
      Class space:        1.00 GB reserved,     704.00 KB ( <1%) committed,  1 nodes.
             Both:        1.06 GB reserved,       6.12 MB ( <1%) committed. 

Chunk freelists:
   Non-Class:  8.22 MB
       Class:  15.22 MB
        Both:  23.44 MB

MaxMetaspaceSize: unlimited
CompressedClassSpaceSize: 1.00 GB
Initial GC threshold: 21.00 MB
Current GC threshold: 21.00 MB
CDS: on
 - commit_granule_bytes: 65536.
 - commit_granule_words: 8192.
 - virtual_space_node_default_size: 8388608.
 - enlarge_chunks_in_place: 1.
 - use_allocation_guard: 0.


Internal statistics:

num_allocs_failed_limit: 0.
num_arena_births: 172.
num_arena_deaths: 0.
num_vsnodes_births: 2.
num_vsnodes_deaths: 0.
num_space_committed: 98.
num_space_uncommitted: 0.
num_chunks_returned_to_freelist: 0.
num_chunks_taken_from_freelist: 380.
num_chunk_merges: 0.
num_chunk_splits: 254.
num_chunks_enlarged: 179.
num_inconsistent_stats: 0.

CodeHeap 'non-profiled nmethods': size=120000Kb used=1068Kb max_used=1068Kb free=118931Kb
 bounds [0x000001ba07ad0000, 0x000001ba07d40000, 0x000001ba0f000000]
CodeHeap 'profiled nmethods': size=120000Kb used=4344Kb max_used=4344Kb free=115655Kb
 bounds [0x000001ba00000000, 0x000001ba00440000, 0x000001ba07530000]
CodeHeap 'non-nmethods': size=5760Kb used=1243Kb max_used=1276Kb free=4516Kb
 bounds [0x000001ba07530000, 0x000001ba077a0000, 0x000001ba07ad0000]
CodeCache: size=245760Kb, used=6655Kb, max_used=6688Kb, free=239102Kb
 total_blobs=2830, nmethods=2322, adapters=414, full_count=0
Compilation: enabled, stopped_count=0, restarted_count=0

Compilation events (20 events):
Event: 1.843 Thread 0x000001ba78613720 2315       3       org.eclipse.osgi.internal.loader.ModuleClassLoader::findEntries (11 bytes)
Event: 1.843 Thread 0x000001ba78613720 nmethod 2315 0x000001ba00439e90 code [0x000001ba0043a040, 0x000001ba0043a1b8]
Event: 1.844 Thread 0x000001ba794532a0 nmethod 2311 0x000001ba07bd9b90 code [0x000001ba07bd9de0, 0x000001ba07bda310]
Event: 2.184 Thread 0x000001ba78613720 2318       3       java.util.concurrent.atomic.AtomicBoolean::<init> (14 bytes)
Event: 2.184 Thread 0x000001ba78613720 nmethod 2318 0x000001ba0043a290 code [0x000001ba0043a440, 0x000001ba0043a5e8]
Event: 2.184 Thread 0x000001ba78613720 2319       3       java.util.ArrayList$SubList::iterator (5 bytes)
Event: 2.184 Thread 0x000001ba78613720 nmethod 2319 0x000001ba0043a690 code [0x000001ba0043a8a0, 0x000001ba0043aef8]
Event: 2.184 Thread 0x000001ba78613720 2320       3       java.util.ArrayList$SubList::listIterator (19 bytes)
Event: 2.184 Thread 0x000001ba78613720 nmethod 2320 0x000001ba0043b190 code [0x000001ba0043b3a0, 0x000001ba0043b8c8]
Event: 2.296 Thread 0x000001ba785e5000 2321       4       java.util.ImmutableCollections$MapN::probe (60 bytes)
Event: 2.300 Thread 0x000001ba785e5000 nmethod 2321 0x000001ba07bda890 code [0x000001ba07bdaa60, 0x000001ba07bdafd0]
Event: 2.359 Thread 0x000001ba78613720 2322       3       java.util.concurrent.TimeUnit::toNanos (45 bytes)
Event: 2.359 Thread 0x000001ba78613720 nmethod 2322 0x000001ba0043bb10 code [0x000001ba0043bcc0, 0x000001ba0043bf10]
Event: 2.407 Thread 0x000001ba78613720 2323       3       org.eclipse.osgi.storage.bundlefile.ZipBundleEntry::getInputStream (12 bytes)
Event: 2.407 Thread 0x000001ba78613720 nmethod 2323 0x000001ba0043bf90 code [0x000001ba0043c140, 0x000001ba0043c318]
Event: 2.407 Thread 0x000001ba78613720 2325       3       org.eclipse.osgi.internal.hookregistry.ClassLoaderHook::classLoaderCreated (1 bytes)
Event: 2.407 Thread 0x000001ba78613720 nmethod 2325 0x000001ba0043c410 code [0x000001ba0043c5a0, 0x000001ba0043c6a8]
Event: 2.407 Thread 0x000001ba78613720 2324   !   3       org.eclipse.osgi.storage.bundlefile.CloseableBundleFile::getInputStream (58 bytes)
Event: 2.408 Thread 0x000001ba78613720 nmethod 2324 0x000001ba0043c710 code [0x000001ba0043c9c0, 0x000001ba0043dac8]
Event: 2.534 Thread 0x000001ba785e5000 2326   !   4       java.util.jar.Attributes::read (494 bytes)

GC Heap History (6 events):
Event: 0.516 GC heap before
{Heap before GC invocations=1 (full 0):
 PSYoungGen      total 29696K, used 25600K [0x00000000d5580000, 0x00000000d7680000, 0x0000000100000000)
  eden space 25600K, 100% used [0x00000000d5580000,0x00000000d6e80000,0x00000000d6e80000)
  from space 4096K, 0% used [0x00000000d7280000,0x00000000d7280000,0x00000000d7680000)
  to   space 4096K, 0% used [0x00000000d6e80000,0x00000000d6e80000,0x00000000d7280000)
 ParOldGen       total 68608K, used 0K [0x0000000080000000, 0x0000000084300000, 0x00000000d5580000)
  object space 68608K, 0% used [0x0000000080000000,0x0000000080000000,0x0000000084300000)
 Metaspace       used 1879K, committed 2048K, reserved 1114112K
  class space    used 161K, committed 256K, reserved 1048576K
}
Event: 0.523 GC heap after
{Heap after GC invocations=1 (full 0):
 PSYoungGen      total 29696K, used 3335K [0x00000000d5580000, 0x00000000d7680000, 0x0000000100000000)
  eden space 25600K, 0% used [0x00000000d5580000,0x00000000d5580000,0x00000000d6e80000)
  from space 4096K, 81% used [0x00000000d6e80000,0x00000000d71c1e98,0x00000000d7280000)
  to   space 4096K, 0% used [0x00000000d7280000,0x00000000d7280000,0x00000000d7680000)
 ParOldGen       total 68608K, used 0K [0x0000000080000000, 0x0000000084300000, 0x00000000d5580000)
  object space 68608K, 0% used [0x0000000080000000,0x0000000080000000,0x0000000084300000)
 Metaspace       used 1879K, committed 2048K, reserved 1114112K
  class space    used 161K, committed 256K, reserved 1048576K
}
Event: 0.921 GC heap before
{Heap before GC invocations=2 (full 0):
 PSYoungGen      total 29696K, used 28935K [0x00000000d5580000, 0x00000000d7680000, 0x0000000100000000)
  eden space 25600K, 100% used [0x00000000d5580000,0x00000000d6e80000,0x00000000d6e80000)
  from space 4096K, 81% used [0x00000000d6e80000,0x00000000d71c1e98,0x00000000d7280000)
  to   space 4096K, 0% used [0x00000000d7280000,0x00000000d7280000,0x00000000d7680000)
 ParOldGen       total 68608K, used 0K [0x0000000080000000, 0x0000000084300000, 0x00000000d5580000)
  object space 68608K, 0% used [0x0000000080000000,0x0000000080000000,0x0000000084300000)
 Metaspace       used 4904K, committed 5056K, reserved 1114112K
  class space    used 433K, committed 512K, reserved 1048576K
}
Event: 0.926 GC heap after
{Heap after GC invocations=2 (full 0):
 PSYoungGen      total 29696K, used 4070K [0x00000000d5580000, 0x00000000d7680000, 0x0000000100000000)
  eden space 25600K, 0% used [0x00000000d5580000,0x00000000d5580000,0x00000000d6e80000)
  from space 4096K, 99% used [0x00000000d7280000,0x00000000d7679800,0x00000000d7680000)
  to   space 4096K, 0% used [0x00000000d6e80000,0x00000000d6e80000,0x00000000d7280000)
 ParOldGen       total 68608K, used 2119K [0x0000000080000000, 0x0000000084300000, 0x00000000d5580000)
  object space 68608K, 3% used [0x0000000080000000,0x0000000080211e50,0x0000000084300000)
 Metaspace       used 4904K, committed 5056K, reserved 1114112K
  class space    used 433K, committed 512K, reserved 1048576K
}
Event: 1.149 GC heap before
{Heap before GC invocations=3 (full 0):
 PSYoungGen      total 29696K, used 29490K [0x00000000d5580000, 0x00000000d7680000, 0x0000000100000000)
  eden space 25600K, 99% used [0x00000000d5580000,0x00000000d6e533e0,0x00000000d6e80000)
  from space 4096K, 99% used [0x00000000d7280000,0x00000000d7679800,0x00000000d7680000)
  to   space 4096K, 0% used [0x00000000d6e80000,0x00000000d6e80000,0x00000000d7280000)
 ParOldGen       total 68608K, used 2119K [0x0000000080000000, 0x0000000084300000, 0x00000000d5580000)
  object space 68608K, 3% used [0x0000000080000000,0x0000000080211e50,0x0000000084300000)
 Metaspace       used 5834K, committed 6144K, reserved 1114112K
  class space    used 539K, committed 704K, reserved 1048576K
}
Event: 1.155 GC heap after
{Heap after GC invocations=3 (full 0):
 PSYoungGen      total 29696K, used 4080K [0x00000000d5580000, 0x00000000d7680000, 0x0000000100000000)
  eden space 25600K, 0% used [0x00000000d5580000,0x00000000d5580000,0x00000000d6e80000)
  from space 4096K, 99% used [0x00000000d6e80000,0x00000000d727c1c8,0x00000000d7280000)
  to   space 4096K, 0% used [0x00000000d7280000,0x00000000d7280000,0x00000000d7680000)
 ParOldGen       total 68608K, used 5222K [0x0000000080000000, 0x0000000084300000, 0x00000000d5580000)
  object space 68608K, 7% used [0x0000000080000000,0x00000000805198d0,0x0000000084300000)
 Metaspace       used 5834K, committed 6144K, reserved 1114112K
  class space    used 539K, committed 704K, reserved 1048576K
}

Dll operation events (9 events):
Event: 0.006 Loaded shared library c:\Users\Admin\.vscode\extensions\redhat.java-1.55.2026051309-win32-x64\jre\21.0.10-win32-x86_64\bin\java.dll
Event: 0.112 Loaded shared library c:\Users\Admin\.vscode\extensions\redhat.java-1.55.2026051309-win32-x64\jre\21.0.10-win32-x86_64\bin\zip.dll
Event: 0.118 Loaded shared library C:\Users\Admin\.vscode\extensions\redhat.java-1.55.2026051309-win32-x64\jre\21.0.10-win32-x86_64\bin\instrument.dll
Event: 0.122 Loaded shared library C:\Users\Admin\.vscode\extensions\redhat.java-1.55.2026051309-win32-x64\jre\21.0.10-win32-x86_64\bin\net.dll
Event: 0.124 Loaded shared library C:\Users\Admin\.vscode\extensions\redhat.java-1.55.2026051309-win32-x64\jre\21.0.10-win32-x86_64\bin\nio.dll
Event: 0.126 Loaded shared library C:\Users\Admin\.vscode\extensions\redhat.java-1.55.2026051309-win32-x64\jre\21.0.10-win32-x86_64\bin\zip.dll
Event: 0.137 Loaded shared library C:\Users\Admin\.vscode\extensions\redhat.java-1.55.2026051309-win32-x64\jre\21.0.10-win32-x86_64\bin\jimage.dll
Event: 0.183 Loaded shared library c:\Users\Admin\.vscode\extensions\redhat.java-1.55.2026051309-win32-x64\jre\21.0.10-win32-x86_64\bin\verify.dll
Event: 0.929 Loaded shared library C:\Users\Admin\AppData\Roaming\Code\User\globalStorage\redhat.java\1.55.2026051309\config_win\org.eclipse.equinox.launcher\org.eclipse.equinox.launcher.win32.win32.x86_64_1.3.0.v20260203-2149\eclipse_11919.dll

Deoptimization events (20 events):
Event: 1.209 Thread 0x000001ba7989ff90 Uncommon trap: trap_request=0xffffff45 fr.pc=0x000001ba07ae7554 relative=0x0000000000000134
Event: 1.209 Thread 0x000001ba7989ff90 Uncommon trap: reason=unstable_if action=reinterpret pc=0x000001ba07ae7554 method=java.lang.StringCoding.countPositives([BII)I @ 17 c2
Event: 1.209 Thread 0x000001ba7989ff90 DEOPT PACKING pc=0x000001ba07ae7554 sp=0x0000002aa6ffd4c0
Event: 1.209 Thread 0x000001ba7989ff90 DEOPT UNPACKING pc=0x000001ba07583aa2 sp=0x0000002aa6ffd448 mode 2
Event: 1.211 Thread 0x000001ba7989ff90 DEOPT PACKING pc=0x000001ba003fcb49 sp=0x0000002aa6ffd540
Event: 1.211 Thread 0x000001ba7989ff90 DEOPT UNPACKING pc=0x000001ba07584242 sp=0x0000002aa6ffc9b0 mode 0
Event: 1.212 Thread 0x000001ba7989ff90 DEOPT PACKING pc=0x000001ba003fcb49 sp=0x0000002aa6ffd540
Event: 1.212 Thread 0x000001ba7989ff90 DEOPT UNPACKING pc=0x000001ba07584242 sp=0x0000002aa6ffc9b0 mode 0
Event: 1.218 Thread 0x000001ba7989ff90 DEOPT PACKING pc=0x000001ba003fcb49 sp=0x0000002aa6ffd4d0
Event: 1.218 Thread 0x000001ba7989ff90 DEOPT UNPACKING pc=0x000001ba07584242 sp=0x0000002aa6ffc940 mode 0
Event: 1.227 Thread 0x000001ba7989ff90 DEOPT PACKING pc=0x000001ba003fcb49 sp=0x0000002aa6ffd540
Event: 1.227 Thread 0x000001ba7989ff90 DEOPT UNPACKING pc=0x000001ba07584242 sp=0x0000002aa6ffc9b0 mode 0
Event: 1.227 Thread 0x000001ba7989ff90 DEOPT PACKING pc=0x000001ba003fcb49 sp=0x0000002aa6ffd4d0
Event: 1.227 Thread 0x000001ba7989ff90 DEOPT UNPACKING pc=0x000001ba07584242 sp=0x0000002aa6ffc940 mode 0
Event: 1.235 Thread 0x000001ba7989ff90 Uncommon trap: trap_request=0xffffff45 fr.pc=0x000001ba07b40d68 relative=0x00000000000001a8
Event: 1.235 Thread 0x000001ba7989ff90 Uncommon trap: reason=unstable_if action=reinterpret pc=0x000001ba07b40d68 method=java.lang.String.startsWith(Ljava/lang/String;I)Z @ 50 c2
Event: 1.235 Thread 0x000001ba7989ff90 DEOPT PACKING pc=0x000001ba07b40d68 sp=0x0000002aa6ffe5e0
Event: 1.235 Thread 0x000001ba7989ff90 DEOPT UNPACKING pc=0x000001ba07583aa2 sp=0x0000002aa6ffe510 mode 2
Event: 1.238 Thread 0x000001ba7989ff90 DEOPT PACKING pc=0x000001ba003fcb49 sp=0x0000002aa6ffdf20
Event: 1.238 Thread 0x000001ba7989ff90 DEOPT UNPACKING pc=0x000001ba07584242 sp=0x0000002aa6ffd390 mode 0

Classes loaded (12 events):
Event: 0.252 Loading class jdk/internal/vm/PostVMInitHook
Event: 0.252 Loading class jdk/internal/vm/PostVMInitHook done
Event: 0.277 Loading class jdk/internal/event/SecurityProviderServiceEvent
Event: 0.277 Loading class jdk/internal/event/Event
Event: 0.277 Loading class jdk/internal/event/Event done
Event: 0.277 Loading class jdk/internal/event/SecurityProviderServiceEvent done
Event: 0.287 Loading class jdk/internal/event/X509CertificateEvent
Event: 0.287 Loading class jdk/internal/event/X509CertificateEvent done
Event: 1.018 Loading class sun/util/logging/resources/logging_pt
Event: 1.018 Loading class sun/util/logging/resources/logging_pt done
Event: 1.018 Loading class sun/util/logging/resources/logging_pt
Event: 1.018 Loading class sun/util/logging/resources/logging_pt done

Classes unloaded (0 events):
No events

Classes redefined (0 events):
No events

Internal exceptions (20 events):
Event: 0.360 Thread 0x000001ba6e9a69f0 Exception <a 'java/io/FileNotFoundException'{0x00000000d6483e90}> (0x00000000d6483e90) 
thrown [s\src\hotspot\share\prims\jni.cpp, line 520]
Event: 0.361 Thread 0x000001ba6e9a69f0 Exception <a 'java/io/FileNotFoundException'{0x00000000d6484b98}> (0x00000000d6484b98) 
thrown [s\src\hotspot\share\prims\jni.cpp, line 520]
Event: 0.361 Thread 0x000001ba6e9a69f0 Exception <a 'java/io/FileNotFoundException'{0x00000000d6485758}> (0x00000000d6485758) 
thrown [s\src\hotspot\share\prims\jni.cpp, line 520]
Event: 0.362 Thread 0x000001ba6e9a69f0 Implicit null exception at 0x000001ba07b00ba4 to 0x000001ba07b0114c
Event: 0.373 Thread 0x000001ba6e9a69f0 Exception <a 'java/io/FileNotFoundException'{0x00000000d64bf970}> (0x00000000d64bf970) 
thrown [s\src\hotspot\share\prims\jni.cpp, line 520]
Event: 0.457 Thread 0x000001ba6e9a69f0 Exception <a 'java/lang/NoSuchMethodError'{0x00000000d6a014f8}: 'java.lang.ClassLoader java.lang.ClassLoader.getPlatformClassLoader(java.lang.Class)'> (0x00000000d6a014f8) 
thrown [s\src\hotspot\share\interpreter\linkResolver.cpp, line 773]
Event: 0.505 Thread 0x000001ba6e9a69f0 Exception <a 'java/lang/ClassNotFoundException'{0x00000000d6e20318}: sun/net/www/protocol/c/Handler> (0x00000000d6e20318) 
thrown [s\src\hotspot\share\classfile\systemDictionary.cpp, line 312]
Event: 0.505 Thread 0x000001ba6e9a69f0 Exception <a 'java/lang/ClassNotFoundException'{0x00000000d6e21688}: sun/net/www/protocol/c/Handler> (0x00000000d6e21688) 
thrown [s\src\hotspot\share\classfile\systemDictionary.cpp, line 312]
Event: 0.505 Thread 0x000001ba6e9a69f0 Exception <a 'java/lang/ClassNotFoundException'{0x00000000d6e22820}: sun/net/www/protocol/c/Handler> (0x00000000d6e22820) 
thrown [s\src\hotspot\share\classfile\systemDictionary.cpp, line 312]
Event: 0.511 Thread 0x000001ba6e9a69f0 Exception <a 'java/io/FileNotFoundException'{0x00000000d6e55980}> (0x00000000d6e55980) 
thrown [s\src\hotspot\share\prims\jni.cpp, line 520]
Event: 0.540 Thread 0x000001ba6e9a69f0 Implicit null exception at 0x000001ba07b38549 to 0x000001ba07b39044
Event: 0.540 Thread 0x000001ba6e9a69f0 Implicit null exception at 0x000001ba07b2fb1a to 0x000001ba07b2fd3c
Event: 0.541 Thread 0x000001ba6e9a69f0 Implicit null exception at 0x000001ba07b3269a to 0x000001ba07b328bc
Event: 0.541 Thread 0x000001ba6e9a69f0 Implicit null exception at 0x000001ba07b2d640 to 0x000001ba07b2d6c5
Event: 0.755 Thread 0x000001ba6e9a69f0 Exception <a 'java/lang/IncompatibleClassChangeError'{0x00000000d65708f8}: Found class java.lang.Object, but interface was expected> (0x00000000d65708f8) 
thrown [s\src\hotspot\share\interpreter\linkResolver.cpp, line 840]
Event: 0.819 Thread 0x000001ba6e9a69f0 Exception <a 'java/lang/ClassNotFoundException'{0x00000000d69c8980}: sun/net/www/protocol/plurl/Handler> (0x00000000d69c8980) 
thrown [s\src\hotspot\share\classfile\systemDictionary.cpp, line 312]
Event: 0.819 Thread 0x000001ba6e9a69f0 Exception <a 'java/lang/ClassNotFoundException'{0x00000000d69c9800}: sun/net/www/protocol/plurl/Handler> (0x00000000d69c9800) 
thrown [s\src\hotspot\share\classfile\systemDictionary.cpp, line 312]
Event: 0.927 Thread 0x000001ba6e9a69f0 Exception <a 'java/lang/UnsatisfiedLinkError'{0x00000000d5587310}: 'void org.eclipse.equinox.launcher.JNIBridge._update_splash()'> (0x00000000d5587310) 
thrown [s\src\hotspot\share\prims\nativeLookup.cpp, line 415]
Event: 1.005 Thread 0x000001ba7989ff90 Exception <a 'java/lang/NoClassDefFoundError'{0x00000000d5cd55e0}: jakarta/servlet/ServletContainerInitializer> (0x00000000d5cd55e0) 
thrown [s\src\hotspot\share\classfile\systemDictionary.cpp, line 301]
Event: 1.018 Thread 0x000001ba7989ff90 Exception <a 'java/lang/ClassNotFoundException'{0x00000000d5e39ee0}: sun/util/logging/resources/spi/loggingProvider> (0x00000000d5e39ee0) 
thrown [s\src\hotspot\share\classfile\systemDictionary.cpp, line 312]

ZGC Phase Switch (0 events):
No events

VM Operations (20 events):
Event: 0.810 Executing non-safepoint VM operation: HandshakeAllThreads (Deoptimize)
Event: 0.810 Executing non-safepoint VM operation: HandshakeAllThreads (Deoptimize) done
Event: 0.816 Executing non-safepoint VM operation: HandshakeAllThreads (Deoptimize)
Event: 0.816 Executing non-safepoint VM operation: HandshakeAllThreads (Deoptimize) done
Event: 0.921 Executing safepoint VM operation: ParallelGCFailedAllocation (Allocation Failure)
Event: 0.926 Executing safepoint VM operation: ParallelGCFailedAllocation (Allocation Failure) done
Event: 1.012 Executing non-safepoint VM operation: HandshakeAllThreads (Deoptimize)
Event: 1.012 Executing non-safepoint VM operation: HandshakeAllThreads (Deoptimize) done
Event: 1.029 Executing non-safepoint VM operation: HandshakeAllThreads (Deoptimize)
Event: 1.029 Executing non-safepoint VM operation: HandshakeAllThreads (Deoptimize) done
Event: 1.032 Executing non-safepoint VM operation: HandshakeAllThreads (Deoptimize)
Event: 1.032 Executing non-safepoint VM operation: HandshakeAllThreads (Deoptimize) done
Event: 1.038 Executing non-safepoint VM operation: HandshakeAllThreads (Deoptimize)
Event: 1.038 Executing non-safepoint VM operation: HandshakeAllThreads (Deoptimize) done
Event: 1.149 Executing safepoint VM operation: ParallelGCFailedAllocation (Allocation Failure)
Event: 1.155 Executing safepoint VM operation: ParallelGCFailedAllocation (Allocation Failure) done
Event: 1.399 Executing non-safepoint VM operation: HandshakeAllThreads (Deoptimize)
Event: 1.399 Executing non-safepoint VM operation: HandshakeAllThreads (Deoptimize) done
Event: 2.406 Executing safepoint VM operation: Cleanup
Event: 2.406 Executing safepoint VM operation: Cleanup done

Memory protections (0 events):
No events

Nmethod flushes (0 events):
No events

Events (18 events):
Event: 0.066 Thread 0x000001ba6e9a69f0 Thread added: 0x000001ba6e9a69f0
Event: 0.078 Thread 0x000001ba6e9a69f0 Thread added: 0x000001ba785db7e0
Event: 0.078 Thread 0x000001ba6e9a69f0 Thread added: 0x000001ba785dcc80
Event: 0.078 Thread 0x000001ba6e9a69f0 Thread added: 0x000001ba785e1f40
Event: 0.078 Thread 0x000001ba6e9a69f0 Thread added: 0x000001ba785e2d00
Event: 0.078 Thread 0x000001ba6e9a69f0 Thread added: 0x000001ba785e3760
Event: 0.078 Thread 0x000001ba6e9a69f0 Thread added: 0x000001ba785e41c0
Event: 0.078 Thread 0x000001ba6e9a69f0 Thread added: 0x000001ba785e5000
Event: 0.078 Thread 0x000001ba6e9a69f0 Thread added: 0x000001ba78613720
Event: 0.120 Thread 0x000001ba6e9a69f0 Thread added: 0x000001ba793e8c50
Event: 0.178 Thread 0x000001ba78613720 Thread added: 0x000001ba794532a0
Event: 0.252 Thread 0x000001ba6e9a69f0 Thread added: 0x000001ba793dc420
Event: 0.763 Thread 0x000001ba6e9a69f0 Thread added: 0x000001ba79d50b00
Event: 0.921 Thread 0x000001ba6e9a69f0 Thread added: 0x000001ba798ae580
Event: 0.951 Thread 0x000001ba798ae580 Thread added: 0x000001ba79891c50
Event: 0.954 Thread 0x000001ba6e9a69f0 Thread added: 0x000001ba7989ff90
Event: 1.198 Thread 0x000001ba7989ff90 Thread added: 0x000001ba79e688e0
Event: 2.184 Thread 0x000001ba794532a0 Thread exited: 0x000001ba794532a0


Dynamic libraries:
0x00007ff60d530000 - 0x00007ff60d53e000 	c:\Users\Admin\.vscode\extensions\redhat.java-1.55.2026051309-win32-x64\jre\21.0.10-win32-x86_64\bin\java.exe
0x00007ffa14370000 - 0x00007ffa14568000 	C:\Windows\SYSTEM32\ntdll.dll
0x00007ffa13410000 - 0x00007ffa134d2000 	C:\Windows\System32\KERNEL32.DLL
0x00007ffa11c40000 - 0x00007ffa11f36000 	C:\Windows\System32\KERNELBASE.dll
0x00007ffa11f40000 - 0x00007ffa12040000 	C:\Windows\System32\ucrtbase.dll
0x00007ff9ec290000 - 0x00007ff9ec2a8000 	c:\Users\Admin\.vscode\extensions\redhat.java-1.55.2026051309-win32-x64\jre\21.0.10-win32-x86_64\bin\jli.dll
0x00007ffa12900000 - 0x00007ffa12aa1000 	C:\Windows\System32\USER32.dll
0x00007ffa11a00000 - 0x00007ffa11a22000 	C:\Windows\System32\win32u.dll
0x00007ffa12850000 - 0x00007ffa1287b000 	C:\Windows\System32\GDI32.dll
0x00007ffa120f0000 - 0x00007ffa12209000 	C:\Windows\System32\gdi32full.dll
0x00007ff9eb390000 - 0x00007ff9eb3ae000 	c:\Users\Admin\.vscode\extensions\redhat.java-1.55.2026051309-win32-x64\jre\21.0.10-win32-x86_64\bin\VCRUNTIME140.dll
0x00007ffa12210000 - 0x00007ffa122ad000 	C:\Windows\System32\msvcp_win.dll
0x00007ffa00df0000 - 0x00007ffa0108b000 	C:\Windows\WinSxS\amd64_microsoft.windows.common-controls_6595b64144ccf1df_6.0.19041.6456_none_60b8a6cb71f64256\COMCTL32.dll
0x00007ffa13370000 - 0x00007ffa1340e000 	C:\Windows\System32\msvcrt.dll
0x00007ffa132e0000 - 0x00007ffa1330f000 	C:\Windows\System32\IMM32.DLL
0x00007ff9f8610000 - 0x00007ff9f861c000 	c:\Users\Admin\.vscode\extensions\redhat.java-1.55.2026051309-win32-x64\jre\21.0.10-win32-x86_64\bin\vcruntime140_1.dll
0x00007ff9e1f70000 - 0x00007ff9e1ffd000 	c:\Users\Admin\.vscode\extensions\redhat.java-1.55.2026051309-win32-x64\jre\21.0.10-win32-x86_64\bin\msvcp140.dll
0x00007ff9c52c0000 - 0x00007ff9c6061000 	c:\Users\Admin\.vscode\extensions\redhat.java-1.55.2026051309-win32-x64\jre\21.0.10-win32-x86_64\bin\server\jvm.dll
0x00007ffa12790000 - 0x00007ffa12841000 	C:\Windows\System32\ADVAPI32.dll
0x00007ffa13ff0000 - 0x00007ffa1408f000 	C:\Windows\System32\sechost.dll
0x00007ffa14210000 - 0x00007ffa14330000 	C:\Windows\System32\RPCRT4.dll
0x00007ffa11b90000 - 0x00007ffa11bb7000 	C:\Windows\System32\bcrypt.dll
0x00007ffa13920000 - 0x00007ffa1398b000 	C:\Windows\System32\WS2_32.dll
0x00007ffa11860000 - 0x00007ffa118ab000 	C:\Windows\SYSTEM32\POWRPROF.dll
0x00007ffa016b0000 - 0x00007ffa016d7000 	C:\Windows\SYSTEM32\WINMM.dll
0x00007ffa0c840000 - 0x00007ffa0c84a000 	C:\Windows\SYSTEM32\VERSION.dll
0x00007ffa11840000 - 0x00007ffa11852000 	C:\Windows\SYSTEM32\UMPDC.dll
0x00007ffa0f7b0000 - 0x00007ffa0f7c2000 	C:\Windows\SYSTEM32\kernel.appcore.dll
0x00007ff9f1450000 - 0x00007ff9f145a000 	c:\Users\Admin\.vscode\extensions\redhat.java-1.55.2026051309-win32-x64\jre\21.0.10-win32-x86_64\bin\jimage.dll
0x00007ffa014a0000 - 0x00007ffa016a1000 	C:\Windows\SYSTEM32\DBGHELP.DLL
0x00007ff9f0dc0000 - 0x00007ff9f0df4000 	C:\Windows\SYSTEM32\dbgcore.DLL
0x00007ffa12300000 - 0x00007ffa12382000 	C:\Windows\System32\bcryptPrimitives.dll
0x00007ff9ed0f0000 - 0x00007ff9ed0ff000 	c:\Users\Admin\.vscode\extensions\redhat.java-1.55.2026051309-win32-x64\jre\21.0.10-win32-x86_64\bin\instrument.dll
0x00007ff9eafc0000 - 0x00007ff9eafe0000 	c:\Users\Admin\.vscode\extensions\redhat.java-1.55.2026051309-win32-x64\jre\21.0.10-win32-x86_64\bin\java.dll
0x00007ffa12ab0000 - 0x00007ffa13220000 	C:\Windows\System32\SHELL32.dll
0x00007ffa0fa90000 - 0x00007ffa10235000 	C:\Windows\SYSTEM32\windows.storage.dll
0x00007ffa134e0000 - 0x00007ffa13834000 	C:\Windows\System32\combase.dll
0x00007ffa11350000 - 0x00007ffa1137b000 	C:\Windows\SYSTEM32\Wldp.dll
0x00007ffa14090000 - 0x00007ffa1415d000 	C:\Windows\System32\OLEAUT32.dll
0x00007ffa14160000 - 0x00007ffa1420d000 	C:\Windows\System32\SHCORE.dll
0x00007ffa12880000 - 0x00007ffa128db000 	C:\Windows\System32\shlwapi.dll
0x00007ffa11930000 - 0x00007ffa11954000 	C:\Windows\SYSTEM32\profapi.dll
0x00007ff9eafa0000 - 0x00007ff9eafb8000 	c:\Users\Admin\.vscode\extensions\redhat.java-1.55.2026051309-win32-x64\jre\21.0.10-win32-x86_64\bin\zip.dll
0x00007ff9ed040000 - 0x00007ff9ed050000 	C:\Users\Admin\.vscode\extensions\redhat.java-1.55.2026051309-win32-x64\jre\21.0.10-win32-x86_64\bin\net.dll
0x00007ffa0b910000 - 0x00007ffa0ba1a000 	C:\Windows\SYSTEM32\WINHTTP.dll
0x00007ffa110b0000 - 0x00007ffa1111a000 	C:\Windows\system32\mswsock.dll
0x00007ff9ecec0000 - 0x00007ff9eced6000 	C:\Users\Admin\.vscode\extensions\redhat.java-1.55.2026051309-win32-x64\jre\21.0.10-win32-x86_64\bin\nio.dll
0x00007ff9eceb0000 - 0x00007ff9ecec0000 	c:\Users\Admin\.vscode\extensions\redhat.java-1.55.2026051309-win32-x64\jre\21.0.10-win32-x86_64\bin\verify.dll
0x00007ff9e8110000 - 0x00007ff9e8155000 	C:\Users\Admin\AppData\Roaming\Code\User\globalStorage\redhat.java\1.55.2026051309\config_win\org.eclipse.equinox.launcher\org.eclipse.equinox.launcher.win32.win32.x86_64_1.3.0.v20260203-2149\eclipse_11919.dll
0x00007ffa124b0000 - 0x00007ffa125db000 	C:\Windows\System32\ole32.dll

JVMTI agents:
c:\Users\Admin\.vscode\extensions\redhat.java-1.55.2026051309-win32-x64\lombok\lombok-1.18.39-4050.jar path:c:\Users\Admin\.vscode\extensions\redhat.java-1.55.2026051309-win32-x64\jre\21.0.10-win32-x86_64\bin\instrument.dll, loaded, initialized, instrumentlib options:none

dbghelp: loaded successfully - version: 4.0.5 - missing functions: none
symbol engine: initialized successfully - sym options: 0x614 - pdb path: .;c:\Users\Admin\.vscode\extensions\redhat.java-1.55.2026051309-win32-x64\jre\21.0.10-win32-x86_64\bin;C:\Windows\SYSTEM32;C:\Windows\WinSxS\amd64_microsoft.windows.common-controls_6595b64144ccf1df_6.0.19041.6456_none_60b8a6cb71f64256;c:\Users\Admin\.vscode\extensions\redhat.java-1.55.2026051309-win32-x64\jre\21.0.10-win32-x86_64\bin\server;C:\Users\Admin\AppData\Roaming\Code\User\globalStorage\redhat.java\1.55.2026051309\config_win\org.eclipse.equinox.launcher\org.eclipse.equinox.launcher.win32.win32.x86_64_1.3.0.v20260203-2149

VM Arguments:
jvm_args: --add-modules=ALL-SYSTEM --add-opens=java.base/java.util=ALL-UNNAMED --add-opens=java.base/java.lang=ALL-UNNAMED --add-opens=java.base/sun.nio.fs=ALL-UNNAMED -Declipse.application=org.eclipse.jdt.ls.core.id1 -Dosgi.bundles.defaultStartLevel=4 -Declipse.product=org.eclipse.jdt.ls.core.product -Djava.import.generatesMetadataFilesAtProjectRoot=false -DDetectVMInstallationsJob.disabled=true -Dfile.encoding=utf8 -XX:+UseParallelGC -XX:GCTimeRatio=4 -XX:AdaptiveSizePolicyWeight=90 -Dsun.zip.disableMemoryMapping=true -Xmx2G -Xms100m -Xlog:disable -javaagent:c:\Users\Admin\.vscode\extensions\redhat.java-1.55.2026051309-win32-x64\lombok\lombok-1.18.39-4050.jar -XX:+HeapDumpOnOutOfMemoryError -XX:HeapDumpPath=c:\Users\Admin\AppData\Roaming\Code\User\workspaceStorage\9b61c8759c294bde21ab693b22915321\redhat.java -Daether.dependencyCollector.impl=bf -XX:+UnlockDiagnosticVMOptions -XX:+AllowArchivingWithJavaAgent -XX:+AutoCreateSharedArchive -XX:SharedArchiveFile=c:\Users\Admin\AppData\Roaming\Code\User\globalStorage\redhat.java\1.55.2026051309\jdtls.jsa 
java_command: c:\Users\Admin\.vscode\extensions\redhat.java-1.55.2026051309-win32-x64\server\plugins\org.eclipse.equinox.launcher_1.7.100.v20251111-0406.jar -configuration c:\Users\Admin\AppData\Roaming\Code\User\globalStorage\redhat.java\1.55.2026051309\config_win -data c:\Users\Admin\AppData\Roaming\Code\User\workspaceStorage\9b61c8759c294bde21ab693b22915321\redhat.java\jdt_ws --pipe=\\.\pipe\lsp-cf3041c2740b64b76b9262a42d5565e7-sock
java_class_path (initial): c:\Users\Admin\.vscode\extensions\redhat.java-1.55.2026051309-win32-x64\server\plugins\org.eclipse.equinox.launcher_1.7.100.v20251111-0406.jar
Launcher Type: SUN_STANDARD

[Global flags]
    uintx AdaptiveSizePolicyWeight                 = 90                                        {product} {command line}
     bool AllowArchivingWithJavaAgent              = true                             {JVMCI diagnostic} {command line}
     bool AutoCreateSharedArchive                  = false                               {JVMCI product} {command line}
     intx CICompilerCount                          = 3                                         {product} {ergonomic}
    uintx GCTimeRatio                              = 4                                         {product} {command line}
     bool HeapDumpOnOutOfMemoryError               = true                                   {manageable} {command line}
    ccstr HeapDumpPath                             = c:\Users\Admin\AppData\Roaming\Code\User\workspaceStorage\9b61c8759c294bde21ab693b22915321\redhat.java         {manageable} {command line}
   size_t InitialHeapSize                          = 104857600                                 {product} {command line}
   size_t MaxHeapSize                              = 2147483648                                {product} {command line}
   size_t MaxNewSize                               = 715653120                                 {product} {ergonomic}
   size_t MinHeapDeltaBytes                        = 524288                                    {product} {ergonomic}
   size_t MinHeapSize                              = 104857600                                 {product} {command line}
   size_t NewSize                                  = 34603008                                  {product} {ergonomic}
    uintx NonNMethodCodeHeapSize                   = 5832780                                {pd product} {ergonomic}
    uintx NonProfiledCodeHeapSize                  = 122912730                              {pd product} {ergonomic}
   size_t OldSize                                  = 70254592                                  {product} {ergonomic}
    uintx ProfiledCodeHeapSize                     = 122912730                              {pd product} {ergonomic}
    uintx ReservedCodeCacheSize                    = 251658240                              {pd product} {ergonomic}
     bool SegmentedCodeCache                       = true                                      {product} {ergonomic}
    ccstr SharedArchiveFile                        = c:\Users\Admin\AppData\Roaming\Code\User\globalStorage\redhat.java\1.55.2026051309\jdtls.jsa      {JVMCI product} {command line}
   size_t SoftMaxHeapSize                          = 2147483648                             {manageable} {ergonomic}
     bool UnlockDiagnosticVMOptions                = true                                   {diagnostic} {command line}
     bool UseCompressedOops                        = true                           {product lp64_product} {ergonomic}
     bool UseLargePagesIndividualAllocation        = false                                  {pd product} {ergonomic}
     bool UseParallelGC                            = true                                      {product} {command line}

Logging:
Log output configuration:
 #0: stdout all=off uptime,level,tags foldmultilines=false
 #1: stderr all=off uptime,level,tags foldmultilines=false

Release file:
JAVA_VERSION="21.0.10" 
MODULES="java.base java.compiler java.datatransfer java.xml java.prefs java.desktop java.instrument java.logging java.management java.security.sasl java.naming java.rmi java.management.rmi java.net.http java.scripting java.security.jgss java.transaction.xa java.sql java.sql.rowset java.xml.crypto java.se java.smartcardio jdk.accessibility jdk.internal.jvmstat jdk.attach jdk.charsets jdk.internal.opt jdk.zipfs jdk.compiler jdk.crypto.ec jdk.crypto.cryptoki jdk.crypto.mscapi jdk.dynalink jdk.internal.ed jdk.editpad jdk.hotspot.agent jdk.httpserver jdk.internal.le jdk.internal.vm.ci jdk.internal.vm.compiler jdk.internal.vm.compiler.management jdk.jartool jdk.javadoc jdk.jcmd jdk.management jdk.management.agent jdk.jconsole jdk.jdeps jdk.jdwp.agent jdk.jdi jdk.jfr jdk.jshell jdk.jsobject jdk.jstatd jdk.localedata jdk.management.jfr jdk.naming.dns jdk.naming.rmi jdk.net jdk.nio.mapmode jdk.random jdk.sctp jdk.security.auth jdk.security.jgss jdk.unsupported jdk.unsupported.desktop jdk.xml.dom" 

Environment Variables:
PATH=C:\Program Files\Common Files\Oracle\Java\javapath;C:\Program Files (x86)\Common Files\Oracle\Java\java8path;C:\Program Files (x86)\Common Files\Oracle\Java\javapath;C:\Windows\system32;C:\Windows;C:\Windows\System32\Wbem;C:\Windows\System32\WindowsPowerShell\v1.0\;C:\Windows\System32\OpenSSH\;C:\xampp\php;C:\ProgramData\ComposerSetup\bin;C:\Program Files\nodejs\;C:\Program Files\Git\cmd;C:\Program Files\PuTTY\;C:\Users\Admin\AppData\Local\Microsoft\WindowsApps;C:\Users\Admin\AppData\Local\Programs\Microsoft VS Code\bin;C:\Users\Admin\AppData\Roaming\Composer\vendor\bin;C:\Users\Admin\AppData\Roaming\npm;C:\Program Files\JetBrains\IntelliJ IDEA 2026.1.2\bin
USERNAME=Admin
OS=Windows_NT
PROCESSOR_IDENTIFIER=Intel64 Family 6 Model 158 Stepping 9, GenuineIntel
TMP=C:\Users\Admin\AppData\Local\Temp
TEMP=C:\Users\Admin\AppData\Local\Temp




Periodic native trim disabled

---------------  S Y S T E M  ---------------

OS:
 Windows 10 , 64 bit Build 19041 (10.0.19041.5915)
OS uptime: 0 days 4:08 hours

CPU: total 4 (initial active 4) (4 cores per cpu, 1 threads per core) family 6 model 158 stepping 9 microcode 0xb4, cx8, cmov, fxsr, mmx, 3dnowpref, sse, sse2, sse3, ssse3, sse4.1, sse4.2, popcnt, lzcnt, tsc, tscinvbit, avx, avx2, aes, erms, clmul, bmi1, bmi2, rtm, adx, fma, vzeroupper, clflush, clflushopt, rdtscp, f16c
Processor Information for the first 4 processors :
  Max Mhz: 3408, Current Mhz: 3408, Mhz Limit: 3408

Memory: 4k page, system-wide physical 8098M (546M free)
TotalPageFile size 9378M (AvailPageFile size 3M)
current process WorkingSet (physical memory assigned to process): 164M, peak: 164M
current process commit charge ("private bytes"): 295M, peak: 295M

vm_info: OpenJDK 64-Bit Server VM (21.0.10+7-LTS) for windows-amd64 JRE (21.0.10+7-LTS), built on 2026-01-20T00:00:00Z by "admin" with MS VC++ 17.12 (VS2022)

END.
