#
# There is insufficient memory for the Java Runtime Environment to continue.
# Native memory allocation (malloc) failed to allocate 165984 bytes. Error detail: Chunk::new
# Possible reasons:
#   The system is out of physical RAM or swap space
#   This process is running with CompressedOops enabled, and the Java Heap may be blocking the growth of the native heap
# Possible solutions:
#   Reduce memory load on the system
#   Increase physical memory or swap space
#   Check if swap backing store is full
#   Decrease Java heap size (-Xmx/-Xms)
#   Decrease number of Java threads
#   Decrease Java thread stack sizes (-Xss)
#   Set larger code cache with -XX:ReservedCodeCacheSize=
#   JVM is running with Unscaled Compressed Oops mode in which the Java heap is
#     placed in the first 4GB address space. The Java Heap base address is the
#     maximum limit for the native heap growth. Please use -XX:HeapBaseMinAddress
#     to set the Java Heap base and to place the Java Heap above 4GB virtual address.
# This output file may be truncated or incomplete.
#
#  Out of Memory Error (arena.cpp:168), pid=2616, tid=6536
#
# JRE version: OpenJDK Runtime Environment Temurin-21.0.10+7 (21.0.10+7) (build 21.0.10+7-LTS)
# Java VM: OpenJDK 64-Bit Server VM Temurin-21.0.10+7 (21.0.10+7-LTS, mixed mode, sharing, tiered, compressed oops, compressed class ptrs, parallel gc, windows-amd64)
# No core dump will be written. Minidumps are not enabled by default on client versions of Windows
#

---------------  S U M M A R Y ------------

Command Line: --add-modules=ALL-SYSTEM --add-opens=java.base/java.util=ALL-UNNAMED --add-opens=java.base/java.lang=ALL-UNNAMED --add-opens=java.base/sun.nio.fs=ALL-UNNAMED -Declipse.application=org.eclipse.jdt.ls.core.id1 -Dosgi.bundles.defaultStartLevel=4 -Declipse.product=org.eclipse.jdt.ls.core.product -Djava.import.generatesMetadataFilesAtProjectRoot=false -DDetectVMInstallationsJob.disabled=true -Dfile.encoding=utf8 -XX:+UseParallelGC -XX:GCTimeRatio=4 -XX:AdaptiveSizePolicyWeight=90 -Dsun.zip.disableMemoryMapping=true -Xmx2G -Xms100m -Xlog:disable -javaagent:c:\Users\Admin\.vscode\extensions\redhat.java-1.55.2026051309-win32-x64\lombok\lombok-1.18.39-4050.jar -XX:+HeapDumpOnOutOfMemoryError -XX:HeapDumpPath=c:\Users\Admin\AppData\Roaming\Code\User\workspaceStorage\9b61c8759c294bde21ab693b22915321\redhat.java -Daether.dependencyCollector.impl=bf -XX:+UnlockDiagnosticVMOptions -XX:+AllowArchivingWithJavaAgent -XX:+AutoCreateSharedArchive -XX:SharedArchiveFile=c:\Users\Admin\AppData\Roaming\Code\User\globalStorage\redhat.java\1.55.2026051309\jdtls.jsa c:\Users\Admin\.vscode\extensions\redhat.java-1.55.2026051309-win32-x64\server\plugins\org.eclipse.equinox.launcher_1.7.100.v20251111-0406.jar -configuration c:\Users\Admin\AppData\Roaming\Code\User\globalStorage\redhat.java\1.55.2026051309\config_win -data c:\Users\Admin\AppData\Roaming\Code\User\workspaceStorage\9b61c8759c294bde21ab693b22915321\redhat.java\jdt_ws --pipe=\\.\pipe\lsp-6a1f7a424b5418968cf32e8cf2f7e2c7-sock

Host: Intel(R) Core(TM) i5-7500 CPU @ 3.40GHz, 4 cores, 7G,  Windows 10 , 64 bit Build 19041 (10.0.19041.5915)
Time: Wed May 20 15:52:51 2026 Hora oficial do Brasil elapsed time: 31.162923 seconds (0d 0h 0m 31s)

---------------  T H R E A D  ---------------

Current thread (0x0000017a70758e70):  JavaThread "C2 CompilerThread0" daemon [_thread_in_native, id=6536, stack(0x00000015f8d00000,0x00000015f8e00000) (1024K)]


Current CompileTask:
C2:31163 12512       4       org.eclipse.jdt.internal.core.index.DiskIndex::writeDocumentNumbers (384 bytes)

Stack: [0x00000015f8d00000,0x00000015f8e00000]
Native frames: (J=compiled Java code, j=interpreted, Vv=VM code, C=native code)
V  [jvm.dll+0x6d7a39]
V  [jvm.dll+0x8b4b26]
V  [jvm.dll+0x8b70de]
V  [jvm.dll+0x8b77c3]
V  [jvm.dll+0x284346]
V  [jvm.dll+0xc66ed]
V  [jvm.dll+0xc6c31]
V  [jvm.dll+0x3bec3b]
V  [jvm.dll+0x1e3bc4]
V  [jvm.dll+0x24c6b3]
V  [jvm.dll+0x24bb40]
V  [jvm.dll+0x1cb34e]
V  [jvm.dll+0x25b85d]
V  [jvm.dll+0x259dea]
V  [jvm.dll+0x3f857e]
V  [jvm.dll+0x85f59d]
V  [jvm.dll+0x6d626d]
C  [ucrtbase.dll+0x21bb2]
C  [KERNEL32.DLL+0x17374]
C  [ntdll.dll+0x4cc91]


---------------  P R O C E S S  ---------------

Threads class SMR info:
_java_thread_list=0x0000017a54639930, length=43, elements={
0x0000017a6e519b30, 0x0000017a70737ca0, 0x0000017a707395b0, 0x0000017a7073aec0,
0x0000017a7073fd00, 0x0000017a70741fd0, 0x0000017a70748200, 0x0000017a70758e70,
0x0000017a7075c540, 0x0000017a7d131360, 0x0000017a7d1e13e0, 0x0000017a7dae9340,
0x0000017a7dc467f0, 0x0000017a7db16e70, 0x0000017a7db174e0, 0x0000017a7daa0fa0,
0x0000017a7e227960, 0x0000017a7e3a2e80, 0x0000017a7e2a5080, 0x0000017a7e2a6ac0,
0x0000017a7e2a7150, 0x0000017a7e2a77e0, 0x0000017a7e2a6430, 0x0000017a7e2a5710,
0x0000017a7e2a7e70, 0x0000017a7e2a8500, 0x0000017a7e2a5da0, 0x0000017a7f30c6c0,
0x0000017a7f3101d0, 0x0000017a7f30d3e0, 0x0000017a7f30f4b0, 0x0000017a7f30e100,
0x0000017a7f30b310, 0x0000017a7f310860, 0x0000017a7f30e790, 0x0000017a7f30fb40,
0x0000017a7f3122a0, 0x0000017a50c47b90, 0x0000017a50c41fb0, 0x0000017a50c48220,
0x0000017a50c42cd0, 0x0000017a50c467e0, 0x0000017a50c488b0
}

Java Threads: ( => current thread )
  0x0000017a6e519b30 JavaThread "main"                              [_thread_blocked, id=3728, stack(0x00000015f8300000,0x00000015f8400000) (1024K)]
  0x0000017a70737ca0 JavaThread "Reference Handler"          daemon [_thread_blocked, id=4912, stack(0x00000015f8700000,0x00000015f8800000) (1024K)]
  0x0000017a707395b0 JavaThread "Finalizer"                  daemon [_thread_blocked, id=500, stack(0x00000015f8800000,0x00000015f8900000) (1024K)]
  0x0000017a7073aec0 JavaThread "Signal Dispatcher"          daemon [_thread_blocked, id=3464, stack(0x00000015f8900000,0x00000015f8a00000) (1024K)]
  0x0000017a7073fd00 JavaThread "Attach Listener"            daemon [_thread_blocked, id=2516, stack(0x00000015f8a00000,0x00000015f8b00000) (1024K)]
  0x0000017a70741fd0 JavaThread "Service Thread"             daemon [_thread_blocked, id=512, stack(0x00000015f8b00000,0x00000015f8c00000) (1024K)]
  0x0000017a70748200 JavaThread "Monitor Deflation Thread"   daemon [_thread_blocked, id=10844, stack(0x00000015f8c00000,0x00000015f8d00000) (1024K)]
=>0x0000017a70758e70 JavaThread "C2 CompilerThread0"         daemon [_thread_in_native, id=6536, stack(0x00000015f8d00000,0x00000015f8e00000) (1024K)]
  0x0000017a7075c540 JavaThread "C1 CompilerThread0"         daemon [_thread_blocked, id=11568, stack(0x00000015f8e00000,0x00000015f8f00000) (1024K)]
  0x0000017a7d131360 JavaThread "Common-Cleaner"             daemon [_thread_blocked, id=5228, stack(0x00000015f8f00000,0x00000015f9000000) (1024K)]
  0x0000017a7d1e13e0 JavaThread "Notification Thread"        daemon [_thread_blocked, id=3400, stack(0x00000015f9100000,0x00000015f9200000) (1024K)]
  0x0000017a7dae9340 JavaThread "Active Thread: Equinox Container: 55a8221c-f3cf-4b8a-8994-437a249e9267"        [_thread_blocked, id=5588, stack(0x00000015f9500000,0x00000015f9600000) (1024K)]
  0x0000017a7dc467f0 JavaThread "Refresh Thread: Equinox Container: 55a8221c-f3cf-4b8a-8994-437a249e9267" daemon [_thread_blocked, id=3348, stack(0x00000015f9600000,0x00000015f9700000) (1024K)]
  0x0000017a7db16e70 JavaThread "Framework Event Dispatcher: Equinox Container: 55a8221c-f3cf-4b8a-8994-437a249e9267" daemon [_thread_blocked, id=6804, stack(0x00000015f9700000,0x00000015f9800000) (1024K)]
  0x0000017a7db174e0 JavaThread "Start Level: Equinox Container: 55a8221c-f3cf-4b8a-8994-437a249e9267" daemon [_thread_blocked, id=932, stack(0x00000015f9800000,0x00000015f9900000) (1024K)]
  0x0000017a7daa0fa0 JavaThread "Bundle File Closer"         daemon [_thread_blocked, id=11272, stack(0x00000015f9900000,0x00000015f9a00000) (1024K)]
  0x0000017a7e227960 JavaThread "SCR Component Actor"        daemon [_thread_blocked, id=3568, stack(0x00000015f9000000,0x00000015f9100000) (1024K)]
  0x0000017a7e3a2e80 JavaThread "Worker-JM"                         [_thread_blocked, id=2416, stack(0x00000015f9b00000,0x00000015f9c00000) (1024K)]
  0x0000017a7e2a5080 JavaThread "JNA Cleaner"                daemon [_thread_blocked, id=11296, stack(0x00000015f9c00000,0x00000015f9d00000) (1024K)]
  0x0000017a7e2a6ac0 JavaThread "Worker-0: Java indexing... "        [_thread_blocked, id=7860, stack(0x00000015f9d00000,0x00000015f9e00000) (1024K)]
  0x0000017a7e2a7150 JavaThread "Worker-1"                          [_thread_blocked, id=8312, stack(0x00000015f9e00000,0x00000015f9f00000) (1024K)]
  0x0000017a7e2a77e0 JavaThread "Worker-2"                          [_thread_blocked, id=9088, stack(0x00000015f9f00000,0x00000015fa000000) (1024K)]
  0x0000017a7e2a6430 JavaThread "Java indexing"              daemon [_thread_blocked, id=1832, stack(0x00000015fa000000,0x00000015fa100000) (1024K)]
  0x0000017a7e2a5710 JavaThread "Worker-3: Initialize Workspace"        [_thread_blocked, id=10932, stack(0x00000015fa100000,0x00000015fa200000) (1024K)]
  0x0000017a7e2a7e70 JavaThread "Thread-1"                   daemon [_thread_in_native, id=7776, stack(0x00000015fa400000,0x00000015fa500000) (1024K)]
  0x0000017a7e2a8500 JavaThread "Thread-2"                   daemon [_thread_in_native, id=1268, stack(0x00000015fa500000,0x00000015fa600000) (1024K)]
  0x0000017a7e2a5da0 JavaThread "Thread-3"                   daemon [_thread_in_native, id=11712, stack(0x00000015fa600000,0x00000015fa700000) (1024K)]
  0x0000017a7f30c6c0 JavaThread "Thread-4"                   daemon [_thread_in_native, id=6356, stack(0x00000015fa700000,0x00000015fa800000) (1024K)]
  0x0000017a7f3101d0 JavaThread "Thread-5"                   daemon [_thread_in_native, id=7780, stack(0x00000015fa800000,0x00000015fa900000) (1024K)]
  0x0000017a7f30d3e0 JavaThread "pool-2-thread-1"                   [_thread_blocked, id=4216, stack(0x00000015fa900000,0x00000015faa00000) (1024K)]
  0x0000017a7f30f4b0 JavaThread "Worker-4"                          [_thread_blocked, id=3424, stack(0x00000015faa00000,0x00000015fab00000) (1024K)]
  0x0000017a7f30e100 JavaThread "WorkspaceEventsHandler"            [_thread_blocked, id=5308, stack(0x00000015fab00000,0x00000015fac00000) (1024K)]
  0x0000017a7f30b310 JavaThread "pool-1-thread-1"                   [_thread_blocked, id=7544, stack(0x00000015fac00000,0x00000015fad00000) (1024K)]
  0x0000017a7f310860 JavaThread "Worker-5: Initialize workspace"        [_thread_blocked, id=1344, stack(0x00000015fad00000,0x00000015fae00000) (1024K)]
  0x0000017a7f30e790 JavaThread "LocalFile Deleter"          daemon [_thread_blocked, id=12244, stack(0x00000015fae00000,0x00000015faf00000) (1024K)]
  0x0000017a7f30fb40 JavaThread "LocalFile Deleter"          daemon [_thread_blocked, id=12036, stack(0x00000015faf00000,0x00000015fb000000) (1024K)]
  0x0000017a7f3122a0 JavaThread "LocalFile Deleter"          daemon [_thread_blocked, id=6892, stack(0x00000015fb000000,0x00000015fb100000) (1024K)]
  0x0000017a50c47b90 JavaThread "LocalFile Deleter"          daemon [_thread_blocked, id=9544, stack(0x00000015fb100000,0x00000015fb200000) (1024K)]
  0x0000017a50c41fb0 JavaThread "Compiler Source File Reader" daemon [_thread_blocked, id=4356, stack(0x00000015fb200000,0x00000015fb300000) (1024K)]
  0x0000017a50c48220 JavaThread "Compiler Source File Reader" daemon [_thread_blocked, id=9268, stack(0x00000015fb300000,0x00000015fb400000) (1024K)]
  0x0000017a50c42cd0 JavaThread "Compiler Processing Task"   daemon [_thread_blocked, id=3876, stack(0x00000015fb400000,0x00000015fb500000) (1024K)]
  0x0000017a50c467e0 JavaThread "Compiler Class File Writer" daemon [_thread_blocked, id=908, stack(0x00000015fb500000,0x00000015fb600000) (1024K)]
  0x0000017a50c488b0 JavaThread "Compiler Class File Writer" daemon [_thread_blocked, id=4816, stack(0x00000015fb600000,0x00000015fb700000) (1024K)]
Total: 43

Other Threads:
  0x0000017a708ebef0 VMThread "VM Thread"                           [id=2164, stack(0x00000015f8600000,0x00000015f8700000) (1024K)]
  0x0000017a706bba00 WatcherThread "VM Periodic Task Thread"        [id=4364, stack(0x00000015f8500000,0x00000015f8600000) (1024K)]
  0x0000017a7084ae80 WorkerThread "GC Thread#0"                     [id=5816, stack(0x00000015f8400000,0x00000015f8500000) (1024K)]
  0x0000017a7d5d0f60 WorkerThread "GC Thread#1"                     [id=9264, stack(0x00000015f9200000,0x00000015f9300000) (1024K)]
  0x0000017a7d93bd30 WorkerThread "GC Thread#2"                     [id=1476, stack(0x00000015f9300000,0x00000015f9400000) (1024K)]
  0x0000017a7d93c0e0 WorkerThread "GC Thread#3"                     [id=4800, stack(0x00000015f9400000,0x00000015f9500000) (1024K)]
Total: 6

Threads with active compile tasks:
C2 CompilerThread0  31243 12512       4       org.eclipse.jdt.internal.core.index.DiskIndex::writeDocumentNumbers (384 bytes)
Total: 1

VM state: at safepoint (normal execution)

VM Mutex/Monitor currently owned by a thread:  ([mutex/lock_event])
[0x00007ff9cd8be560] Threads_lock - owner thread: 0x0000017a708ebef0
[0x00007ff9cd8be660] Heap_lock - owner thread: 0x0000017a7e2a6430

Heap address: 0x0000000080000000, size: 2048 MB, Compressed Oops mode: 32-bit

CDS archive(s) mapped at: [0x0000017a0f000000-0x0000017a0fba0000-0x0000017a0fba0000), size 12189696, SharedBaseAddress: 0x0000017a0f000000, ArchiveRelocationMode: 1.
Compressed class space mapped at: 0x0000017a10000000-0x0000017a50000000, reserved size: 1073741824
Narrow klass base: 0x0000017a0f000000, Narrow klass shift: 0, Narrow klass range: 0x100000000

GC Precious Log:
 CardTable entry size: 512
 CPUs: 4 total, 4 available
 Memory: 8098M
 Large Page Support: Disabled
 NUMA Support: Disabled
 Compressed Oops: Enabled (32-bit)
 Alignments: Space 512K, Generation 512K, Heap 2M
 Heap Min Capacity: 100M
 Heap Initial Capacity: 100M
 Heap Max Capacity: 2G
 Pre-touch: Disabled
 Parallel Workers: 4

Heap:
 PSYoungGen      total 5120K, used 4613K [0x00000000d5580000, 0x00000000d5b80000, 0x0000000100000000)
  eden space 4096K, 99% used [0x00000000d5580000,0x00000000d597a860,0x00000000d5980000)
  from space 1024K, 52% used [0x00000000d5a00000,0x00000000d5a86c08,0x00000000d5b00000)
  to   space 512K, 98% used [0x00000000d5b00000,0x00000000d5b7d808,0x00000000d5b80000)
 ParOldGen       total 615424K, used 615319K [0x0000000080000000, 0x00000000a5900000, 0x00000000d5580000)
  object space 615424K, 99% used [0x0000000080000000,0x00000000a58e5c18,0x00000000a5900000)
 Metaspace       used 71391K, committed 72896K, reserved 1179648K
  class space    used 6756K, committed 7424K, reserved 1048576K

Card table byte_map: [0x0000017a701d0000,0x0000017a705e0000] _byte_map_base: 0x0000017a6fdd0000

Marking Bits: (ParMarkBitMap*) 0x00007ff9cd8c3450
 Begin Bits: [0x0000017a73ce0000, 0x0000017a75ce0000)
 End Bits:   [0x0000017a75ce0000, 0x0000017a77ce0000)

Polling page: 0x0000017a6e6c0000

Metaspace:

Usage:
  Non-class:     63.12 MB used.
      Class:      6.60 MB used.
       Both:     69.72 MB used.

Virtual space:
  Non-class space:      128.00 MB reserved,      63.94 MB ( 50%) committed,  2 nodes.
      Class space:        1.00 GB reserved,       7.25 MB ( <1%) committed,  1 nodes.
             Both:        1.12 GB reserved,      71.19 MB (  6%) committed. 

Chunk freelists:
   Non-Class:  15.55 MB
       Class:  8.78 MB
        Both:  24.33 MB

MaxMetaspaceSize: unlimited
CompressedClassSpaceSize: 1.00 GB
Initial GC threshold: 21.00 MB
Current GC threshold: 97.31 MB
CDS: on
 - commit_granule_bytes: 65536.
 - commit_granule_words: 8192.
 - virtual_space_node_default_size: 8388608.
 - enlarge_chunks_in_place: 1.
 - use_allocation_guard: 0.


Internal statistics:

num_allocs_failed_limit: 9.
num_arena_births: 1274.
num_arena_deaths: 14.
num_vsnodes_births: 3.
num_vsnodes_deaths: 0.
num_space_committed: 1139.
num_space_uncommitted: 0.
num_chunks_returned_to_freelist: 23.
num_chunks_taken_from_freelist: 4542.
num_chunk_merges: 13.
num_chunk_splits: 2874.
num_chunks_enlarged: 1736.
num_inconsistent_stats: 0.

CodeHeap 'non-profiled nmethods': size=120000Kb used=9356Kb max_used=9356Kb free=110643Kb
 bounds [0x0000017a07ad0000, 0x0000017a08400000, 0x0000017a0f000000]
CodeHeap 'profiled nmethods': size=120000Kb used=27063Kb max_used=27063Kb free=92936Kb
 bounds [0x0000017a00000000, 0x0000017a01a70000, 0x0000017a07530000]
CodeHeap 'non-nmethods': size=5760Kb used=1424Kb max_used=1545Kb free=4335Kb
 bounds [0x0000017a07530000, 0x0000017a077a0000, 0x0000017a07ad0000]
CodeCache: size=245760Kb, used=37843Kb, max_used=37964Kb, free=207914Kb
 total_blobs=12459, nmethods=11721, adapters=643, full_count=0
Compilation: enabled, stopped_count=0, restarted_count=0

Compilation events (20 events):
Event: 30.497 Thread 0x0000017a7075c540 nmethod 12503 0x0000017a01a52790 code [0x0000017a01a52a00, 0x0000017a01a53270]
Event: 30.513 Thread 0x0000017a70758e70 12504       4       java.lang.StringCoding::implEncodeAsciiArray (47 bytes)
Event: 30.517 Thread 0x0000017a70758e70 nmethod 12504 0x0000017a083f0d10 code [0x0000017a083f0ea0, 0x0000017a083f10c0]
Event: 30.618 Thread 0x0000017a70758e70 12505       4       org.eclipse.jdt.core.Signature::consumeWhitespace (33 bytes)
Event: 30.618 Thread 0x0000017a7075c540 12506       3       org.eclipse.jdt.core.Signature::encodeTypeSignature (913 bytes)
Event: 30.619 Thread 0x0000017a70758e70 nmethod 12505 0x0000017a083f1190 code [0x0000017a083f1320, 0x0000017a083f14b0]
Event: 30.621 Thread 0x0000017a7075c540 nmethod 12506 0x0000017a01a53610 code [0x0000017a01a53de0, 0x0000017a01a57300]
Event: 30.910 Thread 0x0000017a70758e70 12507       4       org.eclipse.jdt.internal.core.search.indexing.IndexManager$$Lambda/0x0000017a10735920::test (12 bytes)
Event: 30.919 Thread 0x0000017a70758e70 nmethod 12507 0x0000017a083f1610 code [0x0000017a083f17e0, 0x0000017a083f1db8]
Event: 30.982 Thread 0x0000017a7075c540 12508       3       org.eclipse.jdt.internal.compiler.parser.Scanner::internalScanIdentifierOrKeyword (5041 bytes)
Event: 31.006 Thread 0x0000017a7075c540 nmethod 12508 0x0000017a01a58890 code [0x0000017a01a59800, 0x0000017a01a64918]
Event: 31.050 Thread 0x0000017a7075c540 12509 %     3       org.eclipse.jdt.internal.core.index.DiskIndex::writeDocumentNumbers @ 293 (384 bytes)
Event: 31.051 Thread 0x0000017a7075c540 nmethod 12509% 0x0000017a01a66a90 code [0x0000017a01a66d40, 0x0000017a01a67b60]
Event: 31.051 Thread 0x0000017a70758e70 12510       4       org.eclipse.jdt.internal.core.util.Util::sort (16 bytes)
Event: 31.051 Thread 0x0000017a7075c540 12511       3       org.eclipse.jdt.internal.core.index.DiskIndex::writeDocumentNumbers (384 bytes)
Event: 31.051 Thread 0x0000017a7075c540 nmethod 12511 0x0000017a01a68190 code [0x0000017a01a68420, 0x0000017a01a69148]
Event: 31.061 Thread 0x0000017a70758e70 nmethod 12510 0x0000017a083f2110 code [0x0000017a083f2320, 0x0000017a083f2a60]
Event: 31.061 Thread 0x0000017a70758e70 12512       4       org.eclipse.jdt.internal.core.index.DiskIndex::writeDocumentNumbers (384 bytes)
Event: 31.070 Thread 0x0000017a7075c540 12513  s!   3       org.eclipse.jdt.internal.core.search.indexing.IndexManager::getIndex (329 bytes)
Event: 31.075 Thread 0x0000017a7075c540 nmethod 12513 0x0000017a01a69710 code [0x0000017a01a69c80, 0x0000017a01a6bf88]

GC Heap History (20 events):
Event: 30.967 GC heap before
{Heap before GC invocations=891 (full 3):
 PSYoungGen      total 5120K, used 5120K [0x00000000d5580000, 0x00000000d5d00000, 0x0000000100000000)
  eden space 4608K, 100% used [0x00000000d5580000,0x00000000d5a00000,0x00000000d5a00000)
  from space 512K, 100% used [0x00000000d5b80000,0x00000000d5c00000,0x00000000d5c00000)
  to   space 1024K, 0% used [0x00000000d5c00000,0x00000000d5c00000,0x00000000d5d00000)
 ParOldGen       total 606720K, used 606582K [0x0000000080000000, 0x00000000a5080000, 0x00000000d5580000)
  object space 606720K, 99% used [0x0000000080000000,0x00000000a505daa8,0x00000000a5080000)
 Metaspace       used 71386K, committed 72896K, reserved 1179648K
  class space    used 6756K, committed 7424K, reserved 1048576K
}
Event: 30.969 GC heap after
{Heap after GC invocations=891 (full 3):
 PSYoungGen      total 5632K, used 576K [0x00000000d5580000, 0x00000000d5d00000, 0x0000000100000000)
  eden space 4608K, 0% used [0x00000000d5580000,0x00000000d5580000,0x00000000d5a00000)
  from space 1024K, 56% used [0x00000000d5c00000,0x00000000d5c90000,0x00000000d5d00000)
  to   space 1024K, 0% used [0x00000000d5b00000,0x00000000d5b00000,0x00000000d5c00000)
 ParOldGen       total 607232K, used 607030K [0x0000000080000000, 0x00000000a5100000, 0x00000000d5580000)
  object space 607232K, 99% used [0x0000000080000000,0x00000000a50cdaa8,0x00000000a5100000)
 Metaspace       used 71386K, committed 72896K, reserved 1179648K
  class space    used 6756K, committed 7424K, reserved 1048576K
}
Event: 30.978 GC heap before
{Heap before GC invocations=892 (full 3):
 PSYoungGen      total 5632K, used 5184K [0x00000000d5580000, 0x00000000d5d00000, 0x0000000100000000)
  eden space 4608K, 100% used [0x00000000d5580000,0x00000000d5a00000,0x00000000d5a00000)
  from space 1024K, 56% used [0x00000000d5c00000,0x00000000d5c90000,0x00000000d5d00000)
  to   space 1024K, 0% used [0x00000000d5b00000,0x00000000d5b00000,0x00000000d5c00000)
 ParOldGen       total 607232K, used 607030K [0x0000000080000000, 0x00000000a5100000, 0x00000000d5580000)
  object space 607232K, 99% used [0x0000000080000000,0x00000000a50cdaa8,0x00000000a5100000)
 Metaspace       used 71386K, committed 72896K, reserved 1179648K
  class space    used 6756K, committed 7424K, reserved 1048576K
}
Event: 30.980 GC heap after
{Heap after GC invocations=892 (full 3):
 PSYoungGen      total 5632K, used 684K [0x00000000d5580000, 0x00000000d5c80000, 0x0000000100000000)
  eden space 4608K, 0% used [0x00000000d5580000,0x00000000d5580000,0x00000000d5a00000)
  from space 1024K, 66% used [0x00000000d5b00000,0x00000000d5bab008,0x00000000d5c00000)
  to   space 512K, 0% used [0x00000000d5c00000,0x00000000d5c00000,0x00000000d5c80000)
 ParOldGen       total 607744K, used 607566K [0x0000000080000000, 0x00000000a5180000, 0x00000000d5580000)
  object space 607744K, 99% used [0x0000000080000000,0x00000000a5153aa8,0x00000000a5180000)
 Metaspace       used 71386K, committed 72896K, reserved 1179648K
  class space    used 6756K, committed 7424K, reserved 1048576K
}
Event: 30.989 GC heap before
{Heap before GC invocations=893 (full 3):
 PSYoungGen      total 5632K, used 5292K [0x00000000d5580000, 0x00000000d5c80000, 0x0000000100000000)
  eden space 4608K, 100% used [0x00000000d5580000,0x00000000d5a00000,0x00000000d5a00000)
  from space 1024K, 66% used [0x00000000d5b00000,0x00000000d5bab008,0x00000000d5c00000)
  to   space 512K, 0% used [0x00000000d5c00000,0x00000000d5c00000,0x00000000d5c80000)
 ParOldGen       total 607744K, used 607566K [0x0000000080000000, 0x00000000a5180000, 0x00000000d5580000)
  object space 607744K, 99% used [0x0000000080000000,0x00000000a5153aa8,0x00000000a5180000)
 Metaspace       used 71386K, committed 72896K, reserved 1179648K
  class space    used 6756K, committed 7424K, reserved 1048576K
}
Event: 30.991 GC heap after
{Heap after GC invocations=893 (full 3):
 PSYoungGen      total 5120K, used 512K [0x00000000d5580000, 0x00000000d5d00000, 0x0000000100000000)
  eden space 4608K, 0% used [0x00000000d5580000,0x00000000d5580000,0x00000000d5a00000)
  from space 512K, 100% used [0x00000000d5c00000,0x00000000d5c80000,0x00000000d5c80000)
  to   space 1536K, 0% used [0x00000000d5a00000,0x00000000d5a00000,0x00000000d5b80000)
 ParOldGen       total 608256K, used 608170K [0x0000000080000000, 0x00000000a5200000, 0x00000000d5580000)
  object space 608256K, 99% used [0x0000000080000000,0x00000000a51eaab0,0x00000000a5200000)
 Metaspace       used 71386K, committed 72896K, reserved 1179648K
  class space    used 6756K, committed 7424K, reserved 1048576K
}
Event: 31.001 GC heap before
{Heap before GC invocations=894 (full 3):
 PSYoungGen      total 5120K, used 5120K [0x00000000d5580000, 0x00000000d5d00000, 0x0000000100000000)
  eden space 4608K, 100% used [0x00000000d5580000,0x00000000d5a00000,0x00000000d5a00000)
  from space 512K, 100% used [0x00000000d5c00000,0x00000000d5c80000,0x00000000d5c80000)
  to   space 1536K, 0% used [0x00000000d5a00000,0x00000000d5a00000,0x00000000d5b80000)
 ParOldGen       total 608256K, used 608170K [0x0000000080000000, 0x00000000a5200000, 0x00000000d5580000)
  object space 608256K, 99% used [0x0000000080000000,0x00000000a51eaab0,0x00000000a5200000)
 Metaspace       used 71386K, committed 72896K, reserved 1179648K
  class space    used 6756K, committed 7424K, reserved 1048576K
}
Event: 31.005 GC heap after
{Heap after GC invocations=894 (full 3):
 PSYoungGen      total 6144K, used 576K [0x00000000d5580000, 0x00000000d5c80000, 0x0000000100000000)
  eden space 4608K, 0% used [0x00000000d5580000,0x00000000d5580000,0x00000000d5a00000)
  from space 1536K, 37% used [0x00000000d5a00000,0x00000000d5a90000,0x00000000d5b80000)
  to   space 1024K, 0% used [0x00000000d5b80000,0x00000000d5b80000,0x00000000d5c80000)
 ParOldGen       total 608768K, used 608642K [0x0000000080000000, 0x00000000a5280000, 0x00000000d5580000)
  object space 608768K, 99% used [0x0000000080000000,0x00000000a5260ab0,0x00000000a5280000)
 Metaspace       used 71386K, committed 72896K, reserved 1179648K
  class space    used 6756K, committed 7424K, reserved 1048576K
}
Event: 31.014 GC heap before
{Heap before GC invocations=895 (full 3):
 PSYoungGen      total 6144K, used 5184K [0x00000000d5580000, 0x00000000d5c80000, 0x0000000100000000)
  eden space 4608K, 100% used [0x00000000d5580000,0x00000000d5a00000,0x00000000d5a00000)
  from space 1536K, 37% used [0x00000000d5a00000,0x00000000d5a90000,0x00000000d5b80000)
  to   space 1024K, 0% used [0x00000000d5b80000,0x00000000d5b80000,0x00000000d5c80000)
 ParOldGen       total 608768K, used 608642K [0x0000000080000000, 0x00000000a5280000, 0x00000000d5580000)
  object space 608768K, 99% used [0x0000000080000000,0x00000000a5260ab0,0x00000000a5280000)
 Metaspace       used 71386K, committed 72896K, reserved 1179648K
  class space    used 6756K, committed 7424K, reserved 1048576K
}
Event: 31.016 GC heap after
{Heap after GC invocations=895 (full 3):
 PSYoungGen      total 5632K, used 544K [0x00000000d5580000, 0x00000000d5c80000, 0x0000000100000000)
  eden space 4608K, 0% used [0x00000000d5580000,0x00000000d5580000,0x00000000d5a00000)
  from space 1024K, 53% used [0x00000000d5b80000,0x00000000d5c08000,0x00000000d5c80000)
  to   space 1024K, 0% used [0x00000000d5a80000,0x00000000d5a80000,0x00000000d5b80000)
 ParOldGen       total 609280K, used 609152K [0x0000000080000000, 0x00000000a5300000, 0x00000000d5580000)
  object space 609280K, 99% used [0x0000000080000000,0x00000000a52e00c0,0x00000000a5300000)
 Metaspace       used 71386K, committed 72896K, reserved 1179648K
  class space    used 6756K, committed 7424K, reserved 1048576K
}
Event: 31.025 GC heap before
{Heap before GC invocations=896 (full 3):
 PSYoungGen      total 5632K, used 5152K [0x00000000d5580000, 0x00000000d5c80000, 0x0000000100000000)
  eden space 4608K, 100% used [0x00000000d5580000,0x00000000d5a00000,0x00000000d5a00000)
  from space 1024K, 53% used [0x00000000d5b80000,0x00000000d5c08000,0x00000000d5c80000)
  to   space 1024K, 0% used [0x00000000d5a80000,0x00000000d5a80000,0x00000000d5b80000)
 ParOldGen       total 609280K, used 609152K [0x0000000080000000, 0x00000000a5300000, 0x00000000d5580000)
  object space 609280K, 99% used [0x0000000080000000,0x00000000a52e00c0,0x00000000a5300000)
 Metaspace       used 71386K, committed 72896K, reserved 1179648K
  class space    used 6756K, committed 7424K, reserved 1048576K
}
Event: 31.027 GC heap after
{Heap after GC invocations=896 (full 3):
 PSYoungGen      total 5632K, used 608K [0x00000000d5580000, 0x00000000d5c00000, 0x0000000100000000)
  eden space 4608K, 0% used [0x00000000d5580000,0x00000000d5580000,0x00000000d5a00000)
  from space 1024K, 59% used [0x00000000d5a80000,0x00000000d5b18000,0x00000000d5b80000)
  to   space 512K, 0% used [0x00000000d5b80000,0x00000000d5b80000,0x00000000d5c00000)
 ParOldGen       total 609792K, used 609640K [0x0000000080000000, 0x00000000a5380000, 0x00000000d5580000)
  object space 609792K, 99% used [0x0000000080000000,0x00000000a535a0c0,0x00000000a5380000)
 Metaspace       used 71386K, committed 72896K, reserved 1179648K
  class space    used 6756K, committed 7424K, reserved 1048576K
}
Event: 31.041 GC heap before
{Heap before GC invocations=897 (full 3):
 PSYoungGen      total 5632K, used 5216K [0x00000000d5580000, 0x00000000d5c00000, 0x0000000100000000)
  eden space 4608K, 100% used [0x00000000d5580000,0x00000000d5a00000,0x00000000d5a00000)
  from space 1024K, 59% used [0x00000000d5a80000,0x00000000d5b18000,0x00000000d5b80000)
  to   space 512K, 0% used [0x00000000d5b80000,0x00000000d5b80000,0x00000000d5c00000)
 ParOldGen       total 609792K, used 609640K [0x0000000080000000, 0x00000000a5380000, 0x00000000d5580000)
  object space 609792K, 99% used [0x0000000080000000,0x00000000a535a0c0,0x00000000a5380000)
 Metaspace       used 71386K, committed 72896K, reserved 1179648K
  class space    used 6756K, committed 7424K, reserved 1048576K
}
Event: 31.044 GC heap after
{Heap after GC invocations=897 (full 3):
 PSYoungGen      total 4608K, used 512K [0x00000000d5580000, 0x00000000d5e00000, 0x0000000100000000)
  eden space 4096K, 0% used [0x00000000d5580000,0x00000000d5580000,0x00000000d5980000)
  from space 512K, 100% used [0x00000000d5b80000,0x00000000d5c00000,0x00000000d5c00000)
  to   space 2048K, 0% used [0x00000000d5980000,0x00000000d5980000,0x00000000d5b80000)
 ParOldGen       total 611328K, used 610934K [0x0000000080000000, 0x00000000a5500000, 0x00000000d5580000)
  object space 611328K, 99% used [0x0000000080000000,0x00000000a549d8c0,0x00000000a5500000)
 Metaspace       used 71386K, committed 72896K, reserved 1179648K
  class space    used 6756K, committed 7424K, reserved 1048576K
}
Event: 31.085 GC heap before
{Heap before GC invocations=898 (full 3):
 PSYoungGen      total 4608K, used 4608K [0x00000000d5580000, 0x00000000d5e00000, 0x0000000100000000)
  eden space 4096K, 100% used [0x00000000d5580000,0x00000000d5980000,0x00000000d5980000)
  from space 512K, 100% used [0x00000000d5b80000,0x00000000d5c00000,0x00000000d5c00000)
  to   space 2048K, 0% used [0x00000000d5980000,0x00000000d5980000,0x00000000d5b80000)
 ParOldGen       total 611328K, used 610934K [0x0000000080000000, 0x00000000a5500000, 0x00000000d5580000)
  object space 611328K, 99% used [0x0000000080000000,0x00000000a549d8c0,0x00000000a5500000)
 Metaspace       used 71391K, committed 72896K, reserved 1179648K
  class space    used 6756K, committed 7424K, reserved 1048576K
}
Event: 31.087 GC heap after
{Heap after GC invocations=898 (full 3):
 PSYoungGen      total 5632K, used 1119K [0x00000000d5580000, 0x00000000d5c80000, 0x0000000100000000)
  eden space 4096K, 0% used [0x00000000d5580000,0x00000000d5580000,0x00000000d5980000)
  from space 1536K, 72% used [0x00000000d5980000,0x00000000d5a97e78,0x00000000d5b00000)
  to   space 1536K, 0% used [0x00000000d5b00000,0x00000000d5b00000,0x00000000d5c80000)
 ParOldGen       total 611328K, used 611214K [0x0000000080000000, 0x00000000a5500000, 0x00000000d5580000)
  object space 611328K, 99% used [0x0000000080000000,0x00000000a54e38c0,0x00000000a5500000)
 Metaspace       used 71391K, committed 72896K, reserved 1179648K
  class space    used 6756K, committed 7424K, reserved 1048576K
}
Event: 31.097 GC heap before
{Heap before GC invocations=899 (full 3):
 PSYoungGen      total 5632K, used 5215K [0x00000000d5580000, 0x00000000d5c80000, 0x0000000100000000)
  eden space 4096K, 100% used [0x00000000d5580000,0x00000000d5980000,0x00000000d5980000)
  from space 1536K, 72% used [0x00000000d5980000,0x00000000d5a97e78,0x00000000d5b00000)
  to   space 1536K, 0% used [0x00000000d5b00000,0x00000000d5b00000,0x00000000d5c80000)
 ParOldGen       total 611328K, used 611214K [0x0000000080000000, 0x00000000a5500000, 0x00000000d5580000)
  object space 611328K, 99% used [0x0000000080000000,0x00000000a54e38c0,0x00000000a5500000)
 Metaspace       used 71391K, committed 72896K, reserved 1179648K
  class space    used 6756K, committed 7424K, reserved 1048576K
}
Event: 31.099 GC heap after
{Heap after GC invocations=899 (full 3):
 PSYoungGen      total 5120K, used 539K [0x00000000d5580000, 0x00000000d5c00000, 0x0000000100000000)
  eden space 4096K, 0% used [0x00000000d5580000,0x00000000d5580000,0x00000000d5980000)
  from space 1024K, 52% used [0x00000000d5b00000,0x00000000d5b86c08,0x00000000d5c00000)
  to   space 1024K, 0% used [0x00000000d5a00000,0x00000000d5a00000,0x00000000d5b00000)
 ParOldGen       total 612352K, used 612275K [0x0000000080000000, 0x00000000a5600000, 0x00000000d5580000)
  object space 612352K, 99% used [0x0000000080000000,0x00000000a55ecdd8,0x00000000a5600000)
 Metaspace       used 71391K, committed 72896K, reserved 1179648K
  class space    used 6756K, committed 7424K, reserved 1048576K
}
Event: 31.115 GC heap before
{Heap before GC invocations=900 (full 3):
 PSYoungGen      total 5120K, used 4635K [0x00000000d5580000, 0x00000000d5c00000, 0x0000000100000000)
  eden space 4096K, 100% used [0x00000000d5580000,0x00000000d5980000,0x00000000d5980000)
  from space 1024K, 52% used [0x00000000d5b00000,0x00000000d5b86c08,0x00000000d5c00000)
  to   space 1024K, 0% used [0x00000000d5a00000,0x00000000d5a00000,0x00000000d5b00000)
 ParOldGen       total 612352K, used 612275K [0x0000000080000000, 0x00000000a5600000, 0x00000000d5580000)
  object space 612352K, 99% used [0x0000000080000000,0x00000000a55ecdd8,0x00000000a5600000)
 Metaspace       used 71391K, committed 72896K, reserved 1179648K
  class space    used 6756K, committed 7424K, reserved 1048576K
}
Event: 31.120 GC heap after
{Heap after GC invocations=900 (full 3):
 PSYoungGen      total 5120K, used 544K [0x00000000d5580000, 0x00000000d5b80000, 0x0000000100000000)
  eden space 4096K, 0% used [0x00000000d5580000,0x00000000d5580000,0x00000000d5980000)
  from space 1024K, 53% used [0x00000000d5a00000,0x00000000d5a88000,0x00000000d5b00000)
  to   space 512K, 0% used [0x00000000d5b00000,0x00000000d5b00000,0x00000000d5b80000)
 ParOldGen       total 612864K, used 612734K [0x0000000080000000, 0x00000000a5680000, 0x00000000d5580000)
  object space 612864K, 99% used [0x0000000080000000,0x00000000a565f9e0,0x00000000a5680000)
 Metaspace       used 71391K, committed 72896K, reserved 1179648K
  class space    used 6756K, committed 7424K, reserved 1048576K
}

Dll operation events (10 events):
Event: 0.016 Loaded shared library c:\Users\Admin\.vscode\extensions\redhat.java-1.55.2026051309-win32-x64\jre\21.0.10-win32-x86_64\bin\java.dll
Event: 0.031 Loaded shared library c:\Users\Admin\.vscode\extensions\redhat.java-1.55.2026051309-win32-x64\jre\21.0.10-win32-x86_64\bin\zip.dll
Event: 0.096 Loaded shared library C:\Users\Admin\.vscode\extensions\redhat.java-1.55.2026051309-win32-x64\jre\21.0.10-win32-x86_64\bin\instrument.dll
Event: 0.101 Loaded shared library C:\Users\Admin\.vscode\extensions\redhat.java-1.55.2026051309-win32-x64\jre\21.0.10-win32-x86_64\bin\net.dll
Event: 0.102 Loaded shared library C:\Users\Admin\.vscode\extensions\redhat.java-1.55.2026051309-win32-x64\jre\21.0.10-win32-x86_64\bin\nio.dll
Event: 0.105 Loaded shared library C:\Users\Admin\.vscode\extensions\redhat.java-1.55.2026051309-win32-x64\jre\21.0.10-win32-x86_64\bin\zip.dll
Event: 0.121 Loaded shared library C:\Users\Admin\.vscode\extensions\redhat.java-1.55.2026051309-win32-x64\jre\21.0.10-win32-x86_64\bin\jimage.dll
Event: 0.184 Loaded shared library c:\Users\Admin\.vscode\extensions\redhat.java-1.55.2026051309-win32-x64\jre\21.0.10-win32-x86_64\bin\verify.dll
Event: 1.433 Loaded shared library C:\Users\Admin\AppData\Roaming\Code\User\globalStorage\redhat.java\1.55.2026051309\config_win\org.eclipse.equinox.launcher\org.eclipse.equinox.launcher.win32.win32.x86_64_1.3.0.v20260203-2149\eclipse_11919.dll
Event: 5.893 Loaded shared library C:\Users\Admin\AppData\Local\Temp\jna-63116079\jna14655088109888357318.dll

Deoptimization events (20 events):
Event: 30.408 Thread 0x0000017a7e2a6430 DEOPT PACKING pc=0x0000017a01a48fce sp=0x00000015fa0fef50
Event: 30.408 Thread 0x0000017a7e2a6430 DEOPT UNPACKING pc=0x0000017a07584242 sp=0x00000015fa0fe450 mode 0
Event: 30.413 Thread 0x0000017a7e2a6430 DEOPT PACKING pc=0x0000017a01a490cc sp=0x00000015fa0fef50
Event: 30.413 Thread 0x0000017a7e2a6430 DEOPT UNPACKING pc=0x0000017a07584242 sp=0x00000015fa0fe450 mode 0
Event: 30.414 Thread 0x0000017a7e2a6430 DEOPT PACKING pc=0x0000017a01a490cc sp=0x00000015fa0fef50
Event: 30.414 Thread 0x0000017a7e2a6430 DEOPT UNPACKING pc=0x0000017a07584242 sp=0x00000015fa0fe450 mode 0
Event: 30.463 Thread 0x0000017a7e2a6430 DEOPT PACKING pc=0x0000017a01a490cc sp=0x00000015fa0fef50
Event: 30.463 Thread 0x0000017a7e2a6430 DEOPT UNPACKING pc=0x0000017a07584242 sp=0x00000015fa0fe450 mode 0
Event: 30.464 Thread 0x0000017a7e2a6430 DEOPT PACKING pc=0x0000017a01a490cc sp=0x00000015fa0fef50
Event: 30.464 Thread 0x0000017a7e2a6430 DEOPT UNPACKING pc=0x0000017a07584242 sp=0x00000015fa0fe450 mode 0
Event: 30.513 Thread 0x0000017a7f30f4b0 DEOPT PACKING pc=0x0000017a018ec97e sp=0x00000015faafef50
Event: 30.513 Thread 0x0000017a7f30f4b0 DEOPT UNPACKING pc=0x0000017a07584242 sp=0x00000015faafe3e8 mode 0
Event: 30.981 Thread 0x0000017a7e2a6430 Uncommon trap: trap_request=0xffffff45 fr.pc=0x0000017a083cb000 relative=0x0000000000000be0
Event: 30.981 Thread 0x0000017a7e2a6430 Uncommon trap: reason=unstable_if action=reinterpret pc=0x0000017a083cb000 method=org.eclipse.jdt.internal.compiler.parser.Scanner.internalScanIdentifierOrKeyword(II[C)Lorg/eclipse/jdt/internal/compiler/parser/TerminalToken; @ 2059 c2
Event: 30.981 Thread 0x0000017a7e2a6430 DEOPT PACKING pc=0x0000017a083cb000 sp=0x00000015fa0ff2f0
Event: 30.981 Thread 0x0000017a7e2a6430 DEOPT UNPACKING pc=0x0000017a07583aa2 sp=0x00000015fa0ff280 mode 2
Event: 31.049 Thread 0x0000017a7e2a6430 Uncommon trap: trap_request=0xffffff45 fr.pc=0x0000017a083b1290 relative=0x0000000000001490
Event: 31.049 Thread 0x0000017a7e2a6430 Uncommon trap: reason=unstable_if action=reinterpret pc=0x0000017a083b1290 method=org.eclipse.jdt.internal.core.index.DiskIndex.writeStreamInt(Ljava/io/OutputStream;I)V @ 9 c2
Event: 31.050 Thread 0x0000017a7e2a6430 DEOPT PACKING pc=0x0000017a083b1290 sp=0x00000015fa0fef10
Event: 31.050 Thread 0x0000017a7e2a6430 DEOPT UNPACKING pc=0x0000017a07583aa2 sp=0x00000015fa0fee50 mode 2

Classes loaded (20 events):
Event: 18.000 Loading class java/util/concurrent/Executors$DelegatedExecutorService done
Event: 18.000 Loading class java/util/concurrent/Executors$DelegatedScheduledExecutorService done
Event: 18.040 Loading class java/util/concurrent/CompletionException
Event: 18.040 Loading class java/util/concurrent/CompletionException done
Event: 18.061 Loading class java/nio/file/FileTreeWalker$1
Event: 18.061 Loading class java/nio/file/FileTreeWalker$1 done
Event: 18.062 Loading class sun/nio/fs/Globs
Event: 18.062 Loading class sun/nio/fs/Globs done
Event: 18.062 Loading class java/util/regex/Pattern$SliceU
Event: 18.062 Loading class java/util/regex/Pattern$SliceU done
Event: 18.063 Loading class sun/nio/fs/WindowsFileSystem$2
Event: 18.063 Loading class java/nio/file/PathMatcher
Event: 18.063 Loading class java/nio/file/PathMatcher done
Event: 18.063 Loading class sun/nio/fs/WindowsFileSystem$2 done
Event: 18.181 Loading class java/util/Collections$SynchronizedRandomAccessList
Event: 18.181 Loading class java/util/Collections$SynchronizedList
Event: 18.181 Loading class java/util/Collections$SynchronizedList done
Event: 18.181 Loading class java/util/Collections$SynchronizedRandomAccessList done
Event: 18.185 Loading class java/util/concurrent/CompletableFuture$Signaller
Event: 18.185 Loading class java/util/concurrent/CompletableFuture$Signaller done

Classes unloaded (7 events):
Event: 6.173 Thread 0x0000017a708ebef0 Unloading class 0x0000017a101bb000 'java/lang/invoke/LambdaForm$MH+0x0000017a101bb000'
Event: 6.173 Thread 0x0000017a708ebef0 Unloading class 0x0000017a101bac00 'java/lang/invoke/LambdaForm$MH+0x0000017a101bac00'
Event: 6.173 Thread 0x0000017a708ebef0 Unloading class 0x0000017a101ba800 'java/lang/invoke/LambdaForm$MH+0x0000017a101ba800'
Event: 6.173 Thread 0x0000017a708ebef0 Unloading class 0x0000017a101ba400 'java/lang/invoke/LambdaForm$MH+0x0000017a101ba400'
Event: 6.173 Thread 0x0000017a708ebef0 Unloading class 0x0000017a101ba000 'java/lang/invoke/LambdaForm$BMH+0x0000017a101ba000'
Event: 6.173 Thread 0x0000017a708ebef0 Unloading class 0x0000017a101b9c00 'java/lang/invoke/LambdaForm$DMH+0x0000017a101b9c00'
Event: 6.173 Thread 0x0000017a708ebef0 Unloading class 0x0000017a101b8800 'java/lang/invoke/LambdaForm$DMH+0x0000017a101b8800'

Classes redefined (0 events):
No events

Internal exceptions (20 events):
Event: 29.355 Thread 0x0000017a7e2a6430 Exception <a 'sun/nio/fs/WindowsException'{0x00000000d574a310}> (0x00000000d574a310) 
thrown [s\src\hotspot\share\prims\jni.cpp, line 520]
Event: 29.366 Thread 0x0000017a7e2a6430 Exception <a 'sun/nio/fs/WindowsException'{0x00000000d5762cd8}> (0x00000000d5762cd8) 
thrown [s\src\hotspot\share\prims\jni.cpp, line 520]
Event: 29.683 Thread 0x0000017a7e2a6430 Exception <a 'sun/nio/fs/WindowsException'{0x00000000d55b1a18}> (0x00000000d55b1a18) 
thrown [s\src\hotspot\share\prims\jni.cpp, line 520]
Event: 29.735 Thread 0x0000017a7e2a6430 Exception <a 'sun/nio/fs/WindowsException'{0x00000000d57ea430}> (0x00000000d57ea430) 
thrown [s\src\hotspot\share\prims\jni.cpp, line 520]
Event: 29.793 Thread 0x0000017a7e2a6430 Exception <a 'sun/nio/fs/WindowsException'{0x00000000d57f4058}> (0x00000000d57f4058) 
thrown [s\src\hotspot\share\prims\jni.cpp, line 520]
Event: 29.825 Thread 0x0000017a7e2a6430 Exception <a 'sun/nio/fs/WindowsException'{0x00000000d55eaac8}> (0x00000000d55eaac8) 
thrown [s\src\hotspot\share\prims\jni.cpp, line 520]
Event: 29.854 Thread 0x0000017a7e2a6430 Exception <a 'sun/nio/fs/WindowsException'{0x00000000d58267b8}> (0x00000000d58267b8) 
thrown [s\src\hotspot\share\prims\jni.cpp, line 520]
Event: 30.119 Thread 0x0000017a7e2a6430 Exception <a 'sun/nio/fs/WindowsException'{0x00000000d558ea10}> (0x00000000d558ea10) 
thrown [s\src\hotspot\share\prims\jni.cpp, line 520]
Event: 30.145 Thread 0x0000017a7e2a6430 Exception <a 'sun/nio/fs/WindowsException'{0x00000000d58f7c38}> (0x00000000d58f7c38) 
thrown [s\src\hotspot\share\prims\jni.cpp, line 520]
Event: 30.169 Thread 0x0000017a7e2a6430 Exception <a 'sun/nio/fs/WindowsException'{0x00000000d5ad0c30}> (0x00000000d5ad0c30) 
thrown [s\src\hotspot\share\prims\jni.cpp, line 520]
Event: 30.253 Thread 0x0000017a7e2a6430 Exception <a 'sun/nio/fs/WindowsException'{0x00000000d5b347b8}> (0x00000000d5b347b8) 
thrown [s\src\hotspot\share\prims\jni.cpp, line 520]
Event: 30.288 Thread 0x0000017a7e2a6430 Exception <a 'sun/nio/fs/WindowsException'{0x00000000d56c5280}> (0x00000000d56c5280) 
thrown [s\src\hotspot\share\prims\jni.cpp, line 520]
Event: 30.427 Thread 0x0000017a7e2a6430 Exception <a 'sun/nio/fs/WindowsException'{0x00000000d588bb80}> (0x00000000d588bb80) 
thrown [s\src\hotspot\share\prims\jni.cpp, line 520]
Event: 30.475 Thread 0x0000017a7e2a6430 Exception <a 'sun/nio/fs/WindowsException'{0x00000000d564e708}> (0x00000000d564e708) 
thrown [s\src\hotspot\share\prims\jni.cpp, line 520]
Event: 30.512 Thread 0x0000017a7e2a6430 Exception <a 'sun/nio/fs/WindowsException'{0x00000000d57062f0}> (0x00000000d57062f0) 
thrown [s\src\hotspot\share\prims\jni.cpp, line 520]
Event: 30.658 Thread 0x0000017a7e2a6430 Exception <a 'sun/nio/fs/WindowsException'{0x00000000d56a5630}> (0x00000000d56a5630) 
thrown [s\src\hotspot\share\prims\jni.cpp, line 520]
Event: 30.877 Thread 0x0000017a7e2a6430 Exception <a 'sun/nio/fs/WindowsException'{0x00000000d5625c88}> (0x00000000d5625c88) 
thrown [s\src\hotspot\share\prims\jni.cpp, line 520]
Event: 30.898 Thread 0x0000017a7e2a6430 Exception <a 'sun/nio/fs/WindowsException'{0x00000000d5829888}> (0x00000000d5829888) 
thrown [s\src\hotspot\share\prims\jni.cpp, line 520]
Event: 30.909 Thread 0x0000017a7e2a6430 Exception <a 'sun/nio/fs/WindowsException'{0x00000000d58619c8}> (0x00000000d58619c8) 
thrown [s\src\hotspot\share\prims\jni.cpp, line 520]
Event: 31.069 Thread 0x0000017a7e2a6430 Exception <a 'sun/nio/fs/WindowsException'{0x00000000d5669e10}> (0x00000000d5669e10) 
thrown [s\src\hotspot\share\prims\jni.cpp, line 520]

ZGC Phase Switch (0 events):
No events

VM Operations (20 events):
Event: 30.967 Executing safepoint VM operation: ParallelGCFailedAllocation (Allocation Failure)
Event: 30.969 Executing safepoint VM operation: ParallelGCFailedAllocation (Allocation Failure) done
Event: 30.978 Executing safepoint VM operation: ParallelGCFailedAllocation (Allocation Failure)
Event: 30.980 Executing safepoint VM operation: ParallelGCFailedAllocation (Allocation Failure) done
Event: 30.989 Executing safepoint VM operation: ParallelGCFailedAllocation (Allocation Failure)
Event: 30.991 Executing safepoint VM operation: ParallelGCFailedAllocation (Allocation Failure) done
Event: 31.001 Executing safepoint VM operation: ParallelGCFailedAllocation (Allocation Failure)
Event: 31.005 Executing safepoint VM operation: ParallelGCFailedAllocation (Allocation Failure) done
Event: 31.014 Executing safepoint VM operation: ParallelGCFailedAllocation (Allocation Failure)
Event: 31.016 Executing safepoint VM operation: ParallelGCFailedAllocation (Allocation Failure) done
Event: 31.025 Executing safepoint VM operation: ParallelGCFailedAllocation (Allocation Failure)
Event: 31.028 Executing safepoint VM operation: ParallelGCFailedAllocation (Allocation Failure) done
Event: 31.041 Executing safepoint VM operation: ParallelGCFailedAllocation (Allocation Failure)
Event: 31.044 Executing safepoint VM operation: ParallelGCFailedAllocation (Allocation Failure) done
Event: 31.085 Executing safepoint VM operation: ParallelGCFailedAllocation (Allocation Failure)
Event: 31.087 Executing safepoint VM operation: ParallelGCFailedAllocation (Allocation Failure) done
Event: 31.097 Executing safepoint VM operation: ParallelGCFailedAllocation (Allocation Failure)
Event: 31.099 Executing safepoint VM operation: ParallelGCFailedAllocation (Allocation Failure) done
Event: 31.115 Executing safepoint VM operation: ParallelGCFailedAllocation (Allocation Failure)
Event: 31.120 Executing safepoint VM operation: ParallelGCFailedAllocation (Allocation Failure) done

Memory protections (0 events):
No events

Nmethod flushes (20 events):
Event: 11.824 Thread 0x0000017a708ebef0 flushing  nmethod 0x0000017a008f8f10
Event: 11.824 Thread 0x0000017a708ebef0 flushing  nmethod 0x0000017a008f9990
Event: 11.824 Thread 0x0000017a708ebef0 flushing  nmethod 0x0000017a008fc390
Event: 11.824 Thread 0x0000017a708ebef0 flushing  nmethod 0x0000017a00905d90
Event: 11.824 Thread 0x0000017a708ebef0 flushing  nmethod 0x0000017a0090a590
Event: 11.824 Thread 0x0000017a708ebef0 flushing  nmethod 0x0000017a00922090
Event: 11.824 Thread 0x0000017a708ebef0 flushing osr nmethod 0x0000017a00974b90
Event: 11.824 Thread 0x0000017a708ebef0 flushing osr nmethod 0x0000017a0097e290
Event: 11.824 Thread 0x0000017a708ebef0 flushing  nmethod 0x0000017a0098ae10
Event: 11.824 Thread 0x0000017a708ebef0 flushing  nmethod 0x0000017a00991610
Event: 11.824 Thread 0x0000017a708ebef0 flushing  nmethod 0x0000017a0099d210
Event: 11.824 Thread 0x0000017a708ebef0 flushing  nmethod 0x0000017a009a6d10
Event: 11.824 Thread 0x0000017a708ebef0 flushing  nmethod 0x0000017a009b1410
Event: 11.824 Thread 0x0000017a708ebef0 flushing  nmethod 0x0000017a009bbc10
Event: 11.824 Thread 0x0000017a708ebef0 flushing  nmethod 0x0000017a00a12790
Event: 11.824 Thread 0x0000017a708ebef0 flushing  nmethod 0x0000017a00a12a90
Event: 11.824 Thread 0x0000017a708ebef0 flushing  nmethod 0x0000017a00a1cf90
Event: 11.824 Thread 0x0000017a708ebef0 flushing  nmethod 0x0000017a00a1d590
Event: 11.824 Thread 0x0000017a708ebef0 flushing  nmethod 0x0000017a00a1e410
Event: 11.824 Thread 0x0000017a708ebef0 flushing  nmethod 0x0000017a00a23a10

Events (20 events):
Event: 17.071 Thread 0x0000017a50c45ac0 Thread exited: 0x0000017a50c45ac0
Event: 17.071 Thread 0x0000017a50c43360 Thread exited: 0x0000017a50c43360
Event: 17.071 Thread 0x0000017a50c47500 Thread exited: 0x0000017a50c47500
Event: 17.432 Thread 0x0000017a54906a40 Thread exited: 0x0000017a54906a40
Event: 17.529 Thread 0x0000017a7e2a5710 Thread added: 0x0000017a50c43360
Event: 17.529 Thread 0x0000017a7e2a5710 Thread added: 0x0000017a50c47500
Event: 17.529 Thread 0x0000017a7e2a5710 Thread added: 0x0000017a50c45ac0
Event: 17.530 Thread 0x0000017a7e2a5710 Thread added: 0x0000017a50c46150
Event: 17.530 Thread 0x0000017a7e2a5710 Thread added: 0x0000017a50c41920
Event: 17.566 Thread 0x0000017a50c45ac0 Thread exited: 0x0000017a50c45ac0
Event: 17.567 Thread 0x0000017a50c46150 Thread exited: 0x0000017a50c46150
Event: 17.567 Thread 0x0000017a50c41920 Thread exited: 0x0000017a50c41920
Event: 17.567 Thread 0x0000017a50c47500 Thread exited: 0x0000017a50c47500
Event: 17.567 Thread 0x0000017a50c43360 Thread exited: 0x0000017a50c43360
Event: 17.579 Thread 0x0000017a7075c540 Thread added: 0x0000017a54904830
Event: 18.000 Thread 0x0000017a7e2a5710 Thread added: 0x0000017a50c47500
Event: 18.146 Thread 0x0000017a50c47500 Thread exited: 0x0000017a50c47500
Event: 19.416 Thread 0x0000017a54904830 Thread exited: 0x0000017a54904830
Event: 26.966 Thread 0x0000017a70758e70 Thread added: 0x0000017a54904830
Event: 27.873 Thread 0x0000017a54904830 Thread exited: 0x0000017a54904830


Dynamic libraries:
0x00007ff78d710000 - 0x00007ff78d71e000 	c:\Users\Admin\.vscode\extensions\redhat.java-1.55.2026051309-win32-x64\jre\21.0.10-win32-x86_64\bin\java.exe
0x00007ffa14370000 - 0x00007ffa14568000 	C:\Windows\SYSTEM32\ntdll.dll
0x00007ffa13410000 - 0x00007ffa134d2000 	C:\Windows\System32\KERNEL32.DLL
0x00007ffa11c40000 - 0x00007ffa11f36000 	C:\Windows\System32\KERNELBASE.dll
0x00007ffa0ef50000 - 0x00007ffa0efe4000 	C:\Windows\SYSTEM32\apphelp.dll
0x00007ffa11f40000 - 0x00007ffa12040000 	C:\Windows\System32\ucrtbase.dll
0x00007ff9eb4e0000 - 0x00007ff9eb4f8000 	c:\Users\Admin\.vscode\extensions\redhat.java-1.55.2026051309-win32-x64\jre\21.0.10-win32-x86_64\bin\jli.dll
0x00007ffa12900000 - 0x00007ffa12aa1000 	C:\Windows\System32\USER32.dll
0x00007ffa11a00000 - 0x00007ffa11a22000 	C:\Windows\System32\win32u.dll
0x00007ffa12850000 - 0x00007ffa1287b000 	C:\Windows\System32\GDI32.dll
0x00007ffa120f0000 - 0x00007ffa12209000 	C:\Windows\System32\gdi32full.dll
0x00007ffa12210000 - 0x00007ffa122ad000 	C:\Windows\System32\msvcp_win.dll
0x00007ff9ffaa0000 - 0x00007ff9ffabe000 	c:\Users\Admin\.vscode\extensions\redhat.java-1.55.2026051309-win32-x64\jre\21.0.10-win32-x86_64\bin\VCRUNTIME140.dll
0x00007ffa00df0000 - 0x00007ffa0108b000 	C:\Windows\WinSxS\amd64_microsoft.windows.common-controls_6595b64144ccf1df_6.0.19041.6456_none_60b8a6cb71f64256\COMCTL32.dll
0x00007ffa13370000 - 0x00007ffa1340e000 	C:\Windows\System32\msvcrt.dll
0x00007ffa132e0000 - 0x00007ffa1330f000 	C:\Windows\System32\IMM32.DLL
0x00007ffa0bbb0000 - 0x00007ffa0bbbc000 	c:\Users\Admin\.vscode\extensions\redhat.java-1.55.2026051309-win32-x64\jre\21.0.10-win32-x86_64\bin\vcruntime140_1.dll
0x00007ff9e77d0000 - 0x00007ff9e785d000 	c:\Users\Admin\.vscode\extensions\redhat.java-1.55.2026051309-win32-x64\jre\21.0.10-win32-x86_64\bin\msvcp140.dll
0x00007ff9ccc00000 - 0x00007ff9cd9a1000 	c:\Users\Admin\.vscode\extensions\redhat.java-1.55.2026051309-win32-x64\jre\21.0.10-win32-x86_64\bin\server\jvm.dll
0x00007ffa12790000 - 0x00007ffa12841000 	C:\Windows\System32\ADVAPI32.dll
0x00007ffa13ff0000 - 0x00007ffa1408f000 	C:\Windows\System32\sechost.dll
0x00007ffa14210000 - 0x00007ffa14330000 	C:\Windows\System32\RPCRT4.dll
0x00007ffa11b90000 - 0x00007ffa11bb7000 	C:\Windows\System32\bcrypt.dll
0x00007ffa13920000 - 0x00007ffa1398b000 	C:\Windows\System32\WS2_32.dll
0x00007ffa11860000 - 0x00007ffa118ab000 	C:\Windows\SYSTEM32\POWRPROF.dll
0x00007ffa016b0000 - 0x00007ffa016d7000 	C:\Windows\SYSTEM32\WINMM.dll
0x00007ffa0c840000 - 0x00007ffa0c84a000 	C:\Windows\SYSTEM32\VERSION.dll
0x00007ffa11840000 - 0x00007ffa11852000 	C:\Windows\SYSTEM32\UMPDC.dll
0x00007ffa0f7b0000 - 0x00007ffa0f7c2000 	C:\Windows\SYSTEM32\kernel.appcore.dll
0x00007ffa0bba0000 - 0x00007ffa0bbaa000 	c:\Users\Admin\.vscode\extensions\redhat.java-1.55.2026051309-win32-x64\jre\21.0.10-win32-x86_64\bin\jimage.dll
0x00007ffa014a0000 - 0x00007ffa016a1000 	C:\Windows\SYSTEM32\DBGHELP.DLL
0x00007ff9f0dc0000 - 0x00007ff9f0df4000 	C:\Windows\SYSTEM32\dbgcore.DLL
0x00007ffa12300000 - 0x00007ffa12382000 	C:\Windows\System32\bcryptPrimitives.dll
0x00007ffa0f050000 - 0x00007ffa0f05f000 	c:\Users\Admin\.vscode\extensions\redhat.java-1.55.2026051309-win32-x64\jre\21.0.10-win32-x86_64\bin\instrument.dll
0x00007ff9ffb10000 - 0x00007ff9ffb30000 	c:\Users\Admin\.vscode\extensions\redhat.java-1.55.2026051309-win32-x64\jre\21.0.10-win32-x86_64\bin\java.dll
0x00007ff9ec790000 - 0x00007ff9ec7a8000 	c:\Users\Admin\.vscode\extensions\redhat.java-1.55.2026051309-win32-x64\jre\21.0.10-win32-x86_64\bin\zip.dll
0x00007ffa12ab0000 - 0x00007ffa13220000 	C:\Windows\System32\SHELL32.dll
0x00007ffa0fa90000 - 0x00007ffa10235000 	C:\Windows\SYSTEM32\windows.storage.dll
0x00007ffa134e0000 - 0x00007ffa13834000 	C:\Windows\System32\combase.dll
0x00007ffa11350000 - 0x00007ffa1137b000 	C:\Windows\SYSTEM32\Wldp.dll
0x00007ffa14090000 - 0x00007ffa1415d000 	C:\Windows\System32\OLEAUT32.dll
0x00007ffa14160000 - 0x00007ffa1420d000 	C:\Windows\System32\SHCORE.dll
0x00007ffa12880000 - 0x00007ffa128db000 	C:\Windows\System32\shlwapi.dll
0x00007ffa11930000 - 0x00007ffa11954000 	C:\Windows\SYSTEM32\profapi.dll
0x00007ffa01850000 - 0x00007ffa01860000 	C:\Users\Admin\.vscode\extensions\redhat.java-1.55.2026051309-win32-x64\jre\21.0.10-win32-x86_64\bin\net.dll
0x00007ffa0b910000 - 0x00007ffa0ba1a000 	C:\Windows\SYSTEM32\WINHTTP.dll
0x00007ffa110b0000 - 0x00007ffa1111a000 	C:\Windows\system32\mswsock.dll
0x00007ff9eb4c0000 - 0x00007ff9eb4d6000 	C:\Users\Admin\.vscode\extensions\redhat.java-1.55.2026051309-win32-x64\jre\21.0.10-win32-x86_64\bin\nio.dll
0x00007ffa0b750000 - 0x00007ffa0b760000 	c:\Users\Admin\.vscode\extensions\redhat.java-1.55.2026051309-win32-x64\jre\21.0.10-win32-x86_64\bin\verify.dll
0x00007ff9ed100000 - 0x00007ff9ed145000 	C:\Users\Admin\AppData\Roaming\Code\User\globalStorage\redhat.java\1.55.2026051309\config_win\org.eclipse.equinox.launcher\org.eclipse.equinox.launcher.win32.win32.x86_64_1.3.0.v20260203-2149\eclipse_11919.dll
0x00007ffa124b0000 - 0x00007ffa125db000 	C:\Windows\System32\ole32.dll
0x00007ffa112b0000 - 0x00007ffa112c8000 	C:\Windows\SYSTEM32\CRYPTSP.dll
0x00007ffa109d0000 - 0x00007ffa10a08000 	C:\Windows\system32\rsaenh.dll
0x00007ffa118b0000 - 0x00007ffa118de000 	C:\Windows\SYSTEM32\USERENV.dll
0x00007ffa112a0000 - 0x00007ffa112ac000 	C:\Windows\SYSTEM32\CRYPTBASE.dll
0x00007ffa10d90000 - 0x00007ffa10dcb000 	C:\Windows\SYSTEM32\IPHLPAPI.DLL
0x00007ffa128e0000 - 0x00007ffa128e8000 	C:\Windows\System32\NSI.dll
0x00007ff9e8d80000 - 0x00007ff9e8dc9000 	C:\Users\Admin\AppData\Local\Temp\jna-63116079\jna14655088109888357318.dll
0x00007ffa13220000 - 0x00007ffa13228000 	C:\Windows\System32\PSAPI.DLL
0x00007ffa0bdb0000 - 0x00007ffa0bdc7000 	C:\Windows\SYSTEM32\dhcpcsvc6.DLL
0x00007ffa0c650000 - 0x00007ffa0c66d000 	C:\Windows\SYSTEM32\dhcpcsvc.DLL
0x00007ffa10c20000 - 0x00007ffa10c53000 	C:\Windows\SYSTEM32\ntmarta.dll

JVMTI agents:
c:\Users\Admin\.vscode\extensions\redhat.java-1.55.2026051309-win32-x64\lombok\lombok-1.18.39-4050.jar path:c:\Users\Admin\.vscode\extensions\redhat.java-1.55.2026051309-win32-x64\jre\21.0.10-win32-x86_64\bin\instrument.dll, loaded, initialized, instrumentlib options:none

dbghelp: loaded successfully - version: 4.0.5 - missing functions: none
symbol engine: initialized successfully - sym options: 0x614 - pdb path: .;c:\Users\Admin\.vscode\extensions\redhat.java-1.55.2026051309-win32-x64\jre\21.0.10-win32-x86_64\bin;C:\Windows\SYSTEM32;C:\Windows\WinSxS\amd64_microsoft.windows.common-controls_6595b64144ccf1df_6.0.19041.6456_none_60b8a6cb71f64256;c:\Users\Admin\.vscode\extensions\redhat.java-1.55.2026051309-win32-x64\jre\21.0.10-win32-x86_64\bin\server;C:\Users\Admin\AppData\Roaming\Code\User\globalStorage\redhat.java\1.55.2026051309\config_win\org.eclipse.equinox.launcher\org.eclipse.equinox.launcher.win32.win32.x86_64_1.3.0.v20260203-2149;C:\Users\Admin\AppData\Local\Temp\jna-63116079

VM Arguments:
jvm_args: --add-modules=ALL-SYSTEM --add-opens=java.base/java.util=ALL-UNNAMED --add-opens=java.base/java.lang=ALL-UNNAMED --add-opens=java.base/sun.nio.fs=ALL-UNNAMED -Declipse.application=org.eclipse.jdt.ls.core.id1 -Dosgi.bundles.defaultStartLevel=4 -Declipse.product=org.eclipse.jdt.ls.core.product -Djava.import.generatesMetadataFilesAtProjectRoot=false -DDetectVMInstallationsJob.disabled=true -Dfile.encoding=utf8 -XX:+UseParallelGC -XX:GCTimeRatio=4 -XX:AdaptiveSizePolicyWeight=90 -Dsun.zip.disableMemoryMapping=true -Xmx2G -Xms100m -Xlog:disable -javaagent:c:\Users\Admin\.vscode\extensions\redhat.java-1.55.2026051309-win32-x64\lombok\lombok-1.18.39-4050.jar -XX:+HeapDumpOnOutOfMemoryError -XX:HeapDumpPath=c:\Users\Admin\AppData\Roaming\Code\User\workspaceStorage\9b61c8759c294bde21ab693b22915321\redhat.java -Daether.dependencyCollector.impl=bf -XX:+UnlockDiagnosticVMOptions -XX:+AllowArchivingWithJavaAgent -XX:+AutoCreateSharedArchive -XX:SharedArchiveFile=c:\Users\Admin\AppData\Roaming\Code\User\globalStorage\redhat.java\1.55.2026051309\jdtls.jsa 
java_command: c:\Users\Admin\.vscode\extensions\redhat.java-1.55.2026051309-win32-x64\server\plugins\org.eclipse.equinox.launcher_1.7.100.v20251111-0406.jar -configuration c:\Users\Admin\AppData\Roaming\Code\User\globalStorage\redhat.java\1.55.2026051309\config_win -data c:\Users\Admin\AppData\Roaming\Code\User\workspaceStorage\9b61c8759c294bde21ab693b22915321\redhat.java\jdt_ws --pipe=\\.\pipe\lsp-6a1f7a424b5418968cf32e8cf2f7e2c7-sock
java_class_path (initial): c:\Users\Admin\.vscode\extensions\redhat.java-1.55.2026051309-win32-x64\server\plugins\org.eclipse.equinox.launcher_1.7.100.v20251111-0406.jar
Launcher Type: SUN_STANDARD

[Global flags]
    uintx AdaptiveSizePolicyWeight                 = 90                                        {product} {command line}
     bool AllowArchivingWithJavaAgent              = true                             {JVMCI diagnostic} {command line}
     bool AutoCreateSharedArchive                  = true                                {JVMCI product} {command line}
     intx CICompilerCount                          = 3                                         {product} {ergonomic}
    uintx GCTimeRatio                              = 4                                         {product} {command line}
     bool HeapDumpOnOutOfMemoryError               = true                                   {manageable} {command line}
    ccstr HeapDumpPath                             = c:\Users\Admin\AppData\Roaming\Code\User\workspaceStorage\9b61c8759c294bde21ab693b22915321\redhat.java         {manageable} {command line}
   size_t InitialHeapSize                          = 104857600                                 {product} {command line}
   size_t MaxHeapSize                              = 2147483648                                {product} {command line}
   size_t MaxNewSize                               = 715653120                                 {product} {ergonomic}
   size_t MinHeapDeltaBytes                        = 524288                                    {product} {ergonomic}
   size_t MinHeapSize                              = 104857600                                 {product} {command line}
   size_t NewSize                                  = 34603008                                  {product} {ergonomic}
    uintx NonNMethodCodeHeapSize                   = 5832780                                {pd product} {ergonomic}
    uintx NonProfiledCodeHeapSize                  = 122912730                              {pd product} {ergonomic}
   size_t OldSize                                  = 70254592                                  {product} {ergonomic}
    uintx ProfiledCodeHeapSize                     = 122912730                              {pd product} {ergonomic}
    uintx ReservedCodeCacheSize                    = 251658240                              {pd product} {ergonomic}
     bool SegmentedCodeCache                       = true                                      {product} {ergonomic}
    ccstr SharedArchiveFile                        =                                     {JVMCI product} {command line}
   size_t SoftMaxHeapSize                          = 2147483648                             {manageable} {ergonomic}
     bool UnlockDiagnosticVMOptions                = true                                   {diagnostic} {command line}
     bool UseCompressedOops                        = true                           {product lp64_product} {ergonomic}
     bool UseLargePagesIndividualAllocation        = false                                  {pd product} {ergonomic}
     bool UseParallelGC                            = true                                      {product} {command line}

Logging:
Log output configuration:
 #0: stdout all=off uptime,level,tags foldmultilines=false
 #1: stderr all=off uptime,level,tags foldmultilines=false

Release file:
JAVA_VERSION="21.0.10" 
MODULES="java.base java.compiler java.datatransfer java.xml java.prefs java.desktop java.instrument java.logging java.management java.security.sasl java.naming java.rmi java.management.rmi java.net.http java.scripting java.security.jgss java.transaction.xa java.sql java.sql.rowset java.xml.crypto java.se java.smartcardio jdk.accessibility jdk.internal.jvmstat jdk.attach jdk.charsets jdk.internal.opt jdk.zipfs jdk.compiler jdk.crypto.ec jdk.crypto.cryptoki jdk.crypto.mscapi jdk.dynalink jdk.internal.ed jdk.editpad jdk.hotspot.agent jdk.httpserver jdk.internal.le jdk.internal.vm.ci jdk.internal.vm.compiler jdk.internal.vm.compiler.management jdk.jartool jdk.javadoc jdk.jcmd jdk.management jdk.management.agent jdk.jconsole jdk.jdeps jdk.jdwp.agent jdk.jdi jdk.jfr jdk.jshell jdk.jsobject jdk.jstatd jdk.localedata jdk.management.jfr jdk.naming.dns jdk.naming.rmi jdk.net jdk.nio.mapmode jdk.random jdk.sctp jdk.security.auth jdk.security.jgss jdk.unsupported jdk.unsupported.desktop jdk.xml.dom" 

Environment Variables:
PATH=C:\Users\Admin\AppData\Local\Programs\Microsoft VS Code;C:\Program Files\Google\Chrome\Application;C:\Program Files\Common Files\Oracle\Java\javapath;C:\Program Files (x86)\Common Files\Oracle\Java\java8path;C:\Program Files (x86)\Common Files\Oracle\Java\javapath;C:\Windows\system32;C:\Windows;C:\Windows\System32\Wbem;C:\Windows\System32\WindowsPowerShell\v1.0\;C:\Windows\System32\OpenSSH\;C:\xampp\php;C:\ProgramData\ComposerSetup\bin;C:\Program Files\nodejs\;C:\Program Files\Git\cmd;C:\Program Files\PuTTY\;C:\Users\Admin\AppData\Local\Microsoft\WindowsApps;C:\Users\Admin\AppData\Local\Programs\Microsoft VS Code\bin;C:\Users\Admin\AppData\Roaming\Composer\vendor\bin;C:\Users\Admin\AppData\Roaming\npm
USERNAME=Admin
OS=Windows_NT
PROCESSOR_IDENTIFIER=Intel64 Family 6 Model 158 Stepping 9, GenuineIntel
TMP=C:\Users\Admin\AppData\Local\Temp
TEMP=C:\Users\Admin\AppData\Local\Temp




Periodic native trim disabled

---------------  S Y S T E M  ---------------

OS:
 Windows 10 , 64 bit Build 19041 (10.0.19041.5915)
OS uptime: 0 days 1:47 hours

CPU: total 4 (initial active 4) (4 cores per cpu, 1 threads per core) family 6 model 158 stepping 9 microcode 0xb4, cx8, cmov, fxsr, mmx, 3dnowpref, sse, sse2, sse3, ssse3, sse4.1, sse4.2, popcnt, lzcnt, tsc, tscinvbit, avx, avx2, aes, erms, clmul, bmi1, bmi2, rtm, adx, fma, vzeroupper, clflush, clflushopt, rdtscp, f16c
Processor Information for the first 4 processors :
  Max Mhz: 3408, Current Mhz: 3408, Mhz Limit: 3408

Memory: 4k page, system-wide physical 8098M (274M free)
TotalPageFile size 9378M (AvailPageFile size 4M)
current process WorkingSet (physical memory assigned to process): 646M, peak: 722M
current process commit charge ("private bytes"): 882M, peak: 1647M

vm_info: OpenJDK 64-Bit Server VM (21.0.10+7-LTS) for windows-amd64 JRE (21.0.10+7-LTS), built on 2026-01-20T00:00:00Z by "admin" with MS VC++ 17.12 (VS2022)

END.
