#
# There is insufficient memory for the Java Runtime Environment to continue.
# Native memory allocation (malloc) failed to allocate 1530416 bytes. Error detail: Chunk::new
# Possible reasons:
#   The system is out of physical RAM or swap space
#   This process is running with CompressedOops enabled, and the Java Heap may be blocking the growth of the native heap
# Possible solutions:
#   Reduce memory load on the system
#   Increase physical memory or swap space
#   Check if swap backing store is full
#   Decrease Java heap size (-Xmx/-Xms)
#   Decrease number of Java threads
#   Decrease Java thread stack sizes (-Xss)
#   Set larger code cache with -XX:ReservedCodeCacheSize=
#   JVM is running with Unscaled Compressed Oops mode in which the Java heap is
#     placed in the first 4GB address space. The Java Heap base address is the
#     maximum limit for the native heap growth. Please use -XX:HeapBaseMinAddress
#     to set the Java Heap base and to place the Java Heap above 4GB virtual address.
# This output file may be truncated or incomplete.
#
#  Out of Memory Error (arena.cpp:168), pid=1524, tid=12284
#
# JRE version: OpenJDK Runtime Environment Temurin-21.0.10+7 (21.0.10+7) (build 21.0.10+7-LTS)
# Java VM: OpenJDK 64-Bit Server VM Temurin-21.0.10+7 (21.0.10+7-LTS, mixed mode, sharing, tiered, compressed oops, compressed class ptrs, parallel gc, windows-amd64)
# No core dump will be written. Minidumps are not enabled by default on client versions of Windows
#

---------------  S U M M A R Y ------------

Command Line: --add-modules=ALL-SYSTEM --add-opens=java.base/java.util=ALL-UNNAMED --add-opens=java.base/java.lang=ALL-UNNAMED --add-opens=java.base/sun.nio.fs=ALL-UNNAMED -Declipse.application=org.eclipse.jdt.ls.core.id1 -Dosgi.bundles.defaultStartLevel=4 -Declipse.product=org.eclipse.jdt.ls.core.product -Djava.import.generatesMetadataFilesAtProjectRoot=false -DDetectVMInstallationsJob.disabled=true -Dfile.encoding=utf8 -XX:+UseParallelGC -XX:GCTimeRatio=4 -XX:AdaptiveSizePolicyWeight=90 -Dsun.zip.disableMemoryMapping=true -Xmx2G -Xms100m -Xlog:disable -javaagent:c:\Users\Admin\.vscode\extensions\redhat.java-1.55.2026051309-win32-x64\lombok\lombok-1.18.39-4050.jar -XX:+HeapDumpOnOutOfMemoryError -XX:HeapDumpPath=c:\Users\Admin\AppData\Roaming\Code\User\workspaceStorage\9b61c8759c294bde21ab693b22915321\redhat.java -Daether.dependencyCollector.impl=bf -XX:+UnlockDiagnosticVMOptions -XX:+AllowArchivingWithJavaAgent -XX:+AutoCreateSharedArchive -XX:SharedArchiveFile=c:\Users\Admin\AppData\Roaming\Code\User\globalStorage\redhat.java\1.55.2026051309\jdtls.jsa c:\Users\Admin\.vscode\extensions\redhat.java-1.55.2026051309-win32-x64\server\plugins\org.eclipse.equinox.launcher_1.7.100.v20251111-0406.jar -configuration c:\Users\Admin\AppData\Roaming\Code\User\globalStorage\redhat.java\1.55.2026051309\config_win -data c:\Users\Admin\AppData\Roaming\Code\User\workspaceStorage\9b61c8759c294bde21ab693b22915321\redhat.java\jdt_ws --pipe=\\.\pipe\lsp-91449194a286efaa447d44c37a5d0352-sock

Host: Intel(R) Core(TM) i5-7500 CPU @ 3.40GHz, 4 cores, 7G,  Windows 10 , 64 bit Build 19041 (10.0.19041.5915)
Time: Wed May 20 16:55:15 2026 Hora oficial do Brasil elapsed time: 24.316639 seconds (0d 0h 0m 24s)

---------------  T H R E A D  ---------------

Current thread (0x00000244ce155ee0):  JavaThread "C2 CompilerThread1" daemon [_thread_in_native, id=12284, stack(0x000000c78b100000,0x000000c78b200000) (1024K)]


Current CompileTask:
C2:24316 11064       4       org.lombokweb.asm.ClassReader::readMethod (1070 bytes)

Stack: [0x000000c78b100000,0x000000c78b200000]
Native frames: (J=compiled Java code, j=interpreted, Vv=VM code, C=native code)
V  [jvm.dll+0x6d7a39]
V  [jvm.dll+0x8b4b26]
V  [jvm.dll+0x8b70de]
V  [jvm.dll+0x8b77c3]
V  [jvm.dll+0x284346]
V  [jvm.dll+0xc66ed]
V  [jvm.dll+0xc6c31]
V  [jvm.dll+0x3bec01]
V  [jvm.dll+0x1e3d62]
V  [jvm.dll+0x24c6b3]
V  [jvm.dll+0x24bb40]
V  [jvm.dll+0x1cb34e]
V  [jvm.dll+0x25b85d]
V  [jvm.dll+0x259dea]
V  [jvm.dll+0x3f857e]
V  [jvm.dll+0x85f59d]
V  [jvm.dll+0x6d626d]
C  [ucrtbase.dll+0x21bb2]
C  [KERNEL32.DLL+0x17374]
C  [ntdll.dll+0x4cc91]


---------------  P R O C E S S  ---------------

Threads class SMR info:
_java_thread_list=0x00000244cfbf6bb0, length=47, elements={
0x00000244ebfd20d0, 0x00000244fe9bb460, 0x00000244fe9bcab0, 0x00000244fe9c16d0,
0x00000244fe9c5230, 0x00000244fe9c4510, 0x00000244fe9c58c0, 0x00000244fe9c7cc0,
0x00000244fea3a1d0, 0x00000244fe9c4ba0, 0x00000244fe9c5f50, 0x00000244fe9c2ad0,
0x00000244fe9c3e80, 0x00000244fe9c3160, 0x00000244fe9c37f0, 0x00000244cdb7bca0,
0x00000244cdb77470, 0x00000244cdb7af80, 0x00000244cdb75a30, 0x00000244cdb7b610,
0x00000244cdb77b00, 0x00000244cdb7a260, 0x00000244cdb7c330, 0x00000244cdb79bd0,
0x00000244cdb760c0, 0x00000244cdb753a0, 0x00000244cdb78190, 0x00000244cdb76750,
0x00000244cdb7a8f0, 0x00000244cdb7c9c0, 0x00000244cdb79540, 0x00000244cdb76de0,
0x00000244cdb78820, 0x00000244cd2d3610, 0x00000244cd2d28f0, 0x00000244cd2d3ca0,
0x00000244cea86040, 0x00000244cea81ea0, 0x00000244cea85320, 0x00000244cea83f70,
0x00000244cea887a0, 0x00000244cea838e0, 0x00000244cea86d60, 0x00000244cea87a80,
0x00000244ce155ee0, 0x00000244cea88110, 0x00000244cea894c0
}

Java Threads: ( => current thread )
  0x00000244ebfd20d0 JavaThread "main"                              [_thread_blocked, id=3144, stack(0x000000c787d00000,0x000000c787e00000) (1024K)]
  0x00000244fe9bb460 JavaThread "Reference Handler"          daemon [_thread_blocked, id=1552, stack(0x000000c788100000,0x000000c788200000) (1024K)]
  0x00000244fe9bcab0 JavaThread "Finalizer"                  daemon [_thread_blocked, id=6644, stack(0x000000c788200000,0x000000c788300000) (1024K)]
  0x00000244fe9c16d0 JavaThread "Signal Dispatcher"          daemon [_thread_blocked, id=10588, stack(0x000000c788300000,0x000000c788400000) (1024K)]
  0x00000244fe9c5230 JavaThread "Attach Listener"            daemon [_thread_blocked, id=11792, stack(0x000000c788400000,0x000000c788500000) (1024K)]
  0x00000244fe9c4510 JavaThread "Service Thread"             daemon [_thread_blocked, id=6868, stack(0x000000c788500000,0x000000c788600000) (1024K)]
  0x00000244fe9c58c0 JavaThread "Monitor Deflation Thread"   daemon [_thread_blocked, id=6448, stack(0x000000c788600000,0x000000c788700000) (1024K)]
  0x00000244fe9c7cc0 JavaThread "C2 CompilerThread0"         daemon [_thread_in_native, id=12036, stack(0x000000c788700000,0x000000c788800000) (1024K)]
  0x00000244fea3a1d0 JavaThread "C1 CompilerThread0"         daemon [_thread_in_vm, id=1916, stack(0x000000c788800000,0x000000c788900000) (1024K)]
  0x00000244fe9c4ba0 JavaThread "Common-Cleaner"             daemon [_thread_blocked, id=4588, stack(0x000000c788900000,0x000000c788a00000) (1024K)]
  0x00000244fe9c5f50 JavaThread "Notification Thread"        daemon [_thread_blocked, id=11340, stack(0x000000c788b00000,0x000000c788c00000) (1024K)]
  0x00000244fe9c2ad0 JavaThread "Active Thread: Equinox Container: 977f02f4-4641-4e4a-846f-7f80d7b45d82"        [_thread_blocked, id=4140, stack(0x000000c788f00000,0x000000c789000000) (1024K)]
  0x00000244fe9c3e80 JavaThread "Refresh Thread: Equinox Container: 977f02f4-4641-4e4a-846f-7f80d7b45d82" daemon [_thread_blocked, id=2504, stack(0x000000c789000000,0x000000c789100000) (1024K)]
  0x00000244fe9c3160 JavaThread "Framework Event Dispatcher: Equinox Container: 977f02f4-4641-4e4a-846f-7f80d7b45d82" daemon [_thread_blocked, id=8764, stack(0x000000c789100000,0x000000c789200000) (1024K)]
  0x00000244fe9c37f0 JavaThread "Start Level: Equinox Container: 977f02f4-4641-4e4a-846f-7f80d7b45d82" daemon [_thread_blocked, id=10452, stack(0x000000c789200000,0x000000c789300000) (1024K)]
  0x00000244cdb7bca0 JavaThread "Bundle File Closer"         daemon [_thread_blocked, id=10028, stack(0x000000c788a00000,0x000000c788b00000) (1024K)]
  0x00000244cdb77470 JavaThread "SCR Component Actor"        daemon [_thread_blocked, id=6152, stack(0x000000c789300000,0x000000c789400000) (1024K)]
  0x00000244cdb7af80 JavaThread "Worker-JM"                         [_thread_blocked, id=8584, stack(0x000000c789500000,0x000000c789600000) (1024K)]
  0x00000244cdb75a30 JavaThread "JNA Cleaner"                daemon [_thread_blocked, id=10352, stack(0x000000c789400000,0x000000c789500000) (1024K)]
  0x00000244cdb7b610 JavaThread "Worker-0"                          [_thread_blocked, id=6980, stack(0x000000c789600000,0x000000c789700000) (1024K)]
  0x00000244cdb77b00 JavaThread "Worker-1"                          [_thread_blocked, id=5016, stack(0x000000c789700000,0x000000c789800000) (1024K)]
  0x00000244cdb7a260 JavaThread "Java indexing"              daemon [_thread_blocked, id=4028, stack(0x000000c789900000,0x000000c789a00000) (1024K)]
  0x00000244cdb7c330 JavaThread "Worker-2: Initialize workspace"        [_thread_blocked, id=1708, stack(0x000000c789a00000,0x000000c789b00000) (1024K)]
  0x00000244cdb79bd0 JavaThread "Thread-1"                   daemon [_thread_in_native, id=11904, stack(0x000000c789d00000,0x000000c789e00000) (1024K)]
  0x00000244cdb760c0 JavaThread "Thread-2"                   daemon [_thread_in_native, id=10008, stack(0x000000c789e00000,0x000000c789f00000) (1024K)]
  0x00000244cdb753a0 JavaThread "Thread-3"                   daemon [_thread_in_native, id=9564, stack(0x000000c789f00000,0x000000c78a000000) (1024K)]
  0x00000244cdb78190 JavaThread "Thread-4"                   daemon [_thread_in_native, id=1796, stack(0x000000c78a000000,0x000000c78a100000) (1024K)]
  0x00000244cdb76750 JavaThread "Thread-5"                   daemon [_thread_in_native, id=8960, stack(0x000000c78a100000,0x000000c78a200000) (1024K)]
  0x00000244cdb7a8f0 JavaThread "pool-2-thread-1"                   [_thread_blocked, id=2052, stack(0x000000c78a200000,0x000000c78a300000) (1024K)]
  0x00000244cdb7c9c0 JavaThread "WorkspaceEventsHandler"            [_thread_blocked, id=9172, stack(0x000000c78a300000,0x000000c78a400000) (1024K)]
  0x00000244cdb79540 JavaThread "pool-1-thread-1"                   [_thread_blocked, id=7400, stack(0x000000c78a400000,0x000000c78a500000) (1024K)]
  0x00000244cdb76de0 JavaThread "Worker-3: Building"                [_thread_blocked, id=3084, stack(0x000000c78a500000,0x000000c78a600000) (1024K)]
  0x00000244cdb78820 JavaThread "Worker-4"                          [_thread_blocked, id=11344, stack(0x000000c78a600000,0x000000c78a700000) (1024K)]
  0x00000244cd2d3610 JavaThread "ForkJoinPool.commonPool-worker-1" daemon [_thread_blocked, id=9064, stack(0x000000c789800000,0x000000c789900000) (1024K)]
  0x00000244cd2d28f0 JavaThread "ForkJoinPool.commonPool-worker-2" daemon [_thread_blocked, id=11788, stack(0x000000c78a700000,0x000000c78a800000) (1024K)]
  0x00000244cd2d3ca0 JavaThread "ForkJoinPool.commonPool-worker-3" daemon [_thread_in_vm, id=6768, stack(0x000000c78a800000,0x000000c78a900000) (1024K)]
  0x00000244cea86040 JavaThread "LocalFile Deleter"          daemon [_thread_blocked, id=12268, stack(0x000000c78a900000,0x000000c78aa00000) (1024K)]
  0x00000244cea81ea0 JavaThread "LocalFile Deleter"          daemon [_thread_blocked, id=5772, stack(0x000000c78aa00000,0x000000c78ab00000) (1024K)]
  0x00000244cea85320 JavaThread "LocalFile Deleter"          daemon [_thread_blocked, id=11664, stack(0x000000c78ab00000,0x000000c78ac00000) (1024K)]
  0x00000244cea83f70 JavaThread "LocalFile Deleter"          daemon [_thread_blocked, id=4268, stack(0x000000c78ac00000,0x000000c78ad00000) (1024K)]
  0x00000244cea887a0 JavaThread "Compiler Source File Reader" daemon [_thread_blocked, id=4916, stack(0x000000c78ad00000,0x000000c78ae00000) (1024K)]
  0x00000244cea838e0 JavaThread "Compiler Source File Reader" daemon [_thread_blocked, id=8052, stack(0x000000c78ae00000,0x000000c78af00000) (1024K)]
  0x00000244cea86d60 JavaThread "Worker-5"                          [_thread_blocked, id=8476, stack(0x000000c78b000000,0x000000c78b100000) (1024K)]
  0x00000244cea87a80 JavaThread "Compiler Processing Task"   daemon [_thread_in_vm, id=2172, stack(0x000000c78af00000,0x000000c78b000000) (1024K)]
=>0x00000244ce155ee0 JavaThread "C2 CompilerThread1"         daemon [_thread_in_native, id=12284, stack(0x000000c78b100000,0x000000c78b200000) (1024K)]
  0x00000244cea88110 JavaThread "Thread-6"                   daemon [_thread_blocked, id=10464, stack(0x000000c78b200000,0x000000c78b300000) (1024K)]
  0x00000244cea894c0 JavaThread "Thread-7"                   daemon [_thread_blocked, id=12256, stack(0x000000c78b300000,0x000000c78b400000) (1024K)]
Total: 47

Other Threads:
  0x00000244ec0938c0 VMThread "VM Thread"                           [id=11972, stack(0x000000c788000000,0x000000c788100000) (1024K)] _threads_hazard_ptr=0x00000244cfbf6bb0
  0x00000244ec03eec0 WatcherThread "VM Periodic Task Thread"        [id=12108, stack(0x000000c787f00000,0x000000c788000000) (1024K)]
  0x00000244ebfe1ad0 WorkerThread "GC Thread#0"                     [id=7488, stack(0x000000c787e00000,0x000000c787f00000) (1024K)]
  0x00000244ffa23f20 WorkerThread "GC Thread#1"                     [id=10200, stack(0x000000c788c00000,0x000000c788d00000) (1024K)]
  0x00000244ffa242d0 WorkerThread "GC Thread#2"                     [id=1500, stack(0x000000c788d00000,0x000000c788e00000) (1024K)]
  0x00000244cd0c70b0 WorkerThread "GC Thread#3"                     [id=8440, stack(0x000000c788e00000,0x000000c788f00000) (1024K)]
Total: 6

Threads with active compile tasks:
C2 CompilerThread0  24402 11404       4       org.eclipse.jdt.internal.compiler.lookup.BinaryTypeBinding::createMethod (1666 bytes)
C1 CompilerThread0  24402 11454   !   3       org.eclipse.jdt.internal.compiler.lookup.BinaryTypeBinding::cachePartsFrom2 (1809 bytes)
C2 CompilerThread1  24402 11064       4       org.lombokweb.asm.ClassReader::readMethod (1070 bytes)
Total: 3

VM state: not at safepoint (normal execution)

VM Mutex/Monitor currently owned by a thread:  ([mutex/lock_event])
[0x00007ff9d4d2c4e0] Metaspace_lock - owner thread: 0x00000244fea3a1d0

Heap address: 0x0000000080000000, size: 2048 MB, Compressed Oops mode: 32-bit

CDS archive(s) mapped at: [0x0000024484000000-0x0000024484ba0000-0x0000024488520000), size 72482816, SharedBaseAddress: 0x0000024484000000, ArchiveRelocationMode: 1.
Compressed class space mapped at: 0x0000024489000000-0x00000244c9000000, reserved size: 1073741824
Narrow klass base: 0x0000024484000000, Narrow klass shift: 0, Narrow klass range: 0x100000000

GC Precious Log:
 CardTable entry size: 512
 CPUs: 4 total, 4 available
 Memory: 8098M
 Large Page Support: Disabled
 NUMA Support: Disabled
 Compressed Oops: Enabled (32-bit)
 Alignments: Space 512K, Generation 512K, Heap 2M
 Heap Min Capacity: 100M
 Heap Initial Capacity: 100M
 Heap Max Capacity: 2G
 Pre-touch: Disabled
 Parallel Workers: 4

Heap:
 PSYoungGen      total 5120K, used 3973K [0x00000000d5580000, 0x00000000d5c80000, 0x0000000100000000)
  eden space 4096K, 82% used [0x00000000d5580000,0x00000000d58cb308,0x00000000d5980000)
  from space 1024K, 58% used [0x00000000d5b80000,0x00000000d5c16470,0x00000000d5c80000)
  to   space 1024K, 0% used [0x00000000d5a80000,0x00000000d5a80000,0x00000000d5b80000)
 ParOldGen       total 86528K, used 78335K [0x0000000080000000, 0x0000000085480000, 0x00000000d5580000)
  object space 86528K, 90% used [0x0000000080000000,0x0000000084c7fe20,0x0000000085480000)
 Metaspace       used 26209K, committed 27264K, reserved 1114112K
  class space    used 2442K, committed 2880K, reserved 1048576K

Card table byte_map: [0x00000244eb980000,0x00000244ebd90000] _byte_map_base: 0x00000244eb580000

Marking Bits: (ParMarkBitMap*) 0x00007ff9d4d33450
 Begin Bits: [0x0000024480000000, 0x0000024482000000)
 End Bits:   [0x0000024482000000, 0x0000024484000000)

Polling page: 0x00000244e9cc0000

Metaspace:

Usage:
  Non-class:     23.21 MB used.
      Class:      2.39 MB used.
       Both:     25.59 MB used.

Virtual space:
  Non-class space:       64.00 MB reserved,      23.81 MB ( 37%) committed,  1 nodes.
      Class space:        1.00 GB reserved,       2.81 MB ( <1%) committed,  1 nodes.
             Both:        1.06 GB reserved,      26.62 MB (  2%) committed. 

Chunk freelists:
   Non-Class:  7.92 MB
       Class:  13.17 MB
        Both:  21.09 MB

MaxMetaspaceSize: unlimited
CompressedClassSpaceSize: 1.00 GB
Initial GC threshold: 21.00 MB
Current GC threshold: 35.00 MB
CDS: on
 - commit_granule_bytes: 65536.
 - commit_granule_words: 8192.
 - virtual_space_node_default_size: 8388608.
 - enlarge_chunks_in_place: 1.
 - use_allocation_guard: 0.


Internal statistics:

num_allocs_failed_limit: 3.
num_arena_births: 906.
num_arena_deaths: 0.
num_vsnodes_births: 2.
num_vsnodes_deaths: 0.
num_space_committed: 426.
num_space_uncommitted: 0.
num_chunks_returned_to_freelist: 3.
num_chunks_taken_from_freelist: 2193.
num_chunk_merges: 3.
num_chunk_splits: 1297.
num_chunks_enlarged: 648.
num_inconsistent_stats: 0.

CodeHeap 'non-profiled nmethods': size=120000Kb used=7800Kb max_used=7800Kb free=112200Kb
 bounds [0x00000244f6cb0000, 0x00000244f7450000, 0x00000244fe1e0000]
CodeHeap 'profiled nmethods': size=120000Kb used=26622Kb max_used=26622Kb free=93377Kb
 bounds [0x00000244ef1e0000, 0x00000244f0be0000, 0x00000244f6710000]
CodeHeap 'non-nmethods': size=5760Kb used=1443Kb max_used=1510Kb free=4316Kb
 bounds [0x00000244f6710000, 0x00000244f6980000, 0x00000244f6cb0000]
CodeCache: size=245760Kb, used=35865Kb, max_used=35932Kb, free=209893Kb
 total_blobs=12197, nmethods=11438, adapters=665, full_count=0
Compilation: enabled, stopped_count=0, restarted_count=0

Compilation events (20 events):
Event: 23.989 Thread 0x00000244fea3a1d0 11347       1       org.eclipse.jdt.core.WorkingCopyOwner::findSource (2 bytes)
Event: 23.989 Thread 0x00000244fea3a1d0 nmethod 11347 0x00000244f742de90 code [0x00000244f742e020, 0x00000244f742e0f0]
Event: 24.004 Thread 0x00000244fea3a1d0 11350       1       org.eclipse.jdt.internal.compiler.lookup.WildcardBinding::additionalBounds (5 bytes)
Event: 24.004 Thread 0x00000244fea3a1d0 nmethod 11350 0x00000244f742e190 code [0x00000244f742e320, 0x00000244f742e3e8]
Event: 24.004 Thread 0x00000244fea3a1d0 11351       2       org.eclipse.jdt.internal.compiler.lookup.TypeSystem$HashedParameterizedTypes$PTBKey::equals (45 bytes)
Event: 24.005 Thread 0x00000244fea3a1d0 nmethod 11351 0x00000244f0ba7f90 code [0x00000244f0ba8140, 0x00000244f0ba8300]
Event: 24.005 Thread 0x00000244fea3a1d0 11352       2       org.eclipse.jdt.internal.compiler.lookup.AnnotatableTypeSystem::getWildcard (370 bytes)
Event: 24.006 Thread 0x00000244fea3a1d0 nmethod 11352 0x00000244f0ba8410 code [0x00000244f0ba86e0, 0x00000244f0ba9300]
Event: 24.006 Thread 0x00000244fea3a1d0 11353       2       org.eclipse.jdt.core.Signature::getSimpleNames (183 bytes)
Event: 24.006 Thread 0x00000244fea3a1d0 nmethod 11353 0x00000244f0ba9990 code [0x00000244f0ba9b80, 0x00000244f0baa330]
Event: 24.033 Thread 0x00000244fea3a1d0 11354       2       org.eclipse.jdt.internal.compiler.classfmt.FieldInfo::getModifiers (26 bytes)
Event: 24.033 Thread 0x00000244fea3a1d0 nmethod 11354 0x00000244f0baa690 code [0x00000244f0baa840, 0x00000244f0baa9e8]
Event: 24.033 Thread 0x00000244fea3a1d0 11355       2       org.eclipse.jdt.internal.compiler.lookup.FieldBinding::<init> (21 bytes)
Event: 24.033 Thread 0x00000244fea3a1d0 nmethod 11355 0x00000244f0baab10 code [0x00000244f0baacc0, 0x00000244f0baae18]
Event: 24.035 Thread 0x00000244fea3a1d0 11357       2       org.eclipse.jdt.internal.compiler.classfmt.MethodInfoWithAnnotations::<init> (90 bytes)
Event: 24.035 Thread 0x00000244fea3a1d0 nmethod 11357 0x00000244f0baaf10 code [0x00000244f0bab0a0, 0x00000244f0bab298]
Event: 24.036 Thread 0x00000244fea3a1d0 11358       2       org.eclipse.jdt.internal.core.SourceRefElement::equals (40 bytes)
Event: 24.036 Thread 0x00000244fea3a1d0 nmethod 11358 0x00000244f0bab390 code [0x00000244f0bab540, 0x00000244f0bab768]
Event: 24.036 Thread 0x00000244fea3a1d0 11359   !   2       org.eclipse.jdt.internal.core.SearchableEnvironment::findModuleContext (304 bytes)
Event: 24.038 Thread 0x00000244fea3a1d0 nmethod 11359 0x00000244f0bab890 code [0x00000244f0babbe0, 0x00000244f0bacac8]

GC Heap History (20 events):
Event: 23.520 GC heap before
{Heap before GC invocations=96 (full 1):
 PSYoungGen      total 7680K, used 7287K [0x00000000d5580000, 0x00000000d5e80000, 0x0000000100000000)
  eden space 6656K, 99% used [0x00000000d5580000,0x00000000d5bf4760,0x00000000d5c00000)
  from space 1024K, 66% used [0x00000000d5d80000,0x00000000d5e29810,0x00000000d5e80000)
  to   space 1024K, 0% used [0x00000000d5c80000,0x00000000d5c80000,0x00000000d5d80000)
 ParOldGen       total 86528K, used 73982K [0x0000000080000000, 0x0000000085480000, 0x00000000d5580000)
  object space 86528K, 85% used [0x0000000080000000,0x000000008483f8a0,0x0000000085480000)
 Metaspace       used 22618K, committed 23552K, reserved 1114112K
  class space    used 2074K, committed 2432K, reserved 1048576K
}
Event: 23.521 GC heap after
{Heap after GC invocations=96 (full 1):
 PSYoungGen      total 7680K, used 1019K [0x00000000d5580000, 0x00000000d5f00000, 0x0000000100000000)
  eden space 6656K, 0% used [0x00000000d5580000,0x00000000d5580000,0x00000000d5c00000)
  from space 1024K, 99% used [0x00000000d5c80000,0x00000000d5d7efc8,0x00000000d5d80000)
  to   space 1536K, 0% used [0x00000000d5d80000,0x00000000d5d80000,0x00000000d5f00000)
 ParOldGen       total 86528K, used 74123K [0x0000000080000000, 0x0000000085480000, 0x00000000d5580000)
  object space 86528K, 85% used [0x0000000080000000,0x0000000084862f60,0x0000000085480000)
 Metaspace       used 22618K, committed 23552K, reserved 1114112K
  class space    used 2074K, committed 2432K, reserved 1048576K
}
Event: 23.557 GC heap before
{Heap before GC invocations=97 (full 1):
 PSYoungGen      total 7680K, used 7626K [0x00000000d5580000, 0x00000000d5f00000, 0x0000000100000000)
  eden space 6656K, 99% used [0x00000000d5580000,0x00000000d5bf3ab8,0x00000000d5c00000)
  from space 1024K, 99% used [0x00000000d5c80000,0x00000000d5d7efc8,0x00000000d5d80000)
  to   space 1536K, 0% used [0x00000000d5d80000,0x00000000d5d80000,0x00000000d5f00000)
 ParOldGen       total 86528K, used 74123K [0x0000000080000000, 0x0000000085480000, 0x00000000d5580000)
  object space 86528K, 85% used [0x0000000080000000,0x0000000084862f60,0x0000000085480000)
 Metaspace       used 22623K, committed 23552K, reserved 1114112K
  class space    used 2074K, committed 2432K, reserved 1048576K
}
Event: 23.558 GC heap after
{Heap after GC invocations=97 (full 1):
 PSYoungGen      total 7680K, used 937K [0x00000000d5580000, 0x00000000d5e80000, 0x0000000100000000)
  eden space 6656K, 0% used [0x00000000d5580000,0x00000000d5580000,0x00000000d5c00000)
  from space 1024K, 91% used [0x00000000d5d80000,0x00000000d5e6a6c0,0x00000000d5e80000)
  to   space 1024K, 0% used [0x00000000d5c80000,0x00000000d5c80000,0x00000000d5d80000)
 ParOldGen       total 86528K, used 74321K [0x0000000080000000, 0x0000000085480000, 0x00000000d5580000)
  object space 86528K, 85% used [0x0000000080000000,0x0000000084894620,0x0000000085480000)
 Metaspace       used 22623K, committed 23552K, reserved 1114112K
  class space    used 2074K, committed 2432K, reserved 1048576K
}
Event: 23.580 GC heap before
{Heap before GC invocations=98 (full 1):
 PSYoungGen      total 7680K, used 7568K [0x00000000d5580000, 0x00000000d5e80000, 0x0000000100000000)
  eden space 6656K, 99% used [0x00000000d5580000,0x00000000d5bf9c70,0x00000000d5c00000)
  from space 1024K, 91% used [0x00000000d5d80000,0x00000000d5e6a6c0,0x00000000d5e80000)
  to   space 1024K, 0% used [0x00000000d5c80000,0x00000000d5c80000,0x00000000d5d80000)
 ParOldGen       total 86528K, used 74321K [0x0000000080000000, 0x0000000085480000, 0x00000000d5580000)
  object space 86528K, 85% used [0x0000000080000000,0x0000000084894620,0x0000000085480000)
 Metaspace       used 22627K, committed 23552K, reserved 1114112K
  class space    used 2074K, committed 2432K, reserved 1048576K
}
Event: 23.581 GC heap after
{Heap after GC invocations=98 (full 1):
 PSYoungGen      total 7168K, used 365K [0x00000000d5580000, 0x00000000d5e00000, 0x0000000100000000)
  eden space 6656K, 0% used [0x00000000d5580000,0x00000000d5580000,0x00000000d5c00000)
  from space 512K, 71% used [0x00000000d5c80000,0x00000000d5cdb690,0x00000000d5d00000)
  to   space 1024K, 0% used [0x00000000d5d00000,0x00000000d5d00000,0x00000000d5e00000)
 ParOldGen       total 86528K, used 74337K [0x0000000080000000, 0x0000000085480000, 0x00000000d5580000)
  object space 86528K, 85% used [0x0000000080000000,0x0000000084898620,0x0000000085480000)
 Metaspace       used 22627K, committed 23552K, reserved 1114112K
  class space    used 2074K, committed 2432K, reserved 1048576K
}
Event: 23.589 GC heap before
{Heap before GC invocations=99 (full 1):
 PSYoungGen      total 7168K, used 7021K [0x00000000d5580000, 0x00000000d5e00000, 0x0000000100000000)
  eden space 6656K, 100% used [0x00000000d5580000,0x00000000d5c00000,0x00000000d5c00000)
  from space 512K, 71% used [0x00000000d5c80000,0x00000000d5cdb690,0x00000000d5d00000)
  to   space 1024K, 0% used [0x00000000d5d00000,0x00000000d5d00000,0x00000000d5e00000)
 ParOldGen       total 86528K, used 74337K [0x0000000080000000, 0x0000000085480000, 0x00000000d5580000)
  object space 86528K, 85% used [0x0000000080000000,0x0000000084898620,0x0000000085480000)
 Metaspace       used 22635K, committed 23552K, reserved 1114112K
  class space    used 2075K, committed 2432K, reserved 1048576K
}
Event: 23.590 GC heap after
{Heap after GC invocations=99 (full 1):
 PSYoungGen      total 7168K, used 991K [0x00000000d5580000, 0x00000000d5f00000, 0x0000000100000000)
  eden space 6144K, 0% used [0x00000000d5580000,0x00000000d5580000,0x00000000d5b80000)
  from space 1024K, 96% used [0x00000000d5d00000,0x00000000d5df7d90,0x00000000d5e00000)
  to   space 1536K, 0% used [0x00000000d5b80000,0x00000000d5b80000,0x00000000d5d00000)
 ParOldGen       total 86528K, used 74377K [0x0000000080000000, 0x0000000085480000, 0x00000000d5580000)
  object space 86528K, 85% used [0x0000000080000000,0x00000000848a2620,0x0000000085480000)
 Metaspace       used 22635K, committed 23552K, reserved 1114112K
  class space    used 2075K, committed 2432K, reserved 1048576K
}
Event: 23.640 GC heap before
{Heap before GC invocations=100 (full 1):
 PSYoungGen      total 7168K, used 7135K [0x00000000d5580000, 0x00000000d5f00000, 0x0000000100000000)
  eden space 6144K, 100% used [0x00000000d5580000,0x00000000d5b80000,0x00000000d5b80000)
  from space 1024K, 96% used [0x00000000d5d00000,0x00000000d5df7d90,0x00000000d5e00000)
  to   space 1536K, 0% used [0x00000000d5b80000,0x00000000d5b80000,0x00000000d5d00000)
 ParOldGen       total 86528K, used 74377K [0x0000000080000000, 0x0000000085480000, 0x00000000d5580000)
  object space 86528K, 85% used [0x0000000080000000,0x00000000848a2620,0x0000000085480000)
 Metaspace       used 23617K, committed 24640K, reserved 1114112K
  class space    used 2161K, committed 2560K, reserved 1048576K
}
Event: 23.642 GC heap after
{Heap after GC invocations=100 (full 1):
 PSYoungGen      total 6656K, used 512K [0x00000000d5580000, 0x00000000d5d80000, 0x0000000100000000)
  eden space 6144K, 0% used [0x00000000d5580000,0x00000000d5580000,0x00000000d5b80000)
  from space 512K, 100% used [0x00000000d5b80000,0x00000000d5c00000,0x00000000d5c00000)
  to   space 1024K, 0% used [0x00000000d5c80000,0x00000000d5c80000,0x00000000d5d80000)
 ParOldGen       total 86528K, used 74422K [0x0000000080000000, 0x0000000085480000, 0x00000000d5580000)
  object space 86528K, 86% used [0x0000000080000000,0x00000000848ad8b8,0x0000000085480000)
 Metaspace       used 23617K, committed 24640K, reserved 1114112K
  class space    used 2161K, committed 2560K, reserved 1048576K
}
Event: 23.695 GC heap before
{Heap before GC invocations=101 (full 1):
 PSYoungGen      total 6656K, used 6656K [0x00000000d5580000, 0x00000000d5d80000, 0x0000000100000000)
  eden space 6144K, 100% used [0x00000000d5580000,0x00000000d5b80000,0x00000000d5b80000)
  from space 512K, 100% used [0x00000000d5b80000,0x00000000d5c00000,0x00000000d5c00000)
  to   space 1024K, 0% used [0x00000000d5c80000,0x00000000d5c80000,0x00000000d5d80000)
 ParOldGen       total 86528K, used 74422K [0x0000000080000000, 0x0000000085480000, 0x00000000d5580000)
  object space 86528K, 86% used [0x0000000080000000,0x00000000848ad8b8,0x0000000085480000)
 Metaspace       used 23974K, committed 24960K, reserved 1114112K
  class space    used 2196K, committed 2560K, reserved 1048576K
}
Event: 23.698 GC heap after
{Heap after GC invocations=101 (full 1):
 PSYoungGen      total 5120K, used 1020K [0x00000000d5580000, 0x00000000d6180000, 0x0000000100000000)
  eden space 4096K, 0% used [0x00000000d5580000,0x00000000d5580000,0x00000000d5980000)
  from space 1024K, 99% used [0x00000000d5c80000,0x00000000d5d7f308,0x00000000d5d80000)
  to   space 3072K, 0% used [0x00000000d5980000,0x00000000d5980000,0x00000000d5c80000)
 ParOldGen       total 86528K, used 75855K [0x0000000080000000, 0x0000000085480000, 0x00000000d5580000)
  object space 86528K, 87% used [0x0000000080000000,0x0000000084a13de8,0x0000000085480000)
 Metaspace       used 23974K, committed 24960K, reserved 1114112K
  class space    used 2196K, committed 2560K, reserved 1048576K
}
Event: 23.783 GC heap before
{Heap before GC invocations=102 (full 1):
 PSYoungGen      total 5120K, used 5116K [0x00000000d5580000, 0x00000000d6180000, 0x0000000100000000)
  eden space 4096K, 99% used [0x00000000d5580000,0x00000000d597ffe8,0x00000000d5980000)
  from space 1024K, 99% used [0x00000000d5c80000,0x00000000d5d7f308,0x00000000d5d80000)
  to   space 3072K, 0% used [0x00000000d5980000,0x00000000d5980000,0x00000000d5c80000)
 ParOldGen       total 86528K, used 75855K [0x0000000080000000, 0x0000000085480000, 0x00000000d5580000)
  object space 86528K, 87% used [0x0000000080000000,0x0000000084a13de8,0x0000000085480000)
 Metaspace       used 24228K, committed 25280K, reserved 1114112K
  class space    used 2221K, committed 2624K, reserved 1048576K
}
Event: 23.785 GC heap after
{Heap after GC invocations=102 (full 1):
 PSYoungGen      total 5120K, used 704K [0x00000000d5580000, 0x00000000d5d00000, 0x0000000100000000)
  eden space 4096K, 0% used [0x00000000d5580000,0x00000000d5580000,0x00000000d5980000)
  from space 1024K, 68% used [0x00000000d5980000,0x00000000d5a30000,0x00000000d5a80000)
  to   space 1536K, 0% used [0x00000000d5b80000,0x00000000d5b80000,0x00000000d5d00000)
 ParOldGen       total 86528K, used 76141K [0x0000000080000000, 0x0000000085480000, 0x00000000d5580000)
  object space 86528K, 87% used [0x0000000080000000,0x0000000084a5b4d8,0x0000000085480000)
 Metaspace       used 24228K, committed 25280K, reserved 1114112K
  class space    used 2221K, committed 2624K, reserved 1048576K
}
Event: 23.899 GC heap before
{Heap before GC invocations=103 (full 1):
 PSYoungGen      total 5120K, used 4799K [0x00000000d5580000, 0x00000000d5d00000, 0x0000000100000000)
  eden space 4096K, 99% used [0x00000000d5580000,0x00000000d597fca0,0x00000000d5980000)
  from space 1024K, 68% used [0x00000000d5980000,0x00000000d5a30000,0x00000000d5a80000)
  to   space 1536K, 0% used [0x00000000d5b80000,0x00000000d5b80000,0x00000000d5d00000)
 ParOldGen       total 86528K, used 76141K [0x0000000080000000, 0x0000000085480000, 0x00000000d5580000)
  object space 86528K, 87% used [0x0000000080000000,0x0000000084a5b4d8,0x0000000085480000)
 Metaspace       used 24455K, committed 25536K, reserved 1114112K
  class space    used 2239K, committed 2688K, reserved 1048576K
}
Event: 23.902 GC heap after
{Heap after GC invocations=103 (full 1):
 PSYoungGen      total 4608K, used 448K [0x00000000d5580000, 0x00000000d5c00000, 0x0000000100000000)
  eden space 4096K, 0% used [0x00000000d5580000,0x00000000d5580000,0x00000000d5980000)
  from space 512K, 87% used [0x00000000d5b80000,0x00000000d5bf0000,0x00000000d5c00000)
  to   space 1024K, 0% used [0x00000000d5a00000,0x00000000d5a00000,0x00000000d5b00000)
 ParOldGen       total 86528K, used 76797K [0x0000000080000000, 0x0000000085480000, 0x00000000d5580000)
  object space 86528K, 88% used [0x0000000080000000,0x0000000084aff4d8,0x0000000085480000)
 Metaspace       used 24455K, committed 25536K, reserved 1114112K
  class space    used 2239K, committed 2688K, reserved 1048576K
}
Event: 23.946 GC heap before
{Heap before GC invocations=104 (full 1):
 PSYoungGen      total 4608K, used 4544K [0x00000000d5580000, 0x00000000d5c00000, 0x0000000100000000)
  eden space 4096K, 100% used [0x00000000d5580000,0x00000000d5980000,0x00000000d5980000)
  from space 512K, 87% used [0x00000000d5b80000,0x00000000d5bf0000,0x00000000d5c00000)
  to   space 1024K, 0% used [0x00000000d5a00000,0x00000000d5a00000,0x00000000d5b00000)
 ParOldGen       total 86528K, used 76797K [0x0000000080000000, 0x0000000085480000, 0x00000000d5580000)
  object space 86528K, 88% used [0x0000000080000000,0x0000000084aff4d8,0x0000000085480000)
 Metaspace       used 25220K, committed 26240K, reserved 1114112K
  class space    used 2331K, committed 2752K, reserved 1048576K
}
Event: 23.947 GC heap after
{Heap after GC invocations=104 (full 1):
 PSYoungGen      total 5120K, used 352K [0x00000000d5580000, 0x00000000d5c00000, 0x0000000100000000)
  eden space 4096K, 0% used [0x00000000d5580000,0x00000000d5580000,0x00000000d5980000)
  from space 1024K, 34% used [0x00000000d5a00000,0x00000000d5a58000,0x00000000d5b00000)
  to   space 512K, 0% used [0x00000000d5b80000,0x00000000d5b80000,0x00000000d5c00000)
 ParOldGen       total 86528K, used 77165K [0x0000000080000000, 0x0000000085480000, 0x00000000d5580000)
  object space 86528K, 89% used [0x0000000080000000,0x0000000084b5b4d8,0x0000000085480000)
 Metaspace       used 25220K, committed 26240K, reserved 1114112K
  class space    used 2331K, committed 2752K, reserved 1048576K
}
Event: 24.001 GC heap before
{Heap before GC invocations=105 (full 1):
 PSYoungGen      total 5120K, used 4442K [0x00000000d5580000, 0x00000000d5c00000, 0x0000000100000000)
  eden space 4096K, 99% used [0x00000000d5580000,0x00000000d597ebd8,0x00000000d5980000)
  from space 1024K, 34% used [0x00000000d5a00000,0x00000000d5a58000,0x00000000d5b00000)
  to   space 512K, 0% used [0x00000000d5b80000,0x00000000d5b80000,0x00000000d5c00000)
 ParOldGen       total 86528K, used 77165K [0x0000000080000000, 0x0000000085480000, 0x00000000d5580000)
  object space 86528K, 89% used [0x0000000080000000,0x0000000084b5b4d8,0x0000000085480000)
 Metaspace       used 25642K, committed 26624K, reserved 1114112K
  class space    used 2382K, committed 2752K, reserved 1048576K
}
Event: 24.003 GC heap after
{Heap after GC invocations=105 (full 1):
 PSYoungGen      total 4608K, used 457K [0x00000000d5580000, 0x00000000d5c00000, 0x0000000100000000)
  eden space 4096K, 0% used [0x00000000d5580000,0x00000000d5580000,0x00000000d5980000)
  from space 512K, 89% used [0x00000000d5b80000,0x00000000d5bf2618,0x00000000d5c00000)
  to   space 512K, 0% used [0x00000000d5b00000,0x00000000d5b00000,0x00000000d5b80000)
 ParOldGen       total 86528K, used 77428K [0x0000000080000000, 0x0000000085480000, 0x00000000d5580000)
  object space 86528K, 89% used [0x0000000080000000,0x0000000084b9d368,0x0000000085480000)
 Metaspace       used 25642K, committed 26624K, reserved 1114112K
  class space    used 2382K, committed 2752K, reserved 1048576K
}

Dll operation events (12 events):
Event: 0.016 Loaded shared library c:\Users\Admin\.vscode\extensions\redhat.java-1.55.2026051309-win32-x64\jre\21.0.10-win32-x86_64\bin\java.dll
Event: 0.873 Loaded shared library c:\Users\Admin\.vscode\extensions\redhat.java-1.55.2026051309-win32-x64\jre\21.0.10-win32-x86_64\bin\zip.dll
Event: 0.877 Loaded shared library C:\Users\Admin\.vscode\extensions\redhat.java-1.55.2026051309-win32-x64\jre\21.0.10-win32-x86_64\bin\instrument.dll
Event: 0.881 Loaded shared library C:\Users\Admin\.vscode\extensions\redhat.java-1.55.2026051309-win32-x64\jre\21.0.10-win32-x86_64\bin\net.dll
Event: 0.883 Loaded shared library C:\Users\Admin\.vscode\extensions\redhat.java-1.55.2026051309-win32-x64\jre\21.0.10-win32-x86_64\bin\nio.dll
Event: 0.886 Loaded shared library C:\Users\Admin\.vscode\extensions\redhat.java-1.55.2026051309-win32-x64\jre\21.0.10-win32-x86_64\bin\zip.dll
Event: 0.898 Loaded shared library C:\Users\Admin\.vscode\extensions\redhat.java-1.55.2026051309-win32-x64\jre\21.0.10-win32-x86_64\bin\jimage.dll
Event: 0.951 Loaded shared library c:\Users\Admin\.vscode\extensions\redhat.java-1.55.2026051309-win32-x64\jre\21.0.10-win32-x86_64\bin\verify.dll
Event: 2.227 Loaded shared library C:\Users\Admin\AppData\Roaming\Code\User\globalStorage\redhat.java\1.55.2026051309\config_win\org.eclipse.equinox.launcher\org.eclipse.equinox.launcher.win32.win32.x86_64_1.3.0.v20260203-2149\eclipse_11919.dll
Event: 7.042 Loaded shared library C:\Users\Admin\AppData\Local\Temp\jna-63116079\jna12921018837552241242.dll
Event: 23.922 Loaded shared library C:\Users\Admin\.vscode\extensions\redhat.java-1.55.2026051309-win32-x64\jre\21.0.10-win32-x86_64\bin\sunmscapi.dll
Event: 24.025 Loaded shared library C:\Users\Admin\.vscode\extensions\redhat.java-1.55.2026051309-win32-x64\jre\21.0.10-win32-x86_64\bin\extnet.dll

Deoptimization events (20 events):
Event: 23.785 Thread 0x00000244cea87a80 DEOPT PACKING pc=0x00000244f6f56e98 sp=0x000000c78aff9220
Event: 23.785 Thread 0x00000244cea87a80 DEOPT UNPACKING pc=0x00000244f6763aa2 sp=0x000000c78aff91c0 mode 2
Event: 23.824 Thread 0x00000244cd2d3ca0 Uncommon trap: trap_request=0xffffff45 fr.pc=0x00000244f718d49c relative=0x00000000000006bc
Event: 23.824 Thread 0x00000244cd2d3ca0 Uncommon trap: reason=unstable_if action=reinterpret pc=0x00000244f718d49c method=java.util.ImmutableCollections$AbstractImmutableList.equals(Ljava/lang/Object;)Z @ 80 c2
Event: 23.824 Thread 0x00000244cd2d3ca0 DEOPT PACKING pc=0x00000244f718d49c sp=0x000000c78a8fe210
Event: 23.824 Thread 0x00000244cd2d3ca0 DEOPT UNPACKING pc=0x00000244f6763aa2 sp=0x000000c78a8fe1a8 mode 2
Event: 23.874 Thread 0x00000244cd2d3ca0 Uncommon trap: trap_request=0xffffff45 fr.pc=0x00000244f741c4cc relative=0x0000000000004d8c
Event: 23.874 Thread 0x00000244cd2d3ca0 Uncommon trap: reason=unstable_if action=reinterpret pc=0x00000244f741c4cc method=org.eclipse.jdt.internal.compiler.classfmt.ClassFileReader.<init>([B[CZ)V @ 1932 c2
Event: 23.874 Thread 0x00000244cd2d3ca0 DEOPT PACKING pc=0x00000244f741c4cc sp=0x000000c78a8fc520
Event: 23.874 Thread 0x00000244cd2d3ca0 DEOPT UNPACKING pc=0x00000244f6763aa2 sp=0x000000c78a8fc4d0 mode 2
Event: 23.928 Thread 0x00000244cea88110 Uncommon trap: trap_request=0xffffff45 fr.pc=0x00000244f723a73c relative=0x000000000000021c
Event: 23.928 Thread 0x00000244cea88110 Uncommon trap: reason=unstable_if action=reinterpret pc=0x00000244f723a73c method=java.util.HashMap.putVal(ILjava/lang/Object;Ljava/lang/Object;ZZ)Ljava/lang/Object; @ 162 c2
Event: 23.928 Thread 0x00000244cea88110 DEOPT PACKING pc=0x00000244f723a73c sp=0x000000c78b2fc270
Event: 23.928 Thread 0x00000244cea88110 DEOPT UNPACKING pc=0x00000244f6763aa2 sp=0x000000c78b2fc188 mode 2
Event: 23.981 Thread 0x00000244cd2d3ca0 Uncommon trap: trap_request=0xffffff45 fr.pc=0x00000244f73e32e4 relative=0x00000000000002e4
Event: 23.981 Thread 0x00000244cd2d3ca0 Uncommon trap: reason=unstable_if action=reinterpret pc=0x00000244f73e32e4 method=org.eclipse.jdt.internal.compiler.lookup.BinaryTypeBinding.createMethod(Lorg/eclipse/jdt/internal/compiler/env/IBinaryMethod;Lorg/eclipse/jdt/internal/compiler/env/IBinaryTy
Event: 23.981 Thread 0x00000244cd2d3ca0 DEOPT PACKING pc=0x00000244f73e32e4 sp=0x000000c78a8fda60
Event: 23.981 Thread 0x00000244cd2d3ca0 DEOPT UNPACKING pc=0x00000244f6763aa2 sp=0x000000c78a8fda48 mode 2
Event: 24.030 Thread 0x00000244cd2d3ca0 DEOPT PACKING pc=0x00000244f0b87ca2 sp=0x000000c78a8fd820
Event: 24.030 Thread 0x00000244cd2d3ca0 DEOPT UNPACKING pc=0x00000244f6764242 sp=0x000000c78a8fcdb8 mode 0

Classes loaded (20 events):
Event: 24.023 Loading class jdk/net/ExtendedSocketOptions$PlatformSocketOptions done
Event: 24.023 Loading class jdk/net/ExtendedSocketOptions$2
Event: 24.023 Loading class jdk/net/ExtendedSocketOptions$2 done
Event: 24.023 Loading class jdk/internal/util/OperatingSystem
Event: 24.023 Loading class jdk/internal/util/OperatingSystem done
Event: 24.024 Loading class jdk/net/WindowsSocketOptions
Event: 24.024 Loading class jdk/net/WindowsSocketOptions done
Event: 24.026 Loading class jdk/net/ExtendedSocketOptions$1
Event: 24.026 Loading class jdk/net/ExtendedSocketOptions$1 done
Event: 24.026 Loading class java/net/StandardProtocolFamily
Event: 24.027 Loading class java/net/StandardProtocolFamily done
Event: 24.027 Loading class java/net/SocksSocketImpl$3
Event: 24.028 Loading class java/net/SocksSocketImpl$3 done
Event: 24.028 Loading class sun/net/NetHooks
Event: 24.028 Loading class sun/net/NetHooks done
Event: 24.048 Loading class javax/net/ssl/SNIHostName
Event: 24.049 Loading class javax/net/ssl/SNIServerName
Event: 24.049 Loading class javax/net/ssl/SNIServerName done
Event: 24.049 Loading class javax/net/ssl/SNIHostName done
Event: 24.049 Loading class java/net/IDN

Classes unloaded (0 events):
No events

Classes redefined (0 events):
No events

Internal exceptions (20 events):
Event: 20.254 Thread 0x00000244cea86040 Exception <a 'sun/nio/fs/WindowsException'{0x00000000d5a10bd0}> (0x00000000d5a10bd0) 
thrown [s\src\hotspot\share\prims\jni.cpp, line 520]
Event: 20.255 Thread 0x00000244cea86040 Exception <a 'sun/nio/fs/WindowsException'{0x00000000d5a11c78}> (0x00000000d5a11c78) 
thrown [s\src\hotspot\share\prims\jni.cpp, line 520]
Event: 20.259 Thread 0x00000244cea83f70 Exception <a 'sun/nio/fs/WindowsException'{0x00000000d5a3e860}> (0x00000000d5a3e860) 
thrown [s\src\hotspot\share\prims\jni.cpp, line 520]
Event: 20.260 Thread 0x00000244cea86040 Exception <a 'sun/nio/fs/WindowsException'{0x00000000d5a13cb8}> (0x00000000d5a13cb8) 
thrown [s\src\hotspot\share\prims\jni.cpp, line 520]
Event: 20.260 Thread 0x00000244cea85320 Exception <a 'sun/nio/fs/WindowsException'{0x00000000d5a35db8}> (0x00000000d5a35db8) 
thrown [s\src\hotspot\share\prims\jni.cpp, line 520]
Event: 20.262 Thread 0x00000244cea81ea0 Exception <a 'sun/nio/fs/WindowsException'{0x00000000d5a2dbc0}> (0x00000000d5a2dbc0) 
thrown [s\src\hotspot\share\prims\jni.cpp, line 520]
Event: 20.309 Thread 0x00000244cdb76de0 Exception <a 'sun/nio/fs/WindowsException'{0x00000000d5b01a88}> (0x00000000d5b01a88) 
thrown [s\src\hotspot\share\prims\jni.cpp, line 520]
Event: 21.618 Thread 0x00000244cdb76de0 Implicit null exception at 0x00000244f739ba2e to 0x00000244f739c059
Event: 22.038 Thread 0x00000244cdb77b00 Exception <a 'sun/nio/fs/WindowsException'{0x00000000d5aeb660}> (0x00000000d5aeb660) 
thrown [s\src\hotspot\share\prims\jni.cpp, line 520]
Event: 22.038 Thread 0x00000244cdb77b00 Exception <a 'sun/nio/fs/WindowsException'{0x00000000d5aebf18}> (0x00000000d5aebf18) 
thrown [s\src\hotspot\share\prims\jni.cpp, line 520]
Event: 22.039 Thread 0x00000244cdb77b00 Exception <a 'sun/nio/fs/WindowsException'{0x00000000d5b00f18}> (0x00000000d5b00f18) 
thrown [s\src\hotspot\share\prims\jni.cpp, line 520]
Event: 22.039 Thread 0x00000244cdb77b00 Exception <a 'sun/nio/fs/WindowsException'{0x00000000d5b017d0}> (0x00000000d5b017d0) 
thrown [s\src\hotspot\share\prims\jni.cpp, line 520]
Event: 22.039 Thread 0x00000244cdb77b00 Exception <a 'sun/nio/fs/WindowsException'{0x00000000d5b028f0}> (0x00000000d5b028f0) 
thrown [s\src\hotspot\share\prims\jni.cpp, line 520]
Event: 22.040 Thread 0x00000244cdb77b00 Exception <a 'sun/nio/fs/WindowsException'{0x00000000d5b031c0}> (0x00000000d5b031c0) 
thrown [s\src\hotspot\share\prims\jni.cpp, line 520]
Event: 22.040 Thread 0x00000244cdb77b00 Exception <a 'sun/nio/fs/WindowsException'{0x00000000d5b03ea0}> (0x00000000d5b03ea0) 
thrown [s\src\hotspot\share\prims\jni.cpp, line 520]
Event: 22.040 Thread 0x00000244cdb77b00 Exception <a 'sun/nio/fs/WindowsException'{0x00000000d5b04758}> (0x00000000d5b04758) 
thrown [s\src\hotspot\share\prims\jni.cpp, line 520]
Event: 22.449 Thread 0x00000244cdb76de0 Implicit null exception at 0x00000244f737d44b to 0x00000244f737d5d0
Event: 23.623 Thread 0x00000244cea88110 Exception <a 'sun/nio/fs/WindowsException'{0x00000000d59dc030}> (0x00000000d59dc030) 
thrown [s\src\hotspot\share\prims\jni.cpp, line 520]
Event: 23.738 Thread 0x00000244cea88110 Implicit null exception at 0x00000244f7224b86 to 0x00000244f7225698
Event: 23.738 Thread 0x00000244cea88110 Implicit null exception at 0x00000244f738fd0d to 0x00000244f7390a54

ZGC Phase Switch (0 events):
No events

VM Operations (20 events):
Event: 23.640 Executing safepoint VM operation: ParallelGCFailedAllocation (Allocation Failure)
Event: 23.642 Executing safepoint VM operation: ParallelGCFailedAllocation (Allocation Failure) done
Event: 23.654 Executing non-safepoint VM operation: HandshakeAllThreads (Deoptimize)
Event: 23.654 Executing non-safepoint VM operation: HandshakeAllThreads (Deoptimize) done
Event: 23.684 Executing safepoint VM operation: ParallelGCFailedAllocation (Allocation Failure)
Event: 23.698 Executing safepoint VM operation: ParallelGCFailedAllocation (Allocation Failure) done
Event: 23.778 Executing safepoint VM operation: ParallelGCFailedAllocation (Allocation Failure)
Event: 23.786 Executing safepoint VM operation: ParallelGCFailedAllocation (Allocation Failure) done
Event: 23.883 Executing non-safepoint VM operation: HandshakeAllThreads (Deoptimize)
Event: 23.899 Executing non-safepoint VM operation: HandshakeAllThreads (Deoptimize) done
Event: 23.899 Executing safepoint VM operation: ParallelGCFailedAllocation (Allocation Failure)
Event: 23.902 Executing safepoint VM operation: ParallelGCFailedAllocation (Allocation Failure) done
Event: 23.930 Executing non-safepoint VM operation: HandshakeAllThreads (Deoptimize)
Event: 23.946 Executing non-safepoint VM operation: HandshakeAllThreads (Deoptimize) done
Event: 23.946 Executing safepoint VM operation: ParallelGCFailedAllocation (Allocation Failure)
Event: 23.947 Executing safepoint VM operation: ParallelGCFailedAllocation (Allocation Failure) done
Event: 23.968 Executing non-safepoint VM operation: HandshakeAllThreads (Deoptimize)
Event: 23.978 Executing non-safepoint VM operation: HandshakeAllThreads (Deoptimize) done
Event: 24.001 Executing safepoint VM operation: ParallelGCFailedAllocation (Allocation Failure)
Event: 24.003 Executing safepoint VM operation: ParallelGCFailedAllocation (Allocation Failure) done

Memory protections (0 events):
No events

Nmethod flushes (0 events):
No events

Events (20 events):
Event: 18.420 Thread 0x00000244cea859b0 Thread exited: 0x00000244cea859b0
Event: 18.421 Thread 0x00000244cd2d1bd0 Thread exited: 0x00000244cd2d1bd0
Event: 18.421 Thread 0x00000244cea85320 Thread exited: 0x00000244cea85320
Event: 18.421 Thread 0x00000244cd2d2f80 Thread exited: 0x00000244cd2d2f80
Event: 19.828 Thread 0x00000244ce85d9d0 Thread exited: 0x00000244ce85d9d0
Event: 20.223 Thread 0x00000244cdb76de0 Thread added: 0x00000244cea86040
Event: 20.254 Thread 0x00000244cea86040 Thread added: 0x00000244cea81ea0
Event: 20.255 Thread 0x00000244cea86040 Thread added: 0x00000244cea85320
Event: 20.255 Thread 0x00000244cea86040 Thread added: 0x00000244cea83f70
Event: 20.413 Thread 0x00000244cdb76de0 Thread added: 0x00000244cea887a0
Event: 20.413 Thread 0x00000244cdb76de0 Thread added: 0x00000244cea838e0
Event: 20.909 Thread 0x00000244fea3a1d0 Thread added: 0x00000244ce9e90c0
Event: 21.041 Thread 0x00000244cdb77b00 Thread added: 0x00000244cea86d60
Event: 21.885 Thread 0x00000244ce9e90c0 Thread exited: 0x00000244ce9e90c0
Event: 22.455 Thread 0x00000244fea3a1d0 Thread added: 0x00000244cf00e160
Event: 23.018 Thread 0x00000244cf00e160 Thread exited: 0x00000244cf00e160
Event: 23.105 Thread 0x00000244cdb76de0 Thread added: 0x00000244cea87a80
Event: 23.504 Thread 0x00000244fea3a1d0 Thread added: 0x00000244ce155ee0
Event: 23.583 Thread 0x00000244cd2d3ca0 Thread added: 0x00000244cea88110
Event: 23.676 Thread 0x00000244cd2d3ca0 Thread added: 0x00000244cea894c0


Dynamic libraries:
0x00007ff78d710000 - 0x00007ff78d71e000 	c:\Users\Admin\.vscode\extensions\redhat.java-1.55.2026051309-win32-x64\jre\21.0.10-win32-x86_64\bin\java.exe
0x00007ffa14370000 - 0x00007ffa14568000 	C:\Windows\SYSTEM32\ntdll.dll
0x00007ffa13410000 - 0x00007ffa134d2000 	C:\Windows\System32\KERNEL32.DLL
0x00007ffa11c40000 - 0x00007ffa11f36000 	C:\Windows\System32\KERNELBASE.dll
0x00007ffa11f40000 - 0x00007ffa12040000 	C:\Windows\System32\ucrtbase.dll
0x00007ff9ed0f0000 - 0x00007ff9ed108000 	c:\Users\Admin\.vscode\extensions\redhat.java-1.55.2026051309-win32-x64\jre\21.0.10-win32-x86_64\bin\jli.dll
0x00007ffa12900000 - 0x00007ffa12aa1000 	C:\Windows\System32\USER32.dll
0x00007ffa11a00000 - 0x00007ffa11a22000 	C:\Windows\System32\win32u.dll
0x00007ffa12850000 - 0x00007ffa1287b000 	C:\Windows\System32\GDI32.dll
0x00007ffa120f0000 - 0x00007ffa12209000 	C:\Windows\System32\gdi32full.dll
0x00007ffa12210000 - 0x00007ffa122ad000 	C:\Windows\System32\msvcp_win.dll
0x00007ff9ed0d0000 - 0x00007ff9ed0ee000 	c:\Users\Admin\.vscode\extensions\redhat.java-1.55.2026051309-win32-x64\jre\21.0.10-win32-x86_64\bin\VCRUNTIME140.dll
0x00007ffa00df0000 - 0x00007ffa0108b000 	C:\Windows\WinSxS\amd64_microsoft.windows.common-controls_6595b64144ccf1df_6.0.19041.6456_none_60b8a6cb71f64256\COMCTL32.dll
0x00007ffa13370000 - 0x00007ffa1340e000 	C:\Windows\System32\msvcrt.dll
0x00007ffa132e0000 - 0x00007ffa1330f000 	C:\Windows\System32\IMM32.DLL
0x00007ff9ffaa0000 - 0x00007ff9ffaac000 	c:\Users\Admin\.vscode\extensions\redhat.java-1.55.2026051309-win32-x64\jre\21.0.10-win32-x86_64\bin\vcruntime140_1.dll
0x00007ff9e1370000 - 0x00007ff9e13fd000 	c:\Users\Admin\.vscode\extensions\redhat.java-1.55.2026051309-win32-x64\jre\21.0.10-win32-x86_64\bin\msvcp140.dll
0x00007ff9d4070000 - 0x00007ff9d4e11000 	c:\Users\Admin\.vscode\extensions\redhat.java-1.55.2026051309-win32-x64\jre\21.0.10-win32-x86_64\bin\server\jvm.dll
0x00007ffa12790000 - 0x00007ffa12841000 	C:\Windows\System32\ADVAPI32.dll
0x00007ffa13ff0000 - 0x00007ffa1408f000 	C:\Windows\System32\sechost.dll
0x00007ffa14210000 - 0x00007ffa14330000 	C:\Windows\System32\RPCRT4.dll
0x00007ffa11b90000 - 0x00007ffa11bb7000 	C:\Windows\System32\bcrypt.dll
0x00007ffa13920000 - 0x00007ffa1398b000 	C:\Windows\System32\WS2_32.dll
0x00007ffa11860000 - 0x00007ffa118ab000 	C:\Windows\SYSTEM32\POWRPROF.dll
0x00007ffa016b0000 - 0x00007ffa016d7000 	C:\Windows\SYSTEM32\WINMM.dll
0x00007ffa0c840000 - 0x00007ffa0c84a000 	C:\Windows\SYSTEM32\VERSION.dll
0x00007ffa11840000 - 0x00007ffa11852000 	C:\Windows\SYSTEM32\UMPDC.dll
0x00007ffa0f7b0000 - 0x00007ffa0f7c2000 	C:\Windows\SYSTEM32\kernel.appcore.dll
0x00007ff9feeb0000 - 0x00007ff9feeba000 	c:\Users\Admin\.vscode\extensions\redhat.java-1.55.2026051309-win32-x64\jre\21.0.10-win32-x86_64\bin\jimage.dll
0x00007ffa014a0000 - 0x00007ffa016a1000 	C:\Windows\SYSTEM32\DBGHELP.DLL
0x00007ff9f0dc0000 - 0x00007ff9f0df4000 	C:\Windows\SYSTEM32\dbgcore.DLL
0x00007ffa12300000 - 0x00007ffa12382000 	C:\Windows\System32\bcryptPrimitives.dll
0x00007ff9fec40000 - 0x00007ff9fec4f000 	c:\Users\Admin\.vscode\extensions\redhat.java-1.55.2026051309-win32-x64\jre\21.0.10-win32-x86_64\bin\instrument.dll
0x00007ff9ed090000 - 0x00007ff9ed0b0000 	c:\Users\Admin\.vscode\extensions\redhat.java-1.55.2026051309-win32-x64\jre\21.0.10-win32-x86_64\bin\java.dll
0x00007ffa12ab0000 - 0x00007ffa13220000 	C:\Windows\System32\SHELL32.dll
0x00007ffa0fa90000 - 0x00007ffa10235000 	C:\Windows\SYSTEM32\windows.storage.dll
0x00007ffa134e0000 - 0x00007ffa13834000 	C:\Windows\System32\combase.dll
0x00007ffa11350000 - 0x00007ffa1137b000 	C:\Windows\SYSTEM32\Wldp.dll
0x00007ffa14090000 - 0x00007ffa1415d000 	C:\Windows\System32\OLEAUT32.dll
0x00007ffa14160000 - 0x00007ffa1420d000 	C:\Windows\System32\SHCORE.dll
0x00007ffa12880000 - 0x00007ffa128db000 	C:\Windows\System32\shlwapi.dll
0x00007ffa11930000 - 0x00007ffa11954000 	C:\Windows\SYSTEM32\profapi.dll
0x00007ff9ec7e0000 - 0x00007ff9ec7f8000 	c:\Users\Admin\.vscode\extensions\redhat.java-1.55.2026051309-win32-x64\jre\21.0.10-win32-x86_64\bin\zip.dll
0x00007ff9fcc20000 - 0x00007ff9fcc30000 	C:\Users\Admin\.vscode\extensions\redhat.java-1.55.2026051309-win32-x64\jre\21.0.10-win32-x86_64\bin\net.dll
0x00007ffa0b910000 - 0x00007ffa0ba1a000 	C:\Windows\SYSTEM32\WINHTTP.dll
0x00007ffa110b0000 - 0x00007ffa1111a000 	C:\Windows\system32\mswsock.dll
0x00007ff9ed0b0000 - 0x00007ff9ed0c6000 	C:\Users\Admin\.vscode\extensions\redhat.java-1.55.2026051309-win32-x64\jre\21.0.10-win32-x86_64\bin\nio.dll
0x00007ff9fc6b0000 - 0x00007ff9fc6c0000 	c:\Users\Admin\.vscode\extensions\redhat.java-1.55.2026051309-win32-x64\jre\21.0.10-win32-x86_64\bin\verify.dll
0x00007ff9e8110000 - 0x00007ff9e8155000 	C:\Users\Admin\AppData\Roaming\Code\User\globalStorage\redhat.java\1.55.2026051309\config_win\org.eclipse.equinox.launcher\org.eclipse.equinox.launcher.win32.win32.x86_64_1.3.0.v20260203-2149\eclipse_11919.dll
0x00007ffa124b0000 - 0x00007ffa125db000 	C:\Windows\System32\ole32.dll
0x00007ffa112b0000 - 0x00007ffa112c8000 	C:\Windows\SYSTEM32\CRYPTSP.dll
0x00007ffa109d0000 - 0x00007ffa10a08000 	C:\Windows\system32\rsaenh.dll
0x00007ffa118b0000 - 0x00007ffa118de000 	C:\Windows\SYSTEM32\USERENV.dll
0x00007ffa112a0000 - 0x00007ffa112ac000 	C:\Windows\SYSTEM32\CRYPTBASE.dll
0x00007ffa10d90000 - 0x00007ffa10dcb000 	C:\Windows\SYSTEM32\IPHLPAPI.DLL
0x00007ffa128e0000 - 0x00007ffa128e8000 	C:\Windows\System32\NSI.dll
0x00007ff9e22b0000 - 0x00007ff9e22f9000 	C:\Users\Admin\AppData\Local\Temp\jna-63116079\jna12921018837552241242.dll
0x00007ffa13220000 - 0x00007ffa13228000 	C:\Windows\System32\PSAPI.DLL
0x00007ffa0bdb0000 - 0x00007ffa0bdc7000 	C:\Windows\SYSTEM32\dhcpcsvc6.DLL
0x00007ffa0c650000 - 0x00007ffa0c66d000 	C:\Windows\SYSTEM32\dhcpcsvc.DLL
0x00007ffa0f050000 - 0x00007ffa0f05e000 	C:\Users\Admin\.vscode\extensions\redhat.java-1.55.2026051309-win32-x64\jre\21.0.10-win32-x86_64\bin\sunmscapi.dll
0x00007ffa11a30000 - 0x00007ffa11b8d000 	C:\Windows\System32\CRYPT32.dll
0x00007ffa113c0000 - 0x00007ffa113e7000 	C:\Windows\SYSTEM32\ncrypt.dll
0x00007ffa11380000 - 0x00007ffa113bb000 	C:\Windows\SYSTEM32\NTASN1.dll
0x00007ffa10dd0000 - 0x00007ffa10e9a000 	C:\Windows\SYSTEM32\DNSAPI.dll
0x00007ffa0aa60000 - 0x00007ffa0aa6a000 	C:\Windows\System32\rasadhlp.dll
0x00007ffa02d80000 - 0x00007ffa02e00000 	C:\Windows\System32\fwpuclnt.dll
0x00007ff9f11c0000 - 0x00007ff9f11c9000 	C:\Users\Admin\.vscode\extensions\redhat.java-1.55.2026051309-win32-x64\jre\21.0.10-win32-x86_64\bin\extnet.dll

JVMTI agents:
c:\Users\Admin\.vscode\extensions\redhat.java-1.55.2026051309-win32-x64\lombok\lombok-1.18.39-4050.jar path:c:\Users\Admin\.vscode\extensions\redhat.java-1.55.2026051309-win32-x64\jre\21.0.10-win32-x86_64\bin\instrument.dll, loaded, initialized, instrumentlib options:none

dbghelp: loaded successfully - version: 4.0.5 - missing functions: none
symbol engine: initialized successfully - sym options: 0x614 - pdb path: .;c:\Users\Admin\.vscode\extensions\redhat.java-1.55.2026051309-win32-x64\jre\21.0.10-win32-x86_64\bin;C:\Windows\SYSTEM32;C:\Windows\WinSxS\amd64_microsoft.windows.common-controls_6595b64144ccf1df_6.0.19041.6456_none_60b8a6cb71f64256;c:\Users\Admin\.vscode\extensions\redhat.java-1.55.2026051309-win32-x64\jre\21.0.10-win32-x86_64\bin\server;C:\Users\Admin\AppData\Roaming\Code\User\globalStorage\redhat.java\1.55.2026051309\config_win\org.eclipse.equinox.launcher\org.eclipse.equinox.launcher.win32.win32.x86_64_1.3.0.v20260203-2149;C:\Users\Admin\AppData\Local\Temp\jna-63116079

VM Arguments:
jvm_args: --add-modules=ALL-SYSTEM --add-opens=java.base/java.util=ALL-UNNAMED --add-opens=java.base/java.lang=ALL-UNNAMED --add-opens=java.base/sun.nio.fs=ALL-UNNAMED -Declipse.application=org.eclipse.jdt.ls.core.id1 -Dosgi.bundles.defaultStartLevel=4 -Declipse.product=org.eclipse.jdt.ls.core.product -Djava.import.generatesMetadataFilesAtProjectRoot=false -DDetectVMInstallationsJob.disabled=true -Dfile.encoding=utf8 -XX:+UseParallelGC -XX:GCTimeRatio=4 -XX:AdaptiveSizePolicyWeight=90 -Dsun.zip.disableMemoryMapping=true -Xmx2G -Xms100m -Xlog:disable -javaagent:c:\Users\Admin\.vscode\extensions\redhat.java-1.55.2026051309-win32-x64\lombok\lombok-1.18.39-4050.jar -XX:+HeapDumpOnOutOfMemoryError -XX:HeapDumpPath=c:\Users\Admin\AppData\Roaming\Code\User\workspaceStorage\9b61c8759c294bde21ab693b22915321\redhat.java -Daether.dependencyCollector.impl=bf -XX:+UnlockDiagnosticVMOptions -XX:+AllowArchivingWithJavaAgent -XX:+AutoCreateSharedArchive -XX:SharedArchiveFile=c:\Users\Admin\AppData\Roaming\Code\User\globalStorage\redhat.java\1.55.2026051309\jdtls.jsa 
java_command: c:\Users\Admin\.vscode\extensions\redhat.java-1.55.2026051309-win32-x64\server\plugins\org.eclipse.equinox.launcher_1.7.100.v20251111-0406.jar -configuration c:\Users\Admin\AppData\Roaming\Code\User\globalStorage\redhat.java\1.55.2026051309\config_win -data c:\Users\Admin\AppData\Roaming\Code\User\workspaceStorage\9b61c8759c294bde21ab693b22915321\redhat.java\jdt_ws --pipe=\\.\pipe\lsp-91449194a286efaa447d44c37a5d0352-sock
java_class_path (initial): c:\Users\Admin\.vscode\extensions\redhat.java-1.55.2026051309-win32-x64\server\plugins\org.eclipse.equinox.launcher_1.7.100.v20251111-0406.jar
Launcher Type: SUN_STANDARD

[Global flags]
    uintx AdaptiveSizePolicyWeight                 = 90                                        {product} {command line}
     bool AllowArchivingWithJavaAgent              = true                             {JVMCI diagnostic} {command line}
     bool AutoCreateSharedArchive                  = false                               {JVMCI product} {command line}
     intx CICompilerCount                          = 3                                         {product} {ergonomic}
    uintx GCTimeRatio                              = 4                                         {product} {command line}
     bool HeapDumpOnOutOfMemoryError               = true                                   {manageable} {command line}
    ccstr HeapDumpPath                             = c:\Users\Admin\AppData\Roaming\Code\User\workspaceStorage\9b61c8759c294bde21ab693b22915321\redhat.java         {manageable} {command line}
   size_t InitialHeapSize                          = 104857600                                 {product} {command line}
   size_t MaxHeapSize                              = 2147483648                                {product} {command line}
   size_t MaxNewSize                               = 715653120                                 {product} {ergonomic}
   size_t MinHeapDeltaBytes                        = 524288                                    {product} {ergonomic}
   size_t MinHeapSize                              = 104857600                                 {product} {command line}
   size_t NewSize                                  = 34603008                                  {product} {ergonomic}
    uintx NonNMethodCodeHeapSize                   = 5832780                                {pd product} {ergonomic}
    uintx NonProfiledCodeHeapSize                  = 122912730                              {pd product} {ergonomic}
   size_t OldSize                                  = 70254592                                  {product} {ergonomic}
    uintx ProfiledCodeHeapSize                     = 122912730                              {pd product} {ergonomic}
    uintx ReservedCodeCacheSize                    = 251658240                              {pd product} {ergonomic}
     bool SegmentedCodeCache                       = true                                      {product} {ergonomic}
    ccstr SharedArchiveFile                        = c:\Users\Admin\AppData\Roaming\Code\User\globalStorage\redhat.java\1.55.2026051309\jdtls.jsa      {JVMCI product} {command line}
   size_t SoftMaxHeapSize                          = 2147483648                             {manageable} {ergonomic}
     bool UnlockDiagnosticVMOptions                = true                                   {diagnostic} {command line}
     bool UseCompressedOops                        = true                           {product lp64_product} {ergonomic}
     bool UseLargePagesIndividualAllocation        = false                                  {pd product} {ergonomic}
     bool UseParallelGC                            = true                                      {product} {command line}

Logging:
Log output configuration:
 #0: stdout all=off uptime,level,tags foldmultilines=false
 #1: stderr all=off uptime,level,tags foldmultilines=false

Release file:
JAVA_VERSION="21.0.10" 
MODULES="java.base java.compiler java.datatransfer java.xml java.prefs java.desktop java.instrument java.logging java.management java.security.sasl java.naming java.rmi java.management.rmi java.net.http java.scripting java.security.jgss java.transaction.xa java.sql java.sql.rowset java.xml.crypto java.se java.smartcardio jdk.accessibility jdk.internal.jvmstat jdk.attach jdk.charsets jdk.internal.opt jdk.zipfs jdk.compiler jdk.crypto.ec jdk.crypto.cryptoki jdk.crypto.mscapi jdk.dynalink jdk.internal.ed jdk.editpad jdk.hotspot.agent jdk.httpserver jdk.internal.le jdk.internal.vm.ci jdk.internal.vm.compiler jdk.internal.vm.compiler.management jdk.jartool jdk.javadoc jdk.jcmd jdk.management jdk.management.agent jdk.jconsole jdk.jdeps jdk.jdwp.agent jdk.jdi jdk.jfr jdk.jshell jdk.jsobject jdk.jstatd jdk.localedata jdk.management.jfr jdk.naming.dns jdk.naming.rmi jdk.net jdk.nio.mapmode jdk.random jdk.sctp jdk.security.auth jdk.security.jgss jdk.unsupported jdk.unsupported.desktop jdk.xml.dom" 

Environment Variables:
PATH=C:\Program Files\Common Files\Oracle\Java\javapath;C:\Program Files (x86)\Common Files\Oracle\Java\java8path;C:\Program Files (x86)\Common Files\Oracle\Java\javapath;C:\Windows\system32;C:\Windows;C:\Windows\System32\Wbem;C:\Windows\System32\WindowsPowerShell\v1.0\;C:\Windows\System32\OpenSSH\;C:\xampp\php;C:\ProgramData\ComposerSetup\bin;C:\Program Files\nodejs\;C:\Program Files\Git\cmd;C:\Program Files\PuTTY\;C:\Users\Admin\AppData\Local\Microsoft\WindowsApps;C:\Users\Admin\AppData\Local\Programs\Microsoft VS Code\bin;C:\Users\Admin\AppData\Roaming\Composer\vendor\bin;C:\Users\Admin\AppData\Roaming\npm;C:\Program Files\JetBrains\IntelliJ IDEA 2026.1.2\bin
USERNAME=Admin
OS=Windows_NT
PROCESSOR_IDENTIFIER=Intel64 Family 6 Model 158 Stepping 9, GenuineIntel
TMP=C:\Users\Admin\AppData\Local\Temp
TEMP=C:\Users\Admin\AppData\Local\Temp




Periodic native trim disabled

---------------  S Y S T E M  ---------------

OS:
 Windows 10 , 64 bit Build 19041 (10.0.19041.5915)
OS uptime: 0 days 2:49 hours

CPU: total 4 (initial active 4) (4 cores per cpu, 1 threads per core) family 6 model 158 stepping 9 microcode 0xb4, cx8, cmov, fxsr, mmx, 3dnowpref, sse, sse2, sse3, ssse3, sse4.1, sse4.2, popcnt, lzcnt, tsc, tscinvbit, avx, avx2, aes, erms, clmul, bmi1, bmi2, rtm, adx, fma, vzeroupper, clflush, clflushopt, rdtscp, f16c
Processor Information for the first 4 processors :
  Max Mhz: 3408, Current Mhz: 3408, Mhz Limit: 3408

Memory: 4k page, system-wide physical 8098M (477M free)
TotalPageFile size 9378M (AvailPageFile size 80M)
current process WorkingSet (physical memory assigned to process): 313M, peak: 316M
current process commit charge ("private bytes"): 370M, peak: 373M

vm_info: OpenJDK 64-Bit Server VM (21.0.10+7-LTS) for windows-amd64 JRE (21.0.10+7-LTS), built on 2026-01-20T00:00:00Z by "admin" with MS VC++ 17.12 (VS2022)

END.
