#
# There is insufficient memory for the Java Runtime Environment to continue.
# Native memory allocation (malloc) failed to allocate 1022336 bytes. Error detail: Chunk::new
# Possible reasons:
#   The system is out of physical RAM or swap space
#   This process is running with CompressedOops enabled, and the Java Heap may be blocking the growth of the native heap
# Possible solutions:
#   Reduce memory load on the system
#   Increase physical memory or swap space
#   Check if swap backing store is full
#   Decrease Java heap size (-Xmx/-Xms)
#   Decrease number of Java threads
#   Decrease Java thread stack sizes (-Xss)
#   Set larger code cache with -XX:ReservedCodeCacheSize=
#   JVM is running with Unscaled Compressed Oops mode in which the Java heap is
#     placed in the first 4GB address space. The Java Heap base address is the
#     maximum limit for the native heap growth. Please use -XX:HeapBaseMinAddress
#     to set the Java Heap base and to place the Java Heap above 4GB virtual address.
# This output file may be truncated or incomplete.
#
#  Out of Memory Error (arena.cpp:168), pid=3236, tid=1192
#
# JRE version: OpenJDK Runtime Environment Temurin-21.0.10+7 (21.0.10+7) (build 21.0.10+7-LTS)
# Java VM: OpenJDK 64-Bit Server VM Temurin-21.0.10+7 (21.0.10+7-LTS, mixed mode, sharing, tiered, compressed oops, compressed class ptrs, parallel gc, windows-amd64)
# No core dump will be written. Minidumps are not enabled by default on client versions of Windows
#

---------------  S U M M A R Y ------------

Command Line: --add-modules=ALL-SYSTEM --add-opens=java.base/java.util=ALL-UNNAMED --add-opens=java.base/java.lang=ALL-UNNAMED --add-opens=java.base/sun.nio.fs=ALL-UNNAMED -Declipse.application=org.eclipse.jdt.ls.core.id1 -Dosgi.bundles.defaultStartLevel=4 -Declipse.product=org.eclipse.jdt.ls.core.product -Djava.import.generatesMetadataFilesAtProjectRoot=false -DDetectVMInstallationsJob.disabled=true -Dfile.encoding=utf8 -XX:+UseParallelGC -XX:GCTimeRatio=4 -XX:AdaptiveSizePolicyWeight=90 -Dsun.zip.disableMemoryMapping=true -Xmx2G -Xms100m -Xlog:disable -javaagent:c:\Users\Admin\.vscode\extensions\redhat.java-1.55.2026051309-win32-x64\lombok\lombok-1.18.39-4050.jar -XX:+HeapDumpOnOutOfMemoryError -XX:HeapDumpPath=c:\Users\Admin\AppData\Roaming\Code\User\workspaceStorage\9b61c8759c294bde21ab693b22915321\redhat.java -Daether.dependencyCollector.impl=bf -XX:+UnlockDiagnosticVMOptions -XX:+AllowArchivingWithJavaAgent -XX:+AutoCreateSharedArchive -XX:SharedArchiveFile=c:\Users\Admin\AppData\Roaming\Code\User\globalStorage\redhat.java\1.55.2026051309\jdtls.jsa c:\Users\Admin\.vscode\extensions\redhat.java-1.55.2026051309-win32-x64\server\plugins\org.eclipse.equinox.launcher_1.7.100.v20251111-0406.jar -configuration c:\Users\Admin\AppData\Roaming\Code\User\globalStorage\redhat.java\1.55.2026051309\config_win -data c:\Users\Admin\AppData\Roaming\Code\User\workspaceStorage\9b61c8759c294bde21ab693b22915321\redhat.java\jdt_ws --pipe=\\.\pipe\lsp-7332c773414e9c4e70221a83e920c165-sock

Host: Intel(R) Core(TM) i5-7500 CPU @ 3.40GHz, 4 cores, 7G,  Windows 10 , 64 bit Build 19041 (10.0.19041.5915)
Time: Wed May 20 15:52:19 2026 Hora oficial do Brasil elapsed time: 67.229316 seconds (0d 0h 1m 7s)

---------------  T H R E A D  ---------------

Current thread (0x00000253962ae440):  JavaThread "C2 CompilerThread0" daemon [_thread_in_native, id=1192, stack(0x000000f949100000,0x000000f949200000) (1024K)]


Current CompileTask:
C2:67229 16471 %     4       org.eclipse.jdt.internal.core.search.indexing.BinaryIndexer::extractReferenceFromConstantPool @ 155 (358 bytes)

Stack: [0x000000f949100000,0x000000f949200000]
Native frames: (J=compiled Java code, j=interpreted, Vv=VM code, C=native code)
V  [jvm.dll+0x6d7a39]
V  [jvm.dll+0x8b4b26]
V  [jvm.dll+0x8b70de]
V  [jvm.dll+0x8b77c3]
V  [jvm.dll+0x284346]
V  [jvm.dll+0xc66ed]
V  [jvm.dll+0xc6c31]
V  [jvm.dll+0x2fb29e]
V  [jvm.dll+0x5fe884]
V  [jvm.dll+0x255b17]
V  [jvm.dll+0x255edd]
V  [jvm.dll+0x24e500]
V  [jvm.dll+0x24ba42]
V  [jvm.dll+0x1cb34e]
V  [jvm.dll+0x25b85d]
V  [jvm.dll+0x259dea]
V  [jvm.dll+0x3f857e]
V  [jvm.dll+0x85f59d]
V  [jvm.dll+0x6d626d]
C  [ucrtbase.dll+0x21bb2]
C  [KERNEL32.DLL+0x17374]
C  [ntdll.dll+0x4cc91]


---------------  P R O C E S S  ---------------

Threads class SMR info:
_java_thread_list=0x00000253dd385e60, length=43, elements={
0x00000253fd199b20, 0x00000253962997f0, 0x000002539629b100, 0x000002539629cc90,
0x000002539629dbb0, 0x000002539629ead0, 0x00000253962a2650, 0x00000253962ae440,
0x00000253962b80b0, 0x00000253d8205b20, 0x00000253d83650f0, 0x00000253d8b9ead0,
0x00000253d814acf0, 0x00000253d82ac8b0, 0x00000253dd29f9d0, 0x00000253dd0d2a60,
0x00000253dd0d44a0, 0x00000253dd0d3e10, 0x00000253dd0d16b0, 0x00000253dd0d1d40,
0x00000253dd0d30f0, 0x00000253dd0d23d0, 0x00000253dd0d1020, 0x00000253dd0d3780,
0x00000253dfa03790, 0x00000253dfa03100, 0x00000253dfa05ef0, 0x00000253dfa051d0,
0x00000253dfa08650, 0x00000253dfa02a70, 0x00000253dfa03e20, 0x00000253dfa08ce0,
0x00000253dfa044b0, 0x00000253dfa05860, 0x00000253ddc9ee40, 0x00000253ddc98bd0,
0x00000253ddc9da90, 0x00000253ddc9a610, 0x00000253ddc9c6e0, 0x00000253ddc9aca0,
0x00000253ddc9f4d0, 0x00000253ddc9c050, 0x00000253ddc9e7b0
}

Java Threads: ( => current thread )
  0x00000253fd199b20 JavaThread "main"                              [_thread_blocked, id=7068, stack(0x000000f948700000,0x000000f948800000) (1024K)]
  0x00000253962997f0 JavaThread "Reference Handler"          daemon [_thread_blocked, id=4508, stack(0x000000f948b00000,0x000000f948c00000) (1024K)]
  0x000002539629b100 JavaThread "Finalizer"                  daemon [_thread_blocked, id=8844, stack(0x000000f948c00000,0x000000f948d00000) (1024K)]
  0x000002539629cc90 JavaThread "Signal Dispatcher"          daemon [_thread_blocked, id=1884, stack(0x000000f948d00000,0x000000f948e00000) (1024K)]
  0x000002539629dbb0 JavaThread "Attach Listener"            daemon [_thread_blocked, id=1528, stack(0x000000f948e00000,0x000000f948f00000) (1024K)]
  0x000002539629ead0 JavaThread "Service Thread"             daemon [_thread_blocked, id=6540, stack(0x000000f948f00000,0x000000f949000000) (1024K)]
  0x00000253962a2650 JavaThread "Monitor Deflation Thread"   daemon [_thread_blocked, id=8460, stack(0x000000f949000000,0x000000f949100000) (1024K)]
=>0x00000253962ae440 JavaThread "C2 CompilerThread0"         daemon [_thread_in_native, id=1192, stack(0x000000f949100000,0x000000f949200000) (1024K)]
  0x00000253962b80b0 JavaThread "C1 CompilerThread0"         daemon [_thread_blocked, id=6992, stack(0x000000f949200000,0x000000f949300000) (1024K)]
  0x00000253d8205b20 JavaThread "Common-Cleaner"             daemon [_thread_blocked, id=4220, stack(0x000000f949400000,0x000000f949500000) (1024K)]
  0x00000253d83650f0 JavaThread "Notification Thread"        daemon [_thread_blocked, id=7972, stack(0x000000f949300000,0x000000f949400000) (1024K)]
  0x00000253d8b9ead0 JavaThread "Active Thread: Equinox Container: 8b05f377-ceb3-4d1d-9ae8-8ef6f4f0125b"        [_thread_blocked, id=2536, stack(0x000000f949c00000,0x000000f949d00000) (1024K)]
  0x00000253d814acf0 JavaThread "Framework Event Dispatcher: Equinox Container: 8b05f377-ceb3-4d1d-9ae8-8ef6f4f0125b" daemon [_thread_blocked, id=11904, stack(0x000000f949d00000,0x000000f949e00000) (1024K)]
  0x00000253d82ac8b0 JavaThread "Start Level: Equinox Container: 8b05f377-ceb3-4d1d-9ae8-8ef6f4f0125b" daemon [_thread_blocked, id=4660, stack(0x000000f949e00000,0x000000f949f00000) (1024K)]
  0x00000253dd29f9d0 JavaThread "Bundle File Closer"         daemon [_thread_blocked, id=8252, stack(0x000000f94a000000,0x000000f94a100000) (1024K)]
  0x00000253dd0d2a60 JavaThread "Refresh Thread: Equinox Container: 8b05f377-ceb3-4d1d-9ae8-8ef6f4f0125b" daemon [_thread_blocked, id=424, stack(0x000000f94a100000,0x000000f94a200000) (1024K)]
  0x00000253dd0d44a0 JavaThread "SCR Component Actor"        daemon [_thread_blocked, id=5452, stack(0x000000f949f00000,0x000000f94a000000) (1024K)]
  0x00000253dd0d3e10 JavaThread "Worker-JM"                         [_thread_blocked, id=6564, stack(0x000000f94a200000,0x000000f94a300000) (1024K)]
  0x00000253dd0d16b0 JavaThread "Worker-0: Check JDK Index"         [_thread_blocked, id=2912, stack(0x000000f94a300000,0x000000f94a400000) (1024K)]
  0x00000253dd0d1d40 JavaThread "Worker-1: Initialize Workspace"        [_thread_blocked, id=5560, stack(0x000000f94a400000,0x000000f94a500000) (1024K)]
  0x00000253dd0d30f0 JavaThread "Java indexing"              daemon [_thread_in_Java, id=5080, stack(0x000000f94a600000,0x000000f94a700000) (1024K)]
  0x00000253dd0d23d0 JavaThread "Worker-2: Java indexing... "        [_thread_blocked, id=1584, stack(0x000000f94a700000,0x000000f94a800000) (1024K)]
  0x00000253dd0d1020 JavaThread "Worker-3"                          [_thread_blocked, id=10992, stack(0x000000f94a800000,0x000000f94a900000) (1024K)]
  0x00000253dd0d3780 JavaThread "JNA Cleaner"                daemon [_thread_blocked, id=540, stack(0x000000f94a900000,0x000000f94aa00000) (1024K)]
  0x00000253dfa03790 JavaThread "Worker-4"                          [_thread_blocked, id=1712, stack(0x000000f94ac00000,0x000000f94ad00000) (1024K)]
  0x00000253dfa03100 JavaThread "Worker-5"                          [_thread_blocked, id=5796, stack(0x000000f94ad00000,0x000000f94ae00000) (1024K)]
  0x00000253dfa05ef0 JavaThread "Thread-1"                   daemon [_thread_in_native, id=12120, stack(0x000000f94ae00000,0x000000f94af00000) (1024K)]
  0x00000253dfa051d0 JavaThread "Thread-2"                   daemon [_thread_in_native, id=9280, stack(0x000000f94af00000,0x000000f94b000000) (1024K)]
  0x00000253dfa08650 JavaThread "Thread-3"                   daemon [_thread_in_native, id=6156, stack(0x000000f94b000000,0x000000f94b100000) (1024K)]
  0x00000253dfa02a70 JavaThread "Thread-4"                   daemon [_thread_in_native, id=4792, stack(0x000000f94b100000,0x000000f94b200000) (1024K)]
  0x00000253dfa03e20 JavaThread "Thread-5"                   daemon [_thread_in_native, id=5372, stack(0x000000f94b200000,0x000000f94b300000) (1024K)]
  0x00000253dfa08ce0 JavaThread "pool-2-thread-1"                   [_thread_blocked, id=11192, stack(0x000000f94b300000,0x000000f94b400000) (1024K)]
  0x00000253dfa044b0 JavaThread "WorkspaceEventsHandler"            [_thread_blocked, id=12052, stack(0x000000f949900000,0x000000f949a00000) (1024K)]
  0x00000253dfa05860 JavaThread "pool-1-thread-1"                   [_thread_blocked, id=6828, stack(0x000000f949a00000,0x000000f949b00000) (1024K)]
  0x00000253ddc9ee40 JavaThread "Worker-6"                          [_thread_blocked, id=1404, stack(0x000000f948500000,0x000000f948600000) (1024K)]
  0x00000253ddc98bd0 JavaThread "ForkJoinPool.commonPool-worker-1" daemon [_thread_blocked, id=11544, stack(0x000000f94a500000,0x000000f94a600000) (1024K)]
  0x00000253ddc9da90 JavaThread "ForkJoinPool.commonPool-worker-2" daemon [_thread_blocked, id=10912, stack(0x000000f94b400000,0x000000f94b500000) (1024K)]
  0x00000253ddc9a610 JavaThread "ForkJoinPool.commonPool-worker-3" daemon [_thread_blocked, id=7144, stack(0x000000f948600000,0x000000f948700000) (1024K)]
  0x00000253ddc9c6e0 JavaThread "Compiler Source File Reader" daemon [_thread_blocked, id=8088, stack(0x000000f949b00000,0x000000f949c00000) (1024K)]
  0x00000253ddc9aca0 JavaThread "Compiler Source File Reader" daemon [_thread_blocked, id=6180, stack(0x000000f94b500000,0x000000f94b600000) (1024K)]
  0x00000253ddc9f4d0 JavaThread "Compiler Processing Task"   daemon [_thread_blocked, id=4860, stack(0x000000f94b600000,0x000000f94b700000) (1024K)]
  0x00000253ddc9c050 JavaThread "Compiler Class File Writer" daemon [_thread_blocked, id=11508, stack(0x000000f94b700000,0x000000f94b800000) (1024K)]
  0x00000253ddc9e7b0 JavaThread "Compiler Class File Writer" daemon [_thread_blocked, id=10876, stack(0x000000f94b800000,0x000000f94b900000) (1024K)]
Total: 43

Other Threads:
  0x00000253ff5abc20 VMThread "VM Thread"                           [id=7716, stack(0x000000f948a00000,0x000000f948b00000) (1024K)]
  0x000002539621ba00 WatcherThread "VM Periodic Task Thread"        [id=9408, stack(0x000000f948900000,0x000000f948a00000) (1024K)]
  0x00000253ff50bcb0 WorkerThread "GC Thread#0"                     [id=5084, stack(0x000000f948800000,0x000000f948900000) (1024K)]
  0x00000253d876e7a0 WorkerThread "GC Thread#1"                     [id=4664, stack(0x000000f949600000,0x000000f949700000) (1024K)]
  0x00000253d894e930 WorkerThread "GC Thread#2"                     [id=3624, stack(0x000000f949700000,0x000000f949800000) (1024K)]
  0x00000253d89500d0 WorkerThread "GC Thread#3"                     [id=9364, stack(0x000000f949800000,0x000000f949900000) (1024K)]
Total: 6

Threads with active compile tasks:
C2 CompilerThread0  67422 16471 %     4       org.eclipse.jdt.internal.core.search.indexing.BinaryIndexer::extractReferenceFromConstantPool @ 155 (358 bytes)
Total: 1

VM state: not at safepoint (normal execution)

VM Mutex/Monitor currently owned by a thread: None

Heap address: 0x0000000080000000, size: 2048 MB, Compressed Oops mode: 32-bit

CDS archive(s) mapped at: [0x0000025397000000-0x0000025397ba0000-0x0000025397ba0000), size 12189696, SharedBaseAddress: 0x0000025397000000, ArchiveRelocationMode: 1.
Compressed class space mapped at: 0x0000025398000000-0x00000253d8000000, reserved size: 1073741824
Narrow klass base: 0x0000025397000000, Narrow klass shift: 0, Narrow klass range: 0x100000000

GC Precious Log:
 CardTable entry size: 512
 CPUs: 4 total, 4 available
 Memory: 8098M
 Large Page Support: Disabled
 NUMA Support: Disabled
 Compressed Oops: Enabled (32-bit)
 Alignments: Space 512K, Generation 512K, Heap 2M
 Heap Min Capacity: 100M
 Heap Initial Capacity: 100M
 Heap Max Capacity: 2G
 Pre-touch: Disabled
 Parallel Workers: 4

Heap:
 PSYoungGen      total 6656K, used 3808K [0x00000000d5580000, 0x00000000d5d00000, 0x0000000100000000)
  eden space 5632K, 50% used [0x00000000d5580000,0x00000000d584b558,0x00000000d5b00000)
  from space 1024K, 92% used [0x00000000d5c00000,0x00000000d5cecc80,0x00000000d5d00000)
  to   space 1024K, 0% used [0x00000000d5b00000,0x00000000d5b00000,0x00000000d5c00000)
 ParOldGen       total 173568K, used 173435K [0x0000000080000000, 0x000000008a980000, 0x00000000d5580000)
  object space 173568K, 99% used [0x0000000080000000,0x000000008a95ef10,0x000000008a980000)
 Metaspace       used 84858K, committed 86336K, reserved 1179648K
  class space    used 8050K, committed 8704K, reserved 1048576K

Card table byte_map: [0x00000253fee90000,0x00000253ff2a0000] _byte_map_base: 0x00000253fea90000

Marking Bits: (ParMarkBitMap*) 0x00007ff9cd8c3450
 Begin Bits: [0x0000025392140000, 0x0000025394140000)
 End Bits:   [0x0000025394140000, 0x0000025396140000)

Polling page: 0x00000253fd330000

Metaspace:

Usage:
  Non-class:     75.01 MB used.
      Class:      7.86 MB used.
       Both:     82.87 MB used.

Virtual space:
  Non-class space:      128.00 MB reserved,      75.81 MB ( 59%) committed,  2 nodes.
      Class space:        1.00 GB reserved,       8.50 MB ( <1%) committed,  1 nodes.
             Both:        1.12 GB reserved,      84.31 MB (  7%) committed. 

Chunk freelists:
   Non-Class:  4.19 MB
       Class:  7.41 MB
        Both:  11.60 MB

MaxMetaspaceSize: unlimited
CompressedClassSpaceSize: 1.00 GB
Initial GC threshold: 21.00 MB
Current GC threshold: 97.31 MB
CDS: on
 - commit_granule_bytes: 65536.
 - commit_granule_words: 8192.
 - virtual_space_node_default_size: 8388608.
 - enlarge_chunks_in_place: 1.
 - use_allocation_guard: 0.


Internal statistics:

num_allocs_failed_limit: 9.
num_arena_births: 1366.
num_arena_deaths: 28.
num_vsnodes_births: 3.
num_vsnodes_deaths: 0.
num_space_committed: 1349.
num_space_uncommitted: 0.
num_chunks_returned_to_freelist: 40.
num_chunks_taken_from_freelist: 5116.
num_chunk_merges: 13.
num_chunk_splits: 3174.
num_chunks_enlarged: 1866.
num_inconsistent_stats: 0.

CodeHeap 'non-profiled nmethods': size=120000Kb used=10663Kb max_used=10663Kb free=109336Kb
 bounds [0x000002538ac10000, 0x000002538b680000, 0x0000025392140000]
CodeHeap 'profiled nmethods': size=120000Kb used=36418Kb max_used=36418Kb free=83582Kb
 bounds [0x0000025383140000, 0x00000253854e0000, 0x000002538a670000]
CodeHeap 'non-nmethods': size=5760Kb used=1477Kb max_used=1601Kb free=4282Kb
 bounds [0x000002538a670000, 0x000002538a8e0000, 0x000002538ac10000]
CodeCache: size=245760Kb, used=48558Kb, max_used=48682Kb, free=197200Kb
 total_blobs=16467, nmethods=15668, adapters=704, full_count=0
Compilation: enabled, stopped_count=0, restarted_count=0

Compilation events (20 events):
Event: 66.011 Thread 0x00000253962b80b0 16453       2       org.eclipse.jdt.internal.compiler.classfmt.AnnotationInfo::readRetentionPolicy (302 bytes)
Event: 66.012 Thread 0x00000253962b80b0 nmethod 16453 0x00000253854cad90 code [0x00000253854cafc0, 0x00000253854cb6b0]
Event: 66.012 Thread 0x00000253962b80b0 16454       2       org.eclipse.jdt.internal.compiler.classfmt.FieldInfoWithAnnotation::<init> (106 bytes)
Event: 66.012 Thread 0x00000253962b80b0 nmethod 16454 0x00000253854cbb90 code [0x00000253854cbd20, 0x00000253854cbf40]
Event: 66.012 Thread 0x00000253962b80b0 16455       2       org.eclipse.jdt.internal.compiler.ast.Annotation::getTargetElementType (278 bytes)
Event: 66.012 Thread 0x00000253962b80b0 nmethod 16455 0x00000253854cc010 code [0x00000253854cc2a0, 0x00000253854cc900]
Event: 66.053 Thread 0x00000253962ae440 nmethod 16423% 0x000002538b64de90 code [0x000002538b64e680, 0x000002538b6580b0]
Event: 66.054 Thread 0x00000253962ae440 16444   !   4       org.eclipse.jdt.internal.compiler.classfmt.ClassFileReader::<init> (1968 bytes)
Event: 66.237 Thread 0x00000253962b80b0 16462       2       org.eclipse.jdt.internal.compiler.classfmt.FieldInfo::decodeAnnotations (185 bytes)
Event: 66.238 Thread 0x00000253962b80b0 nmethod 16462 0x00000253854ccb10 code [0x00000253854ccd00, 0x00000253854cd4e0]
Event: 66.346 Thread 0x00000253962ae440 nmethod 16444 0x000002538b65c790 code [0x000002538b65d160, 0x000002538b665e50]
Event: 66.347 Thread 0x00000253962ae440 16463 %     4       org.eclipse.jdt.internal.core.search.indexing.BinaryIndexer::extractReferenceFromConstantPool @ 15 (358 bytes)
Event: 66.524 Thread 0x00000253962b80b0 16464       3       org.eclipse.jdt.core.Signature::checkArrayDimension (92 bytes)
Event: 66.536 Thread 0x00000253962b80b0 nmethod 16464 0x00000253854cd810 code [0x00000253854cd9e0, 0x00000253854cdd80]
Event: 66.536 Thread 0x00000253962b80b0 16465       3       org.eclipse.jdt.core.Signature::encodeQualifiedName (207 bytes)
Event: 66.553 Thread 0x00000253962b80b0 nmethod 16465 0x00000253854cde90 code [0x00000253854ce180, 0x00000253854cf240]
Event: 66.938 Thread 0x00000253962ae440 nmethod 16463% 0x000002538b66a790 code [0x000002538b66af80, 0x000002538b674c18]
Event: 66.939 Thread 0x00000253962ae440 16469       4       org.eclipse.jdt.internal.core.search.indexing.BinaryIndexer::extractArgCount (316 bytes)
Event: 66.952 Thread 0x00000253962ae440 nmethod 16469 0x000002538b679190 code [0x000002538b679360, 0x000002538b679b38]
Event: 66.952 Thread 0x00000253962ae440 16471 %     4       org.eclipse.jdt.internal.core.search.indexing.BinaryIndexer::extractReferenceFromConstantPool @ 155 (358 bytes)

GC Heap History (20 events):
Event: 66.777 GC heap before
{Heap before GC invocations=311 (full 3):
 PSYoungGen      total 5632K, used 5350K [0x00000000d5580000, 0x00000000d5c00000, 0x0000000100000000)
  eden space 4608K, 99% used [0x00000000d5580000,0x00000000d59fd1b0,0x00000000d5a00000)
  from space 1024K, 73% used [0x00000000d5a00000,0x00000000d5abc6c8,0x00000000d5b00000)
  to   space 1024K, 0% used [0x00000000d5b00000,0x00000000d5b00000,0x00000000d5c00000)
 ParOldGen       total 161280K, used 160860K [0x0000000080000000, 0x0000000089d80000, 0x00000000d5580000)
  object space 161280K, 99% used [0x0000000080000000,0x0000000089d170f8,0x0000000089d80000)
 Metaspace       used 84857K, committed 86336K, reserved 1179648K
  class space    used 8050K, committed 8704K, reserved 1048576K
}
Event: 66.778 GC heap after
{Heap after GC invocations=311 (full 3):
 PSYoungGen      total 5632K, used 795K [0x00000000d5580000, 0x00000000d5c00000, 0x0000000100000000)
  eden space 4608K, 0% used [0x00000000d5580000,0x00000000d5580000,0x00000000d5a00000)
  from space 1024K, 77% used [0x00000000d5b00000,0x00000000d5bc6e70,0x00000000d5c00000)
  to   space 1024K, 0% used [0x00000000d5a00000,0x00000000d5a00000,0x00000000d5b00000)
 ParOldGen       total 161792K, used 161528K [0x0000000080000000, 0x0000000089e00000, 0x00000000d5580000)
  object space 161792K, 99% used [0x0000000080000000,0x0000000089dbe218,0x0000000089e00000)
 Metaspace       used 84857K, committed 86336K, reserved 1179648K
  class space    used 8050K, committed 8704K, reserved 1048576K
}
Event: 66.812 GC heap before
{Heap before GC invocations=312 (full 3):
 PSYoungGen      total 5632K, used 5403K [0x00000000d5580000, 0x00000000d5c00000, 0x0000000100000000)
  eden space 4608K, 100% used [0x00000000d5580000,0x00000000d5a00000,0x00000000d5a00000)
  from space 1024K, 77% used [0x00000000d5b00000,0x00000000d5bc6e70,0x00000000d5c00000)
  to   space 1024K, 0% used [0x00000000d5a00000,0x00000000d5a00000,0x00000000d5b00000)
 ParOldGen       total 161792K, used 161528K [0x0000000080000000, 0x0000000089e00000, 0x00000000d5580000)
  object space 161792K, 99% used [0x0000000080000000,0x0000000089dbe218,0x0000000089e00000)
 Metaspace       used 84857K, committed 86336K, reserved 1179648K
  class space    used 8050K, committed 8704K, reserved 1048576K
}
Event: 66.817 GC heap after
{Heap after GC invocations=312 (full 3):
 PSYoungGen      total 5632K, used 744K [0x00000000d5580000, 0x00000000d5c00000, 0x0000000100000000)
  eden space 4608K, 0% used [0x00000000d5580000,0x00000000d5580000,0x00000000d5a00000)
  from space 1024K, 72% used [0x00000000d5a00000,0x00000000d5aba330,0x00000000d5b00000)
  to   space 1024K, 0% used [0x00000000d5b00000,0x00000000d5b00000,0x00000000d5c00000)
 ParOldGen       total 162304K, used 162205K [0x0000000080000000, 0x0000000089e80000, 0x00000000d5580000)
  object space 162304K, 99% used [0x0000000080000000,0x0000000089e67408,0x0000000089e80000)
 Metaspace       used 84857K, committed 86336K, reserved 1179648K
  class space    used 8050K, committed 8704K, reserved 1048576K
}
Event: 66.844 GC heap before
{Heap before GC invocations=313 (full 3):
 PSYoungGen      total 5632K, used 5338K [0x00000000d5580000, 0x00000000d5c00000, 0x0000000100000000)
  eden space 4608K, 99% used [0x00000000d5580000,0x00000000d59fc800,0x00000000d5a00000)
  from space 1024K, 72% used [0x00000000d5a00000,0x00000000d5aba330,0x00000000d5b00000)
  to   space 1024K, 0% used [0x00000000d5b00000,0x00000000d5b00000,0x00000000d5c00000)
 ParOldGen       total 162304K, used 162205K [0x0000000080000000, 0x0000000089e80000, 0x00000000d5580000)
  object space 162304K, 99% used [0x0000000080000000,0x0000000089e67408,0x0000000089e80000)
 Metaspace       used 84857K, committed 86336K, reserved 1179648K
  class space    used 8050K, committed 8704K, reserved 1048576K
}
Event: 66.850 GC heap after
{Heap after GC invocations=313 (full 3):
 PSYoungGen      total 5632K, used 758K [0x00000000d5580000, 0x00000000d5c00000, 0x0000000100000000)
  eden space 4608K, 0% used [0x00000000d5580000,0x00000000d5580000,0x00000000d5a00000)
  from space 1024K, 74% used [0x00000000d5b00000,0x00000000d5bbd8b0,0x00000000d5c00000)
  to   space 1024K, 0% used [0x00000000d5a00000,0x00000000d5a00000,0x00000000d5b00000)
 ParOldGen       total 163328K, used 162889K [0x0000000080000000, 0x0000000089f80000, 0x00000000d5580000)
  object space 163328K, 99% used [0x0000000080000000,0x0000000089f12448,0x0000000089f80000)
 Metaspace       used 84857K, committed 86336K, reserved 1179648K
  class space    used 8050K, committed 8704K, reserved 1048576K
}
Event: 66.885 GC heap before
{Heap before GC invocations=314 (full 3):
 PSYoungGen      total 5632K, used 5366K [0x00000000d5580000, 0x00000000d5c00000, 0x0000000100000000)
  eden space 4608K, 100% used [0x00000000d5580000,0x00000000d5a00000,0x00000000d5a00000)
  from space 1024K, 74% used [0x00000000d5b00000,0x00000000d5bbd8b0,0x00000000d5c00000)
  to   space 1024K, 0% used [0x00000000d5a00000,0x00000000d5a00000,0x00000000d5b00000)
 ParOldGen       total 163328K, used 162889K [0x0000000080000000, 0x0000000089f80000, 0x00000000d5580000)
  object space 163328K, 99% used [0x0000000080000000,0x0000000089f12448,0x0000000089f80000)
 Metaspace       used 84857K, committed 86336K, reserved 1179648K
  class space    used 8050K, committed 8704K, reserved 1048576K
}
Event: 66.886 GC heap after
{Heap after GC invocations=314 (full 3):
 PSYoungGen      total 5632K, used 778K [0x00000000d5580000, 0x00000000d5c00000, 0x0000000100000000)
  eden space 4608K, 0% used [0x00000000d5580000,0x00000000d5580000,0x00000000d5a00000)
  from space 1024K, 75% used [0x00000000d5a00000,0x00000000d5ac28a8,0x00000000d5b00000)
  to   space 1024K, 0% used [0x00000000d5b00000,0x00000000d5b00000,0x00000000d5c00000)
 ParOldGen       total 163840K, used 163564K [0x0000000080000000, 0x000000008a000000, 0x00000000d5580000)
  object space 163840K, 99% used [0x0000000080000000,0x0000000089fbb2b0,0x000000008a000000)
 Metaspace       used 84857K, committed 86336K, reserved 1179648K
  class space    used 8050K, committed 8704K, reserved 1048576K
}
Event: 66.911 GC heap before
{Heap before GC invocations=315 (full 3):
 PSYoungGen      total 5632K, used 5386K [0x00000000d5580000, 0x00000000d5c00000, 0x0000000100000000)
  eden space 4608K, 100% used [0x00000000d5580000,0x00000000d5a00000,0x00000000d5a00000)
  from space 1024K, 75% used [0x00000000d5a00000,0x00000000d5ac28a8,0x00000000d5b00000)
  to   space 1024K, 0% used [0x00000000d5b00000,0x00000000d5b00000,0x00000000d5c00000)
 ParOldGen       total 163840K, used 163564K [0x0000000080000000, 0x000000008a000000, 0x00000000d5580000)
  object space 163840K, 99% used [0x0000000080000000,0x0000000089fbb2b0,0x000000008a000000)
 Metaspace       used 84857K, committed 86336K, reserved 1179648K
  class space    used 8050K, committed 8704K, reserved 1048576K
}
Event: 66.913 GC heap after
{Heap after GC invocations=315 (full 3):
 PSYoungGen      total 5632K, used 766K [0x00000000d5580000, 0x00000000d5c00000, 0x0000000100000000)
  eden space 4608K, 0% used [0x00000000d5580000,0x00000000d5580000,0x00000000d5a00000)
  from space 1024K, 74% used [0x00000000d5b00000,0x00000000d5bbf888,0x00000000d5c00000)
  to   space 1024K, 0% used [0x00000000d5a00000,0x00000000d5a00000,0x00000000d5b00000)
 ParOldGen       total 164352K, used 164325K [0x0000000080000000, 0x000000008a080000, 0x00000000d5580000)
  object space 164352K, 99% used [0x0000000080000000,0x000000008a0797d0,0x000000008a080000)
 Metaspace       used 84857K, committed 86336K, reserved 1179648K
  class space    used 8050K, committed 8704K, reserved 1048576K
}
Event: 66.947 GC heap before
{Heap before GC invocations=316 (full 3):
 PSYoungGen      total 5632K, used 5374K [0x00000000d5580000, 0x00000000d5c00000, 0x0000000100000000)
  eden space 4608K, 100% used [0x00000000d5580000,0x00000000d5a00000,0x00000000d5a00000)
  from space 1024K, 74% used [0x00000000d5b00000,0x00000000d5bbf888,0x00000000d5c00000)
  to   space 1024K, 0% used [0x00000000d5a00000,0x00000000d5a00000,0x00000000d5b00000)
 ParOldGen       total 164352K, used 164325K [0x0000000080000000, 0x000000008a080000, 0x00000000d5580000)
  object space 164352K, 99% used [0x0000000080000000,0x000000008a0797d0,0x000000008a080000)
 Metaspace       used 84857K, committed 86336K, reserved 1179648K
  class space    used 8050K, committed 8704K, reserved 1048576K
}
Event: 66.949 GC heap after
{Heap after GC invocations=316 (full 3):
 PSYoungGen      total 5632K, used 786K [0x00000000d5580000, 0x00000000d5c00000, 0x0000000100000000)
  eden space 4608K, 0% used [0x00000000d5580000,0x00000000d5580000,0x00000000d5a00000)
  from space 1024K, 76% used [0x00000000d5a00000,0x00000000d5ac4af8,0x00000000d5b00000)
  to   space 1024K, 0% used [0x00000000d5b00000,0x00000000d5b00000,0x00000000d5c00000)
 ParOldGen       total 165376K, used 164990K [0x0000000080000000, 0x000000008a180000, 0x00000000d5580000)
  object space 165376K, 99% used [0x0000000080000000,0x000000008a11fb00,0x000000008a180000)
 Metaspace       used 84857K, committed 86336K, reserved 1179648K
  class space    used 8050K, committed 8704K, reserved 1048576K
}
Event: 67.026 GC heap before
{Heap before GC invocations=317 (full 3):
 PSYoungGen      total 5632K, used 5394K [0x00000000d5580000, 0x00000000d5c00000, 0x0000000100000000)
  eden space 4608K, 100% used [0x00000000d5580000,0x00000000d5a00000,0x00000000d5a00000)
  from space 1024K, 76% used [0x00000000d5a00000,0x00000000d5ac4af8,0x00000000d5b00000)
  to   space 1024K, 0% used [0x00000000d5b00000,0x00000000d5b00000,0x00000000d5c00000)
 ParOldGen       total 165376K, used 164990K [0x0000000080000000, 0x000000008a180000, 0x00000000d5580000)
  object space 165376K, 99% used [0x0000000080000000,0x000000008a11fb00,0x000000008a180000)
 Metaspace       used 84857K, committed 86336K, reserved 1179648K
  class space    used 8050K, committed 8704K, reserved 1048576K
}
Event: 67.028 GC heap after
{Heap after GC invocations=317 (full 3):
 PSYoungGen      total 5632K, used 798K [0x00000000d5580000, 0x00000000d5c00000, 0x0000000100000000)
  eden space 4608K, 0% used [0x00000000d5580000,0x00000000d5580000,0x00000000d5a00000)
  from space 1024K, 77% used [0x00000000d5b00000,0x00000000d5bc7a38,0x00000000d5c00000)
  to   space 1024K, 0% used [0x00000000d5a00000,0x00000000d5a00000,0x00000000d5b00000)
 ParOldGen       total 165888K, used 165713K [0x0000000080000000, 0x000000008a200000, 0x00000000d5580000)
  object space 165888K, 99% used [0x0000000080000000,0x000000008a1d4568,0x000000008a200000)
 Metaspace       used 84857K, committed 86336K, reserved 1179648K
  class space    used 8050K, committed 8704K, reserved 1048576K
}
Event: 67.050 GC heap before
{Heap before GC invocations=318 (full 3):
 PSYoungGen      total 5632K, used 5406K [0x00000000d5580000, 0x00000000d5c00000, 0x0000000100000000)
  eden space 4608K, 100% used [0x00000000d5580000,0x00000000d5a00000,0x00000000d5a00000)
  from space 1024K, 77% used [0x00000000d5b00000,0x00000000d5bc7a38,0x00000000d5c00000)
  to   space 1024K, 0% used [0x00000000d5a00000,0x00000000d5a00000,0x00000000d5b00000)
 ParOldGen       total 165888K, used 165713K [0x0000000080000000, 0x000000008a200000, 0x00000000d5580000)
  object space 165888K, 99% used [0x0000000080000000,0x000000008a1d4568,0x000000008a200000)
 Metaspace       used 84857K, committed 86336K, reserved 1179648K
  class space    used 8050K, committed 8704K, reserved 1048576K
}
Event: 67.052 GC heap after
{Heap after GC invocations=318 (full 3):
 PSYoungGen      total 5632K, used 815K [0x00000000d5580000, 0x00000000d5c00000, 0x0000000100000000)
  eden space 4608K, 0% used [0x00000000d5580000,0x00000000d5580000,0x00000000d5a00000)
  from space 1024K, 79% used [0x00000000d5a00000,0x00000000d5acbc50,0x00000000d5b00000)
  to   space 1024K, 0% used [0x00000000d5b00000,0x00000000d5b00000,0x00000000d5c00000)
 ParOldGen       total 166400K, used 166395K [0x0000000080000000, 0x000000008a280000, 0x00000000d5580000)
  object space 166400K, 99% used [0x0000000080000000,0x000000008a27ed30,0x000000008a280000)
 Metaspace       used 84857K, committed 86336K, reserved 1179648K
  class space    used 8050K, committed 8704K, reserved 1048576K
}
Event: 67.067 GC heap before
{Heap before GC invocations=319 (full 3):
 PSYoungGen      total 5632K, used 5423K [0x00000000d5580000, 0x00000000d5c00000, 0x0000000100000000)
  eden space 4608K, 100% used [0x00000000d5580000,0x00000000d5a00000,0x00000000d5a00000)
  from space 1024K, 79% used [0x00000000d5a00000,0x00000000d5acbc50,0x00000000d5b00000)
  to   space 1024K, 0% used [0x00000000d5b00000,0x00000000d5b00000,0x00000000d5c00000)
 ParOldGen       total 166400K, used 166395K [0x0000000080000000, 0x000000008a280000, 0x00000000d5580000)
  object space 166400K, 99% used [0x0000000080000000,0x000000008a27ed30,0x000000008a280000)
 Metaspace       used 84857K, committed 86336K, reserved 1179648K
  class space    used 8050K, committed 8704K, reserved 1048576K
}
Event: 67.119 GC heap after
{Heap after GC invocations=319 (full 3):
 PSYoungGen      total 5632K, used 755K [0x00000000d5580000, 0x00000000d5d00000, 0x0000000100000000)
  eden space 4608K, 0% used [0x00000000d5580000,0x00000000d5580000,0x00000000d5a00000)
  from space 1024K, 73% used [0x00000000d5b00000,0x00000000d5bbcf98,0x00000000d5c00000)
  to   space 1024K, 0% used [0x00000000d5a00000,0x00000000d5a00000,0x00000000d5b00000)
 ParOldGen       total 167424K, used 167152K [0x0000000080000000, 0x000000008a380000, 0x00000000d5580000)
  object space 167424K, 99% used [0x0000000080000000,0x000000008a33c0d0,0x000000008a380000)
 Metaspace       used 84857K, committed 86336K, reserved 1179648K
  class space    used 8050K, committed 8704K, reserved 1048576K
}
Event: 67.143 GC heap before
{Heap before GC invocations=320 (full 3):
 PSYoungGen      total 5632K, used 5360K [0x00000000d5580000, 0x00000000d5d00000, 0x0000000100000000)
  eden space 4608K, 99% used [0x00000000d5580000,0x00000000d59ff3c8,0x00000000d5a00000)
  from space 1024K, 73% used [0x00000000d5b00000,0x00000000d5bbcf98,0x00000000d5c00000)
  to   space 1024K, 0% used [0x00000000d5a00000,0x00000000d5a00000,0x00000000d5b00000)
 ParOldGen       total 167424K, used 167152K [0x0000000080000000, 0x000000008a380000, 0x00000000d5580000)
  object space 167424K, 99% used [0x0000000080000000,0x000000008a33c0d0,0x000000008a380000)
 Metaspace       used 84857K, committed 86336K, reserved 1179648K
  class space    used 8050K, committed 8704K, reserved 1048576K
}
Event: 67.145 GC heap after
{Heap after GC invocations=320 (full 3):
 PSYoungGen      total 5632K, used 775K [0x00000000d5580000, 0x00000000d5d00000, 0x0000000100000000)
  eden space 4608K, 0% used [0x00000000d5580000,0x00000000d5580000,0x00000000d5a00000)
  from space 1024K, 75% used [0x00000000d5a00000,0x00000000d5ac1f38,0x00000000d5b00000)
  to   space 1024K, 0% used [0x00000000d5c00000,0x00000000d5c00000,0x00000000d5d00000)
 ParOldGen       total 167936K, used 167859K [0x0000000080000000, 0x000000008a400000, 0x00000000d5580000)
  object space 167936K, 99% used [0x0000000080000000,0x000000008a3ecff0,0x000000008a400000)
 Metaspace       used 84857K, committed 86336K, reserved 1179648K
  class space    used 8050K, committed 8704K, reserved 1048576K
}

Dll operation events (14 events):
Event: 0.133 Loaded shared library c:\Users\Admin\.vscode\extensions\redhat.java-1.55.2026051309-win32-x64\jre\21.0.10-win32-x86_64\bin\java.dll
Event: 0.328 Loaded shared library c:\Users\Admin\.vscode\extensions\redhat.java-1.55.2026051309-win32-x64\jre\21.0.10-win32-x86_64\bin\zip.dll
Event: 0.647 Loaded shared library C:\Users\Admin\.vscode\extensions\redhat.java-1.55.2026051309-win32-x64\jre\21.0.10-win32-x86_64\bin\instrument.dll
Event: 0.684 Loaded shared library C:\Users\Admin\.vscode\extensions\redhat.java-1.55.2026051309-win32-x64\jre\21.0.10-win32-x86_64\bin\net.dll
Event: 0.710 Loaded shared library C:\Users\Admin\.vscode\extensions\redhat.java-1.55.2026051309-win32-x64\jre\21.0.10-win32-x86_64\bin\nio.dll
Event: 0.717 Loaded shared library C:\Users\Admin\.vscode\extensions\redhat.java-1.55.2026051309-win32-x64\jre\21.0.10-win32-x86_64\bin\zip.dll
Event: 0.809 Loaded shared library C:\Users\Admin\.vscode\extensions\redhat.java-1.55.2026051309-win32-x64\jre\21.0.10-win32-x86_64\bin\jimage.dll
Event: 0.988 Loaded shared library c:\Users\Admin\.vscode\extensions\redhat.java-1.55.2026051309-win32-x64\jre\21.0.10-win32-x86_64\bin\verify.dll
Event: 7.615 Loaded shared library C:\Users\Admin\AppData\Roaming\Code\User\globalStorage\redhat.java\1.55.2026051309\config_win\org.eclipse.equinox.launcher\org.eclipse.equinox.launcher.win32.win32.x86_64_1.3.0.v20260203-2149\eclipse_11919.dll
Event: 14.324 Loaded shared library C:\Users\Admin\.vscode\extensions\redhat.java-1.55.2026051309-win32-x64\jre\21.0.10-win32-x86_64\bin\management.dll
Event: 14.337 Loaded shared library C:\Users\Admin\.vscode\extensions\redhat.java-1.55.2026051309-win32-x64\jre\21.0.10-win32-x86_64\bin\management_ext.dll
Event: 16.352 Loaded shared library C:\Users\Admin\AppData\Local\Temp\jna-63116079\jna1680540991361484494.dll
Event: 17.427 Loaded shared library C:\Users\Admin\.vscode\extensions\redhat.java-1.55.2026051309-win32-x64\jre\21.0.10-win32-x86_64\bin\sunmscapi.dll
Event: 18.132 Loaded shared library C:\Users\Admin\.vscode\extensions\redhat.java-1.55.2026051309-win32-x64\jre\21.0.10-win32-x86_64\bin\extnet.dll

Deoptimization events (20 events):
Event: 67.039 Thread 0x00000253dd0d30f0 DEOPT PACKING pc=0x00000253853f2708 sp=0x000000f94a6fe2f0
Event: 67.039 Thread 0x00000253dd0d30f0 DEOPT UNPACKING pc=0x000002538a6c4242 sp=0x000000f94a6fd858 mode 0
Event: 67.048 Thread 0x00000253dd0d30f0 DEOPT PACKING pc=0x00000253853f24e3 sp=0x000000f94a6fe2f0
Event: 67.048 Thread 0x00000253dd0d30f0 DEOPT UNPACKING pc=0x000002538a6c4242 sp=0x000000f94a6fd858 mode 0
Event: 67.056 Thread 0x00000253dd0d30f0 DEOPT PACKING pc=0x00000253853f24e3 sp=0x000000f94a6fe2f0
Event: 67.056 Thread 0x00000253dd0d30f0 DEOPT UNPACKING pc=0x000002538a6c4242 sp=0x000000f94a6fd858 mode 0
Event: 67.061 Thread 0x00000253dd0d30f0 DEOPT PACKING pc=0x00000253853f24e3 sp=0x000000f94a6fe2f0
Event: 67.061 Thread 0x00000253dd0d30f0 DEOPT UNPACKING pc=0x000002538a6c4242 sp=0x000000f94a6fd858 mode 0
Event: 67.066 Thread 0x00000253dd0d30f0 DEOPT PACKING pc=0x00000253853f24e3 sp=0x000000f94a6fe2f0
Event: 67.066 Thread 0x00000253dd0d30f0 DEOPT UNPACKING pc=0x000002538a6c4242 sp=0x000000f94a6fd858 mode 0
Event: 67.127 Thread 0x00000253dd0d30f0 DEOPT PACKING pc=0x00000253853f24e3 sp=0x000000f94a6fe2f0
Event: 67.127 Thread 0x00000253dd0d30f0 DEOPT UNPACKING pc=0x000002538a6c4242 sp=0x000000f94a6fd858 mode 0
Event: 67.134 Thread 0x00000253dd0d30f0 DEOPT PACKING pc=0x00000253853f24e3 sp=0x000000f94a6fe2f0
Event: 67.134 Thread 0x00000253dd0d30f0 DEOPT UNPACKING pc=0x000002538a6c4242 sp=0x000000f94a6fd858 mode 0
Event: 67.139 Thread 0x00000253dd0d30f0 DEOPT PACKING pc=0x00000253853f24e3 sp=0x000000f94a6fe2f0
Event: 67.139 Thread 0x00000253dd0d30f0 DEOPT UNPACKING pc=0x000002538a6c4242 sp=0x000000f94a6fd858 mode 0
Event: 67.147 Thread 0x00000253dd0d30f0 DEOPT PACKING pc=0x00000253853f2708 sp=0x000000f94a6fe2f0
Event: 67.147 Thread 0x00000253dd0d30f0 DEOPT UNPACKING pc=0x000002538a6c4242 sp=0x000000f94a6fd858 mode 0
Event: 67.153 Thread 0x00000253dd0d30f0 DEOPT PACKING pc=0x00000253853f24e3 sp=0x000000f94a6fe2f0
Event: 67.153 Thread 0x00000253dd0d30f0 DEOPT UNPACKING pc=0x000002538a6c4242 sp=0x000000f94a6fd858 mode 0

Classes loaded (20 events):
Event: 62.310 Loading class java/nio/file/FileTreeIterator
Event: 62.310 Loading class java/nio/file/FileTreeIterator done
Event: 62.376 Loading class java/util/stream/ReduceOps$4
Event: 62.376 Loading class java/util/stream/ReduceOps$4 done
Event: 62.376 Loading class java/util/stream/ReduceOps$4ReducingSink
Event: 62.377 Loading class java/util/stream/ReduceOps$4ReducingSink done
Event: 62.399 Loading class java/nio/file/Files$2
Event: 62.399 Loading class java/nio/file/Files$2 done
Event: 62.989 Loading class jdk/internal/module/IllegalAccessLogger
Event: 62.989 Loading class jdk/internal/module/IllegalAccessLogger done
Event: 63.009 Loading class java/util/concurrent/ArrayBlockingQueue
Event: 63.050 Loading class java/util/concurrent/ArrayBlockingQueue done
Event: 63.318 Loading class java/util/Hashtable$ValueCollection
Event: 63.318 Loading class java/util/Hashtable$ValueCollection done
Event: 63.328 Loading class java/util/concurrent/ConcurrentHashMap$KeySpliterator
Event: 63.328 Loading class java/util/concurrent/ConcurrentHashMap$KeySpliterator done
Event: 63.737 Loading class jdk/internal/module/IllegalAccessLogger
Event: 63.737 Loading class jdk/internal/module/IllegalAccessLogger done
Event: 64.451 Loading class java/io/CharArrayWriter
Event: 64.451 Loading class java/io/CharArrayWriter done

Classes unloaded (14 events):
Event: 14.825 Thread 0x00000253ff5abc20 Unloading class 0x00000253981c1000 'java/lang/invoke/LambdaForm$MH+0x00000253981c1000'
Event: 14.825 Thread 0x00000253ff5abc20 Unloading class 0x00000253981c0c00 'java/lang/invoke/LambdaForm$MH+0x00000253981c0c00'
Event: 14.825 Thread 0x00000253ff5abc20 Unloading class 0x00000253981c0800 'java/lang/invoke/LambdaForm$MH+0x00000253981c0800'
Event: 14.825 Thread 0x00000253ff5abc20 Unloading class 0x00000253981c0400 'java/lang/invoke/LambdaForm$MH+0x00000253981c0400'
Event: 14.825 Thread 0x00000253ff5abc20 Unloading class 0x00000253981c0000 'java/lang/invoke/LambdaForm$BMH+0x00000253981c0000'
Event: 14.825 Thread 0x00000253ff5abc20 Unloading class 0x00000253981bfc00 'java/lang/invoke/LambdaForm$DMH+0x00000253981bfc00'
Event: 14.825 Thread 0x00000253ff5abc20 Unloading class 0x00000253981be800 'java/lang/invoke/LambdaForm$DMH+0x00000253981be800'
Event: 16.426 Thread 0x00000253ff5abc20 Unloading class 0x00000253982d4400 'java/lang/invoke/LambdaForm$MH+0x00000253982d4400'
Event: 16.426 Thread 0x00000253ff5abc20 Unloading class 0x00000253982d3c00 'java/lang/invoke/LambdaForm$MH+0x00000253982d3c00'
Event: 16.426 Thread 0x00000253ff5abc20 Unloading class 0x00000253982d3000 'java/lang/invoke/LambdaForm$MH+0x00000253982d3000'
Event: 16.426 Thread 0x00000253ff5abc20 Unloading class 0x00000253982d2c00 'java/lang/invoke/LambdaForm$MH+0x00000253982d2c00'
Event: 16.426 Thread 0x00000253ff5abc20 Unloading class 0x00000253982d2400 'java/lang/invoke/LambdaForm$DMH+0x00000253982d2400'
Event: 16.426 Thread 0x00000253ff5abc20 Unloading class 0x00000253982ce000 'java/lang/invoke/LambdaForm$MH+0x00000253982ce000'
Event: 16.426 Thread 0x00000253ff5abc20 Unloading class 0x00000253982cc800 'java/lang/invoke/LambdaForm$MH+0x00000253982cc800'

Classes redefined (0 events):
No events

Internal exceptions (20 events):
Event: 64.561 Thread 0x00000253ddc9ee40 Exception <a 'sun/nio/fs/WindowsException'{0x00000000d5a8f720}> (0x00000000d5a8f720) 
thrown [s\src\hotspot\share\prims\jni.cpp, line 520]
Event: 64.562 Thread 0x00000253ddc9ee40 Exception <a 'sun/nio/fs/WindowsException'{0x00000000d5a9d270}> (0x00000000d5a9d270) 
thrown [s\src\hotspot\share\prims\jni.cpp, line 520]
Event: 64.562 Thread 0x00000253ddc9ee40 Exception <a 'sun/nio/fs/WindowsException'{0x00000000d5a9dd70}> (0x00000000d5a9dd70) 
thrown [s\src\hotspot\share\prims\jni.cpp, line 520]
Event: 64.563 Thread 0x00000253ddc9ee40 Exception <a 'sun/nio/fs/WindowsException'{0x00000000d5aaac00}> (0x00000000d5aaac00) 
thrown [s\src\hotspot\share\prims\jni.cpp, line 520]
Event: 64.563 Thread 0x00000253ddc9ee40 Exception <a 'sun/nio/fs/WindowsException'{0x00000000d5aab488}> (0x00000000d5aab488) 
thrown [s\src\hotspot\share\prims\jni.cpp, line 520]
Event: 64.564 Thread 0x00000253ddc9ee40 Exception <a 'sun/nio/fs/WindowsException'{0x00000000d5aac3c0}> (0x00000000d5aac3c0) 
thrown [s\src\hotspot\share\prims\jni.cpp, line 520]
Event: 64.564 Thread 0x00000253ddc9ee40 Exception <a 'sun/nio/fs/WindowsException'{0x00000000d5aacf20}> (0x00000000d5aacf20) 
thrown [s\src\hotspot\share\prims\jni.cpp, line 520]
Event: 64.568 Thread 0x00000253ddc9ee40 Exception <a 'sun/nio/fs/WindowsException'{0x00000000d5afd858}> (0x00000000d5afd858) 
thrown [s\src\hotspot\share\prims\jni.cpp, line 520]
Event: 64.568 Thread 0x00000253ddc9ee40 Exception <a 'sun/nio/fs/WindowsException'{0x00000000d5afe608}> (0x00000000d5afe608) 
thrown [s\src\hotspot\share\prims\jni.cpp, line 520]
Event: 64.568 Thread 0x00000253ddc9ee40 Exception <a 'sun/nio/fs/WindowsException'{0x00000000d5affe58}> (0x00000000d5affe58) 
thrown [s\src\hotspot\share\prims\jni.cpp, line 520]
Event: 64.568 Thread 0x00000253ddc9ee40 Exception <a 'sun/nio/fs/WindowsException'{0x00000000d5b00bd0}> (0x00000000d5b00bd0) 
thrown [s\src\hotspot\share\prims\jni.cpp, line 520]
Event: 64.568 Thread 0x00000253ddc9ee40 Exception <a 'sun/nio/fs/WindowsException'{0x00000000d5b01db8}> (0x00000000d5b01db8) 
thrown [s\src\hotspot\share\prims\jni.cpp, line 520]
Event: 64.569 Thread 0x00000253ddc9ee40 Exception <a 'sun/nio/fs/WindowsException'{0x00000000d5b027c0}> (0x00000000d5b027c0) 
thrown [s\src\hotspot\share\prims\jni.cpp, line 520]
Event: 64.569 Thread 0x00000253ddc9ee40 Exception <a 'sun/nio/fs/WindowsException'{0x00000000d5b03dd0}> (0x00000000d5b03dd0) 
thrown [s\src\hotspot\share\prims\jni.cpp, line 520]
Event: 64.569 Thread 0x00000253ddc9ee40 Exception <a 'sun/nio/fs/WindowsException'{0x00000000d5b04df0}> (0x00000000d5b04df0) 
thrown [s\src\hotspot\share\prims\jni.cpp, line 520]
Event: 64.569 Thread 0x00000253ddc9ee40 Exception <a 'sun/nio/fs/WindowsException'{0x00000000d5b06658}> (0x00000000d5b06658) 
thrown [s\src\hotspot\share\prims\jni.cpp, line 520]
Event: 64.570 Thread 0x00000253ddc9ee40 Exception <a 'sun/nio/fs/WindowsException'{0x00000000d5b07198}> (0x00000000d5b07198) 
thrown [s\src\hotspot\share\prims\jni.cpp, line 520]
Event: 64.587 Thread 0x00000253dd0d30f0 Exception <a 'sun/nio/fs/WindowsException'{0x00000000d5661560}> (0x00000000d5661560) 
thrown [s\src\hotspot\share\prims\jni.cpp, line 520]
Event: 64.600 Thread 0x00000253dd0d30f0 Exception <a 'sun/nio/fs/WindowsException'{0x00000000d56712c0}> (0x00000000d56712c0) 
thrown [s\src\hotspot\share\prims\jni.cpp, line 520]
Event: 64.859 Thread 0x00000253dd0d30f0 Implicit null exception at 0x000002538b617ce9 to 0x000002538b617f08

ZGC Phase Switch (0 events):
No events

VM Operations (20 events):
Event: 66.777 Executing safepoint VM operation: ParallelGCFailedAllocation (Allocation Failure)
Event: 66.778 Executing safepoint VM operation: ParallelGCFailedAllocation (Allocation Failure) done
Event: 66.812 Executing safepoint VM operation: ParallelGCFailedAllocation (Allocation Failure)
Event: 66.817 Executing safepoint VM operation: ParallelGCFailedAllocation (Allocation Failure) done
Event: 66.844 Executing safepoint VM operation: ParallelGCFailedAllocation (Allocation Failure)
Event: 66.850 Executing safepoint VM operation: ParallelGCFailedAllocation (Allocation Failure) done
Event: 66.885 Executing safepoint VM operation: ParallelGCFailedAllocation (Allocation Failure)
Event: 66.886 Executing safepoint VM operation: ParallelGCFailedAllocation (Allocation Failure) done
Event: 66.911 Executing safepoint VM operation: ParallelGCFailedAllocation (Allocation Failure)
Event: 66.913 Executing safepoint VM operation: ParallelGCFailedAllocation (Allocation Failure) done
Event: 66.947 Executing safepoint VM operation: ParallelGCFailedAllocation (Allocation Failure)
Event: 66.949 Executing safepoint VM operation: ParallelGCFailedAllocation (Allocation Failure) done
Event: 67.026 Executing safepoint VM operation: ParallelGCFailedAllocation (Allocation Failure)
Event: 67.028 Executing safepoint VM operation: ParallelGCFailedAllocation (Allocation Failure) done
Event: 67.050 Executing safepoint VM operation: ParallelGCFailedAllocation (Allocation Failure)
Event: 67.052 Executing safepoint VM operation: ParallelGCFailedAllocation (Allocation Failure) done
Event: 67.067 Executing safepoint VM operation: ParallelGCFailedAllocation (Allocation Failure)
Event: 67.119 Executing safepoint VM operation: ParallelGCFailedAllocation (Allocation Failure) done
Event: 67.143 Executing safepoint VM operation: ParallelGCFailedAllocation (Allocation Failure)
Event: 67.145 Executing safepoint VM operation: ParallelGCFailedAllocation (Allocation Failure) done

Memory protections (0 events):
No events

Nmethod flushes (20 events):
Event: 25.343 Thread 0x00000253ff5abc20 flushing  nmethod 0x0000025383a3f310
Event: 25.343 Thread 0x00000253ff5abc20 flushing  nmethod 0x0000025383a40910
Event: 25.343 Thread 0x00000253ff5abc20 flushing  nmethod 0x0000025383a43e10
Event: 25.343 Thread 0x00000253ff5abc20 flushing  nmethod 0x0000025383a66c10
Event: 25.343 Thread 0x00000253ff5abc20 flushing  nmethod 0x0000025383a9dc90
Event: 25.343 Thread 0x00000253ff5abc20 flushing  nmethod 0x0000025383a9eb90
Event: 25.343 Thread 0x00000253ff5abc20 flushing  nmethod 0x0000025383aa1a90
Event: 25.343 Thread 0x00000253ff5abc20 flushing  nmethod 0x0000025383aa2290
Event: 25.343 Thread 0x00000253ff5abc20 flushing  nmethod 0x0000025383acb390
Event: 25.343 Thread 0x00000253ff5abc20 flushing  nmethod 0x0000025383ace790
Event: 25.343 Thread 0x00000253ff5abc20 flushing  nmethod 0x0000025383af0310
Event: 25.343 Thread 0x00000253ff5abc20 flushing  nmethod 0x0000025383b14010
Event: 25.343 Thread 0x00000253ff5abc20 flushing  nmethod 0x0000025383b16e90
Event: 25.343 Thread 0x00000253ff5abc20 flushing  nmethod 0x0000025383b17590
Event: 25.343 Thread 0x00000253ff5abc20 flushing  nmethod 0x0000025383b18990
Event: 25.343 Thread 0x00000253ff5abc20 flushing  nmethod 0x0000025383b1c210
Event: 25.343 Thread 0x00000253ff5abc20 flushing  nmethod 0x0000025383b1cd10
Event: 25.343 Thread 0x00000253ff5abc20 flushing  nmethod 0x0000025383b1d190
Event: 25.343 Thread 0x00000253ff5abc20 flushing  nmethod 0x0000025383b1f790
Event: 25.343 Thread 0x00000253ff5abc20 flushing  nmethod 0x0000025383b39290

Events (20 events):
Event: 60.832 Thread 0x00000253ddc998f0 Thread exited: 0x00000253ddc998f0
Event: 60.834 Thread 0x00000253ddc9da90 Thread added: 0x00000253ddc9a610
Event: 60.853 Thread 0x00000253dd0d23d0 Thread added: 0x00000253ddc9e120
Event: 60.854 Thread 0x00000253ddc9e120 Thread exited: 0x00000253ddc9e120
Event: 61.392 Thread 0x00000253d8b50010 Thread exited: 0x00000253d8b50010
Event: 61.929 Thread 0x00000253dd0d16b0 Thread added: 0x00000253ddc9c6e0
Event: 61.929 Thread 0x00000253dd0d16b0 Thread added: 0x00000253ddc9aca0
Event: 63.051 Thread 0x00000253dd0d16b0 Thread added: 0x00000253ddc9f4d0
Event: 63.331 Thread 0x00000253dd0d16b0 Thread added: 0x00000253ddc9c050
Event: 63.354 Thread 0x00000253dd0d16b0 Thread added: 0x00000253ddc9e7b0
Event: 64.301 Thread 0x00000253dd0d1020 Thread added: 0x00000253ddc99260
Event: 64.301 Thread 0x00000253dd0d1020 Thread added: 0x00000253ddc998f0
Event: 64.301 Thread 0x00000253dd0d1020 Thread added: 0x00000253ddc99f80
Event: 64.301 Thread 0x00000253dd0d1020 Thread added: 0x00000253ddc9e120
Event: 64.301 Thread 0x00000253dd0d1020 Thread added: 0x00000253dfa01d50
Event: 64.337 Thread 0x00000253ddc99f80 Thread exited: 0x00000253ddc99f80
Event: 64.337 Thread 0x00000253dfa01d50 Thread exited: 0x00000253dfa01d50
Event: 64.337 Thread 0x00000253ddc99260 Thread exited: 0x00000253ddc99260
Event: 64.337 Thread 0x00000253ddc9e120 Thread exited: 0x00000253ddc9e120
Event: 64.337 Thread 0x00000253ddc998f0 Thread exited: 0x00000253ddc998f0


Dynamic libraries:
0x00007ff78d710000 - 0x00007ff78d71e000 	c:\Users\Admin\.vscode\extensions\redhat.java-1.55.2026051309-win32-x64\jre\21.0.10-win32-x86_64\bin\java.exe
0x00007ffa14370000 - 0x00007ffa14568000 	C:\Windows\SYSTEM32\ntdll.dll
0x00007ffa13410000 - 0x00007ffa134d2000 	C:\Windows\System32\KERNEL32.DLL
0x00007ffa11c40000 - 0x00007ffa11f36000 	C:\Windows\System32\KERNELBASE.dll
0x00007ffa0ef50000 - 0x00007ffa0efe4000 	C:\Windows\SYSTEM32\apphelp.dll
0x00007ffa11f40000 - 0x00007ffa12040000 	C:\Windows\System32\ucrtbase.dll
0x00007ff9eb4e0000 - 0x00007ff9eb4f8000 	c:\Users\Admin\.vscode\extensions\redhat.java-1.55.2026051309-win32-x64\jre\21.0.10-win32-x86_64\bin\jli.dll
0x00007ffa12900000 - 0x00007ffa12aa1000 	C:\Windows\System32\USER32.dll
0x00007ffa11a00000 - 0x00007ffa11a22000 	C:\Windows\System32\win32u.dll
0x00007ffa12850000 - 0x00007ffa1287b000 	C:\Windows\System32\GDI32.dll
0x00007ffa120f0000 - 0x00007ffa12209000 	C:\Windows\System32\gdi32full.dll
0x00007ffa12210000 - 0x00007ffa122ad000 	C:\Windows\System32\msvcp_win.dll
0x00007ff9ffaa0000 - 0x00007ff9ffabe000 	c:\Users\Admin\.vscode\extensions\redhat.java-1.55.2026051309-win32-x64\jre\21.0.10-win32-x86_64\bin\VCRUNTIME140.dll
0x00007ffa00df0000 - 0x00007ffa0108b000 	C:\Windows\WinSxS\amd64_microsoft.windows.common-controls_6595b64144ccf1df_6.0.19041.6456_none_60b8a6cb71f64256\COMCTL32.dll
0x00007ffa13370000 - 0x00007ffa1340e000 	C:\Windows\System32\msvcrt.dll
0x00007ffa132e0000 - 0x00007ffa1330f000 	C:\Windows\System32\IMM32.DLL
0x00007ffa0bbb0000 - 0x00007ffa0bbbc000 	c:\Users\Admin\.vscode\extensions\redhat.java-1.55.2026051309-win32-x64\jre\21.0.10-win32-x86_64\bin\vcruntime140_1.dll
0x00007ff9e77d0000 - 0x00007ff9e785d000 	c:\Users\Admin\.vscode\extensions\redhat.java-1.55.2026051309-win32-x64\jre\21.0.10-win32-x86_64\bin\msvcp140.dll
0x00007ff9ccc00000 - 0x00007ff9cd9a1000 	c:\Users\Admin\.vscode\extensions\redhat.java-1.55.2026051309-win32-x64\jre\21.0.10-win32-x86_64\bin\server\jvm.dll
0x00007ffa12790000 - 0x00007ffa12841000 	C:\Windows\System32\ADVAPI32.dll
0x00007ffa13ff0000 - 0x00007ffa1408f000 	C:\Windows\System32\sechost.dll
0x00007ffa14210000 - 0x00007ffa14330000 	C:\Windows\System32\RPCRT4.dll
0x00007ffa11b90000 - 0x00007ffa11bb7000 	C:\Windows\System32\bcrypt.dll
0x00007ffa13920000 - 0x00007ffa1398b000 	C:\Windows\System32\WS2_32.dll
0x00007ffa11860000 - 0x00007ffa118ab000 	C:\Windows\SYSTEM32\POWRPROF.dll
0x00007ffa016b0000 - 0x00007ffa016d7000 	C:\Windows\SYSTEM32\WINMM.dll
0x00007ffa0c840000 - 0x00007ffa0c84a000 	C:\Windows\SYSTEM32\VERSION.dll
0x00007ffa11840000 - 0x00007ffa11852000 	C:\Windows\SYSTEM32\UMPDC.dll
0x00007ffa0f7b0000 - 0x00007ffa0f7c2000 	C:\Windows\SYSTEM32\kernel.appcore.dll
0x00007ffa0bba0000 - 0x00007ffa0bbaa000 	c:\Users\Admin\.vscode\extensions\redhat.java-1.55.2026051309-win32-x64\jre\21.0.10-win32-x86_64\bin\jimage.dll
0x00007ffa014a0000 - 0x00007ffa016a1000 	C:\Windows\SYSTEM32\DBGHELP.DLL
0x00007ff9f0dc0000 - 0x00007ff9f0df4000 	C:\Windows\SYSTEM32\dbgcore.DLL
0x00007ffa12300000 - 0x00007ffa12382000 	C:\Windows\System32\bcryptPrimitives.dll
0x00007ffa093b0000 - 0x00007ffa093bf000 	c:\Users\Admin\.vscode\extensions\redhat.java-1.55.2026051309-win32-x64\jre\21.0.10-win32-x86_64\bin\instrument.dll
0x00007ff9ffb10000 - 0x00007ff9ffb30000 	c:\Users\Admin\.vscode\extensions\redhat.java-1.55.2026051309-win32-x64\jre\21.0.10-win32-x86_64\bin\java.dll
0x00007ff9ec790000 - 0x00007ff9ec7a8000 	c:\Users\Admin\.vscode\extensions\redhat.java-1.55.2026051309-win32-x64\jre\21.0.10-win32-x86_64\bin\zip.dll
0x00007ffa12ab0000 - 0x00007ffa13220000 	C:\Windows\System32\SHELL32.dll
0x00007ffa0fa90000 - 0x00007ffa10235000 	C:\Windows\SYSTEM32\windows.storage.dll
0x00007ffa134e0000 - 0x00007ffa13834000 	C:\Windows\System32\combase.dll
0x00007ffa11350000 - 0x00007ffa1137b000 	C:\Windows\SYSTEM32\Wldp.dll
0x00007ffa14090000 - 0x00007ffa1415d000 	C:\Windows\System32\OLEAUT32.dll
0x00007ffa14160000 - 0x00007ffa1420d000 	C:\Windows\System32\SHCORE.dll
0x00007ffa12880000 - 0x00007ffa128db000 	C:\Windows\System32\shlwapi.dll
0x00007ffa11930000 - 0x00007ffa11954000 	C:\Windows\SYSTEM32\profapi.dll
0x00007ffa01850000 - 0x00007ffa01860000 	C:\Users\Admin\.vscode\extensions\redhat.java-1.55.2026051309-win32-x64\jre\21.0.10-win32-x86_64\bin\net.dll
0x00007ffa0b910000 - 0x00007ffa0ba1a000 	C:\Windows\SYSTEM32\WINHTTP.dll
0x00007ffa110b0000 - 0x00007ffa1111a000 	C:\Windows\system32\mswsock.dll
0x00007ff9eb4c0000 - 0x00007ff9eb4d6000 	C:\Users\Admin\.vscode\extensions\redhat.java-1.55.2026051309-win32-x64\jre\21.0.10-win32-x86_64\bin\nio.dll
0x00007ff9fc6b0000 - 0x00007ff9fc6c0000 	c:\Users\Admin\.vscode\extensions\redhat.java-1.55.2026051309-win32-x64\jre\21.0.10-win32-x86_64\bin\verify.dll
0x00007ff9e2940000 - 0x00007ff9e2985000 	C:\Users\Admin\AppData\Roaming\Code\User\globalStorage\redhat.java\1.55.2026051309\config_win\org.eclipse.equinox.launcher\org.eclipse.equinox.launcher.win32.win32.x86_64_1.3.0.v20260203-2149\eclipse_11919.dll
0x00007ffa124b0000 - 0x00007ffa125db000 	C:\Windows\System32\ole32.dll
0x00007ff9f1b10000 - 0x00007ff9f1b1a000 	C:\Users\Admin\.vscode\extensions\redhat.java-1.55.2026051309-win32-x64\jre\21.0.10-win32-x86_64\bin\management.dll
0x00007ff9f13e0000 - 0x00007ff9f13ec000 	C:\Users\Admin\.vscode\extensions\redhat.java-1.55.2026051309-win32-x64\jre\21.0.10-win32-x86_64\bin\management_ext.dll
0x00007ffa13220000 - 0x00007ffa13228000 	C:\Windows\System32\PSAPI.DLL
0x00007ffa112b0000 - 0x00007ffa112c8000 	C:\Windows\SYSTEM32\CRYPTSP.dll
0x00007ffa109d0000 - 0x00007ffa10a08000 	C:\Windows\system32\rsaenh.dll
0x00007ffa118b0000 - 0x00007ffa118de000 	C:\Windows\SYSTEM32\USERENV.dll
0x00007ffa112a0000 - 0x00007ffa112ac000 	C:\Windows\SYSTEM32\CRYPTBASE.dll
0x00007ffa10d90000 - 0x00007ffa10dcb000 	C:\Windows\SYSTEM32\IPHLPAPI.DLL
0x00007ffa128e0000 - 0x00007ffa128e8000 	C:\Windows\System32\NSI.dll
0x00007ff9e0da0000 - 0x00007ff9e0de9000 	C:\Users\Admin\AppData\Local\Temp\jna-63116079\jna1680540991361484494.dll
0x00007ffa0bdb0000 - 0x00007ffa0bdc7000 	C:\Windows\SYSTEM32\dhcpcsvc6.DLL
0x00007ffa0c650000 - 0x00007ffa0c66d000 	C:\Windows\SYSTEM32\dhcpcsvc.DLL
0x00007ff9f11c0000 - 0x00007ff9f11ce000 	C:\Users\Admin\.vscode\extensions\redhat.java-1.55.2026051309-win32-x64\jre\21.0.10-win32-x86_64\bin\sunmscapi.dll
0x00007ffa11a30000 - 0x00007ffa11b8d000 	C:\Windows\System32\CRYPT32.dll
0x00007ffa113c0000 - 0x00007ffa113e7000 	C:\Windows\SYSTEM32\ncrypt.dll
0x00007ffa11380000 - 0x00007ffa113bb000 	C:\Windows\SYSTEM32\NTASN1.dll
0x00007ffa10dd0000 - 0x00007ffa10e9a000 	C:\Windows\SYSTEM32\DNSAPI.dll
0x00007ffa0aa60000 - 0x00007ffa0aa6a000 	C:\Windows\System32\rasadhlp.dll
0x00007ffa02d80000 - 0x00007ffa02e00000 	C:\Windows\System32\fwpuclnt.dll
0x00007ff9efe90000 - 0x00007ff9efe99000 	C:\Users\Admin\.vscode\extensions\redhat.java-1.55.2026051309-win32-x64\jre\21.0.10-win32-x86_64\bin\extnet.dll
0x00007ffa10c20000 - 0x00007ffa10c53000 	C:\Windows\SYSTEM32\ntmarta.dll

JVMTI agents:
c:\Users\Admin\.vscode\extensions\redhat.java-1.55.2026051309-win32-x64\lombok\lombok-1.18.39-4050.jar path:c:\Users\Admin\.vscode\extensions\redhat.java-1.55.2026051309-win32-x64\jre\21.0.10-win32-x86_64\bin\instrument.dll, loaded, initialized, instrumentlib options:none

dbghelp: loaded successfully - version: 4.0.5 - missing functions: none
symbol engine: initialized successfully - sym options: 0x614 - pdb path: .;c:\Users\Admin\.vscode\extensions\redhat.java-1.55.2026051309-win32-x64\jre\21.0.10-win32-x86_64\bin;C:\Windows\SYSTEM32;C:\Windows\WinSxS\amd64_microsoft.windows.common-controls_6595b64144ccf1df_6.0.19041.6456_none_60b8a6cb71f64256;c:\Users\Admin\.vscode\extensions\redhat.java-1.55.2026051309-win32-x64\jre\21.0.10-win32-x86_64\bin\server;C:\Users\Admin\AppData\Roaming\Code\User\globalStorage\redhat.java\1.55.2026051309\config_win\org.eclipse.equinox.launcher\org.eclipse.equinox.launcher.win32.win32.x86_64_1.3.0.v20260203-2149;C:\Users\Admin\AppData\Local\Temp\jna-63116079

VM Arguments:
jvm_args: --add-modules=ALL-SYSTEM --add-opens=java.base/java.util=ALL-UNNAMED --add-opens=java.base/java.lang=ALL-UNNAMED --add-opens=java.base/sun.nio.fs=ALL-UNNAMED -Declipse.application=org.eclipse.jdt.ls.core.id1 -Dosgi.bundles.defaultStartLevel=4 -Declipse.product=org.eclipse.jdt.ls.core.product -Djava.import.generatesMetadataFilesAtProjectRoot=false -DDetectVMInstallationsJob.disabled=true -Dfile.encoding=utf8 -XX:+UseParallelGC -XX:GCTimeRatio=4 -XX:AdaptiveSizePolicyWeight=90 -Dsun.zip.disableMemoryMapping=true -Xmx2G -Xms100m -Xlog:disable -javaagent:c:\Users\Admin\.vscode\extensions\redhat.java-1.55.2026051309-win32-x64\lombok\lombok-1.18.39-4050.jar -XX:+HeapDumpOnOutOfMemoryError -XX:HeapDumpPath=c:\Users\Admin\AppData\Roaming\Code\User\workspaceStorage\9b61c8759c294bde21ab693b22915321\redhat.java -Daether.dependencyCollector.impl=bf -XX:+UnlockDiagnosticVMOptions -XX:+AllowArchivingWithJavaAgent -XX:+AutoCreateSharedArchive -XX:SharedArchiveFile=c:\Users\Admin\AppData\Roaming\Code\User\globalStorage\redhat.java\1.55.2026051309\jdtls.jsa 
java_command: c:\Users\Admin\.vscode\extensions\redhat.java-1.55.2026051309-win32-x64\server\plugins\org.eclipse.equinox.launcher_1.7.100.v20251111-0406.jar -configuration c:\Users\Admin\AppData\Roaming\Code\User\globalStorage\redhat.java\1.55.2026051309\config_win -data c:\Users\Admin\AppData\Roaming\Code\User\workspaceStorage\9b61c8759c294bde21ab693b22915321\redhat.java\jdt_ws --pipe=\\.\pipe\lsp-7332c773414e9c4e70221a83e920c165-sock
java_class_path (initial): c:\Users\Admin\.vscode\extensions\redhat.java-1.55.2026051309-win32-x64\server\plugins\org.eclipse.equinox.launcher_1.7.100.v20251111-0406.jar
Launcher Type: SUN_STANDARD

[Global flags]
    uintx AdaptiveSizePolicyWeight                 = 90                                        {product} {command line}
     bool AllowArchivingWithJavaAgent              = true                             {JVMCI diagnostic} {command line}
     bool AutoCreateSharedArchive                  = true                                {JVMCI product} {command line}
     intx CICompilerCount                          = 3                                         {product} {ergonomic}
    uintx GCTimeRatio                              = 4                                         {product} {command line}
     bool HeapDumpOnOutOfMemoryError               = true                                   {manageable} {command line}
    ccstr HeapDumpPath                             = c:\Users\Admin\AppData\Roaming\Code\User\workspaceStorage\9b61c8759c294bde21ab693b22915321\redhat.java         {manageable} {command line}
   size_t InitialHeapSize                          = 104857600                                 {product} {command line}
   size_t MaxHeapSize                              = 2147483648                                {product} {command line}
   size_t MaxNewSize                               = 715653120                                 {product} {ergonomic}
   size_t MinHeapDeltaBytes                        = 524288                                    {product} {ergonomic}
   size_t MinHeapSize                              = 104857600                                 {product} {command line}
   size_t NewSize                                  = 34603008                                  {product} {ergonomic}
    uintx NonNMethodCodeHeapSize                   = 5832780                                {pd product} {ergonomic}
    uintx NonProfiledCodeHeapSize                  = 122912730                              {pd product} {ergonomic}
   size_t OldSize                                  = 70254592                                  {product} {ergonomic}
    uintx ProfiledCodeHeapSize                     = 122912730                              {pd product} {ergonomic}
    uintx ReservedCodeCacheSize                    = 251658240                              {pd product} {ergonomic}
     bool SegmentedCodeCache                       = true                                      {product} {ergonomic}
    ccstr SharedArchiveFile                        =                                     {JVMCI product} {command line}
   size_t SoftMaxHeapSize                          = 2147483648                             {manageable} {ergonomic}
     bool UnlockDiagnosticVMOptions                = true                                   {diagnostic} {command line}
     bool UseCompressedOops                        = true                           {product lp64_product} {ergonomic}
     bool UseLargePagesIndividualAllocation        = false                                  {pd product} {ergonomic}
     bool UseParallelGC                            = true                                      {product} {command line}

Logging:
Log output configuration:
 #0: stdout all=off uptime,level,tags foldmultilines=false
 #1: stderr all=off uptime,level,tags foldmultilines=false

Release file:
JAVA_VERSION="21.0.10" 
MODULES="java.base java.compiler java.datatransfer java.xml java.prefs java.desktop java.instrument java.logging java.management java.security.sasl java.naming java.rmi java.management.rmi java.net.http java.scripting java.security.jgss java.transaction.xa java.sql java.sql.rowset java.xml.crypto java.se java.smartcardio jdk.accessibility jdk.internal.jvmstat jdk.attach jdk.charsets jdk.internal.opt jdk.zipfs jdk.compiler jdk.crypto.ec jdk.crypto.cryptoki jdk.crypto.mscapi jdk.dynalink jdk.internal.ed jdk.editpad jdk.hotspot.agent jdk.httpserver jdk.internal.le jdk.internal.vm.ci jdk.internal.vm.compiler jdk.internal.vm.compiler.management jdk.jartool jdk.javadoc jdk.jcmd jdk.management jdk.management.agent jdk.jconsole jdk.jdeps jdk.jdwp.agent jdk.jdi jdk.jfr jdk.jshell jdk.jsobject jdk.jstatd jdk.localedata jdk.management.jfr jdk.naming.dns jdk.naming.rmi jdk.net jdk.nio.mapmode jdk.random jdk.sctp jdk.security.auth jdk.security.jgss jdk.unsupported jdk.unsupported.desktop jdk.xml.dom" 

Environment Variables:
PATH=C:\Users\Admin\AppData\Local\Programs\Microsoft VS Code;C:\Program Files\Google\Chrome\Application;C:\Program Files\Common Files\Oracle\Java\javapath;C:\Program Files (x86)\Common Files\Oracle\Java\java8path;C:\Program Files (x86)\Common Files\Oracle\Java\javapath;C:\Windows\system32;C:\Windows;C:\Windows\System32\Wbem;C:\Windows\System32\WindowsPowerShell\v1.0\;C:\Windows\System32\OpenSSH\;C:\xampp\php;C:\ProgramData\ComposerSetup\bin;C:\Program Files\nodejs\;C:\Program Files\Git\cmd;C:\Program Files\PuTTY\;C:\Users\Admin\AppData\Local\Microsoft\WindowsApps;C:\Users\Admin\AppData\Local\Programs\Microsoft VS Code\bin;C:\Users\Admin\AppData\Roaming\Composer\vendor\bin;C:\Users\Admin\AppData\Roaming\npm
USERNAME=Admin
OS=Windows_NT
PROCESSOR_IDENTIFIER=Intel64 Family 6 Model 158 Stepping 9, GenuineIntel
TMP=C:\Users\Admin\AppData\Local\Temp
TEMP=C:\Users\Admin\AppData\Local\Temp




Periodic native trim disabled

---------------  S Y S T E M  ---------------

OS:
 Windows 10 , 64 bit Build 19041 (10.0.19041.5915)
OS uptime: 0 days 1:46 hours

CPU: total 4 (initial active 4) (4 cores per cpu, 1 threads per core) family 6 model 158 stepping 9 microcode 0xb4, cx8, cmov, fxsr, mmx, 3dnowpref, sse, sse2, sse3, ssse3, sse4.1, sse4.2, popcnt, lzcnt, tsc, tscinvbit, avx, avx2, aes, erms, clmul, bmi1, bmi2, rtm, adx, fma, vzeroupper, clflush, clflushopt, rdtscp, f16c
Processor Information for the first 4 processors :
  Max Mhz: 3408, Current Mhz: 3408, Mhz Limit: 3408

Memory: 4k page, system-wide physical 8098M (232M free)
TotalPageFile size 9378M (AvailPageFile size 43M)
current process WorkingSet (physical memory assigned to process): 402M, peak: 441M
current process commit charge ("private bytes"): 515M, peak: 515M

vm_info: OpenJDK 64-Bit Server VM (21.0.10+7-LTS) for windows-amd64 JRE (21.0.10+7-LTS), built on 2026-01-20T00:00:00Z by "admin" with MS VC++ 17.12 (VS2022)

END.
